sinatra base
sinatra main
sinatra compat
rack showexcept

sinatra
sinatra show except catch except rais
wrap show use backtrac sourcefil clickabl
context whole rack environ request data

care face site could reveal
inform help attack
show except rack show except
eat error object
eat error flush
eat error put

initi

templat templat


call
call
except
error rack error rack error eat error

prefer plain text
content type text plain
bodi dump except

content type text html
bodi pretti


rack error error


content type content type
content length rack util bytes bodi join
bodi




prefer plain text
request prefer type text plain text html text html
curl index item item http user agent


frame frame
frame filenam sinatra
framework
defin frame filenam
frame filenam
system





templat html nodoc
doctyp html
html
head
meta http equiv content type content text html charset
titl except path titl

script type text javascript

toggl
document get element by id
post document get element by id post
context document get element by id context

style display block
style display none
post style display none
context style background none

style display block
post style display block
context style background fffed9



toggl backtrac
document get element by id backtrac
toggler document get element by id expando

class name condens
class name expand
toggler inner html condens

class name condens
toggler inner html expand



script

style type text media screen
margin pad border outlin
clear clear
bodi background eeeeee margin pad
font famili lucida grand lucida san unicod
garuda
code font famili lucida consol monospac
font size 12px
height 18px
style none margin pad
hover cursor pointer
white space
explan font size 12px color 666666
margin 20px 100px
wrap
wrap width 1000px background ffffff margin auto
pad 30px 50px 20px 50px
border left solid dddddd
border right solid dddddd
header
header margin auto 25px auto
header left
header summari left margin 12px 20px width 660px
font famili lucida grand lucida san unicod
margin font size 36px color 981919
margin font size 22px color 333333
header margin font size 12px color 666666
header strong color 444444
header display inlin pad 10px
header first pad left
header last border pad right
bodi
backtrac

post
cooki
rack width 980px margin auto 10px auto
right font size 14px
backtrac
expando left pad left color 666666
font size 14px text decor none cursor pointer
expando hover text decor underlin
left width 100px margin bottom 10px
color 981919 font size 14px font weight bold
color 666666 text decor none pad
backtrac frame info background f7f7f7 pad left 10px
font size 12px color 333333
backtrac style posit outsid border solid e9 e9 e9
border bottom
backtrac width 920px margin left 50px
font 10px lucida consol monospac color 666666
backtrac border border left solid e9 e9 e9
pad
backtrac code font size 10px color 555555 pad left
backtrac border bottom solid e9 e9 e9 height auto
pad
backtrac code pad
backtrac condens system
backtrac condens framework display none
request data
data pad font size 12px color 666666
tabl width 980px text align left font size 12px
color 666666 pad border space
border solid eeeeee border bottom
border left
clear
tabl pad 10px font weight bold
background f7 f7 f7 border bottom solid eeeeee
border left solid eeeeee
tabl pad 20px 10px
border bottom solid eeeeee
border left solid eeeeee
hide post code start
context
post context display none

tabl code width 750px
tabl code width 750px overflow hidden
style
head
bodi
wrap
header
script name sinatra applic error height width
summari
strong except strong strong path
strong
except messag

first strong file strong code
frame first filenam split last code
strong locat strong code frame first
code
last strong line
strong frame first lineno


clear


backtrac condens
backtrac
href expando
onclick toggl backtrac expand
strong jump strong
href info
href post info post
href cooki info cooki
href info

clear

backtrac


frame frame
frame context line frame context line

frame info frame frame
code frame filenam code
code strong frame strong code


code frame frame
frame context
start frame context lineno
context
onclick toggl
frame context line
context line code line code




start frame lineno context
onclick toggl
context line context code
frame context line code


frame post context
start frame lineno post context
post onclick toggl
frame post context line
post context line code line code



clear








backtrac


info

tabl

variabl
valu

sort


code inspect


tabl

data data

clear


post
post info post
post post
tabl

variabl
valu

post sort


code inspect


tabl

data post data

clear
post

cooki
cooki info cooki
cooki
tabl

variabl
valu

cooki


code inspect


tabl

data cooki data

clear
cooki

rack
info rack
tabl

variabl
valu

sort


code


tabl
clear
rack

explan see error
enabl code show except code set
wrap
bodi
html
html


time

rack
rack builder

sinatra
version

request rack request
user agent
http user agent



respons rack respons
initi
statu bodi
header rack util header hash content type text html


write
bodi



finish
bodi block block given
statu
header delet content type
statu header hash

bodi bodi
bodi bodi bodi respond
header content length bodi respond
header content length bodi
inject part part length

statu header hash bodi




not found name error
code


helper
retriev respons statu code
statu valu
respons statu valu valu
respons statu


retriev respons bodi when block given
evalu defer bodi read
bodi valu block
block given
block call
respons bodi block

respons bodi valu



halt process redirect provid
redirect arg
statu
respons locat
halt arg


halt process error statu provid
error code bodi
code bodi code code respond
respons bodi bodi bodi
halt code


halt process found
found bodi
error bodi


access underli rack session
session
rack session


look media type file extens rack mime registri
media type type
type type type
type type type
rack mime mime type type


content type respons bodi given media type file
extens
content type type param
media type media type type
fail unknown media type type media type
param
param param collect join
respons content type media type param join

respons content type media type



content disposit attach specifi filenam
instruct user agent prompt save
attach filenam
respons content disposit attach
filenam
param filenam file basenam filenam
respons content disposit param



content file respons bodi attempt
send file path opt
stat file stat path
last modifi stat mtime
content type media type opt type
media type file extnam path
respons content type
applic octet stream
respons content length opt length stat size
halt static file open path
errno enoent
found


static file file nodoc
method path path

read 8196





last modifi time resourc http last modifi header
halt condit match time argument time
date time object respond time

when current request includ modifi sinc header
match time specifi execut immedi halt
modifi respons
last modifi time
time time time time respond time
time time httpdate time respond httpdate
respons last modifi time
halt time request http modifi sinc
time


respons entiti http e tag header halt condit
match valu argument identifi uniqu
identifi current version resourc strength argument
indic whether etag use strong weak
cach valid

when current request includ match header
match etag execut immedi halt request method
head modifi respons sent
etag valu kind strong
type error strong weak expect strong weak kind
valu valu
valu valu kind weak
respons e tag valu

condit check
etag http none match
etag etag split
halt etag valu etag




templat
render engin templat option
data lookup templat engin templat option
output send render engin templat data option
layout data lookup layout engin option
layout
send render engin layout data option output

output



lookup templat engin templat option
templat
symbol
cach templat templat
lookup templat engin cach option

file read templat path engin templat option

proc
templat call
string
templat

argument error



lookup layout engin option
option layout
templat option layout layout
data lookup templat engin templat option
templat data
errno enoent



templat path engin templat option
view
option view directori option view view
view templat engin


templat option
defin
render templat option


render templat data option block
data data call data kind proc
instanc data
local option local
local assign local collect local
local assign join instanc
bind local assign length
instanc result bind


haml templat option
haml defin haml
option option haml respond haml
render haml templat option


render haml templat data option block
engin haml engin data option option
engin render option local block


sass templat option block
sass defin sass
option layout
render sass templat option


render sass templat data option block
engin sass engin data option sass
engin render


builder templat option block
builder defin builder
option templat templat templat hash
templat block templat
render builder templat option


render builder templat data option block
builder xml markup indent
data respond
data bind builder
data kind proc
data call

target




base
rack util
helper
templat

attr accessor

initi

block given


call
call


attr accessor request respons param

call

request request
respons respons
param
error detect dispatch
respons finish


option



halt respons
halt respons







dispatch
filter block instanc block
rout rout request request method
path request path info
origin param hash hash hash symbol
origin param merg request param

rout pattern key condit block
pattern path
valu captur unescap
param
key
key valu inject hash
splat
hash

hash

hash

valu
captur valu



param origin param
param merg param


condit cond
instanc cond
invok block




not found


invok block
halt instanc block

respond
respons bodi
respond

fixnum first
length
respons statu header bodi
respons bodi bodi bodi
header respons header header
length
respons statu first
respons bodi last

type error inspect support


respons bodi

kind symbol todo deprec
respons bodi send
respond
respons bodi

respons statu

respons bodi

type error inspect support




error detect
errmap error

not found boom
sinatra error boom
respons statu
respons bodi found
handler errmap boom errmap not found
invok handler handler
except boom
sinatra error boom
boom option error
respons statu
invok errmap boom errmap except

respons statu errmap respons statu
invok errmap respons statu



rout
filter
condit
templat
middlewar
callsit
error


attr accessor rout filter condit templat
middlewar error

option valu
valu kind proc
metadef option valu
metadef option send option
metadef option option proc
valu option respond hash
option hash method
respond option
send option valu

option proc valu




enabl opt
opt


disabl opt
opt


error code except block
code respond
code error block

error code block



templat name block
templat name block


layout name layout block
templat name block


file templat
line caller detect sinatra

file line
data read file split
data gsub
templat
data line line
line
templat templat
templat
templat line





block
filter block


condit block
condit block


host name pattern
condit pattern request host


user agent pattern
condit
request user agent pattern
param agent







path opt block
condit condit
rout path opt block

condit condit
head path opt invok block


path opt rout path opt
post path opt rout post path opt
delet path opt rout delet path opt
head path opt rout head path opt


rout method path opt block
host name opt host opt host
user agent opt agent opt agent

pattern key compil path
condit condit condit
rout method
push pattern key condit block


compil path
key
path respond
pattern
encod path gsub match
match
key splat


key



pattern key
path respond
path key

type error path




develop environ develop
test environ test
product environ product

configur env block
env env environ


middlewar arg block
reset middlewar
middlewar middlewar arg block


option
option
handler rack handler server
handler name handler name gsub
put sinatra sinatra version taken stage
port environ backup handler name
handler host host port port server
trap
server stop
put sinatra end crowd applaud


errno eaddrinus
put someon alreadi perform port port


call
construct middlewar callsit
callsit call



construct middlewar builder rack builder
builder rack session cooki session
builder rack common logger log
builder rack method overrid methodoverrid
middlewar arg builder arg
builder
callsit builder


reset middlewar
callsit


inherit subclass
subclass rout dupe rout
subclass templat templat
subclass condit
subclass filter filter
subclass error error
subclass middlewar middlewar
subclass send reset middlewar



dupe rout
rout inject hash request method rout
hash request method rout
hash



metadef messag block

send defin method messag block



error
session
log
methodoverrid

environ rack develop


server defin rack handler thin thin mongrel
host
port 4567

file
root proc file file expand path file dirnam file
view proc root file join root view
proc root file join root

file rout

option option
path option unescap request path info
file file path
send file path disposit


error except
respons statu
content type text html
intern server error


configur develop
sinatra imag
filenam file dirnam file imag param imag
content type
send file filenam


error not found
html gsub
doctyp html
html
head
style type text
bodi text align center font famili helvetica arial font size 22px
color margin 20px
margin auto width 500px text align left
style
head
bodi
sinatra know ditti
sinatra


request request method downcas request path info hello world nend

bodi
html
html


error
request sinatra error
head name messag
html gsub
doctyp html
html
head
style type text
bodi font famili verdana color
margin left 20px
color 1 d6 b8 d margin margin 30px
color 1 d6 b8 d font size 18px
border left solid pad left 10px color
margin 10px
style
head
bodi

sinatra
escap html head
trace escap html backtrac join
param
escap html param inspect

bodi
html
html




default base
error
session
log
methodoverrid


reload proc file develop

reload


reload
reload


configur env
reload


call
reload reload



reload
reload
superclass send inherit
kernel load file
reload




applic default


deleg
method
post delet head templat layout error found
configur configur option option enabl disabl
develop test product file templat


method method name
rubi bind deleg
method name arg
sinatra applic method name arg

method name
rubi



base base option block
base class base
base send block block given
base


sinatra base

sinatra
default base
file
ignor
sinatra sinatra code
gener code
custom rubygem hack

path
caller line line split first find file
ignor pattern file pattern
file

path
call

proc file
reload proc file develop

argv
optpars
option parser
mutex
environ
server server
port port
pars argv




sinatra deleg

helper block
sinatra applic send block


mime type

rack mime mime type type




sinatra applic sinatra applic

rack showexcept

sinatra
sinatra show except catch except rais
wrap show use backtrac sourcefil clickabl
context whole rack environ request data

care face site could reveal
inform help attack
show except rack show except
eat error object
eat error flush
eat error put

initi

templat templat


call
call
except
error rack error rack error eat error

prefer plain text
content type text plain
bodi dump except

content type text html
bodi pretti


rack error error


content type content type
content length rack util bytes bodi join
bodi




prefer plain text
request prefer type text plain text html text html
curl index item item http user agent


frame frame
frame filenam sinatra
framework
defin frame filenam
frame filenam
system





templat html nodoc
doctyp html
html
head
meta http equiv content type content text html charset
titl except path titl

script type text javascript

toggl
document get element by id
post document get element by id post
context document get element by id context

style display block
style display none
post style display none
context style background none

style display block
post style display block
context style background fffed9



toggl backtrac
document get element by id backtrac
toggler document get element by id expando

class name condens
class name expand
toggler inner html condens

class name condens
toggler inner html expand



script

style type text media screen
margin pad border outlin
clear clear
bodi background eeeeee margin pad
font famili lucida grand lucida san unicod
garuda
code font famili lucida consol monospac
font size 12px
height 18px
style none margin pad
hover cursor pointer
white space
explan font size 12px color 666666
margin 20px 100px
wrap
wrap width 1000px background ffffff margin auto
pad 30px 50px 20px 50px
border left solid dddddd
border right solid dddddd
header
header margin auto 25px auto
header left
header summari left margin 12px 20px width 660px
font famili lucida grand lucida san unicod
margin font size 36px color 981919
margin font size 22px color 333333
header margin font size 12px color 666666
header strong color 444444
header display inlin pad 10px
header first pad left
header last border pad right
bodi
backtrac

post
cooki
rack width 980px margin auto 10px auto
right font size 14px
backtrac
expando left pad left color 666666
font size 14px text decor none cursor pointer
expando hover text decor underlin
left width 100px margin bottom 10px
color 981919 font size 14px font weight bold
color 666666 text decor none pad
backtrac frame info background f7f7f7 pad left 10px
font size 12px color 333333
backtrac style posit outsid border solid e9 e9 e9
border bottom
backtrac width 920px margin left 50px
font 10px lucida consol monospac color 666666
backtrac border border left solid e9 e9 e9
pad
backtrac code font size 10px color 555555 pad left
backtrac border bottom solid e9 e9 e9 height auto
pad
backtrac code pad
backtrac condens system
backtrac condens framework display none
request data
data pad font size 12px color 666666
tabl width 980px text align left font size 12px
color 666666 pad border space
border solid eeeeee border bottom
border left
clear
tabl pad 10px font weight bold
background f7 f7 f7 border bottom solid eeeeee
border left solid eeeeee
tabl pad 20px 10px
border bottom solid eeeeee
border left solid eeeeee
hide post code start
context
post context display none

tabl code width 750px
tabl code width 750px overflow hidden
style
head
bodi
wrap
header
script name sinatra applic error height width
summari
strong except strong strong path
strong
except messag

first strong file strong code
frame first filenam split last code
strong locat strong code frame first
code
last strong line
strong frame first lineno


clear


backtrac condens
backtrac
href expando
onclick toggl backtrac expand
strong jump strong
href info
href post info post
href cooki info cooki
href info

clear

backtrac


frame frame
frame context line frame context line

frame info frame frame
code frame filenam code
code strong frame strong code


code frame frame
frame context
start frame context lineno
context
onclick toggl
frame context line
context line code line code




start frame lineno context
onclick toggl
context line context code
frame context line code


frame post context
start frame lineno post context
post onclick toggl
frame post context line
post context line code line code



clear








backtrac


info

tabl

variabl
valu

sort


code inspect


tabl

data data

clear


post
post info post
post post
tabl

variabl
valu

post sort


code inspect


tabl

data post data

clear
post

cooki
cooki info cooki
cooki
tabl

variabl
valu

cooki


code inspect


tabl

data cooki data

clear
cooki

rack
info rack
tabl

variabl
valu

sort


code


tabl
clear
rack

explan see error
enabl code show except code set
wrap
bodi
html
html


sinatra
version

sinatra base
test unit

sinatra test
rack util

attr reader request respons

mock base sinatra base block
sinatra base block


request verb path arg
fail cannot make request
request rack mock request
opt input
arg size
input
input arg
input kind hash param
param string input

input

param
data arg first kind hash
data delet
param string data

data




argument error zero argument expect

opt rack opt opt
opt input input
request block given
respons request request verb path opt


path arg request path arg
head path arg request head path arg
post path arg request post path arg
path arg request path arg
delet path arg request delet path arg

follow
request respons locat



respons


bodi
respons bodi


statu
respons statu


rack name
accept http accept
agent http user agent
host http host
session http cooki
cooki http cooki
content type content type


rack opt opt
opt inject hash
rack name
hash
hash



opt
opt rack opt opt
rack mock request opt


param string hash
hash pair pair escap join join


defin sinatra compat
deprec instead
head post delet verb
method verb verb
remov method verb


sinatra deleg

deprec test longer deleg miss method
mock respons respons
method miss name arg block
respons respons respond name
respons send name arg block






ostruct
sinatra base
sinatra main

deprec still need
swift
swiftcor swiftipli mongrel
put use swiftipli mongrel
event
swiftcor event mongrel
put use event mongrel


deprec make rack backward compatibil
mime type
rack file
rack file
defin mime type
mime type hash hash
rack mime mime type



deprec rack util extend futur sinatra base
includ rack util howev
rack util extend

sinatra
compat


deprec error
server error runtim error
code


default base
deprec
forward method sinatra deleg method

deprec respons header name
header header
respons header merg header header
respons header

header header

deprec halt
stop halt

deprec etag
entiti etag

disposit option deprec attach thi method
set content transfer encod header deprec
send file path opt
opt disposit attach opt disposit
attach opt filenam path opt filenam opt disposit
respons content transfer encod binari opt disposit
path opt


option option


deprec option store directli object
option option

option struct target nodoc
method miss name arg block
target respond name
target send name arg block
arg name







deprec configur
configur configur

deprec
option
fake option option
fake merg option call option
fake


deprec
option
option

deprec environ
valu
environ valu

environ


deprec miss messag longer deleg respons
method miss name arg
respons respond name
respons send name arg







deprec sinatra applic
applic
sinatra applic


deprec error
found block
error block


deprec sinatra applic reset
applic valu
argument error valu
sinatra
remov applic
applic class sinatra default



deprec sinatra applic
build applic applic

deprec
option sinatra applic option
port option port
host option host
option environ


test spec
sinatra test
test unit
sinatra test

test unit test case send sinatra test

sinatra default
test

error
log

sinatra test
spec interop test
test spec
sinatra base
sinatra test

describ sinatra
creat sinatra base subclass

sinatra

hello world


superclass sinatra base


test spec
sinatra base
sinatra test

describ static
sinatra test
file


mock

dirnam file



serv request file directori
basenam file

bodi equal file read file
respons content length equal file size file
respons header last modifi


serv head request file directori
head basenam file

bodi
respons content length equal file size file
respons header last modifi


serv file prefer custom rout
basenam file hello world
basenam file

bodi equal hello world


serv directori

found


pass handler option disabl

basenam file
found


pass handler option

basenam file
found


404 file found
foobarbaz
found


test spec
sinatra base
sinatra test

describ rout
sinatra test

post delet head verb
defin verb upcas request handler verb
mock
send verb hello
hello world



request rack mock request
respons request request verb upcas hello
respons
respons bodi equal hello world



404 rout satisfi request
mock



statu equal


expos param indiffer hash
mock

param equal
param equal
well alright



bodi equal well alright


merg name param queri string param param
mock

param equal
param equal






support name param like hello person
mock
hello person
hello param person


hello frank
bodi equal hello frank


support option name param like
mock

param param



hello world

bodi equal hello world

hello

bodi equal hello



bodi equal


support singl splat param like
mock

param splat kind array
param splat join




bodi equal


bodi equal


support mix multipl splat param like
mock

param splat kind array
param splat join



bling boom
bodi equal nbling nbaz boom


found


support mix name splat param like
mock

param equal
param splat equal







support path space
mock
path space
look good



path 20with 20space

bodi equal look good


decod name paramet splat
mock

param equal hello world
param splat equal




hello 20world 20are 20you



support regular express
mock

hello world



foooom

bodi equal hello world


make regular express captur avail param captur
mock

param captur equal orooomma
right



foorooomma

bodi equal right


return respons immedi halt
mock

halt hello world
world





bodi equal hello world


transit match rout
mock


hello



param
hello world





bodi equal hello world


transit pass subsequ rout match
mock


hello




found


pass match condit return
mock
condit param

hello world





bodi equal hello world


found


match condit return
mock
condit

hello world





bodi equal hello world


pass rout condit call explicitli
mock
condit param

hello world





bodi equal hello world


found


pass rout host name match
mock
host name exampl

hello world



found

http host exampl
statu equal
bodi equal hello world


pass rout user agent match
mock
user agent

hello world



found

http user agent
statu equal
bodi equal hello world


make captur user agent pattern avail param agent
mock
user agent

hello param agent first


http user agent
statu equal
bodi equal hello


test spec
sinatra base
sinatra test

describ option
sinatra test


class sinatra base


set option liter valu

respond
equal


set option proc
proc
respond
equal


set multipl option hash
1234
hello world
proc bizzl
equal 1234
equal hello world
equal bizzl


inherit option method subclass

proc

class
respond
equal
respond
equal


overrid option subclass

proc
class
bling
equal bling
equal


creat setter method first defin

respond

equal


creat predic method first defin
hello world
respond





use exist setter method detect




valu
oop




equal oop


set multipl option enabl
enabl session
session




set multipl option disabl
disabl session
session




enabl method overrid middlewar methodoverrid enabl
methodoverrid
okay
post method
statu equal
bodi equal okay


test spec
sinatra base
sinatra test

describ builder templat
sinatra test

builder block
mock
view file dirnam file view
block




render inlin builder string
builder builder instruct

bodi equal version encod


render inlin block
builder
name frank mari
builder
coupl name



bodi equal coupl frank mari coupl


render builder file view path
builder
name blue
builder hello


bodi equal exclaim blue exclaim


render inlin layout
mock
layout
layout

builder hello world



bodi equal layout hello world layout


render file layout
builder
builder hello world layout layout2


bodi equal layout hello world layout


rais error templat found
mock
builder templat

errno enoent


test check readm exampl work
file expand path helper file

readm test test unit test case
exampl
mock hello world

bodi hello world


section rout
exampl
mock
show someth

post creat someth

replac someth

patch modifi someth

delet annihil someth

option appeas someth



bodi show someth

post
bodi creat someth


bodi replac someth

patch
bodi modifi someth

delet
bodi annihil someth

option
bodi appeas someth


exampl
mock
hello name
match hello hello
param name
hello param name



hello
bodi hello

hello
bodi hello


exampl
mock hello name hello

hello
bodi hello

hello
bodi hello


exampl
mock

match hello world
param splat inspect hello world


download
match download path file
param splat inspect path file



hello world
bodi hello world

download path file
bodi path file


exampl
mock
hello
hello param captur first



hello
bodi hello

hello
bodi hello


exampl
mock
hello
hello



hello
bodi hello

hello
bodi hello



test spec
sinatra base
sinatra test

describ filter
sinatra test

execut filter order defin
count
mock
hello world

count
count


count
count





count
bodi equal hello world


allow filter modifi request
mock


request path info




bodi


test spec
sinatra base
sinatra test

describ except map
sinatra test

foo error runtim error


invok handler regist error rais
mock
error
error foo error

foo error



statu equal
bodi equal


use except handler match handler found
mock
error
error except except

foo error



statu equal
bodi equal except


set sinatra error rescu except
mock
error
error foo error
sinatra error
sinatra error kind foo error
look good


foo error



bodi equal look good


rais without call handler error option
mock
error
error foo error

foo error


foo error


never rais sinatra not found beyond applic
mock
error

sinatra not found


sinatra not found
statu equal


foo not found sinatra not found


cascad subclass sinatra not found
mock
error
error foo not found found

foo not found


foo not found
statu equal
bodi equal found




describ custom error page
allow numer statu code map regist error
mock
error
error

intern error



statu equal
bodi equal


allow rang statu code map regist error
mock
error
error error respons statu

special error



statu equal
bodi equal error


foo error runtim error


run except map overwrit bodi
mock
error
error foo error
respons statu
except map

error handler
error custom error page


foo error



statu equal
bodi equal custom error page


test spec
sinatra base
sinatra test

describ templat
sinatra test

render block
mock
render test templat data option block
inner block block call
data inner

view file dirnam file view
block
templat layout3 layout




layout
layout file dirnam file view layout test
file open layout write layout


file unlink layout


render string templat directli
render render test hello world

bodi equal hello world


render proc templat use call result
render render test proc hello world

bodi equal hello world


look symbol templat view directori
render render test hello

bodi equal hello world


use layout templat explicitli overridden
layout
render render test hello

bodi equal layout n hello world



use layout templat specifi
render render test hello layout layout2

bodi equal layout n hello world


use layout templat defin templat method
render render test hello layout layout3

bodi equal layout n hello world


load templat sourc file file templat
mock
file templat

templat equal
templat layout equal








layout



test spec
sinatra base
sinatra test

describ result handl
sinatra test

set respons bodi result string
mock

hello world





bodi equal hello world


set respons bodi result array string
mock

hello world





bodi equal hello world


set respons bodi result respond
mock

hello world
call






bodi equal hello world


set respons bodi result
mock







bodi equal


set statu header bodi result rack respons tupl
mock

content type hello world




statu equal
respons content type equal
bodi equal hello world


set statu bodi result tupl
mock

formula




statu equal
bodi equal formula


set statu result fixnum statu code
mock




statu equal
bodi


test spec
sinatra base
sinatra test

describ templat
sinatra test

block
mock
view file dirnam file view
block




render inlin string


bodi equal


render file view path
hello

bodi equal hello world


take local option

local
local local


bodi equal


render inlin layout
mock
layout thi upcas
sparta



bodi equal thi sparta


render file layout

hello world layout layout2


bodi equal layout n hello world



file expand path helper file
rack

rack test test unit test case
setup
sinatra
sinatra


build middlewar
endpoint middlewar
rack builder
middlewar
endpoint



check middlewar
build middlewar

bodi

bodi


work middlewar front rack lock lock enabl
enabl lock
check rack lock


work middlewar behind rack lock lock enabl
enabl lock
check rack lock


work middlewar front rack lock lock disabl
disabl lock
check rack lock


work middlewar behind rack lock lock disabl
disabl lock
check rack lock


test spec
sinatra base
sinatra test

describ sass templat
sinatra test

sass block
mock
view file dirnam file view
block




render inlin sass string
sass sass sass background color

bodi equal sass background color


render sass file view path
sass sass hello

bodi equal sass background color


ignor layout option
sass sass hello layout layout2

bodi equal sass background color


rais error templat found
mock
sass templat

errno enoent


test spec
sinatra base
sinatra test

describ haml templat
sinatra test

haml block
mock
view file dirnam file view
block




render inlin haml string
haml haml hiya

bodi equal hiya


render haml file view path
haml haml hello

bodi equal hello from haml


render inlin layout
mock
layout thi upcas
haml sparta



bodi equal thi sparta


render file layout
haml
haml hello world layout layout2


bodi equal haml layout hello world


rais error templat found
mock
haml templat

errno enoent


pass haml option haml engin
haml
haml hello world option format html5


bodi equal doctyp html hello world


pass haml option haml engin
mock
haml format html5

haml hello world




bodi equal doctyp html hello world


test spec
sinatra base
sinatra test

describ middlewar
sinatra test


mock sinatra default

respons header test test join
path info




mock middlewar struct
call
test
call



upcas middlewar mock middlewar
call
path info path info upcas




ad sinatra applic
upcas middlewar
hello world
respons
bodi equal hello world


downcas middlewar mock middlewar
call
path info path info downcas




specifi run order defin
upcas middlewar
downcas middlewar

bodi equal
respons test equal upcas middlewar downcas middlewar


specifi reset prebuilt pipelin middlewar ad
upcas middlewar

bodi equal
downcas middlewar

bodi equal
respons test equal upcas middlewar downcas middlewar



test spec
sinatra base
sinatra test

describ sinatra request
respond user agent
request sinatra request http user agent test
request respond user agent
request user agent equal test


test spec
sinatra base
sinatra test

reload count
reload

describ reload
sinatra test


mock sinatra default
reload



reload


enabl develop file
file file
environ develop
reload
reload


disabl run develop environ
file file
environ test
reload
reload


disabl file avail
file
environ develop
reload
reload


turn explicitli
file file
environ develop
reload
reload
reload
reload


reload file time request made
file file dirnam file data reload file
reload
hello world


statu equal
bodi equal hello reload file
reload count equal


statu equal
bodi equal hello reload file
reload count equal


test spec
sinatra base
sinatra test

test unit test case
sinatra test


describ sinatra helper
describ statu
setup
mock

statu





set respons statu code

respons statu equal



describ bodi
take block defer bodi gener
mock

bodi hello world




bodi equal hello world


take string array object respond
mock

bodi hello world




bodi equal hello world



describ redirect
use path given
mock

redirect
fail redirect halt




statu equal
bodi
respons locat equal


use code given specifi
mock

redirect
fail redirect halt




statu equal
bodi
respons locat equal



describ error
set statu code halt
mock

error
fail error halt




statu equal
bodi


take option bodi
mock

error fail
fail error halt




statu equal
bodi equal fail


use statu code first argument bodi
mock

error fail
fail error halt




statu equal
bodi equal fail



describ found
halt statu
mock

found
fail found halt




statu equal
bodi



describ session
use exist rack session
mock

session



rack session
bodi equal


creat session none provid
mock

session
session





bodi equal



describ media type
sinatra helper
look media type rack mime registri
rack mime mime type applic
media type equal applic
media type equal applic
media type equal applic

return given
media type

return media type regist
media type bizzl

return argument given media type string
media type text plain equal text plain



describ content type
set content type header
mock

content type text plain
hello world




respons content type equal text plain
bodi equal hello world


take media type paramet like charset
mock

content type text html charset
hello world





respons content type equal text html charset
bodi equal hello world


look symbol rack mime type dictionari
rack mime mime type applic
mock

content type






respons content type equal applic
bodi equal


fail mime type regist argument provid
mock

content type bizzl




runtim error



describ send file

file file dirnam file file
file open file write hello world


file unlink file
file


send file
path file
mock
file
send file path




send content file
send file
file

bodi equal hello world


set content type respons header mime type locat
send file
file
respons content type equal text plain


set content length respons header
send file
file
respons content length equal hello world length


set last modifi respons header
send file
file
respons last modifi equal file mtime file httpdate


return found
mock

send file file exist



found



describ last modifi

time
mock

bodi hello world
last modifi






set last modifi header valid 2616 date valu

respons last modifi equal httpdate


return bodi condit miss

statu
bodi equal


halt condit match
http modifi sinc httpdate
statu
bodi



describ etag

mock

bodi hello world
etag





set e tag header

respons e tag equal


return bodi condit miss

statu
bodi equal


halt condit match
http none match
statu
bodi


handl multipl e tag valu match header
http none match
statu
bodi


use weak etag weak option
mock

etag weak
weak dude



respons e tag equal




test spec
sinatra base
sinatra test

describ sinatra base
sinatra test

includ rack util
sinatra base rack util


use rack applic
mock

hello world


respond call

request rack mock request
respons request
respons
respons bodi equal hello world


use rack middlewar
goodby world
mock middlewar
mock

hello world

goodby
call request


middlewar mock middlewar
middlewar

request rack mock request middlewar
respons request
respons
respons bodi equal hello world

respons request goodby
respons
respons bodi equal goodby world


reload count

reload hello reload file
file dirnam file helper

context session

setup sinatra applic

specifi
asdf
session test
asdf


test
session test


asdf http host sinatrarb

cooki


specifi abl store data accross request
option session


session test
asdf



session test


host sinatrarb

cooki



file dirnam file helper

context sinatra

setup
sinatra applic


specifi method main
object object
sinatra applic forward method method
object method method



specifi handl result






bodi


specifi handl event
name
hello param name


blake


bodi equal hello blake



specifi handl splat

param splat kind array equal
param splat first


blake


bodi equal blake


specifi handl multipl splat

param splat join


hello world


bodi equal hello world


specifi allow splat

param splat join


hello world


bodi equal hello world second splat

hello tomi world


bodi equal hello world


specifi give access underli respons header hash

header test thing
header test2 test3





header test
header test equal thing
header test3
header test3 equal


specifi follow redirect

redirect blake


blake
mizerani



redirect
bodi equal

follow

bodi equal mizerani


specifi render bodi redirect
helper
blah


redirect


redirect
header locat equal
bodi equal blah


specifi redirect perman statu code

redirect


redirect
header locat equal
statu equal
bodi


specifi stop set content end event
bodi
stop hello
stop world
fail stop halt


bodi


bodi equal hello



deprec go what
xspecifi statu call helper
helper





bodi
stop


bodi

found
bodi equal



specifi easili respons content type
html
content type text html charset
hello world


html

header content type equal text html charset
bodi equal hello world

test
content type
feed feed


test

header content type equal applic
bodi equal feed feed


specifi support condit ge ts last modifi
modifi time
mayb
last modifi modifi
respons bodi mayb


mayb

bodi equal respons bodi mayb

mayb http modifi sinc modifi httpdate
statu equal
bodi equal


specifi support condit ge ts entiti
strong
entiti
respons


strong

bodi equal respons

strong
http none match

bodi equal respons

strong
http none match
statu equal
bodi equal

strong
http none match
statu equal
bodi equal


specifi deleg head request handler
invis
invis world


head invis

bodi equal invis world
bodi equal



specifi support

pute


equal pute bodi


specifi rewrit po ts method param

pute

post method
equal pute bodi


specifi rewrit po ts lowercas method param

pute

post method
bodi equal pute


specifi rewrit ge ts method param

get

method

bodi equal get


specifi ignor method queri string paramet post request
post
post


booo

post method

bodi equal post


specifi read bodi content type encod
post
request content type applic
request content type applic
request bodi read


post content type applic
respons
respons bodi



file dirnam file helper

context templat

specifi read file symbol

file
name alena
view directori file dirnam file view


file

bodi equal rock alena



specifi layout avail

layout file
view directori file dirnam file view layout test


layout file

bodi equal thi




file dirnam file helper

context builder

setup
sinatra applic


context without layout

setup
sinatra applic


specifi render

layout
builder instruct


layout

bodi version encod



specifi render inlin block

layout inlin
name frank mari
builder
coupl name



layout inlin

bodi coupl frank mari coupl







context templat gener

setup
sinatra applic


specifi read file symbol

file
name blue
builder view directori file dirnam file view


file

bodi equal exclaim rock blue exclaim



specifi layout avail


builder view directori file dirnam file view layout test




bodi equal layout layout



specifi render without layout


builder layout view directori file dirnam file view layout




bodi equal layout



specifi rais error templat found


builder found


errno enoent






file dirnam file helper

context filter

setup
sinatra applic
sinatra applic


specifi execut order defin
invok
invok 0x01
invok 0x02
hello world


bodi hello world
invok 0x03


specifi capabl modifi request


request path info


bodi



file dirnam file helper

context render file templat

setup
sinatra applic
file templat


specifi templat
sinatra applic templat


specifi layout
sinatra applic templat layout


specifi render without layout specifi

haml layout



equal bodi


specifi render layout specifi

haml



equal nthi bodi









layout




file dirnam file helper

foo error runtim error

context map error

setup
sinatra applic
sinatra applic option error


specifi rescu context

error foo error
map error



foo error




server error
bodi equal map error



specifi render method result

error foo error




foo error




server error
bodi



specifi overrid statu

error foo error
statu



foo error








specifi rais error error option
sinatra applic option error
error foo error


foo error

rais foo error



file dirnam file helper

context static file

setup
sinatra applic
sinatra applic option file dirnam file


specifi serv root


header content length equal
header content type equal applic
bodi equal


specifi serv verb head
post
actual give back method allow
complic rout logic quit
found
statu equal


specifi serv verb head miss bodi
head

header content length equal
header content type equal applic
bodi equal


file overrid dynam intern event
specifi serv conflict event exist





bodi equal


specifi irrelev request method head

put



bodi equal put



bodi equal


specifi last modifi header
last modifi file mtime sinatra applic option


bodi
header last modifi equal last modifi httpdate


deprec condit get middlewar
specifi serv modifi sinc match
last modifi file mtime sinatra applic option
request rack mock request sinatra applic
respons request http modifi sinc last modifi httpdate
statu equal
bodi


specifi omit content disposit header


header content disposit
header content transfer encod


specifi serv even path escap


bodi equal




context send data

setup
sinatra applic


deprec send data go away
xspecifi send data option

send data asdf statu




server error
bodi equal asdf


deprec content disposit longer handl sendfil
specifi content disposit header

send file file dirnam file





header content disposit
header content disposit equal attach filenam
header content transfer encod equal binari



file dirnam file helper

context symbol param

setup
sinatra applic


specifi access string symbol

param param



equal bodi




file dirnam file helper



tester with each







context look request

setup
sinatra applic


deprec lookup method longer use
xspecifi return
block proc hello
block

result sinatra applic lookup
rack request
request method
path info



result
result block block


deprec lookup method longer use
xspecifi take param path
block proc hello
block

result sinatra applic lookup
rack request
request method
path info



result
result block block
result param equal




context return

setup
sinatra applic


specifi event found
request rack mock request

found
bodi equal found


specifi success

hello world



bodi equal hello world


specifi object result


tester with each




bodi equal foobarbaz



deprec bodi method longer halt
xspecifi bodi last


bodi blake
mizerani




bodi equal blake



specifi not found rais


sinatra not found



found





context applic configur block

setup
sinatra applic


specifi environ specifi

configur
equal


specifi match environ specifi

configur test
equal


specifi match environ specifi
configur flunk block execut
configur develop product flunk block execut


specifi accept multipl environ

configur test
equal




context default applic configur

sinatra server error longer use
xspecifi includ error handler
sinatra applic error sinatra server error
sinatra applic error sinatra server error
sinatra applic error sinatra not found
sinatra applic error sinatra not found


deprec thing static event anymor
xspecifi includ static event
sinatra applic event sinatra static




context event

setup
sinatra applic


specifi evalu clean context
helper











bodi equal


specifi access request respons param

param param




bodi equal foobaz


specifi filter agent

agent window
request http user agent


agent window

bodi equal window

agent




specifi regex part user agent

agent window
param agent first


agent window

bodi equal



specifi deal space path

path path space

path
look path space


encod path

bodi equal look path space


specifi rout base host


asdf




equal asdf bodi

host sinatrarb



host sinatrarb



http host sinatrarb

equal bodi

http host sinatrarb

equal bodi


found






context option

setup
sinatra applic
sinatra applic


specifi singli
1234
option equal 1234


specifi singli level
option 1234
option equal 1234


specifi multipli
option
1234
hello world
option equal 1234
option equal hello world


specifi multipli level
option
option 1234
hello world
option equal 1234
option equal hello world


specifi enabl
option
enabl session
option session equal
option equal
option equal


specifi enabl level
option
enabl session
option session equal
option equal
option equal


specifi disabl
option
disabl session
option session equal
option equal
option equal


specifi enabl level
option
disabl session
option session equal
option equal
option equal



file dirnam file helper

context

setup
sinatra applic


context without layout

setup
sinatra applic


specifi render

layout



layout

bodi



specifi take option hash local string
local
local


local

bodi


specifi take option hash local complex object
local complex
local


local complex

bodi



context layout

setup
sinatra applic


specifi inlin

layout
thi



blake




bodi equal thi blake



specifi name layout

layout pretti



pretti
layout pretti


pretti



pretti
bodi equal

pretti
bodi equal



specifi read file inlin


titl welcom hello program
blake layout layout
view directori file dirnam file view



bodi equal welcom hello program blake





context templat gener

specifi read file symbol

file
name alena
view directori file dirnam file view


file

bodi equal rock alena



specifi layout avail

layout file
view directori file dirnam file view layout test


layout file

bodi equal thi






file dirnam file helper

context sass

setup
sinatra applic


context templat gener

setup
sinatra applic


specifi read file symbol

file
sass view directori file dirnam file view


file

bodi equal sass background color



specifi error templat found

sass found


errno enoent


specifi ignor layout file sass extens

sass view directori file dirnam file view layout test




bodi equal sass background color


specifi ignor explicitli specifi layout file

sass layout layout view directori file dirnam file view layout test




bodi equal sass background color





file dirnam file helper

context haml

setup
sinatra applic


context without layout

setup
sinatra applic


specifi render

layout
haml


layout

bodi




context layout

setup
sinatra applic


specifi inlin

layout
thi



haml blake




bodi equal thi blake



specifi name layout

layout pretti



pretti
haml layout pretti


pretti
haml


pretti
bodi equal

pretti
bodi equal



specifi read file inlin


titl welcom hello program
haml blake layout layout
view directori file dirnam file view



bodi equal welcom hello program blake



specifi read file layout text

haml test layout




bodi equal test




context templat gener

setup
sinatra applic


specifi read file symbol

file
name alena
haml view directori file dirnam file view


file

bodi equal rock alena



specifi layout avail


haml view directori file dirnam file view layout test




bodi equal thi



specifi render without layout


haml layout view directori file dirnam file view layout




bodi equal layout



specifi render layout
layout




haml blake layout




bodi equal blake


specifi rais error templat found

haml found


errno enoent


specifi layout avail

templat
asdf



haml layout
view directori file dirnam file view layout test




bodi equal asdf





describ option pass haml interpret
setup
sinatra applic


specifi


haml


haml engin expect return stub render






specifi configur pass option haml


haml option format html4


haml engin expect format html4 return stub render






specifi configur use option haml

configur
option haml format html4
escap html



haml


haml engin expect format html4
escap html return stub render









file dirnam file helper

upcas middlewar
initi arg block

arg arg
block block

call
path info path info upcas
call



context middlewar pipelin

setup
sinatra applic
sinatra applic


teardown
sinatra applic


session log test elsewher thi test
assert thing implement effect
xspecifi includ middlewar option
option session log
send option middlewar rack session cooki
send option middlewar rack common logger


test
xspecifi middlewar option
option session log
send option middlewar rack session cooki
send option middlewar rack common logger


test
xspecifi includ option middlewar explicit middlewar ad
option session log
send middlewar equal send option middlewar


test
xspecifi clear middlewar reload
clearabl send explicit middlewar


specifi middlewar
block proc
upcas middlewar
upcas middlewar
upcas middlewar block
send middlewar upcas middlewar
send middlewar upcas middlewar
send middlewar upcas middlewar block


specifi middlewar ad
fail
pass
upcas middlewar


bodi equal pass



rubygem
mocha

unshift file dirnam file dirnam file

rack test

sinatra
sinatra test
sinatra test unit
sinatra test spec

test unit test case
setup
sinatra applic call

sinatra test

file dirnam file helper

context simpl event

simpl request hash method path
rack request
request method method upcas
path info path



mock result struct block param


invok simpl path request path
param
mock
path
param param
call


request path
mock result param


specifi last valu
block proc simpl
result invok simpl block
result
result block block
result param equal hash


specifi take param path
result invok simpl
result
result param equal

unscap
result invok simpl blake 20mizerani
result
result param equal blake mizerani


specifi take option param path
result invok simpl
result
result param equal

result invok simpl
result
result param equal

result invok simpl
result
result param equal

result invok simpl
result
result param equal


specifi ignor mani
result invok simpl
result


specifi understand splat
invok simpl
invok simpl
invok simpl



file dirnam file helper

context custom error

setup
sinatra applic


specifi overrid


found
bodi equal found

error sinatra not found
custom



found
bodi equal custom



specifi overrid
sinatra applic option error


asdf



statu equal
bodi equal intern server error


error
custom request sinatra error messag





statu equal
bodi equal custom asdf

sinatra applic option error


unmap error runtim error

specifi bring unmap error back

unmap error test


rais unmap error





rubi
sinatra
simpl
rubi
code
sinatra
server thin
connect


halt login param user
chat local user param user gsub


stream provid text event stream
stream keep open
connect
callback connect delet



post
connect data param
respons without entiti bodi




layout
html
head
titl super simpl chat sinatra titl
meta charset
script http ajax googleapi ajax lib jqueri jqueri script
head
bodi bodi
html

login
form action
label user user name label
input name user valu
input type submit valu
form

chat
chat

script
read
event sourc stream
onmessag chat append data

write
form live submit
post user
focu
prevent default

script

form
input placehold type messag
form
