libdir file dirnam file
load path unshift libdir load path libdir

libdir task rake sort task load task
depend
pakyow core
pakyow present
pakyow mailer


depend


argv first help argv first
put file open file join path command usag consol read

unshift


pakyow stage argv first

reload
put reload
pakyow reload



argv clear
start

argv first help argv first
put file open file join path command usag server read

unshift



valid arg
port argv index
argv port
pakyow config server port argv port
argv delet port
argv delet port

valid arg

port argv index port
pakyow config server port argv port gsub port
argv delet port


valid arg
pakyow argv first

put file open file join path command usag server read


fileutil

pakyow
gener
app gener

start
argv first
help
put file open file join path command usag read

gener argv first
gener build




initi dest
file expand path file templat
dest dest


build
put gener project dest

file directori dest entri dest
copi

argv clear
folder dest would like popul anyway

get chomp
copi

put abort




exec
put done




copi file dest
copi
file util dest


perform setup bundl instal
exec
put run bundl instal
dest bundl instal




bundler setup

pakyow

pakyow defin
configur
config avail across environ


configur develop
develop config


configur prototyp
environ run front prototyp backend
ignor rout


configur product
suggest product configur
auto reload
error browser

product config


pakyow bind
defin bind

pakyow helper
defin method avail rout bind

pakyow rout
defin rout

someth work uncom line

put hello


pakyow support
pakyow core
pakyow present
pakyow mailer

rel test help request
rel test help respons

rel test help mock present mock
rel test help mock statu mock

rel test help observ observ present
rel test help observ observ view

rel test help helper
rel test help simul
rel test help simul

pakyow
test help
setup
pakyow stage test

pakyow match
present pakyow test help observ present present




rel simul

pakyow
test help
helper
simul name path method session cooki block
pakyow test help simul
name path
method method
param
session session
cooki cooki


block


method simul

pakyow rout eval http method method
defin method method name path arg block
simul name path method method arg block





rel simul

pakyow
test help
simul
attr reader path method param

initi name path method param session cooki
path router path name path param
method method
param param

request method method upcas
request path path
path info path
queri string param join join
rack session session
rack request cooki hash cooki
rack input string io
pakyow param param



block
pakyow
process

simul

block given





router
pakyow router instanc




forward

pakyow
test help
simul
extend forward

redirect status

attr reader
deleg request respons present
deleg respons statu type format
deleg present view

initi



redirect
redirect status respons statu
respons header locat


path router path
respons header locat path



statu





rerout
request first path request path


request path router path







router
pakyow router instanc




pakyow
test help
observ
todo version exist view context consid dri
view class
pakyow present view
pakyow present view collect
pakyow present partial
pakyow present templat
pakyow present contain
pakyow present view compos


method miss name arg block
handl valu observ send name arg block


todo like need handl nest observ
observ scope action travers valu
observ
observ
scope scope
action action
travers travers
valu valu



observ scope action travers valu
observ
observ observ
observ scope scope
observ action action
observ travers travers

valu pair
observ valu










handl valu valu
view class valu
travers
observ view
parent present
view pakyow present view view pakyow present view collect
travers travers
travers valu scope


parent


valu pakyow present view collect
valu instanc variabl view collect view
observ view collect view parent travers



observ view valu parent travers


valu




pakyow
test help
observ logger
initi
string io
logger pakyow logger
log


string
string string


method miss method arg block
logger send method arg block




rel observ

pakyow
test help
observ present
observ
attr reader present

initi present
present present


observ
present




pakyow
respons
statu
pakyow test help mock statu statu



pakyow
request
param
pakyow param



pakyow
test help
mock present
attr reader call

initi present
present present
call


method miss method arg block
present send method arg block
call method arg





pakyow
test help
mock statu
attr reader valu

initi valu
valu valu


equal valu
equal valu symbol
equal valu pakyow respons statu code lookup equal valu


valu equal valu



valu




pakyow support
pakyow core
pakyow present
pakyow mailer
pakyow realtim
pakyow

pakyow test help request
pakyow test help respons

pakyow test help mock present mock
pakyow test help mock statu mock

pakyow test help observ observ present
pakyow test help observ observ view
pakyow test help observ observ logger
pakyow test help observ realtim observ context
pakyow test help observ realtim observ mutat

pakyow test help helper
pakyow test help simul
pakyow test help simul

pakyow
test help
setup path setup
path

pakyow match
present pakyow test help observ present present


pakyow process
pakyow test help realtim observ mutat instanc reset


pakyow stage test test




pakyow present view context view class pakyow test help observ view

pakyow
helper
socket
socket pakyow test help realtim observ context




pakyow
present
view context
mutat mutat data
pakyow test help realtim observ mutat instanc mutat mutat data




rel simul

pakyow
test help
helper
simul name path method session cooki block
pakyow test help simul
name path
method method
param
session session
cooki cooki



block


method simul

pakyow rout eval http method method
defin method method name path arg block
simul name path method method arg block





rel simul

pakyow
test help
simul
attr reader path method param

initi name path method param session cooki
path router path name path param
method method
param param

request method method upcas
request path path
path info path
queri string param join join
rack session session
rack request cooki hash cooki
rack input string io
pakyow param param
rack logger pakyow test help observ logger
merg hash


block
simul call context process

block given





router
pakyow router instanc




forward

pakyow
test help
simul
extend forward

redirect status

attr reader
deleg request respons present socket socket digest socket connect
deleg respons statu type format
deleg present view

initi



redirect
redirect status respons statu
respons header locat


path router path
respons header locat path



statu





rerout
request first path request path


request path router path





subscrib

channel

channel



unsubscrib
subscrib


push messag
socket push messag



request rack logger




router
pakyow router instanc


channel
socket deleg registri channel socket digest socket connect




pakyow
test help
observ
todo version exist view context consid dri
view class
pakyow present view
pakyow present view collect
pakyow present partial
pakyow present templat
pakyow present contain
pakyow present view compos


method miss name arg block
handl valu observ send name arg block


todo like need handl nest observ
observ scope action travers valu
observ
observ
scope scope
action action
travers travers
valu valu



observ scope action travers valu
observ
observ observ
observ scope scope
observ action action
observ travers travers

valu pair
observ valu










handl valu valu
view class valu
travers
observ view
parent present
view pakyow present view view pakyow present view collect
travers travers
travers valu scope


parent


valu pakyow present view collect
valu instanc variabl view collect view
observ view collect view parent travers



observ view valu parent travers


valu




pakyow
respons
statu
pakyow test help mock statu statu



pakyow
param overrid
param
fetch pakyow param



request
prepend param overrid


pakyow
test help
mock present
attr reader call

initi present
present present
call


method miss method arg block
present send method arg block
call method arg





pakyow
test help
mock statu
attr reader valu

initi valu
valu valu


equal valu
equal valu symbol
equal valu pakyow respons statu code lookup equal valu


valu equal valu



valu




libdir file dirnam file
load path unshift libdir load path libdir

gem
mail
premail

base
mailer mailer
mailer config mailer
mailer helper
pakyow
app helper
mailer view path
mailer view path present store



pakyow
mailer
attr accessor view messag process

initi view path view store
view view store view view path

messag mail
messag config base mailer sender
messag content type config base mailer content type
messag deliveri method config base mailer deliveri method config base mailer deliveri option


deliv recipi subject
html content html
text content text

messag html part
content type text html charset
bodi html


messag text part
bodi text


messag subject subject subject

array recipi deliv


content type html
process type




process
process
premail premail view html html string

premail warn
pakyow logger warn messag level render properli client


process content
html premail inlin
text premail plain text


process


process content


deliv recipi
messag recipi
messag deliv



pakyow
config
mailer
config base regist config mailer


attr accessor sender content type deliveri method deliveri option

sender
sender pakyow


content type
content type text html charset


deliveri method
deliveri method sendmail


deliveri option
deliveri option enabl starttl auto





pakyow
configur
autoload mailer mailer configur mailer

base
mailer
configur mailer




pakyow
configur
mailer

attr accessor sender content type deliveri method deliveri option

sender
sender pakyow


content type
content type text html charset


deliveri method
deliveri method sendmail


deliveri option
deliveri option enabl starttl auto





test applic pakyow applic
configur test
present view test view


thi keep actual
detect handler
test handler


test mailer pakyow mailer
deliv
deliv


deliv recipi
deliv
deliv recipi


rubygem
test unit

shoulda

pakyow core pakyow core
pakyow present pakyow present
pakyow mailer pakyow mailer

test mailer
test applic
support helper

mailer test minitest test
setup
pakyow stage test


test mailer properli initi
mailer

equal mail messag messag
equal view view


test set view set messag bodi
mailer
equal hello from pakyow mailer view bodi children inner html strip


test subject
subject

mailer
deliv bogu test subject

equal subject messag subject


test send recipi
bogu test

mailer
deliv

deliv


test send multipl recipi
bogus1 test bogus2 test

mailer
deliv


deliv



mailer

test mailer test messag pakyow present store


pakyow defin
configur test
present view store test view


thi keep actual
detect handler
test handler


test mailer pakyow mailer
deliv
deliv


deliv recipi
deliv
deliv recipi


rubygem
minitest
minitest unit
minitest autorun


pakyow core pakyow core
pakyow present pakyow present
pakyow mailer pakyow mailer

support test mailer
support test applic
rubygem
pakyow core

hello app pakyow applic
rout

respons bodi pakyow say hello




hello app
libdir file dirnam file
load path unshift libdir load path libdir

gem
find
rack
rack file
logger


base
core base
pakyow
pakyow
util

util method directori file


visit file walk directori
walk block

entri
partit partit file file
file partit
dir partit
file start
dir walk block start



put
util walk full path
path full path gsub regexp
path

prefix
path scan size time
prefix


path gsub
put prefix path



within dir1 dir2
dir1 split dir2 split





pakyow
util

util method string
string

split seper string last
split last
split index rindex
split index
left split index
right split index length split index
left right


remov rout var rout spec
rout spec
rout spec split


join




pars path caller caller
caller match


normal path path
path path regexp

path path path length path
path path path length path path length
path






pakyow
util

util method hash
hash
creat indiffer hash thi mean indifferent hash


access like


strhash hash
indifferent hash


convert key symbol
symbol key hash
hash hash


convert key valu symbol
symbol hash
hash hash




strhash
indifferent hash
hash pair valu
hash indifferent valu valu hash


indiffer hash merg hash


strhash
indiffer hash
hash hash hash symbol





pakyow
app context
attr reader request respons

initi request respons
request request
respons respons



pakyow

respons object
respons rack respons
attr reader format

initi arg


content type text html


format format
format format
content type rack mime mime type format



pakyow
rais context avail
no context error standard error

rais rout look exist
miss rout standard error

rais templat part exist
unknown templat part standard error

error standard error


pakyow
method access anywher
helper
context
context no context error


logger
request logger


router
rout lookup


request
context request

method request

respons
context respons

method respons

param
request param


session
request session


cooki
request cooki


config
pakyow config base



method access
app helper

pakyow
rout eval
rout merger

attr reader path hook group rout handler lookup templat

http method post patch delet
default mixin rest


default arg
instanc arg

mixin default
default mixin mixin instanc pakyow rout mixin

instanc


scope rout overrid
arg path hook templat group inject
overrid rout send


instanc arg



initi path hook templat group
path path

rout http method inject
hook hook
templat templat
group group

lookup rout group
handler


path eval within

descend path
descend path path


rout
merg rout rout


block
instanc exec block


creat retreiv name rout when retriev

name block
block given
name block

name



creat handler

handler arg block
name code hook pars handler arg arg

pass block
block block given

build
build hook

handler name code


group arg block
name hook pars group arg arg

evalu rout eval scope path descend path group name hook hook
evalu block

merg evalu


arg block
path name hook pars arg arg

evalu rout eval scope path file join descend path path group name hook hook
evalu block

merg evalu


templat arg block
name hook pars templat arg arg

templat name hook block


expand name name arg block
path hook pars expans arg arg

templat templat name

evalu rout expans eval scope path file join descend path path group name hook hook
evalu direct path path
evalu templat templat
evalu block

merg evalu


arg block
build rout arg block


http method method
defin method method arg block
build rout method arg block



expans templat
method miss method arg block
templat defin method
expand method arg block


action method arg block



templat defin templat
templat templat




build rout method arg block
path name hook pars rout arg arg


pass block
block block given

merg rout hook scope hook
hook merg hook hook hook

build
build hook

path regexp
regex path
var

prepend scope path scope
path file join path path
path util string normal path path

regex var path
regex var build rout matcher path


regist rout regex var name path method


regist rout rout
rout rout rout

group
bucket lookup group group

bucket lookup rout


bucket rout rout


build rout matcher path
path path regexp

check var
path path path index

var
var
regex rout path
rout segment path split
rout segment index segment
segment
segment gsub
var posit
regex rout regex rout segment


regexp regex rout
var


group
group


build main hook
hook normal hook hook

concat hook around hook hook around
concat hook hook hook
concat main main
concat hook hook hook
concat hook around hook hook around




pars rout arg arg

arg
hash hook

array

proc

symbol name

path






pars arg arg

arg
hash hook

symbol name

path






pars group arg arg

arg
hash hook

name






pars handler arg arg

arg
hash hook

proc

integ code

name






pars templat arg arg

arg
hash hook

name






pars expans arg arg

arg
hash hook

path








rout expans eval rout eval
attr writer templat direct path

block
templat rout templat eval scope path path group group hook
templat direct path direct path
templat templat

path templat rout path




action method arg block
hook pars action arg arg
block block given

rout info templat
rout templat rout action method

rout
unshift

hook merg hook hook hook
rout build hook

regist rout rout


action group arg block
name hook pars action group arg arg
group templat group name name

hook merg hook hook group
group name hook block


action arg block
name hook pars action arg arg
templat name name

hook merg hook hook
name hook block


method miss method arg block
templat action method
action method arg block
templat method
action method arg block
templat group method
action group method arg block



no method error
unknown templat part action group name method


expand arg block
arg file join templat nest path gsub path arg
arg block





pars action arg arg

arg
hash hook

proc






pars action arg arg

arg
hash hook

symbol name






pars action group arg arg

arg
hash hook

name








rout templat eval rout eval
attr accessor direct path

initi arg


group
namespac

rout path path
nest path path


action name
rout action name


group name
group name name


name
name name


rout action name
lookup fetch group fetch group name


name name
namespac name


group name name
group name


build hook


hook hook



arg
path name hook pars arg arg
namespac name path hook


group arg
name hook pars group arg arg
group name hook


rout path block
rout path block given
rout path rout path
path rout path


nest path block
nest path block given
nest path nest path




pakyow

handl look path name rout popul
path data

rout lookup
helper

path name data
rout name rout name
data popul rout data file join rout


group name
group name





name rout name
defin group
router instanc rout name group

router instanc rout name



popul rout data
var rout

split path request split rout

var
split path posit data delet


popul file join split path join

remain data queri string
data
popul data join


popul



forward

pakyow
includ defin rout mixin
includ rout set
rout
includ base
standard error pakyow rout intend includ modul base class

base extend class method
base instanc variabl rout rout eval


class method
attr reader rout
extend forward
deleg rout post delet
handler group templat action expand



core config base
core config
core config server
core config cooki
core config logger
core helper
core multilog
core context
core request
core respons
core loader
core router
core rout merger
core rout
core rout
core rout
core rout templat default
core rout lookup
core
core error

middlewar
core middlewar logger
core middlewar
core middlewar reload

util
util string
util hash
util

pakyow
attr accessor logger

configur logger
conf config base

log

file directori conf logger path
path file join conf logger path conf logger name


file open path
sync conf logger sync

log
standard error
warn error open path write



log stdout conf output

log count multi log log log

pakyow logger logger conf logger level conf logger color conf logger auto flush


pakyow
rout merger


merg rout
merg rout
merg rout rout rout
merg handler rout handler
merg lookup rout lookup
merg templat rout templat


merg
merg


merg rout rout
rout concat rout
rout concat rout
rout patch concat rout patch
rout post concat rout post
rout delet concat rout delet


merg handler handler
handler concat handler


merg lookup lookup
lookup rout merg lookup rout
lookup group merg lookup group


merg templat templat
templat merg templat


todo accept arg
merg hook
normal
normal hook
normal hook

merg
concat
concat
around concat around




copi hook hook

hook
hook
around hook around



normal hook hook
hook

around type
forc
hook type array hook type

lookup hook alreadi proc
hook type hook type hook
hook symbol hook hook



hook



pakyow
rout set
rout merger

attr reader rout lookup

initi
rout post patch delet
lookup rout group
handler

templat


block
evalu rout eval default
evalu block
merg evalu


return rout tupl
regex var name path

match path method
path util string normal path path

rout method
todo without condit fall

regexp
data match path
data

string
path








handl name code
handler
name code name code


todo error



name base rout lookup
rout name group
lookup rout name group

group rout lookup group group
group rout name

todo error perhap specif except rescu router



name base lookup
name
name




pakyow
multi log
initi target
target target


write arg
target write arg


close
target close


flush
target flush



pakyow


reset
rout
config
middlewar

stack
init load process rout match error name
stack name
stack name



defin

defin block
set path file reload later
config path util string pars path caller caller

instanc block


defin rout

todo rout config option also bind
rout name main block
name block
rout name block

rout



accept block ad middlewar stack

middlewar block
middlewar block


creat environ

configur block
config block


fetch stack name

stack name
stack name


add block stack stack name

stack name block
stack stack name block


add block stack stack name

stack name block
stack stack name block


run applic accept environ exampl
develop
develop stage

arg
run

run
builder prepar arg
detect handler builder host config server host port config server port server
trap stop server
trap term stop server



stage applic everyth load applic
start accept argument

stage arg
stage
stage
prepar arg


builder
builder rack builder


prepar
prepar


return applic run

run
run


return applic stage

stage
stage


conveni method base configur

config
pakyow config base


load config env
config first
proc config
config instanc proc


env

env
config proc config
config instanc config proc


config load env env




prepar applic run stage return instanc
applic
prepar env
prepar

configur
env env env first config environ env
load config env

load block middlewar stack
middlewar
instanc exec builder


builder rack method overrid
builder middlewar static config
builder middlewar logger config
builder middlewar reload config auto reload

prepar

unshift




detect handler
handler puma thin mongrel webrick
handler unshift config server handler config server handler

handler handler

rack handler handler
load error
name error




stop server
server respond stop
server stop
server respond stop
server stop

ungrac necessari
process




helper
app helper

attr writer context

initi
pakyow
pakyow configur logger

call stack init

load

call stack init


return primari first load


config load env






call
process


call everi request

process
call stack process

request
respons

respons format base request
format format

context app context

initi cooki

found
halt
call stack rout

found router perform context
call stack match


call stack rout

found
handl

config error browser
respons content type text html

view file file join file expand path file view error html
content file open view file read

path util string normal path request path
path path

content gsub view path path index html path html
content gsub rout path path

respons bodi
respons bodi content




cooki

call stack process

respons finish
standard error error
call stack error

request error error

handl found

config error browser
respons content type text html

view file file join file expand path file view error html
content file open view file read

path util string normal path request path
path path

nice sourc error backtrac match

content gsub file nice sourc gsub file expand path config root
content gsub line nice sourc

content gsub escap html error
content gsub trace error backtrac escap html join

respons bodi
respons bodi content


call stack error

respons finish


found
found


thi useless method part extern
reload
reload file
load config path

reset config
env config load env
config reset

reload config
load config env

load


action

interrupt applic return respons immedi

halt
halt respons


rout request differ logic

rerout path method
request setup path method

call stack rout
call stack match
router rerout request
call stack rout


send data respons immedi accept string data file
mime type auto detect default octet stream option file name

file mime type guess otherwis mime type file name
whatev respons

send file data type send
file data file
data file data read

auto type base file type
type rack mime mime type util string split last file data path

data file data


header
header content type type type
header content disposit attach filenam send send

context app context request respons data respons statu respons header merg header
halt


redirect locat immedi

redirect locat statu code
locat router path locat locat symbol

header respons respons header
header header merg locat locat

context app context request respons statu code header
halt


handl name code logic
call stack rout
router handl name code logic
call stack rout


conveni method defin rout instanc

rout name main block
rout name block
load rout




call stack stack
stack stack block
instanc exec block



reload applic file path present specifi

load
call stack load

load file
loader loader
loader load path config

load rout
load rout

call stack load


load rout
router router instanc reset
rout pair name block
router name block
config ignor rout


cooki
request cooki pair
respons cooki

cooki alreadi valu ignor
initi cooki initi cooki

cooki default
respons cooki
path config cooki path
expir config cooki expir
valu



delet cooki longer present
initi cooki
respons delet cooki request cooki



store cooki begin request cycl
comparison cycl
initi cooki
initi cooki
request cooki
initi cooki





reset

pakyow
rout
rest
pakyow rout

templat rest
resourc group

nest path path file join path resourc
view path direct path gsub split reject join

reset view path
present path file join view path show present




show resourc reset view path

post creat

edit resourc edit
patch updat resourc
replac resourc
delet delet resourc

group collect
member resourc





singleton

pakyow
singleton manag rout set

router
singleton

attr reader set

initi
set


todo want set
reset
set



creat

name block
set name rout set
set name block


iter rout set return first match rout

rout name group
set
rout name group




miss rout could find rout name


perform initi rout request

perform context pakyow match
match context request
match call block given

trampolin


rerout request

rerout request
match request


find invok handler name statu code

handl name code pakyow logic
respons statu name code name code integ

set
handl name code
respons statu
logic trampolin





look popul path data

path name data
rout lookup path name data


look rout group

group name
rout lookup group name


call defin

name
set
name

call

instanc exec









call rout function order share context

call
instanc exec


find first match rout request path method
return rout function rout

match request
path util string normal path request path
method request method

match data
set
match data match path method
match



match
match

handl rout param
todo
request param merg util hash strhash data path path data match

todo
request rout path match





call rout function catch function
thrown rerout

trampolin
rout


call

get mean call return normal
fall
block

rerout invok handler call block block valu block
neither call block fall

rout

fall



rout


extract data path

data path path match var
data
data match

match name
data match


data



pakyow

request object
request rack request
attr accessor rest rout path control action format
error path method path method format

initi arg


path
method
format

path path info
method request method downcas

setup


path path
path path
path path


method method
method method
method method


format format
format format format html
format format
format format


first path
path


first method
method


first format
format


session
rack session


cooki
cooki util hash strhash


return indiffer param hash util strhash info indiffer hash
param
param util hash strhash


return compon
path part
path split path


refer
refer http refer


return refer compon
refer part
refer part refer split refer


setup path path method
request format path path
work path path path method


todo move util
split

split






rout var
rout path
rout path regexp
rout path index




work path path path method
base rout ignor format util string split last path

path base rout
method method method


request format path path
path format util string split last path
format format format format length format format length format



pakyow
handl load reload pakyow applic develop
mode file automat reload modifi
loader

load file provid path decend child directori
load path path
recurs path




recurs
time
file exist
util walk path
file test directori path
path split

config base auto reload
time path time path file mtime path time path
load path
time path file mtime path


path






pakyow
config
cooki
config base regist config cooki


attr accessor path expir

what path cooki creat
path
path


when cooki expir
expir
expir time week





pakyow
config
base
config
regist config name klass
config name klass

defin singleton method name
config name



reset config
reset
config key type
klass send type
klass instanc variabl
assum path reset sinc
pakyow applic inherit
path

klass send gsub








pakyow
config
server
config base regist config server


attr accessor port host handler

port applic
port
port 3000


host applic
host
host


add handler puma
handler
handler





pakyow
config

config base regist config


attr accessor resourc root action ignor rout
environ path auto reload error browser
view visibl load env output

method miss name arg
name
name name
instanc variabl name arg

instanc variabl name



auto reload
auto reload auto reload


error browser
error browser error browser


request




output
output


root directori
root
root file dirnam


resourc directori
resourc
resourc root



root


default action
action
action index


mockup mode
ignor rout
ignor rout ignor rout


view visibl
view visibl view visibl


environ
environ develop


path applic
path
path


handl file

best perform file
handl server nginx





load env
load env





pakyow
config
logger
config base regist config logger


attr accessor path name sync color auto flush level

path log
path
path config base root log


name
name request


sync
instanc variabl defin sync sync


auto flush
instanc variabl defin auto flush auto flush


color
instanc variabl defin color color


level
level pakyow logger level debug






pakyow
middlewar
static
initi



call
resourc path


halt
pakyow
respons
request
context app context
send file open resourc path


call






path info

config resourc pair name path
resourc path file join path path info
file exist resourc path
resourc path








pakyow
middlewar
reload
initi



call
pakyow reload
call




pakyow
logger
level
debug
info
warn
error
fatal
unknown


level color
debug cyan
info green
warn yellow
error
fatal
unknown


color tabl
black

green
yellow
blue
magenta
cyan
white


reset
color
bold

initi stdout level format auto flush
level format auto flush level format auto flush
mutex mutex


sever unknown


format sever format
mutex synchron
write
flush auto flush



write

sever
sever level unknown
sever level

write sever




debug
level debug


info
level info


warn
level warn


error
level error


fatal
level fatal


format level
color level color level
color color tabl index color reset


level color level
level color level level


close
close





pakyow
middlewar
logger
handl log error occur
pakyow error
error request error
pakyow logger error error error backtrac join


initi



call
rack logger pakyow logger

result
differ time began
pakyow logger request method request remot addr began
result call


statu result
pakyow logger statu nice statu statu differ

result


time
time

time time 1000
time round


nice statu statu

continu
switch protocol


creat
accept
authorit inform
content
reset content
partial content

multipl choic
move perman
found
other
modifi
proxi
switch proxi
temporari redirect

request
unauthor
payment requir
forbidden
found
method allow
accept
proxi authent requir
request timeout
conflict
gone
length requir
precondit fail
request entiti larg
request long
unsupport media type
request rang satisfi
expect fail
teapot

intern server error
implement
gateway
servic unavail
gateway timeout
http version support
variant also negoti
insuffici storag
loop detect
bandwidth limit exceed
extend
network authent requir
statu




test present pakyow present base
load


pakyow defin
configur
config execut
overwrit config


configur test
overwrit config
file join test support loader



rout redirect
redirect rout redirect




pakyow
attr accessor handler

thi keep actual
detect handler
test handler


reset reset
reset
pakyow
pakyow config base reset

prepar
run
stage

rout proc
statu proc






test handler
arg


rubygem
minitest
minitest unit
minitest autorun


file join file dirnam file pakyow core

rel
rel mock router
test handler
test model
test present
test control
string util test
rout block evalu

mock request path
pakyow request path info path request method http refer rack input
path path
method
pakyow
setup



mock respons
pakyow respons

mock router
attr reader rerout handl

rerout arg
rerout


handl arg
handl


thi use loader test test reload object
reload

support helper

pakyow
test
respons test minitest test
test rack respons
rack respons pakyow respons superclass




support helper

pakyow
test
router test minitest test
attr accessor regist
attr accessor call

setup
call
pakyow stage test
pakyow context app context mock request mock respons


test router singleton
router instanc router instanc


test rout set regist
test
router instanc test
test regist


regist


test rout look name
router instanc test



router instanc rout
rais miss rout router instanc rout


test rout call order
test
router instanc test

test call



test call


three
test call


three


router instanc perform app context mock request
equal call


test request rerout
test
router instanc test

rerout



test call rerout



router instanc perform app context mock request
equal rerout call


test request rerout method
test
router instanc test

rerout



test call rerout



router instanc perform app context mock request
equal rerout call


test handler call router
test
router instanc test

handl


handler
test call handl



respons
pakyow context app context
router instanc perform app context mock request

equal handl call
equal statu





support helper

pakyow
test
loader test minitest test
setup
loader pakyow loader
loader load path path


test recurs load file
object defin reload


test tell time
pakyow config base auto reload

time loader time
touch file join path reload
loader load path path

time first loader time first




path
file join test support loader



pakyow loader
attr accessor time



support helper

pakyow
test
applic test minitest test
test applic path inherit
pakyow config path test path


test applic run
test
equal run


test stage run
test
stage


test applic stage
stage test
equal run


test detect stage applic
stage test
equal stage


test base config return
equal pakyow config base config


test initi
env test
stage env
equal env first pakyow


test initi

pakyow
test
equal pakyow pakyow


test configur block execut
equal config execut


test config superced config
equal overwrit config


test config load middlewar


valu
middlewar
valu config


stage test

equal valu


test multipl middlewar load


value1
middlewar
value1 config


value2
middlewar
value2 config


stage test

equal value1
equal value2


test builder yield middlewar


builder
middlewar
builder


stage test

instanc rack builder builder




reset
pakyow reset reset


test path
file join test support





support helper

pakyow
test
request test minitest test
test rack request
rack request pakyow request superclass


test path call path info
equal request path request path info


test method proper format
equal request method


test split
equal request path part length
equal request path part


test refer split
equal request refer part length
equal request refer part




request
pakyow request path info request method http refer rack input




support helper

stringio

pakyow
test
log test minitest test
setup
pakyow config base logger color
text


teardown
file util file file exist file


test consol
stdout
stdout string io
pakyow configur logger
pakyow logger text

equal text strip stdout string strip

stdout


test file
pakyow config base logger path path
pakyow config base logger auto flush
pakyow configur logger
pakyow logger text

file exist file
equal text strip file file read strip




file
file join path request


path
file join test




support helper

pakyow
test
helper test minitest test
pakyow helper

setup
pakyow stage test
pakyow context app context mock request mock respons


test return
pakyow pakyow


test request return
test
pakyow context app context
pakyow request
pakyow


test respons return
test
pakyow context app context
pakyow respons
pakyow


test router lookup return
pakyow router pakyow rout lookup


test param return
pakyow context app context mock request
pakyow param pakyow param


test session return
pakyow context app context mock request
equal pakyow session pakyow request session


test cooki return
pakyow context app context mock request
pakyow cooki pakyow cooki


test helper includ
pakyow ancestor pakyow app helper




support helper

pakyow
test
string util test minitest test

setup


teardown


test remov rout var
equal util string remov rout var fail remov rout var
equal bret util string remov rout var bret fail remov rout var
equal bret util string remov rout var bret fail remov rout var
equal bret util string remov rout var bret fail remov rout var
equal bret util string remov rout var bret fail remov rout var
equal bret util string remov rout var bret fail remov rout var
equal bret util string remov rout var bret fail remov rout var
equal fred barney util string remov rout var fred barney fail remov rout var
equal fred barney util string remov rout var fred fred barney barney fail remov rout var
equal fred barney util string remov rout var fred barney fail remov rout var
equal fred barney util string remov rout var fred barney fail remov rout var
equal fred barney util string remov rout var fred barney fail remov rout var


test split last
equal util string split last fail split
equal util string split last fail split
equal util string split last fail split
equal util string split last fail split
equal three four util string split last three four fail split three four
equal three util string split last three fail split three
equal three util string split last three fail split three


test path accur window
equal util string pars path caller test test applic test test applic





support helper

pakyow
test
rest rout test minitest test

setup
pakyow stage test
pakyow context app context mock request mock respons


test action support
rout set



rest test test
creat edit updat replac show delet
action




rout tupl match match test path test name
rout tupl match match test path test name
rout tupl match match test post path test name creat
rout tupl match match test edit path test test edit name edit
rout tupl match match test patch path test test name updat
rout tupl match match test path test test name replac
rout tupl match match test path test test name show
rout tupl match match test delet path test test name delet


test rout defin pass action
rout set



rest test test
action



rout tupl match match test path test name
match test post


test member rout
rout set



rest test test
member





rout tupl match match test path test test


test collect rout
rout set



rest test test
collect





rout tupl match match test path test


test nest resourc
rout set



rest test test
rest nest nest
action




rout tupl match match test nest path test test nest


test show view path
skip




todo move helper dupe test
rout tupl opt
match opt match

match rout found
match

match match
equal opt regex match mismatch regex opt regex
equal opt var match mismatch var opt var
equal opt name match mismatch name opt name
equal opt match mismatch opt
equal opt path match mismatch path opt path






support helper

pakyow
test
test class

test fn
pakyow rout


mock eval
initi
call


method miss name arg
call name


call
call



rout mixin test minitest test
setup
pakyow stage test


test error includ
rais standard error
test class instanc exec pakyow rout



test call forward rout
origin test fn instanc variabl rout

mock eval
test fn instanc variabl rout

post delet handler group templat action expand call
test fn send call
call call call call


test fn instanc variabl rout origin


test rout modul includ




test fn

pakyow rout test
test fn
pakyow rout rest


pakyow reload

pakyow router instanc set test




support helper

pakyow
test
rout set test minitest test

setup
pakyow stage test
pakyow context app context mock request mock respons


test regist fetchabl
rout eval













test rout creat match
rout set







rout tupl match


test rout creat match
rout set









rout tupl match


post post

rout tupl match post post post post




rout tupl match


delet delet

rout tupl match delet delet delet delet


test pass rout
rout set








match


test rout defin without
rout set





match


test singl passabl rout
rout set






test key rout match
rout set





match
match post
match
match

rout set





match
match post
match
match


test rout var extract avail request
router instanc
test



data
context app context mock request data
router instanc perform context
equal data context request param



test regexp name captur extract avail request
router instanc
test



data
context app context mock request data
router instanc perform context
equal data context request param



test rout referenc name
rout set





rout
rout


test rout name first
rout set





rout
rout


test handler regist match
rout set

name
code



handler


handler tupl handl name name code
handler tupl handl code name code
handl
handl


test hook ad rout
rout set













match




match





test hook ad rout name
rout set












match





test hook ad handler
rout set









handler
handler


handl




handl





test hook ad handler name
rout set









handler


handl





test group rout match
rout set

group test group




match


test group rout inherit hook
rout set










group test group




match





test namespac rout match
rout set


test




match
match


test namespac name first
rout set


test




match
match


test namespac rout inherit hook
rout set










test




match





test rout templat defin expand
rout set




templat test templat
root


expand test templat test expans
action root



match


test rout templat expand dynam
rout set




templat test templat
root


test templat test expans
root



match


test rout templat defin hook action
rout set






templat test templat
root


test templat test expans
root



match


hook defin expans prioriti



test rout templat defin group
rout set


templat test templat
group group


test templat test expans
group
group




match group


test rout templat group handl hook
rout set






templat test templat
group group


test templat test expans
group
group




match group


hook defin expans prioriti



test rout templat defin namespac
rout set


templat test templat



test templat test expans

namespac




match namespac


test rout templat namespac handl hook
rout set






templat test templat



test templat test expans

namespac




match namespac


hook defin expans prioriti



test rout defin templat expans
rout set




templat test templat


expand test templat test expans




match


test templatecept
rout set





templat test templat
root


expand test templat test expans
root

expand test templat nest expans
root




match
match


test rout path overridden
rout set





templat test templat
rout path path file join path

root


expand test templat test expans

root



match
match


test nest path overridden
rout set




templat test templat
nest path path file join path nest

root


expand test templat test expans
expand test templat nest expans
root




match nest




rout tupl match data
match rout found
match

match match
equal data match mismatch regex
equal data match mismatch var
equal data match mismatch name
equal data match mismatch
equal data match mismatch path


handler tupl match data
match handler found
match

equal data match mismatch name
equal data match mismatch code
equal data match mismatch





support helper

pakyow
test
rout lookup test minitest test

setup
pakyow stage test
pakyow context app context mock request mock respons


test path name rout
router instanc
test



equal rout lookup path


test path popul
router instanc
test
foo1
foo2


equal rout lookup path foo1
equal rout lookup path foo2


test extra rout data ad queri string
router instanc
test
foo1
foo2


equal test success rout lookup path foo1 test success
equal test success rout lookup path foo2 test success


test group rout look name group
router instanc
test
group




equal rout lookup group path


test namespac rout look name group
router instanc
test





equal rout lookup group path

namespac rout avail group
rais miss rout
rout lookup path



test error look invalid path
rais miss rout
rout lookup path miss






support helper

pakyow
attr writer router


pakyow
test
app action minitest test
pakyow helper

test applic halt
reset


pakyow halt

halt


equal halt


test applic redirect
reset
locat

pakyow redirect locat



equal pakyow respons statu
equal locat pakyow respons header locat


test applic redirect issu rout lookup
reset


pakyow redirect redirect rout



equal pakyow respons statu
equal redirect pakyow respons header locat


test applic redirect respect statu
reset
locat

pakyow redirect locat



equal pakyow respons statu
equal locat pakyow respons header locat


test applic redirect halt
reset


pakyow redirect

halt


equal halt


test applic rerout path
reset

path
router mock router
pakyow router router
pakyow context app context mock request mock respons
pakyow rerout path

equal pakyow request method
equal path pakyow request path
router rerout


test applic rerout path method
reset

path
method
router mock router
pakyow router router
pakyow context app context mock request mock respons
pakyow rerout path method

equal method pakyow request method
equal path pakyow request path
router rerout


test applic handl
reset

router mock router
pakyow router router
pakyow handl

router handl


test data sent applic
reset

data

halt
pakyow send data


equal data pakyow respons bodi
equal text html pakyow respons header content type


test data sent applic type
reset

data
type text

halt
pakyow send data type


equal data pakyow respons bodi
equal type pakyow respons header content type


test file sent applic
reset

path file join file dirnam file support

data file open path read

halt
pakyow send file open path


equal data pakyow respons bodi
equal text plain pakyow respons header content type


test file sent applic type
reset
pakyow context app context mock request mock respons

type text plain
path file join file dirnam file support

data file open path read

halt
pakyow send file open path type


equal data pakyow respons bodi
equal type pakyow respons header content type


test file sent applic type attach
reset
pakyow context app context mock request mock respons


type text plain
path file join file dirnam file support

data file open path read

halt
pakyow send file open path type


equal data pakyow respons bodi
equal type pakyow respons header content type
equal attach filenam pakyow respons header content disposit




reset

pakyow stage test
pakyow context app context mock request mock respons
test


reset
pakyow reset reset


test path
file join test support




libdir file dirnam file
load path unshift libdir load path libdir

gem
nokogiri

base
present base
present

present present
present config present
present helper
present
pakyow
present
binder set
attr reader scope

initi
scope
option


scope name block
scope scope eval
bind option scope block

scope name bind
option name option


match prop prop scope bindabl bind
bind scope scope bind prop


option prop prop scope bindabl context
block option scope prop
bind bind eval bindabl prop context
bind instanc exec block



prop prop scope bind
bind scope scope bind prop


bind scope scope bind
merg pass bind bind
scope scope merg bind



scope eval
helper

initi
bind
option


block
instanc block
bind option


bind name block
bind name block


option name block
option name block


rest rout group
bind action
rout router group rout group
data

bindabl
data view view
view prepend view nokogiri html fragment input type hidden name method valu


action rout path updat rout group

action rout path creat


data action action
data method post
data



todo option


bind eval
helper

attr accessor context
attr reader bindabl

initi prop bindabl context
prop prop
bindabl bindabl
context context


valu
bindabl prop




pakyow
view store
attr reader name store path templat

initi store path name
name name
store path store path

load templat
load path info


view path

path view path

miss view




templat name path
name path name path templat

name path symbol
templat name name path

path name path templat



page view path
view path view path page

argument error cannot build page path view path
path view path page


view view path
path view path view


partial view path
path view path partial


partial view path name
partial view path name


iter known view yield
view
path info pair path info
info view path



info
path info pair path info
info path



expand path view path
file join store path view path


build full path partial

expand partial path path partial
store path path partial html
expand partial path path
part path split

underscor
expand path expand path part part join

attempt find extens
match glob expand path
miss partial could find partial extens expand path match

expand path file extnam match




path view path
normal path normal path view path
info path info normal path

info
miss view view path view path

info info



templat name name
templat templat name
miss templat templat name name


templat


load templat
templat

file exist templat path
entri templat path file
file file

templat templat load file join templat path file
templat templat name templat


miss templat dir templat found templat path



templat path
file join store path config base present templat name


load path info
path info

keep page previou path
page

util walk store path path
skip root
path store path

templat
path templat path

skip partial file
file basenam path

skip folder file pick
glob file join path index

normal path normal path path

path directori know index page
previou index page instead allow
partial overridden path
page use
file directori path
get path previou page
prev path normal path
page page prev path
prev path prev path split join

page page

page page load path
page normal path page


templat templat name page info templat

todo effici redund call
partial partial path path

compos templat page partial
view templat build page includ partial

titl
titl page info titl
view titl titl titl

info
view view
page page
templat templat
partial partial


path info normal path info



normal path path
rel path path gsub store path
rel path rel path gsub file extnam rel path
rel path rel path gsub index
rel path util string normal path rel path

rel path


partial path view path
view path file dirnam view path file directori view path

partial
util walk store path path
skip partial
file basenam path

skip directori
file directori path

skip file within view path
util within file dirnam path view path

name file basenam path split
partial name path


creat instanc
partial name path
partial name partial load path


partial



pakyow
app helper
extend forward

deleg present store store content view view
partial templat templat page page path path compos

present
present


bind name
present bind name bind



pakyow
present
view
doc helper

partial regex


attr accessor binder

close
area base basefont input link meta


form field
input select textarea button


without valu
select



attr accessor scope scope relat view context
attr writer bind


view
view scope scope
view context context
view


initi content format html
relat view

process present process content format

process match html
nokogiri html document pars process

nokogiri html fragment process




view
view
view


load path
format util string split last path
content file read path

content format


titl titl


titl first
inner html nokogiri html fragment titl
head first
child nokogiri html fragment titl titl titl



titl
titl first
inner text


allow multipl attribut
root view find selector attribut style style

attribut attr
attr
attribut

bind attribut attr



attr attribut

remov
remov
refind signific node


delet remov

clear
blank
inner html
refind signific node


text
inner text


text text
text text call text text proc
content text
refind signific node


html
inner html


html html
html html call html html proc
inner html nokogiri html fragment html
refind signific node


append view
view
children count
path path

child view

updat bind offset path path
refind signific node


prepend view
view
children count
path path

first child children first
first child previou sibl




updat bind offset path path
refind signific node


view
view
children count
path path

view

updat bind offset path path
refind signific node


view
view
children count
path path

view

updat bind offset path path
refind signific node


replac view
replac view


scope name
name name

view view collect
view context context
bind select scope name
view path path

bind updat bind path path concat nest bind path
scope scope
context context

view


view


prop name
name name

view view collect
view context context

bind bind select bind bind scope scope
bind prop prop
prop prop name
view path prop path

scope scope
context context
view




view


call
view block

creat context view manipul perform

block
block ariti
instanc exec block







call
view datum block

yield view match dataum thi driven view
mean datum yield view avail
singl view view datum pair yield

basic bret

data block
data data data enumer
data data data enumer data hash
block call data block given


call
match data view collect

return view collect object manipul match data
singl view view collect collect consist copi
data length

match data
data data data enumer
data data data enumer data hash

view view collect
view context context
data datum



view
bind bind
scope scope
context context

view


remov
view


call
repeat data view datum block

match data yield view datum pair

repeat data block
match data data block


call
bind data

bind data across exist scope

bind data bind block
scope info bind first

bind data scope data scope info bind
data block given


call
appli data

match data bind data view

appli data bind block
view match data bind data bind block


bind refind
bind bind refind find bind bind


includ partial
partial partial

partial pair partial name
replac partial partial name
partial delet partial name


partial
partial count
initi anoth build content contain partial
includ partial partial count







partial refind
partial partial refind find partial partial


partial content
partial

content scan partial regex
partial


partial


find partial
partial

travers
nokogiri comment
match html strip match partial regex

name match
partial name


partial


popul root view use view store data recurs build
substitut child view name structur
popul view root view view store view info
root view contain
path view info name

popul view view path view store view store view info
context context
reset contain
content contain

root view



return hash describ scope
find bind ignor root
bind
breadth first
ignor root
scope config present scope attribut

bind
scope scope
path path
prop find prop



root node need first hash
bind want nest scope insid

bind last nest bind

bind last nest bind find bind
reject children travers
reject



find unscop prop
bind unshift
scope
path
prop find prop
nest bind


bind


find prop
prop
breadth first
deeper scope
reject config present scope attribut

prop config present prop attribut
prop prop prop path path


prop


return bind take account start point path
updat bind path path bind path
bind collect bind
bind bind
bind path bind path path length

bind prop bind prop collect prop
prop prop
prop path prop path path length
prop


bind nest bind updat bind path path bind nest bind path

bind



updat bind offset path offset path
updat bind path bind iter
bind bind
path within path bind path path

bind path offset bind path

bind prop prop
prop path offset prop path




refind signific node
bind

relat view
refind signific node



bind data scope data scope info bind
data

scope scope info scope

bind data root data scope bind

scope info prop prop info
unbound
prop prop info prop

data prop data prop pakyow present binder prop prop scope bind
valu pakyow present binder valu prop prop scope data bind context
path prop info path

view form field name
bind form field scope prop valu data


bind data valu

handl unbound data scope prop





bind data root data scope bind
valu pakyow present binder valu prop root scope data bind context
valu hash bind attribut valu bind valu valu


bind data data
data hash bind attribut data bind valu data


data prop data prop
data hash data prop data prop data hash data method defin prop


bind valu valu
valu string valu

name
view without valu

view close
overrid valu
valu valu
valu valu


inner html valu



bind attribut attr
attr attr
attr
content
call inner html proc
bind valu

view
call



attr attr
attr attribut
call attr send attr proc


remov attribut attr

attr send attr




bind form field scope prop valu bindabl
form field name scope prop

special bind checkbox radio button
name input type checkbox type radio
bind check field valu
special bind select
name select
bind select field scope prop valu bindabl



bind check field valu
valu valu valu valu
check check

delet check


coerc string sinc boolean often use fail bind view
valu valu


bind select field scope prop valu bindabl
creat select option scope prop valu bindabl
select option valu valu


form field name scope prop
name name overwrit name alreadi defin
name scope prop


creat select option scope prop valu bindabl
option pakyow present binder option prop prop scope bindabl context

option node nokogiri html document fragment pars
nokogiri html builder option node
option length
optgroup
option first

contain valu content
array
option valu
option shift
like object string start group

optgroup label
option shift

option index
start group
optgroup array

option valu
option shift







remov exist option
children remov

gener option
child option node


select option valu valu
option valu valu first
select select


handl unbound data scope prop
pakyow logger warn unbound data scope prop
unbound




yaml
present view store
present helper
present view
present templat
present page
present partial
present view collect
present binder
present binder
present attribut
present except
present view compos

pakyow
present


pakyow
present
view collect
enumer

attr accessor context

initi
view



view


attribut attr
collect attribut collect
collect attribut attr
collect


attr attribut

remov
remov


delet remov

comment view




comment view
remov
remov


clear
clear


text
text


text text
text text


html
html


html html
html html


html
html join


html

append content
append content


render append


view
view




view


length
view length


scope name
view view collect
view context context

scope name
view


view


prop name
view view collect
view context context

prop name
view


view


call
view block

creat context view manipul perform

block
block ariti
instanc exec block







call
view datum block

yield view match dataum datum yield
view data avail view collect
mean block yield length time

basic bret

data block
data data data enumer
data data data enumer data hash

index
datum data
block call datum block given



call
match data view collect

return view collect object manipul match data
view collect return view collect collect consist copi
data index data length

match data
data data data enumer
data data data enumer data hash

view view collect
view context context
data index datum


view last






view

find bind subset keep refind
bind bind
scope scope
context context

view


remov sinc refind bind
remov
view


call
repeat data view datum block

match data yield view datum pair

repeat data block
match data data block


call
bind data

bind data across exist scope

bind data bind block
data view datum
view bind datum bind
view datum block given



call
appli data

match data bind data view

appli data bind block
match data bind data bind block




pakyow
present
attribut
type
hash style
bool select check disabl readonli multipl
mult


initi name valu control
type type attribut name
name name
valu deconstruct attribut valu type valu type
control control



valu
valu array valu type mult valu proc
valu valu
updat valu


ensur valu pass contain valu
valu
type
mult
valu valu valu valu
bool
valu valu

valu valu valu valu match valu


updat valu


opposit
deni valu
type
mult
valu delet valu
bool
valu valu

valu gsub valu


updat valu


pass method call valu
method miss method arg
valu send method arg
updat valu




return full string valu

valu valu
valu valu call deconstruct attribut valu type name type valu proc
valu construct attribut valu type valu type name

valu


valu
valu




updat valu
updat valu

updat valu
control remov attribut name

control updat valu attribut name updat valu



type attribut attribut
attribut attribut

bool type bool attribut
mult type mult attribut
hash type hash attribut
singl


deconstruct attribut valu type valu type
valu valu type singl
valu valu split type mult
valu type bool
valu hash valu type hash


construct attribut valu type valu type attribut
valu type singl
valu join type mult
valu attribut type bool
valu join join type hash


valu hash valu
valu

valu split inject style
style split






attribut
initi

attribut


method miss method arg
attribut method

method
attribut attribut gsub
valu arg

attribut attribut valu

attribut attribut



arg
method miss arg


arg
method miss arg


updat valu attribut attribut valu
nokogiri element children count
children first attribut valu

attribut valu



remov attribut attribut
remov attribut attribut




attribut attribut valu
attribut attribut valu


attribut attribut
attribut attribut
attribut attribut attribut






attribut collect
enumer

initi
attribut


attribut
attribut attribut


method miss method arg
attribut inject attribut collect coll coll send method arg



attribut inject


arg
method miss arg


arg
method miss arg




pakyow
present
page
matter matcher


load path
format util string split last path
name file basenam path
content file test file path file read path

page name content path format



attr reader content path

initi name content path format html
name content path format name content path format

info templat pakyow
content

content
pars info
pars content



initi copi origin page


copi content
content
origin page content pair
content



content contain
contain content content contain


info
info
info


page
content page content


view contain
view content contain


html contain
content contain

html



pars info
info pars front matter content
info info info hash

info merg util hash symbol info


pars content
remov yaml front matter
content gsub

process content
content present process content format

find content name contain
within regex within within

content scan within regex
contain
content contain


find content
content content gsub within regex


pars front matter content
matter yaml load content match matter matcher
matter




pakyow
present
templat
doc helper

attr accessor name


load path
format util string split last path
content file read path
name file basenam path

name content format



initi name content format html
name name

content nokogiri html document
content

process present process content format
nokogiri html document pars process



initi copi origin templat


copi
origin templat


contain name
contain contain name
view path contain path


contain refind
contain contain refind find contain contain


build page
content contain
contain contain
name contain

content page content name
contain name replac content

pakyow logger debug content name page page path



view




return hash contain name
find contain
contain

travers
nokogiri comment
match text strip match contain
name match

contain name path path


contain




pakyow
present
present

process content format
format format

pakyow
content


present present
content


processor present processor store format
pakyow logger warn processor defin extens format format html
content


processor call content



pakyow init
present present


pakyow match
present pakyow present
present prepar context context


pakyow rout
present present
found
context respons bodi present content

found found



pakyow load
present load


pakyow error
config error browser
context respons bodi present content present present



attr accessor processor store binder path templat page context

initi
setup


setup
view templat page
construct
store


store name
name
view store name

view store store



store name
store name

path
setup path


load
load processor
load view
load bind


prepar context context
context context

context request rout var
path util string remov rout var context request rout path

path context request path


setup


present
construct
construct


content
view
view html


view
construct
view


partial name
store partial path name


view view
view view
view context context
construct


templat templat
templat templat
templat name
templat store templat templat


templat templat
construct


page page
page page
construct


path path
path path
setup path


construct
construct
construct

templat page found construct
templat page

construct
view templat build page
view context context
construct


compos opt block
compos context request path opt block


compos path opt block
compos view compos path store path opt block
compos opt block given

view compos view




setup path explicit
templat store templat path
page store page path
view store view path

construct
miss view catch view path error
explicit pakyow logger debug messag
construct


load view
view store

config present view store pair name path
view store name view store path name



load bind
binder binder instanc reset

pakyow bind pair name block
binder name block



load processor
processor store pakyow processor




pakyow
present
doc helper
breadth first
queue
queue
node queue shift
reject
node
queue concat node children




path child
path

path child

child ancestor
sinc ancestor goe root stop level
children

path unshift children index child
child


path


path within path child path parent path
parent path index step
step child path





path path


path
path

path
child children
child








view path path
view view path path
view relat view

view


html
html


html


html html




pakyow
present
partial
doc helper


load path
format util string split last path
content file read path
name file basenam path

name content format



initi name content format html
name name

process present process content format
nokogiri html fragment process




pakyow
present
view compos

path store path opt block
view compos store path opt block



initi store path opt block
store store
path path

page store page opt fetch page
path


templat store templat opt fetch templat
page page info templat path


partial


partial includ opt fetch includ

partial store partial path path


instanc exec block block given


view
miss templat templat provid view compos templat
miss page page provid view compos page

templat build page includ partial


templat name
templat store templat name



page name
page store page name



includ partial
partial merg remap partial partial




remap partial partial
hash partial name path
name partial load store expand partial path path






pakyow
present
singleton manag rout set

binder
singleton
helper

attr reader set

initi
set


todo want set
reset
set



creat

name block
set name binder set
set name instanc exec block


valu prop prop scope bindabl bind context
context context
bind
set
bind match prop prop scope bindabl bind
bind


bind
bind bind eval prop bindabl context

bind ariti

bind instanc exec bind

instanc exec bindabl bind

instanc exec bindabl bind valu bind



prop valu bindabl bindabl prop



prop valu bindabl bindabl prop
bindabl prop bindabl hash
bindabl send prop bindabl method defin prop


option prop arg
match
set
match option prop arg
match


match


prop arg

set
prop arg








pakyow
present
miss templat dir error
miss view error
miss templat error
miss page error
miss partial error


pakyow
config
present
config base regist config present


attr accessor javascript stylesheet view store view
scope attribut prop attribut contain attribut templat dir

locat javascript
javascript
javascript javascript


locat stylesheet
stylesheet
stylesheet stylesheet


view store
view store config base root view


view store name
view pakyow html


return view store

view store name
view view
view store name view store name view


templat dir store name
templat dir templat


return templat store

templat store name
dir templat dir
dir store name dir store name dir


scope attribut
scope attribut data scope


prop attribut
prop attribut data prop


contain attribut
contain attribut data contain






pakyow


bind
processor

bind name main block
name block
bind name block

bind



processor arg block
arg format
processor format block



processor
processor



conveni method defin bind instanc

bind name main block
bind name block



support helper

bind test minitest test
setup
captur stdout
pakyow stage test
pakyow router instanc
expand rest
action creat
action updat



pakyow context app context mock request mock respons



test rest bind defin
pakyow bind
scope
rest



captur stdout
pakyow present load


data pakyow present binder valu prop action pakyow context

equal data action
equal post data method

data pakyow present binder valu prop action pakyow context

equal data action
equal post data method

view view nokogiri html fragment
data view call view
view children
equal hidden type
equal method name
equal valu


rel support helper

processor test minitest test

setup
captur stdout
pakyow stage test
pakyow present setup



teardown
noth


test processor process
pakyow present store view processor
equal foobar bodi inner text strip


test processor process multipl format
pakyow present store view processor2
equal foobar bodi inner text strip



rel support helper

view store test minitest test
setup
captur stdout
store view store test support view



test find path file
store
store
store
store


test find path
store
store
store
store


test find undefin path
refut store miss
refut store miss
refut store miss
refut store miss


test use templat
equal pakyow store templat name
equal pakyow store templat name

equal pakyow store templat pageless name
equal pakyow store templat pageless name
equal pakyow store templat pageless name
equal pakyow store templat pageless name


test use page specifi templat
equal store templat name


test use page specifi titl
equal custom titl store view titl titl


test templat titl reset titl specifi
equal pakyow store view titl titl


test fail templat
todo rewrit sinc load view fail templat
rais standard error
store templat templat



test use page content
equal index store view bodi children html strip


test use name page content
equal multi side store view multi bodi children html strip


test fall back page
equal index store view page bodi inner text strip


test includ partial current path
equal partial1 store view partial bodi children html strip


test partial overridden
equal partial1 store view partial overrid bodi children html strip


test partial partial
equal partial2 store view partial incept bodi children html strip


test templat includ partial
equal partial1 store view partial templat bodi children html strip


test templat retriev name
templat store templat multi
equal multi templat titl inner html strip


test partial retriev path
name partial1
partial store partial name
equal partial1 partial html strip


test view build modifi templat
html store templat html
store view

equal html store templat html


contact
attr accessor full name email

initi full name email
full name full name
email email



send



view bind test minitest test
setup
view creat view string
contact data scope contact
span data prop full name john span
data prop email john exampl


span data prop span



test bind hash
data full name jugyo kohno email jugyo exampl
view scope contact bind data

equal data full name view contact span first content
equal data email view contact first content


test bind object
data contact jugyo kohno jugyo exampl
view scope contact bind data

equal data full name view contact span first content
equal data email view contact first content


test bind unscop prop
data
view bind data

equal data view first content


test content valu
view creat view string
contact data scope contact
input type text data prop full name



data full name
view scope contact bind data

equal data full name view contact input first attribut valu


todo test name input autoset



creat view string string
nokogiri html document pars string
view root


rel support helper

present test minitest test

setup
captur stdout
store test
pakyow stage test
present pakyow present
path
present prepar context app context request path



teardown
noth


test view built request
instanc pakyow present view present view

page present store page path
templat present store templat path
view present store view path

equal page present page
equal templat present templat
equal view present view


test path retriev
captur stdout
path multi
present path path
equal path present path



test view rebuilt path
captur stdout
origin view present view
origin view present view

present path multi
refut origin view present view
equal pakyow present view present view



test store chang
present store test
equal present view titl templat updat store
equal present view bodi inner text strip page updat store


test templat rout access
equal present store templat path present templat


test templat instanc retriev
captur stdout
templat present store templat multi
present templat templat
templat present templat



test templat name retriev
captur stdout
name multi
templat present store templat name
present templat name
equal templat present templat



test current templat use
captur stdout
present templat multi
equal multi present view titl



test page rout access
equal present store page path present page


test page retriev
page present store page
present page page
equal page present page


test current page use
page present store page
present page page
equal page content strip present view bodi inner text strip


test present correct valu
present present

captur stdout
present prepar context app context request fail


refut present present


test partial retriev path
name partial1
partial present store partial present path name
partial present partial name


test view cach
file test support view index html
content reload

origin content file open file read
file open file write content

captur stdout
equal origin content strip present view bodi inner text strip


file open file write origin content

captur stdout
present load



test view reload
file test support view index html
content reload

origin content file open file read

file open file write content

captur stdout
present load
setup

equal content present view bodi children html strip


file open file write origin content

captur stdout
present load



test compos current context
path compos
present prepar context app context request path
equal present store view path present compos


test set view view compos
path compos
comparison view present store view path

present compos path

equal comparison view present view




request path method
pakyow request path info path request method method rack input
path path




rel support helper

describ view compos

captur stdout
store view store test support view



compos path
compos view must equal view pakyow index html


compos page
compos page compos view must equal view compos compos index html


fail compos without path page
compos must argument error


compos path overridden templat
captur stdout
compos compos templat view must equal view compos index html



compos path overridden page
captur stdout
compos compos page multi index view must equal view multi multi index html



compos path overridden templat page includ
captur stdout
compos
templat
page compos
includ
compos partial

view must equal view compos index html compos partial html



compos method chain
captur stdout
compos templat multi view must equal view multi index html



compos block
captur stdout
compos
templat multi
view must equal view multi index html



compos opt block
view compos path store opt block


compos path opt block
view compos path store path opt block


compos context context opt block
view compos context store context request path opt block


view templat name page path partial
templat store templat templat name
page page load store expand path page path

partial hash partial name path
name partial load store expand path path


templat build page includ partial



view form bind test minitest test
setup
view creat view string
form data scope
input data prop unnam
input data prop name name name
input data prop valu valu valu
form



test bind unnam field set name
captur stdout
view scope bind unnam test
equal unnam view scope prop unnam attr name



test bind name field name
captur stdout
view scope bind name test
equal name view scope prop name attr name



test bind unvalu field set valu
captur stdout
view scope bind unnam test
equal test view scope prop unnam attr valu



test bind unvalu field valu
captur stdout
view scope bind valu test
equal valu view scope prop valu attr valu





creat view string string
nokogiri html document pars string
view root


rel support helper

describ view context
yield context view
view collect
yield


yield
must


yield



pass context block
view collect
yield


yield
must


yield



return view
view collect
must



view collect
view
view collect


support helper

view scope test minitest test

setup
view creat view string
data scope post
data prop titl titl

data prop bodi bodi

data scope comment
data scope comment




teardown
noth


test singl scope found
equal view scope post length
equal view scope post length


test multipl scope found
equal view scope post scope comment length


test nest scope found
equal view scope comment length
equal view scope post scope comment length


test invalid scope found
equal view scope fail length


test prop found
equal titl view scope post prop titl html
equal bodi view scope post prop bodi html


test scope nest
post bind view bind first
post bind nest bind nest
refut equal post bind path nest path found scope scope





creat view string string
view nokogiri html fragment string



support helper

attribut test minitest test
setup
captur stdout
pakyow stage test
coll pakyow present store view attribut scope attr
view coll



test text attribut settabl
valu
view attr titl valu
equal valu view attr titl

coll attr titl valu
equal valu coll attr titl


test text attribut append
valu
append valu
view attr titl valu
view attr titl append valu
equal valu append valu view attr titl


test text attribut ensur
valu
view attr titl valu
equal valu view attr titl


view attr titl valu
equal valu view attr titl


test text attribut denyabl
valu
view attr titl valu
view attr titl deni valu
equal view attr titl


test text attribut delet
valu foobar
view attr titl valu
view attr titl delet
equal view attr titl
view attr titl delet
equal view attr titl


test attribut settabl
valu
view attr valu
equal valu view attr
view attr valu
equal valu view attr


test mult attribut append
valu
append valu
view attr valu
view attr append valu
equal valu append valu view attr


test mult attribut ensur
valu
view attr valu
equal valu view attr


view attr valu
equal valu view attr


test mult attribut denyabl
valu
view attr valu
view attr deni valu
equal view attr


test mult attribut handl method
valu
view attr push valu
equal valu view attr


test bool attribut settabl
view attr disabl
equal view attr disabl valu


test bool attribut ensur
view attr disabl
equal view attr disabl valu


test bool attribut denyabl
view attr disabl
view attr disabl deni
equal view attr disabl valu


test hash attribut settabl
view attr style color
equal color view attr style

view attr style color blue
equal color blue view attr style


test attribut mass assign
hash titl

view attr hash
equal hash titl view attr titl
equal hash view attr


test attribut modifi lambda
view attr titl
view attr titl
equal foobar view attr titl

view attr
view attr push
equal view attr


rel support helper

present helper test minitest test
setup
context mock present context


test deleg present
store store content view view partial templat templat page page path path compos deleg
deleg deleg
context send deleg
context present call deleg




mock present
initi
call


method miss method arg
call method


call method
call method



mock present context
pakyow app helper
attr reader present

initi
present mock present


pakyow defin
configur test
test support

present view store
test support view
test test support test view



processor data
data



pakyow configur logger
rubygem
minitest
minitest unit
minitest spec
minitest autorun



file expand path pakyow core pakyow core file
file expand path pakyow present file
file expand path pakyow core test support helper file

rel test applic

captur stdout block
origin stdout stdout
stdout fake string io
pakyow configur logger



stdout origin stdout
pakyow configur logger

fake string

rel support
rel support
rel support
rel support file
rel support hash
rel support string
