placehold
window is web app

background servic
creat worker gener puzzl background
2014
http
written martin kool
martin mrtnkl

background servic

enabl window worker window blob window ms app
worker

game debug
consol background servic enabl

gener grid and solut size
date
grid grid size
grid gener fast
result
result size size
result full grid get valu
qualiti
qualiti threshold





attempt
qualiti control make sure grid proper

attempt
grid clear
grid state restor full

grid break down
qualiti grid qualiti

qualiti qualiti threshold size attempt

grid break down
valu grid get valu
result grid get valu
result qualiti grid qualiti
result date
post messag json stringifi result


creat worker
window ms app
worker worker webwork
game debug
consol worker creat static

otherwis gener worker base exist code

game debug
consol worker creat

util state grid tile gener grid and solut
nvar util util
nfunction hint activ
onmessag gener grid and solut size
join

blob blob text javascript
worker worker window creat object url blob

worker onmessag
puzzl json pars
on puzzl gener puzzl



on puzzl gener puzzl
game debug
consol gener puzzl puzzl
level add size puzzl size puzzl


gener puzzl size
enabl
worker
creat worker

worker post messag size size


kick
todo check level creat
level need
gener puzzl level need



gener puzzl gener puzzl
kick kick
defin getter enabl enabl


game
main game singleton scope
2014
http
written martin kool
martin mrtnkl

game

debug document locat hash debug
tweet window is web app
start tutori
grid
size
last size
current puzzl
check toh
ojoo wonder spectacular marvel outstand remark shazam impress great well done fabul clever dazzl fantast excel nice super awesom ojoo brilliant splendid except magnific
remain ojoo
end game toh1
end game toh2
end game toh3
end subtl hint toh
on home screen
undo stack
undon
game end

init
scorenr html get score
tweeturl facebook hide

window is web app
hide

util is touch
html add class touch

size

size attr size
label size size
html label
touchstart mousedown
util is doubl tap bug
size size target closest size attr size
load game size


resiz
window resiz resiz
window orientationchang resiz

show titl screen
resiz

color a7327c c24b31 c0cd31
util set color scheme color


start
kick bgservic fix work i os5
set timeout
background servic kick

debug
add event listen
show menu


set timeout hide0 remov class hide0
set timeout hide1 remov class hide1 1300
set timeout show01 remov class hideh 2300
set timeout show01 remov class show01 add class hideh add event listen 4200


resiz
desir
width
height

aspect ratio desir width desir height
viewport
width feelsiz width
height feelsiz height

size to width viewport width viewport height aspect ratio


width math floor size to width viewport width viewport height desir height desir width
height math floor size to width viewport width desir width desir height viewport height


contain width width height height

contain size width

font size math round contain size
font size math round contain size
font size math round contain size
font size math round contain size
menu font size math round contain size
menu font size math round contain size
menu pad math round contain size
menu line height math round contain size
score size math round contain size
score font size score size line height score size height score size

icon size math floor contain size
icon width icon size height icon size margin left icon size margin right icon size

board tabl

attr grid
width
size find first children length

tile size math floor size

tile size

find tile width tile size height tile size line height math round tile size font size math round tile size
radiu math round tile size
radiu css tile inner border radiu radiu
tile inner tile inner border radiu radiu

util creat css radiu css radiu
util creat css tile mark inner border width math floor tile size tile size

digit width titlegrid tabl width height titlegrid tabl height
digit line height math round titlegrid tabl height font size titlegrid tabl height

top v space math floor contain height board height
hint msg height top v space


show titl screen
on home screen
screen hide remov class show
titl show
set timeout titl add class show


show game
on home screen
screen hide remov class show
game show
set timeout game add class show
resiz


show menu
on home screen
clear timeout
screen hide remov class show
menu show
scorenr html get score
set timeout menu add class show
resiz


show about
on home screen
screen hide remov class show
show
set timeout add class show
resiz


show rule
on home screen
screen hide remov class show
rule show
set timeout rule add class show
resiz


show size
on home screen
show game
boardsiz html span select size span
menugrid remov class hidden
board add class hidden
action action back hide
board add class hidden
score show
set timeout
grid grid clear
score add class show



show load
on home screen
screen hide remov class show
load show
set timeout load add class show


load game size
on home screen
game remov class show
show load
resiz

show load screen puzzl readi
level ha puzzl avail size
set timeout
start game level get size size




set timeout
puzzl level get size size
start game puzzl



puzzl format size full qualiti
start game puzzl
on home screen
puzzl puzzl size puzzl full
proper puzzl receiv

consol puzzl
clear timeout
window stop
start tutori
undo closest iconcon display block
menugrid add class hidden
board remov class hidden
action show
tweeturl facebook hide
choos size remov class show
score remov class show hide
action help remov class hidden wiggl
action help remov class subtl hint
boardsiz html span puzzl size puzzl size span
grid grid puzzl size puzzl size
last size puzzl size

grid load puzzl puzzl full
system tile manual
grid
valu valu
valu
system

grid state save


current puzzl puzzl
grid hint activ
grid activ dom render
grid render
undo stack
undon
game end

set timeout show game


end game
first save score quit anim run score kept
old score get score
new score set score grid width grid height

grid unmark
grid hint hide
grid hint activ
ojoo get ojoo
boardsiz html span ojoo span
grid system
action hide

end game toh3 set timeout
grid tile add class complet
end game toh1 set timeout
board add class hidden
end game toh2 set timeout
game end
menugrid remov class hidden
choos size add class show
score show

anim score visual valu
start tutori
new score old score
anim score old score new score
tweet current puzzl is tutori
updat tweet url current puzzl size
tweeturl facebook show




action back show
set timeout score add class show


2000
1200

shift
current puzzl is tutori
level finish size grid width


quit current game
game end
grid
grid unmark
grid hint hide
grid hint activ
grid system

show size


add event listen
document add event listen backbutton back button press

window win js
win js applic onbackclick back button press

document keydown
key code escap back button press
key code space do action help
key code meta key ctrl key
do action undo



document touchend mouseup click
document touchstart mousedown grid tap tile
document contextmenu
prevent default
stop propag
stop immedi propag




tap tile
window util util is doubl tap bug
target closest
attr
attr
tile grid tile
right click

clear timeout check toh

tile system
tile find tile
tile add class error
set timeout
tile remov class error




tutori activ
tutori tap tile tile



grid grid hint
grid hint clear

creat undo
undo state tile tile valu date
undo stack length
check last state done consid chang
last state undo stack undo stack length
last tile last state
last chang last state
last tile tile date last chang
undo stack push undo state


undo stack push undo state

right click
tile is empti
tile valu
tile valu
tile valu

tile clear

tile is empti
tile valu
tile valu
tile valu

tile clear


tile valu
check toh set timeout check for level complet



click
window util util is doubl tap bug
target closest action
action target closest action attr action
valu attr valu
allow regular hyperlink work
is link length node name
action is link
do action action valu




do action action valu
action
close titl screen
tutori play
start tutori

show menu

show menu
clear timeout check toh
tutori
grid
grid hint clear
show menu

back
game end
do action show menu
clear timeout check toh
tutori
quit current game


clear timeout check toh
tutori
grid
grid hint clear
load game last size

undo
game end
undo


clear timeout check toh
game remov class show
tutori activ current puzzl is tutori
set timeout
tutori start



set timeout
start game current puzzl

grid hint clear
grid system

grid state restor

help
game end

clear timeout check toh
tutori activ tutori hint allow

grid hint visibl
grid hint clear

grid hint clear
grid hint


rule
show rule

show game
show game

play
show size

tutori
start tutori


show about




check for level complet
grid empti tile count
grid is valid
hint about error

action help remov class subtl hint




grid wrong tile length
grid hint



end game


subtl wiggl icon indic someth wrong
hint about error
action help remov class subtl hint
clear timeout end subtl hint toh
set timeout
grid is valid
invalid full row or column found
grid width
grid get col info
grid get row info
is full is invalid uniqu
is full is invalid uniqu
invalid full row or column found



invalid full row or column found
action help add class subtl hint
end subtl hint toh set timeout
action help remov class subtl hint
2000




tutori play
window local storag
window local storag get item tutori play


mark tutori as play
window local storag
window local storag set item tutori play


start tutori
on home screen
tutori start
flag point tutori
start tutori
first time
tutori play
start tutori

mark tutori as play
undo closest iconcon display none


back button press
on home screen
window win js
window close

navig exit app


do action back




get ojoo
remain ojoo length
remain ojoo util shuffl ojoo slice
util draw remain ojoo


get score
window local storag get item score


set score add point
clear timeout set score
cur score score get score
new score cur score add point add point
new score cur score
cur score

window local storag set item score new score
new score


anim score cur score new score
delay new score cur score



scorenr html cur score
cur score new score
cur score
set score set timeout delay



undo
undo stack length
grid hint visibl
grid unmark
grid hint hide


undon
grid hint show that undo button

grid hint show noth undo


undo state undo stack
tile undo state
valu undo state
grid unmark
valu
tile valu valu

tile clear

tile mark
thi tile revers
valu
valu blue
valu state
grid hint show
undon
clear timeout check toh
check toh set timeout check for level complet


clear timeout
clear timeout end game toh1
clear timeout end game toh2
clear timeout end game toh3
clear timeout end subtl hint toh


updat tweet url size
0hh1 complet size size puzzl score get score http 0hh1
http twitter share text encod uri compon
tweeturl attr href


set score set score

start start
init init
start game start game
show titl screen show titl screen
show game show game
show menu show menu
resiz resiz
show about show about
start tutori start tutori
check for level complet check for level complet
undo undo

window defin getter tile grid tile
defin getter grid grid
defin getter debug debug


hint
basic hint system provid game help player get stuck
2014
http
written martin kool
martin mrtnkl

hint type

row must be uniqu row
col must be uniqu column
row must be balanc row equal color
col must be balanc column equal color
max two red three tile allow
max two blue three blue tile allow
singl possibl row combo onli combin possibl
singl possibl col combo onli combin possibl
error thi seem right
error these seem right


hint grid

activ
visibl
info
hint type
tile
tile2
doubl row or col


doubl col found
doubl row found

clear
doubl col found
doubl row found
hide
grid
grid unmark
activ
info
hint type
tile
tile2
doubl row or col



mark tile hint type tile2 doubl row or col
activ
info tile tile
info tile2 tile2
info hint type
info doubl row or col doubl row or col






wrong tile grid wrong tile
wrong tile length
grid empti tile count
error full grid show better messag
handl get error hint for complet grid
handl




wrong tile length
wrong tile mark
show hint type error

wrong tile
mark

show hint type error



activ
grid solv
info tile
show info
info
hint type row must be balanc
grid mark row info tile

hint type col must be balanc
grid mark col info tile

hint type row must be uniqu
grid mark row info tile
grid mark row info doubl row or col info tile info doubl row or col info doubl row or col

hint type col must be uniqu
grid mark col info tile
grid mark col info doubl row or col info tile info doubl row or col info doubl row or col


info tile2
info tile2 mark
info tile mark





get error hint for complet grid
activ
invalid state
not uniqu state

grid is valid
grid width
grid get col info
grid get row info
is full is invalid invalid state push
is full is invalid invalid state push
is full uniqu not uniqu state push
is full uniqu not uniqu state push

item
invalid state length
item util pick invalid state
not uniqu state length
item util pick not uniqu state

item
index highlight
index2 highlight
is col item item
hint type
index is col item item
item ha tripl
hint type item ha tripl red hint type max two red hint type max two blue
item nr2 item nr1 item nr1 item nr2
hint type is col hint type col must be balanc hint type row must be balanc
item nr1 item nr2
hint type is col hint type col must be balanc hint type row must be balanc
item uniqu
hint type is col hint type col must be uniqu hint type row must be uniqu
item similar item similar
index2 item similar


index index

hint
is col
grid mark col index
index2 index2
grid mark col index2


grid mark row index
index2 index2
grid mark row index2

show hint type






show

hint msg html span span
html add class show hint
visibl


hide
html remov class show hint
visibl


clear clear
mark mark

show show
hide hide
get error hint for complet grid get error hint for complet grid

info info
defin getter activ activ
defin setter activ activ
defin getter visibl visibl


copyright 2013 small batch

licens apach licens version licens
file complianc licens obtain copi
licens

http apach licens licens

unless requir applic agre write softwar
distribut licens distribut basi without
warranti condit kind either express impli
licens specif languag govern permiss limit
licens

window document
split exec script exec script length shift length call appli bind
error length array prototyp slice call array prototyp slice call array prototyp unshift appli appli appli function prototyp bind function prototyp bind to string index of code appli date date document prototyp creat element creat element ha own properti style set attribut style style css text set attribut append child creat text node get element by tag name document document element last child insert befor last child
creat element link stylesheet href creat element script class name split length push class name join replac replac class name split length push class name join replac replac
class name split length creat element inner html style test get element by tag name get attribut style locat protocol locat protocol http http http webfont browser info prototyp prototyp ha web font support prototyp prototyp prototyp ha web kit fallback bug prototyp prototyp prototyp ha web kit metric bug prototyp prototyp to string join
exec pars int pars int pars int test pars int webfont user agent prototyp get name prototyp get name prototyp get name prototyp prototyp get version prototyp prototyp prototyp get engin prototyp prototyp prototyp get engin version prototyp prototyp prototyp get platform prototyp prototyp
prototyp get platform version prototyp prototyp prototyp get document mode prototyp prototyp prototyp get browser info prototyp unknown unknown unknown unknown unknown unknown
prototyp pars index of msie msie msie msie window window phone index of opera unknown presto presto index of gecko gecko index of opera mini
opera mini opera mini index of version version opera opera opera opera unknown appl web test
appl web unknown unknown index of chrome index of cr mo index of cri os chrome silk test silk black berri android builtin browser index of safari safari index of adob air adob air builtin browser unknown silk silk chrome chrome cr mo cri os
index of version version adob air adob air adob air black berri android appl web kit i phone i pad i pod macintosh index of gecko unknown unknown index of firefox
firefox firefox index of mozilla mozilla match match gecko
i pod i pad i phone android window phone black berri test black berri linux power pc macintosh window cr os power pc macintosh unknown
window android window phone i phone linux cr os split length test black berri version unknown match document mode document mode prototyp length push replac to lower case join match pars int prototyp get name match normal obliqu ital substr to lower case match normal bold bold test test pars int substr load load load activ inact inact get name creat element span aria hidden
split length replac index of push push join normal obliqu ital posit absolut 999px left 999px font size 300px width height line height normal margin pad font variant normal white space nowrap font famili font style font weight set attribut style style css text
bodi prototyp remov parent node parent node remov child be sbswi ha own properti offset width remov serif san serif monospac
prototyp start get name serif get name san serif ha own properti
offset width offset width serif san serif ha own properti get name set timeout remov remov length length length get name get name to string load fontload start
prototyp get name to string load get name to string inact get name to string activ fontact prototyp get name to string load get name to string activ get name to string inact fontinact
load inact activ activ prototyp load context document document element ha own properti push timeout length length
prototyp load set timeout window navig user agent document pars web font window load load prototyp load url famili length head length split split length push push prototyp custom regular bold ital boldital prototyp prototyp load head webfont fontsliv famili length push appli
split split length push length push ascend
prototyp project id version creat element script monotyp api script onload onreadystatechang readi state load readi state complet readi state fnt lst fnt lst length push fontfamili onload onreadystatechang head
prototyp fast font jsapi replac http prototyp load monotyp navig user agent document pars prototyp typekit
prototyp webfonttypekitmodul webfonttypekitmodul webfonttypekitmodul length length push push head prototyp load typekit font googleapi prototyp length error font load index of length push replac famili join length subset join length text encod uri compon
latin be sbswi cyril 1081 1103 1046 greek khmer x1780 x1781 x1782 hanuman x1780 x1781 x1782 thin extralight extra light ultralight ultra light light regular book medium semi bold semibold demi bold demibold bold extra bold extrabold ultra bold ultrabold black heavi ital normal reg exp thin extra ultra light regular book medium semi demi extra ultra bold black heavi normal ital
prototyp pars length split replac length split length match exec to lower case is na n substr join push length length
split length length push arimo cousin tino prototyp prototyp load msie get name block bodi set timeout
prototyp text famili length split length push length push join pars head googl navig user agent document pars prototyp fontdeck locat hostnam locat hostnam
prototyp webfontfontdeckmodul webfontfontdeckmodul webfontfontdeckmodul font length font push name font weight weight font style style head prototyp load fontdeck window web font config load window web font config
document

util
martin senil littl util belt librari omyac
pleas build life support system
2014
http
written martin kool
martin mrtnkl

util

is doubl tap bug
ontouchstart document document element
origin event touch
prevent default
stop propag




touch end
touch end sinc tap

is touch
ontouchstart document document element

pad left
array string length join

trim
replac

decim
decim
math random to fix decim
math floor math random

shuffl simpl sourc array
sourc array sort math random
sourc array

shuffl sourc array
sourc array length
math floor math random sourc array length

temp sourc array
sourc array sourc array
sourc array temp

sourc array

index

name

name



are array equal arr1 arr2
arr1 arr2
arr1 join arr2 join dirti enough

count
count
name
count
count


prevent default
stop propag


pick
draw from arr
object
draw from arr

draw from arr push

draw index util draw from arr length
draw from arr length

draw from arr draw index

draw option valu to match
draw from arr
object
draw from arr

draw from arr push

draw from arr length

draw index util draw from arr length
valu given find
option valu to match
found match
draw from arr length
draw from arr option valu to match
draw index
found match



found match


valu draw from arr draw index
draw from arr splice draw index
valu

remov given valu
remov from array
length

found match draw index
length

draw index
found match



found match

valu draw index
splice draw index
valu

to array


push


fill array repeat each valu
repeat each valu
repeat each valu
array
repeat each valu

push


contain item
length
item



set cooki name valu day
day
date date
date set time date get time day 1000
expir expir date to gmt string

expir
document cooki name valu expir path

get cooki name
name eq name
document cooki split
length

char at
substr length
index of name eq
substr name eq length length



clear cooki name
set cooki name

css vendor prop valu
prop
opac
browser
filter progid dx imag transform microsoft alpha opac math round valu


prop valu


prefix webkit
prefix length
prefix prop valu




creat css
tempcss
remov
style style style

window secur
window is web app window ms app window ms app exec unsaf local function
ms app exec unsaf local function
head first append style



head first append style

set color scheme
color get complementari

c1lum color lumin hex
c2lum color lumin hex

tile inner background color
even tile inner background color c1lum
tile inner background color
even tile inner background color c2lum
util creat css







util util

color
hex to rgb
result exec
result
pars int result
pars int result
pars int result



compon to hex
to string
length


rgb to hex





compon to hex compon to hex compon to hex


color to rgb color
is na n color
color palett color
hex to rgb color


color match






get complementari
as hex

as hex
as hex
hex to rgb
comp rgb to hsv
comp hue shift comp
result hsv to rgb comp
as hex
result rgb to hex result
result


rgb to hsv
object
max3
min3
satur
satur




valu math round
math round
satur math round satur



rgb to hsv hsv to rgb base color match remix http color twyst
base copi color match http colormatch
hsv to rgb
object
satur
math round valu


satur
valu
math floor

valu satur
valu satur
valu satur

valu
valu
valu
valu
valu
valu

math round
math round
math round




lumin hex
valid
string replac
length



convert chang luminos


pars int substr
math round math math to string
substr length




hue shift



min3


max3



hex to rgb hex to rgb
compon to hex compon to hex
rgb to hex rgb to hex
color to rgb color to rgb
color match color match
get complementari get complementari
rgb to hsv rgb to hsv
hsv to rgb hsv to rgb
lumin hex lumin hex


window window
browser
browser chrome chrome test navig user agent to lower case
browser android android test navig user agent to lower case
browser safari safari test navig user agent to lower case
browser ipad ipad test navig user agent to lower case
browser iphon iphon ipod test navig user agent to lower case
browser ipad iphon ipod test navig user agent to lower case
browser msie test navig user agent to lower case
play servic game center middlewar
note file referenc use sourc code
file refer
play center

platform

googl
appl
web consol



enabl
is sign in
platform platform
debug

window is web app
browser android
platform platform googl
enabl
html add class playcent

browser
platform platform appl
enabl
html add class playcent



enabl platform platform appl
html add class playcent
window is web app

defin use leaderboard achiev

leaderboard
score
game play
best time
play
play
play
play
best time
best time
best time
best time

achiev
apprentic
allfour
dot
dot
dot
1000 dot


quitter
social
happi toggler
question ask
question ask
question ask
question ask
forward
forward
forward
forward



send unlock achiev still outbox
send un sent unlock achiev
id to send storag get data valu achiev not sent
id to send
achiev obj achiev
unlock achiev achiev obj



automat sign user explicitli declin
auto sign in
auto sign in storag get data valu auto sign in
debug alert auto sign in auto sign in
auto sign in
play center sign in


sign platform game servic
sign in

gener sign success handler
success
is sign in
html remov class add class

platform platform appl
sign session remov button
menu html

reset achiev


sign in auto sign in user choos sign
storag set data valu auto sign in
send un sent unlock achiev
debug alert success json stringifi


gener sign fail handler
fail
autosignin fail user chose sign disabl auto sign in
storag set data valu auto sign in

sign session succeed offer signin button work
appl rememb user decis show popup
platform platform appl
menu html


error msg json stringifi
error test error msg to lower case
platform platform appl
game show messag sign game center work pleas check internet connect problem persist open set game center sign work give play

platform platform android
game show messag sign googl play game servic work pleas check internet connect problem persist later give play



debug alert sign fail json stringifi


enabl
platform platform

platform platform googl
googleplaygam auth success fail

platform platform appl
game center authent success fail

platform platform web consol
consol play center sign
success




sign platform game servic
sign out handler

success
is sign in
rememb user chose
storag set data valu auto sign in
html add class remov class
handler handler


enabl is sign in
platform platform

platform platform googl
googleplaygam sign out success

platform platform appl

platform platform web consol
consol play center sign
success




submit score defin
submit score leaderboard obj score
achiev obj contain system plu platform specif
leaderboard obj leaderboard obj
platform id leaderboard obj leaderboard obj platform
is time leaderboard obj leaderboard obj is time

time score receiv millisecond want second
is time
platform platform appl
score pars int score 1000



enabl is sign in
platform platform

platform platform googl platform id
debug alert submit score score
googleplaygam submit score
leaderboard id platform id
score score


platform platform appl
debug alert submit score score

game center report score platform id score
debug alert submit success json stringifi

debug alert submit fail json stringifi


platform platform web consol
consol play center submit score score




specif leaderboard none provid show
show leaderboard
enabl is sign in
platform platform

platform platform googl

googleplaygam show all leaderboard

googleplaygam show leaderboard

platform platform appl
game center show all leaderboard
debug alert show leaderboard success json stringifi

debug alert show leaderboard fail json stringifi


platform platform web consol
consol play center show leaderboard




unlock achiev given achiev defin
exampl

play center unlock achiev play center achiev apprentic

unlock achiev achiev obj
achiev obj contain system plu platform specif
achiev obj achiev obj
platform id achiev obj achiev obj platform

success
succes sent mark
storag achiev sent


first store achiev unlock
storag achiev unlock

enabl is sign in
platform platform

platform platform googl platform id
googleplaygam unlock achiev
achiev id platform id
success

platform platform appl platform id
game center report achiev platform id success
debug alert fail report achiev json stringifi


platform platform web consol
consol play center unlock achiev
success




show achiev
enabl is sign in
platform platform

platform platform googl
googleplaygam show achiev

platform platform appl
game center show achiev

platform platform web consol
consol play center show achiev




reset achiev
enabl is sign in
platform platform

platform platform googl

platform platform appl
game center reset achiev

platform platform web consol
consol play center show achiev




defin getter enabl enabl
defin getter is sign in is sign in


grid
contain grid tile ap is gener clear mark
2014
http
written martin kool
martin mrtnkl

grid size height

board
width size
height height size
tile
render toh
no render
empti tile tile
max per row math ceil width
max per col math ceil height

wreg reg exp width
hreg reg exp height
tripl reg reg exp
tripl red reg reg exp
tripl blue reg reg exp
count0reg reg exp
count1reg reg exp
count2reg reg exp
render
qualiti
tile to solv

state state state
hint hint hint

handler
tile length
width
math floor width
tile tile
result handler call tile tile
result





load valu full state valu
valu
width height math sqrt valu length
full state valu
state save full full state valu

tile
width height
valu valu valu
tile tile valu

render



get index
width height

width


render


dom render direct
no render
clear timeout render toh
direct
render toh set timeout dom render


game debug
consol render
render
html tabl grid grid cellpad cellspac
height
html
width
index get index
tile tile index
label tile tile valu tile valu

html even tile tile tile label inner

html

html tabl
html html
game resiz
render



get tile
specifi interg
is na n empti tile
is na n

width
math floor width

width height
empti tile
tile get index

tile get tile refer

clear
clear



get empti tile
empti tile

is empti
empti tile push

empti tile


gener
result solv
state save full
result


step is gener
solv is gener


eas percentag
empti tile get empti tile
eas count percentag math floor percentag empti tile length
empti tile length


util shuffl empti tile
eas count
tile empti tile
tile valu state get valu for tile full tile tile




solv is gener step by step
attempt
tile
empti tile
pool tile

state clear
no render

step by step solv random pool
is gener step by step
pool tile concat
util shuffl pool

tile to solv item first huge increas time solv tile to solv
tile to solv
same row
same col
pool2

tile to solv
same col push
tile to solv
same row push

pool2 push

item first tile to solv rest
pool same row concat same col tile to solv pool2


total att width height
attempt total att
empti tile
tile chang

phase easi fix build pool remain tile
pool length
tile pool
tile is empti

tile can be solv solv tile tile
tile can be solv
hint activ

tile chang tile



empti tile push tile



broken tile found quickli
tile to solv tile chang tile to solv tile chang tile to solv tile chang
consol quickwin attempt



phase tile chang one left pick random valu
tile chang empti tile length is gener
tile empti tile
valu
valu to tri util pick tile possibl valu
tile valu valu to tri
state push tile mark valu use
is valid
state tile
tile valu valu to tri
state push tile
is valid
state tile






phase push chang tile check valid
tile chang
state push tile chang
is valid
state


tile chang tile left



step by step
step step solv quit



consol attempt is gener

no render
render
get empti tile length


gener fast
combo
tripl reg reg exp

no render

gener combo
math width
util pad left to string width
match tripl reg
split length max per row
split length max per row

combo push



gener combo

util shuffl combo

clear row
width
tile get tile
tile clear

combo combo use
combo
combo push combo
combo use




combo use
attempt util fill array width

attempt
combo combo shift
width
tile get tile
tile valu combo char at

is valid
combo use combo



combo push combo
clear row
attempt combo length
attempt
clear from y
clear from y
clear row
attempt

clear from y



height
state save full
no render


solv tile tile
tile collect hint

current tile alreadi close path either valu consid singl option
state current state
state current state tile
tile possibl valu
state current state tile
tile possibl valu


tile possibl valu length

hint activ


tile solv
tile valu tile possibl valu


tile empti row pair with
find combo tile tile empti row pair with

look hint clear tile hint
hint activ
tile clear
h type hint type singl possibl row combo
doubl row or col
hint doubl col found length
h type hint type col must be uniqu
doubl row or col hint doubl col found

hint doubl row found length
h type hint type row must be uniqu
doubl row or col hint doubl row found

hint mark tile h type tile empti row pair with doubl row or col



tile solv



tile empti col pair with
find combo tile tile empti col pair with

look hint clear tile hint
hint activ
tile clear
h type hint type singl possibl col combo
doubl row or col
hint doubl col found length
h type hint type col must be uniqu
doubl row or col hint doubl col found

hint doubl row found length
h type hint type row must be uniqu
doubl row or col hint doubl row found

hint mark tile h type tile empti col pair with doubl row or col



tile solv






find valid combo tile1 tile2 base invert invalid attempt
find combo tile tile2
check column
valu for tile1 valu for tile1 valu for tile1
tile valu valu for tile1
tile2 valu valu for tile1
is valid
fill singl tile first make backtrack easier
tile valu valu for tile1
tile2 clear



tile clear
tile2 clear



grid info section speed is valid method
grid info
col
row
col info
row info

width
grid info col util fill array height
grid info row util fill array width


use keep info eras represent upon valu chang
set valu
grid info col
grid info row
grid info col info
grid info row info


get col info
info grid info col info
info
grid info col join
info grid info col info


nr0 replac count0reg length
nr1 replac count1reg length
nr2 replac count2reg length
ha tripl tripl reg test
is full test

info ha tripl
info ha tripl red tripl red reg test
info ha tripl blue tripl blue reg test

info is full info nr0
info nr2 height info nr0 info nr1
info is invalid info nr1 max per row info nr2 max per row info ha tripl

info


get row info
info grid info row info
info
grid info row join
info grid info row info


nr0 replac count0reg length
nr1 replac count1reg length
nr2 replac count2reg length
ha tripl tripl reg test
is full test

info ha tripl
info ha tripl red tripl red reg test
info ha tripl blue tripl blue reg test

info is full info nr0
info nr2 width info nr0 info nr1
info is invalid info nr1 max per row info nr2 max per row info ha tripl

info


full is valid check check balanc spread
is valid ignor invalid state
hint doubl col found
hint doubl row found

row
col
width
info get col info
mani found three leav
info is invalid ignor invalid state

tile found
info is full
col info

info uniqu
info similar col info store ident

hint activ
hint doubl col found push col info

ignor invalid state



info uniqu
col info



info get row info
mani found three leav
info is invalid ignor invalid state

tile found
info is full
row info

info uniqu
info similar row info store ident

hint activ
hint doubl row found push row info

ignor invalid state



info uniqu
row info







break down simpl
tile
pool tile concat


util shuffl pool
remain tile

pool length
tile pool
prev valu tile valu
tile clear
clear tile cannot solv
solv tile tile
restor valu
tile valu prev valu
remain tile push tile

tile clear


qualiti math round get empti tile length width height
remain tile


break down remain tile
attempt
tile
pool remain tile tile concat

tile to solv
state clear
state save full

consol item solv pool length

remain tile
util shuffl pool shuffl increas qualiti


pool length attempt
tile pool
tile to solv tile
clear tile tile
clear tile valu tile valu
tile clear
state save breakdown
consol save breakdown
solv
state restor breakdown
attempt

state restor breakdown
clear tile valu clear tile valu


tile to solv
state save
qualiti math round get empti tile length width height

mark remain tile system

is empti
system



mark row
width
tile mark



unmark row
width
tile unmark



mark col
height
tile mark



unmark col
height
tile unmark



unmark

tile unmark


height
width
tile unmark



mark
tile mark



get wrong tile
wrong tile
tile
current valu tile valu
ok valu state get valu for tile full
current valu current valu ok valu
wrong tile push tile

wrong tile


get valu
valu
valu push valu
valu




render render
get index get index
tile tile
gener gener
gener fast gener fast
break down break down
break down simpl break down simpl
clear clear
load load
solv solv
step step
is valid is valid
eas eas
size size
mark row mark row
unmark row unmark row
mark col mark col
unmark col unmark col
mark mark
unmark unmark
get valu get valu
set valu set valu
get col info get col info
get row info get row info

activ dom render
render render dom render
no render


defin getter tile tile
defin getter width width
defin getter height height
defin getter empti tile count get empti tile length
defin getter empti tile get empti tile
defin getter wrong tile get wrong tile
defin getter render render
defin getter
defin getter qualiti qualiti
defin getter info grid info
defin getter max per row max per row
defin getter max per col max per col
defin getter hint hint

load


creator
grid gener size
grid
attempt

grid grid size
grid gener

grid empti tile count attempt
grid


licens apach softwar foundat
contributor licens agreement notic file
distribut work addit inform
regard copyright ownership licens file
apach licens version
licens file complianc
licens obtain copi licens

http apach licens licens

unless requir applic agre write
softwar distribut licens distribut
basi without warranti condit
kind either express impli licens
specif languag govern permiss limit
licens


font load
devic readi
start

applic constructor
initi
bind event

bind event listen

bind event requir startup common event
load devicereadi offlin onlin
bind event
document add event listen devicereadi on devic readi

devicereadi event handler

scope order call receiv event
must explicitli call receiv event
on devic readi
set timeout navig splashscreen hide
devic readi
start the game if we can

updat receiv event
receiv event
consol receiv event

font load
font load
start the game if we can

start the game if we can
start
start
game init
game start



initi
j queri 2005 2014 j queri foundat jqueri licens
export export document document error j queri requir window document window window slice concat push index of to string ha own properti trim document init to upper case prototyp jqueri selector length to array call length call push stack merg prev object context context push stack call slice push stack appli first last length push stack prev object push sort sort splice splice extend extend length is function is plain object is array is array is plain object extend extend expando j queri math random replac is readi error error noop is function is array array is array is window window is numer pars float is plain object node type is window call prototyp is prototyp of is empti object call global eval trim index of strict creat element script text head append child parent node remov child camel case replac replac node name node name node name to lower case to lower case length appli appli call call trim call make array object merg call in array call merg length length length grep length push length push push appli guid proxi is function call appli concat call guid guid guid guid date support boolean number string function array date reg exp object error split to lower case length is window node type sizzl date document ha own properti push push slice index of length select async autofocu autoplay control defer disabl hidden ismap multipl open requir scope replac replac reg exp reg exp reg exp reg exp reg exp reg exp reg exp class reg exp reg exp replac attr reg exp pseudo reg exp child reg exp first last last child even reg exp need context reg exp even first last input select textarea button reg exp 65536 string from char code 65536 string from char code 55296 1023 56320 appli call child node child node child node length node type appli length appli call length length owner document node type exec get element by id parent node push owner document owner document get element by id push appli get element by tag name get element by class name get element by class name appli get element by class name test node name to lower case get attribut replac set attribut length test parent node join appli queri selector all remov attribut replac push cach length shift creat element parent node parent node remov child split length attr handl node type node type sourc index sourc index next sibl node name to lower case input node name to lower case input button length length get element by tag name support is xml owner document document element html node name set document owner document default view node type document element document element add event listen add event listen unload attach event attach event onunload attribut class name get attribut class name get element by tag name append child creat comment get element by tag name length get element by class name test get element by class name inner html first child class name get element by class name length get by id append child get element by name get element by name length get by id find get element by id get element by id parent node filter replac get attribut find filter replac get attribut node get attribut node valu find get element by tag name get element by tag name get element by tag name get element by tag name node type push find class get element by class name get element by class name get element by class name test queri selector all inner html select option select option select queri selector all length push queri selector all select length push valu queri selector all length push creat element input set attribut hidden append child set attribut name queri selector all name length push name queri selector all enabl length push enabl disabl queri selector all push match selector test webkit match selector moz match selector o match selector ms match selector disconnect match call call push length reg exp join length reg exp join test compar document posit test contain node type document element parent node node type contain contain compar document posit compar document posit parent node compar document posit compar document posit owner document owner document compar document posit sort detach compar document posit owner document owner document call call parent node parent node call call parent node unshift parent node unshift match match selector owner document replac match selector test test call disconnect match document document node type length contain owner document attr owner document attr handl to lower case call attr handl to lower case attribut get attribut get attribut node specifi valu error error syntax error unrecogn express uniqu sort detect duplic sort stabl slice sort push splice get text node type text content text content first child next sibl node valu selector cach length creat pseudo match attr handl find rel parent node first parent node previou sibl first previou sibl pre filter attr replac replac slice child to lower case slice error even error pseudo child test test index of length length slice slice slice filter replac to lower case node name node name to lower case class reg exp test class name class name get attribut get attribut attr attr index of index of slice length index of slice length child slice last slice parent node next sibl previou sibl parent node node name to lower case node name to lower case node type next sibl first child last child child node node type node name to lower case node type pseudo pseudo set filter to lower case error unsupport pseudo length set filter ha own properti to lower case length call pseudo replac length length contain text content inner text index of lang test error unsupport lang replac to lower case lang get attribut lang get attribut lang to lower case index of parent node node type target locat locat hash slice root focu activ element ha focu ha focu href tab index enabl disabl disabl disabl node name to lower case input option select select parent node parent node select index select first child next sibl node type parent pseudo header test node name input test node name button node name to lower case input button button text input node name to lower case text get attribut text to lower case first last even push push push push pseudo pseudo radio checkbox file password imag pseudo submit reset pseudo prototyp filter pseudo set filter slice pre filter exec slice length push exec shift push valu replac slice length filter exec shift push valu match slice length length error slice length valu parent node first node type node type node type length length length push push length node type length length push length call splice length appli length rel rel call node type rel filter appli match rel slice concat valu replac slice slice push length length find math random length push push call appli length length uniqu sort compil length push push length length slice length get by id node type rel find match replac slice shift valu length need context test length rel find match replac test parent node splice length appli test parent node sort stabl split sort join detect duplic sort detach compar document posit creat element inner html href first child get attribut href href height width get attribut to lower case attribut inner html input first child set attribut valu first child get attribut valu valu input node name to lower case default valu get attribut disabl to lower case get attribut node specifi valu find expr selector expr expr pseudo uniqu uniqu sort text get text is xml doc is xml contain contain expr match need context is function grep call node type grep test filter filter grep call filter length node type find match selector find match grep node type extend find length push stack filter contain find push stack uniqu selector selector selector filter push stack push stack test length init length length exec jqueri find find merg pars html node type owner document test is plain object is function attr get element by id parent node length context selector node type context length is function readi readi selector selector selector context context make array prototyp parent prev until children content prev extend node type node type push sibl next sibl node type push extend length filter contain closest length test context parent node node type index node type find match selector push push stack length uniqu index call call jqueri parent node first prev all length push stack uniqu merg add back prev object prev object filter node type parent parent node node type parent parent node parent until parent node next sibl prev previou sibl next all next sibl prev all previou sibl next until next sibl prev until previou sibl sibl sibl parent node first child children sibl first child content content document merg child node until slice filter length uniqu test revers push stack match callback extend memori length appli stop on fals length shift disabl length uniqu push length length remov in array splice in array length disabl disabl disabl lock fire with slice slice push fire fire with fire extend defer resolv done callback memori resolv reject fail callback memori reject notifi progress callback memori pend state alway done fail defer is function appli is function promis promis done resolv fail reject progress notifi with promis promis promis extend pipe disabl with with fire with promis call call length is function promis defer length call notifi with resolv with array array array is function promis promis done fail reject progress resolv with promis readi readi promis done extend is readi readi wait hold readi readi wait readi readi readi wait is readi is readi readi wait resolv with trigger trigger readi readi remov event listen dom content load remov event listen load readi readi promis defer complet readi state set timeout readi add event listen dom content load add event listen load promis readi promis access length access is function call call call call accept data node type node type node type object defin properti cach expando expando math random accept accept data prototyp accept expando expando valu object defin properti expando extend cach cach cach is empti object extend cach cach access camel case remov cach cach is array concat camel case camel case match length ha data is empti object cach expando discard expando cach expando node type replac to lower case get attribut test pars json extend ha data ha data ha data access remov data remov access remov data remov extend attribut length node type ha data attr length
name index of camel case slice ha data attr camel case index of length remov data remov extend queue queue is array access make array push dequeu queue length shift queue hook dequeu inprogress shift unshift inprogress stop call fire queue hook queue hook access callback memori remov queue extend queue length queue queue queue hook inprogress dequeu dequeu dequeu clear queue queue promis defer length resolv with queue hook promis sourc right bottom left none display contain owner document checkbox radio creat document fragment append child creat element inner html input radio name check clone clone node clone node last child inner html textarea textarea no clone check clone node last child default valu focusin bubbl onfocusin mous contextmenu click focusinfocu focusoutblur activ element handler handler selector guid guid guid event event handl handl trigger dispatch appli match length exec split sort special deleg type bind type special extend orig type handler guid guid selector need context expr match need context test join deleg count setup setup call add event listen add event listen call handler guid handler guid guid splice deleg count push remov ha data event match length exec split sort special deleg type bind type reg exp join length orig type guid guid test selector selector splice selector deleg count remov remov call length teardown teardown call handl remov event handl remov is empti object handl remov event trigger call call split node type node type test trigger index of split shift sort index of expando event is trigger join reg exp join result target target make array special trigger trigger appli no bubbl is window deleg type test parent node parent node push owner document push default view parent window is propag stop bind type event handl appli appli accept data result appli result prevent default is default prevent appli accept data is function is window trigger trigger result dispatch call event special deleg target pre dispatch pre dispatch call handler call is propag stop current target elem handler is immedi propag stop test handl obj special orig type handl handler appli elem result prevent default stop propag post dispatch post dispatch call result handler deleg count target node type button click parent node disabl click selector need context index find length push length push elem handler length push elem handler slice prop alt key bubbl cancel ctrl key current target event phase meta key relat target shift key target time stamp view split fix hook key hook prop char code key code split filter char code char code key code mous hook prop button button client x client y offset x offset y page x page y screen x screen y to element split filter button page x client x target owner document document element bodi page x client x scroll left scroll left client left client left page y client y scroll top scroll top client top client top expando fix hook fix hook test mous hook test key hook prop prop concat prop prop event length target target target node type target target parent node filter filter special load no bubbl focu trigger focu focu deleg type focusin blur trigger blur blur deleg type focusout click trigger checkbox click node name input click node name target beforeunload post dispatch result origin event return valu result simul extend event is simul origin event trigger dispatch call is default prevent prevent default remov event remov event listen remov event listen event event origin event is default prevent default prevent default prevent get prevent default get prevent default extend time stamp time stamp expando event event prototyp is default prevent is propag stop is immedi propag stop prevent default origin event is default prevent prevent default prevent default stop propag origin event is propag stop stop propag stop propag stop immedi propag is immedi propag stop stop propag mouseent mouseov mouseleav mouseout special deleg type bind type handl relat target handl obj contain orig type handler appli focusin bubbl focu focusin blur focusout simul target special setup owner document access add event listen access teardown owner document access access remov event listen remov extend appli guid guid guid guid prevent default handl obj handl obj deleg target orig type orig type selector handler remov trigger trigger trigger handler trigger area emb input link meta param script style link java ecma script cdata option select multipl multipl select thead tabl tabl tabl colgroup colgroup tabl tabl tbodi tbodi tabl tabl tbodi tbodi tabl optgroup option tbodi tfoot colgroup caption thead node name tabl node name node type first child get element by tag name tbodi append child owner document creat element tbodi get attribut exec remov attribut length global eval global eval node type ha data access event handl event length ha data access extend get element by tag name get element by tag name queri selector all queri selector all node name merg node name to lower case input test input textarea default valu default valu extend clone node contain owner document no clone check node type node type is xml doc length length script length script build fragment creat document fragment length merg node type test append child creat element exec to lower case inner html replac last child merg child node first child text content push creat text node text content in array contain owner document append child script test push clean data special accept data expando cach object key event length remov remov event handl cach cach cach expando extend text text node type node type node type text content length append dom manip node type node type node type append child prepend dom manip node type node type node type insert befor first child dom manip parent node parent node insert befor dom manip parent node parent node insert befor next sibl remov filter node type clean data parent node contain owner document script parent node remov child node type clean data text content html length node type inner html test exec to lower case replac node type clean data inner html append length replac with dom manip parent node clean data replac child length node type remov detach remov dom manip appli length is function check clone test call html dom manip build fragment owner document first child child node length script length merg script call length owner document test access global eval contain eval url eval url global eval text content replac append to append prepend to prepend insert befor insert after replac all replac with length appli push stack creat element append to bodi get default comput style get default comput style display display detach none ifram framebord width height append to document element content document write close detach margin reg exp owner document default view get comput style style get properti valu contain owner document style test test width min width max width min width max width width width width min width max width appli pad margin border display block webkit size content size content size content document element creat element creat element style background clip content clone node style background clip clear clone style content style background clip style css text border width height posit absolut left 9999px margin append child style css text webkit size border size border size border pad border display block width margin posit absolut append child get comput style width remov child get comput style extend pixel posit box size reliabl reliabl margin right append child creat element style css text style css text style margin right style width style width append child pars float get comput style margin right remov child inner html swap style style appli style none tabl reg exp reg exp posit absolut visibl hidden display block letter space font weight webkit to upper case slice length exec math border content width margin content pad margin border width pad pad border width width offset width offset height border box size style test box size reliabl style pars float border content length style olddisplay style display none style display style display access olddisplay node name none olddisplay display style none style display style display style display none extend css hook opac opac css number column count fill opac font weight line height opac order orphan widow z index zoom css prop css float style node type node type style camel case style css prop css prop css hook css hook exec pars float css number clear clone style index of background inherit camel case css prop css prop style css hook css hook normal pars float is numer height width css hook offset width test display swap border box size css hook margin right reliabl margin right swap display block margin right margin pad border width css hook expand split test css hook extend is array length style length show hide toggl show hide show hide prototyp init tween prototyp init elem prop eas swing option start unit css number prop hook prop prop hook prop hook prop option durat eas eas option durat option durat start start option step option step call elem prop hook prototyp init prototyp prototyp prop hook elem prop elem style elem style prop elem prop elem prop step prop step prop elem style elem style css prop prop css hook prop style elem prop unit elem prop prop hook scroll top prop hook scroll left elem node type elem parent node elem prop eas linear swing math math prototyp init step toggl show hide reg exp queue hook creat tween exec css number css number exec elem style elem start unit set timeout height margin pad opac width concat length call style node type fxshow queue queue hook unqueu unqueu fire fire unqueu unqueu alway alway unqueu queue length fire node type height width overflow overflow overflow x overflow y display none node name none display block overflow overflow hidden alway overflow overflow overflow x overflow overflow y overflow exec toggl hide show show style is empti object hidden hidden access fxshow hidden show done hide done remov fxshow style start start start width height camel case is array css hook expand expand length defer alway elem math start time durat durat tween length tween notifi with resolv with promis elem prop extend opt extend special eas origin properti origin option start time durat durat tween creat tween tween opt opt special eas opt eas tween push stop tween length tween resolv with reject with prop opt special eas call opt is function opt start opt start call timer extend elem anim queue opt queue progress opt progress done opt done opt complet fail opt fail alway opt alway anim extend tweener is function split length unshift prefilt unshift push speed extend complet is function durat eas is function durat durat durat durat speed speed durat speed queue queue queue complet complet is function call queue dequeu queue extend fade to filter opac show anim opac anim is empti object speed extend finish stop finish queue queue queue stop stop stop queue queue hook timer stop stop test length elem queue anim stop splice dequeu finish queue queue hook timer length finish queue stop stop call length elem queue anim stop splice finish finish call finish toggl show hide appli anim slide down show slide up hide slide toggl toggl fade in opac show fade out opac hide fade toggl opac toggl anim timer tick timer length splice length stop timer timer push start timer interv start set interv tick interv stop clear interv speed slow fast delay speed queue set timeout stop clear timeout creat element input creat element select append child creat element option checkbox check on valu opt select select disabl opt disabl disabl creat element input valu radio radio valu valu expr attr handl extend attr attr length remov attr remov attr extend attr node type get attribut prop is xml doc to lower case attr hook expr match test find attr set attribut remov attr remov attr match node type prop fix expr match test remov attribut attr hook radio valu radio node name input valu set attribut valu remov attr set attribut expr match sourc match find attr
to lower case input select textarea button extend prop prop length remov prop prop fix extend prop fix html for class name prop node type is xml doc prop fix prop hook prop hook tab index ha attribut tabindex test node name href tab index opt select prop hook select parent node parent node parent node select index tab index read onli max length cell space cell pad row span col span use map frame border content edit prop fix to lower case extend add class length is function add class call class name match node type class name class name replac index of trim class name class name remov class length length is function remov class call class name match node type class name class name replac index of replac trim class name class name toggl class add class remov class is function toggl class call class name match ha class remov class add class class name class name class name class name class name class name ha class length node type class name replac index of extend length is function node type call is array val hook val hook node name to lower case valu valu val hook val hook node name to lower case valu valu replac extend val hook select option select index select length select opt disabl disabl get attribut disabl parent node disabl node name parent node optgroup push option make array length select in array select index radio checkbox val hook is array in array check on val hook get attribut valu valu blur focu focusin focusout load resiz scroll unload click dblclick mousedown mouseup mousemov mouseov mouseout mouseent mouseleav chang select submit keydown keypress keyup error contextmenu split length trigger extend hover mouseent mouseleav bind unbind undeleg length pars json json pars pars xml dom parser pars from string text get element by tag name parsererror length error invalid storag extens file widget head concat locat href creat element href href exec to lower case to lower case match is function slice unshift push data type unshift data type ajax set flat option extend content data type shift mime type get respons header content type test unshift convert unshift data type slice convert to lower case convert shift respons field respons field data filter data filter data type shift split unshift state parsererror error convers state success extend activ last modifi etag ajax set is local test process data async content type applic form urlencod charset accept text text plain html text html applic text json applic json text javascript content html html json json respons field respons xml text respons text json respons json convert text string text html text json pars json text pars xml flat option context ajax setup ajax set ajax set ajax prefilt ajax transport ajax ajax setup context context node type jqueri defer callback memori statu code cancel readi state get respons header exec to lower case to lower case get all respons header set request header to lower case overrid mime type mime type statu code alway statu abort abort promis complet success done error fail replac replac method method data type trim data type to lower case match cross domain exec to lower case cross domain http http process data param tradit activ trigger ajax start to upper case ha content test ha content test cach test replac test if modifi last modifi set request header modifi sinc last modifi etag set request header match etag ha content content type content type set request header content type content type set request header accept data type accept data type accept data type data type accept header set request header header befor send befor send call abort abort success error complet readi state trigger ajax send async timeout set timeout abort timeout timeout send transport clear timeout readi state if modifi get respons header last modifi last modifi get respons header etag etag head nocont notmodifi state error error statu statu text resolv with reject with statu code trigger ajax success ajax error fire with trigger ajax complet activ trigger ajax stop get json json get script script post is function ajax data type success ajax start ajax stop ajax complet ajax error ajax success ajax send eval url ajax data type script async extend wrap all is function wrap all call owner document parent node insert befor first element child first element child append wrap inner is function wrap inner call content length wrap all append wrap is function wrap all call unwrap parent node name bodi replac with child node expr filter hidden offset width offset height expr filter visibl expr filter hidden submit button imag reset file input select textarea keygen is array test param is function length encod uri compon encod uri compon ajax set ajax set tradit is array jqueri is plain object name valu join replac extend serial param serial array serial array prop element make array filter name disabl test node name test test is array name name valu replac name name valu replac ajax set xml http request 1223 ajax set activ x object unload cor with credenti ajax ajax transport cor cross domain send open async usernam password xhr field xhr field xhr field mime type overrid mime type overrid mime type mime type cross domain request with request with xml http request set request header onload onerror abort abort error statu statu text statu statu statu text respons text text respons text get all respons header onload onerror error abort send ha content abort ajax setup accept script text javascript applic javascript applic ecmascript applic ecmascript content script java ecma script convert text script global eval ajax prefilt script cach cach cross domain ajax transport script cross domain send script prop async charset script charset load error remov error head append child abort ajax setup jsonp callback jsonp callback expando ajax prefilt json jsonp jsonp test content type index of applic form urlencod test jsonp data type jsonp callback is function jsonp callback jsonp callback jsonp callback replac jsonp test jsonp convert script json error call data type json alway jsonp callback jsonp callback push is function script pars html exec creat element build fragment length remov merg child node load load appli index of slice slice is function post length ajax data type html done html append pars html find complet respons text expr filter anim grep timer elem length document document element is window node type default view offset set offset posit style posit rel offset left absolut index of posit left pars float pars float is function call left left left left call extend offset length offset set offset left owner document document element contain get bound client rect get bound client rect page y offset client top left left page x offset client left posit left posit get bound client rect offset parent offset node name html offset border top width left border left width margin top left left left margin left offset parent offset parent node name html posit offset parent scroll left page x offset scroll top page y offset page y offset scroll to page x offset page y offset length left css hook pixel posit test posit height height width width pad inner content outer length margin border is window document document element client node type document element math bodi scroll scroll bodi offset offset client style size length and self add back defin defin defin jqueri j queri no conflict j queri j queri j queri

state
push pop game state close unavail path gener
2014
http
written martin kool
martin mrtnkl

state grid

save slot

state stack
current state

grid grid

clear
state stack
current state state stack


add chang tile stack
push tile
tile valu tile tile
new state parent current state tile tile
state current
current state new state
specif tile count mani valu tri
current state tile
current state tile

current state tile
current state new state




clear work tile
tile current state tile
tile clear
current state current state parent

current state current state tile


save save id valu
save id save id
slot save id valu restor count
valu
valu length
slot valu push valu


grid tile length
slot valu push grid tile valu

save slot save id slot



restor save id
save id save id
slot save slot save id
slot restor count
slot valu length
grid tile valu slot valu



get valu for tile save id
slot save slot save id
slot

is na n

grid width
math floor grid width

slot valu grid width


clear clear
save save
restor restor
push push

get valu for tile get valu for tile
defin getter current state current state


tile
object store singl tile allow collec state inform mark clear
2014
http
written martin kool
martin mrtnkl

tile valu grid index

index grid width
math floor index grid width

reg0 reg exp
possibl valu
empti col pair with pair tile pair
empti row pair with pair tile pair

direct
left left
right right

down down


prepar simpl backtrack



clear
set valu


travers
new x
new y
grid tile new x new y


right move direct right
left move direct left
move direct
move direct down

move

direct right
travers
direct left
travers
direct
travers
direct down
travers



set valu
valu
grid set valu index
grid render
grid render

tile tile
tile remov class add class tile tile valu




is part of tripl x
part of tripl x
valu

direct left direct right
part of tripl x
move valu move move valu
move valu move move valu
move valu move valu
part of tripl x


is part of tripl y
part of tripl y
valu

direct direct down
part of tripl y
move valu move move valu
move valu move move valu
move valu move valu
part of tripl y


is part of tripl
part of tripl x part of tripl y


collect hint
valu


possibl valu
empti row pair with
empti col pair with

first check four doubl between spread



check doubl between
direct
move valu move move valu
possibl valu

hint
hint hint activ
hint mark hint type max two blue hint type max two red





move direct left valu move direct right valu
move direct valu move direct down valu
possibl valu

hint
hint hint activ
hint mark hint type max two blue hint type max two red





quick check mani
row info grid get row info
row info nr1 grid max per row
possibl valu
hint hint activ
hint mark hint type row must be balanc


row info nr2 grid max per row
possibl valu
hint hint activ
hint mark hint type row must be balanc


row info nr0
row info replac reg0

empti row pair with grid tile


col info grid get col info
col info nr1 grid max per col
possibl valu
hint hint activ
hint mark hint type col must be balanc


col info nr2 grid max per col
possibl valu
hint hint activ
hint mark hint type col must be balanc


col info nr0
col info replac reg0

empti col pair with grid tile






mark
tile tile
tile add class mark



unmark
tile tile
tile remov class mark



right right
left left


move move
clear clear
collect collect
mark mark
unmark unmark
is part of tripl x is part of tripl x
is part of tripl y is part of tripl y
is part of tripl is part of tripl

defin getter valu valu
defin setter valu set valu
defin getter is empti valu
defin getter possibl valu possibl valu
defin setter possibl valu possibl valu
defin getter empti row pair with empti row pair with
defin getter empti col pair with empti col pair with


opposit valu
valu
direct right direct left
direct left direct right
direct direct down
direct down direct



util

is doubl tap bug
ontouchstart document document element
origin event touch
prevent default
stop propag




touch end
touch end sinc tap

is touch
ontouchstart document document element

pad left
array string length join

trim
replac

decim
decim
math random to fix decim
math floor math random

shuffl simpl sourc array
sourc array sort math random
sourc array

shuffl sourc array
sourc array length
math floor math random sourc array length

temp sourc array
sourc array sourc array
sourc array temp

sourc array

index

name

name



are array equal arr1 arr2
arr1 arr2
arr1 join arr2 join dirti enough

count
count
name
count
count


prevent default
stop propag


pick
draw from arr
object
draw from arr

draw from arr push

draw index util draw from arr length
draw from arr length

draw from arr draw index

draw option valu to match
draw from arr
object
draw from arr

draw from arr push

draw from arr length

draw index util draw from arr length
valu given find
option valu to match
found match
draw from arr length
draw from arr option valu to match
draw index
found match



found match


valu draw from arr draw index
draw from arr splice draw index
valu

remov given valu
remov from array
length

found match draw index
length

draw index
found match



found match

valu draw index
splice draw index
valu

to array


push


fill array repeat each valu
repeat each valu
repeat each valu
array
repeat each valu

push


contain item
length
item



set cooki name valu day
day
date date
date set time date get time day 1000
expir expir date to gmt string

expir
document cooki name valu expir path

get cooki name
name eq name
document cooki split
length

char at
substr length
index of name eq
substr name eq length length



clear cooki name
set cooki name

css vendor prop valu
prop
opac
browser
filter progid dx imag transform microsoft alpha opac math round valu


prop valu


prefix webkit
prefix length
prefix prop valu




creat css
tempcss
remov
style style style

window secur
window is web app window ms app window ms app exec unsaf local function
ms app exec unsaf local function
head first append style



head first append style

set color scheme
color get complementari

c1lum color lumin hex
c2lum color lumin hex

tile inner background color
even tile inner background color c1lum
tile inner background color
even tile inner background color c2lum
util creat css





state grid

save slot

state stack
current state

grid grid

clear
state stack
current state state stack


add chang tile stack
push tile
tile valu tile tile
new state parent current state tile tile
state current
current state new state
specif tile count mani valu tri
current state tile
current state tile

current state tile
current state new state




clear work tile
tile current state tile
tile clear
current state current state parent

current state current state tile


save save id valu
save id save id
slot save id valu restor count
valu
valu length
slot valu push valu


grid tile length
slot valu push grid tile valu

save slot save id slot



restor save id
save id save id
slot save slot save id
slot restor count
slot valu length
grid tile valu slot valu



get valu for tile save id
slot save slot save id
slot

is na n

grid width
math floor grid width

slot valu grid width


clear clear
save save
restor restor
push push

get valu for tile get valu for tile
defin getter current state current state
grid size height

board
width size
height height size
tile
render toh
no render
empti tile tile
max per row math ceil width
max per col math ceil height

wreg reg exp width
hreg reg exp height
tripl reg reg exp
tripl red reg reg exp
tripl blue reg reg exp
count0reg reg exp
count1reg reg exp
count2reg reg exp
render
qualiti
tile to solv

state state state
hint hint hint

handler
tile length
width
math floor width
tile tile
result handler call tile tile
result





load valu full state valu
valu
width height math sqrt valu length
full state valu
state save full full state valu

tile
width height
valu valu valu
tile tile valu

render



get index
width height

width


render


dom render direct
no render
clear timeout render toh
direct
render toh set timeout dom render


game debug
consol render
render
html tabl grid grid cellpad cellspac
height
html
width
index get index
tile tile index
label tile tile valu tile valu

html even tile tile tile label inner

html

html tabl
html html
game resiz
render



get tile
specifi interg
is na n empti tile
is na n

width
math floor width

width height
empti tile
tile get index

tile get tile refer

clear
clear



get empti tile
empti tile

is empti
empti tile push

empti tile


gener
result solv
state save full
result


step is gener
solv is gener


eas percentag
empti tile get empti tile
eas count percentag math floor percentag empti tile length
empti tile length


util shuffl empti tile
eas count
tile empti tile
tile valu state get valu for tile full tile tile




solv is gener step by step
attempt
tile
empti tile
pool tile

state clear
no render

step by step solv random pool
is gener step by step
pool tile concat
util shuffl pool

tile to solv item first huge increas time solv tile to solv
tile to solv
same row
same col
pool2

tile to solv
same col push
tile to solv
same row push

pool2 push

item first tile to solv rest
pool same row concat same col tile to solv pool2


total att width height
attempt total att
empti tile
tile chang

phase easi fix build pool remain tile
pool length
tile pool
tile is empti

tile can be solv solv tile tile
tile can be solv
hint activ

tile chang tile



empti tile push tile



broken tile found quickli
tile to solv tile chang tile to solv tile chang tile to solv tile chang
consol quickwin attempt



phase tile chang one left pick random valu
tile chang empti tile length is gener
tile empti tile
valu
valu to tri util pick tile possibl valu
tile valu valu to tri
state push tile mark valu use
is valid
state tile
tile valu valu to tri
state push tile
is valid
state tile






phase push chang tile check valid
tile chang
state push tile chang
is valid
state


tile chang tile left



step by step
step step solv quit



consol attempt is gener

no render
render
get empti tile length


gener fast
combo
tripl reg reg exp

no render

gener combo
math width
util pad left to string width
match tripl reg
split length max per row
split length max per row

combo push



gener combo

util shuffl combo

clear row
width
tile get tile
tile clear

combo combo use
combo
combo push combo
combo use




combo use
attempt util fill array width

attempt
combo combo shift
width
tile get tile
tile valu combo char at

is valid
combo use combo



combo push combo
clear row
attempt combo length
attempt
clear from y
clear from y
clear row
attempt

clear from y



height
state save full
no render


solv tile tile
tile collect hint

current tile alreadi close path either valu consid singl option
state current state
state current state tile
tile possibl valu
state current state tile
tile possibl valu


tile possibl valu length

hint activ


tile solv
tile valu tile possibl valu


tile empti row pair with
find combo tile tile empti row pair with

look hint clear tile hint
hint activ
tile clear
h type hint type singl possibl row combo
doubl row or col
hint doubl col found length
h type hint type col must be uniqu
doubl row or col hint doubl col found

hint doubl row found length
h type hint type row must be uniqu
doubl row or col hint doubl row found

hint mark tile h type tile empti row pair with doubl row or col



tile solv



tile empti col pair with
find combo tile tile empti col pair with

look hint clear tile hint
hint activ
tile clear
h type hint type singl possibl col combo
doubl row or col
hint doubl col found length
h type hint type col must be uniqu
doubl row or col hint doubl col found

hint doubl row found length
h type hint type row must be uniqu
doubl row or col hint doubl row found

hint mark tile h type tile empti col pair with doubl row or col



tile solv






find valid combo tile1 tile2 base invert invalid attempt
find combo tile tile2
check column
valu for tile1 valu for tile1 valu for tile1
tile valu valu for tile1
tile2 valu valu for tile1
is valid
fill singl tile first make backtrack easier
tile valu valu for tile1
tile2 clear



tile clear
tile2 clear



grid info section speed is valid method
grid info
col
row
col info
row info

width
grid info col util fill array height
grid info row util fill array width


use keep info eras represent upon valu chang
set valu
grid info col
grid info row
grid info col info
grid info row info


get col info
info grid info col info
info
grid info col join
info grid info col info


nr0 replac count0reg length
nr1 replac count1reg length
nr2 replac count2reg length
ha tripl tripl reg test
is full test

info ha tripl
info ha tripl red tripl red reg test
info ha tripl blue tripl blue reg test

info is full info nr0
info nr2 height info nr0 info nr1
info is invalid info nr1 max per row info nr2 max per row info ha tripl

info


get row info
info grid info row info
info
grid info row join
info grid info row info


nr0 replac count0reg length
nr1 replac count1reg length
nr2 replac count2reg length
ha tripl tripl reg test
is full test

info ha tripl
info ha tripl red tripl red reg test
info ha tripl blue tripl blue reg test

info is full info nr0
info nr2 width info nr0 info nr1
info is invalid info nr1 max per row info nr2 max per row info ha tripl

info


full is valid check check balanc spread
is valid ignor invalid state
hint doubl col found
hint doubl row found

row
col
width
info get col info
mani found three leav
info is invalid ignor invalid state

tile found
info is full
col info

info uniqu
info similar col info store ident

hint activ
hint doubl col found push col info

ignor invalid state



info uniqu
col info



info get row info
mani found three leav
info is invalid ignor invalid state

tile found
info is full
row info

info uniqu
info similar row info store ident

hint activ
hint doubl row found push row info

ignor invalid state



info uniqu
row info







break down simpl
tile
pool tile concat


util shuffl pool
remain tile

pool length
tile pool
prev valu tile valu
tile clear
clear tile cannot solv
solv tile tile
restor valu
tile valu prev valu
remain tile push tile

tile clear


qualiti math round get empti tile length width height
remain tile


break down remain tile
attempt
tile
pool remain tile tile concat

tile to solv
state clear
state save full

consol item solv pool length

remain tile
util shuffl pool shuffl increas qualiti


pool length attempt
tile pool
tile to solv tile
clear tile tile
clear tile valu tile valu
tile clear
state save breakdown
consol save breakdown
solv
state restor breakdown
attempt

state restor breakdown
clear tile valu clear tile valu


tile to solv
state save
qualiti math round get empti tile length width height

mark remain tile system

is empti
system



mark row
width
tile mark



unmark row
width
tile unmark



mark col
height
tile mark



unmark col
height
tile unmark



unmark

tile unmark


height
width
tile unmark



mark
tile mark



get wrong tile
wrong tile
tile
current valu tile valu
ok valu state get valu for tile full
current valu current valu ok valu
wrong tile push tile

wrong tile


get valu
valu
valu push valu
valu




render render
get index get index
tile tile
gener gener
gener fast gener fast
break down break down
break down simpl break down simpl
clear clear
load load
solv solv
step step
is valid is valid
eas eas
size size
mark row mark row
unmark row unmark row
mark col mark col
unmark col unmark col
mark mark
unmark unmark
get valu get valu
set valu set valu
get col info get col info
get row info get row info

activ dom render
render render dom render
no render


defin getter tile tile
defin getter width width
defin getter height height
defin getter empti tile count get empti tile length
defin getter empti tile get empti tile
defin getter wrong tile get wrong tile
defin getter render render
defin getter
defin getter qualiti qualiti
defin getter info grid info
defin getter max per row max per row
defin getter max per col max per col
defin getter hint hint

load
tile valu grid index

index grid width
math floor index grid width

reg0 reg exp
possibl valu
empti col pair with pair tile pair
empti row pair with pair tile pair

direct
left left
right right

down down


prepar simpl backtrack



clear
set valu


travers
new x
new y
grid tile new x new y


right move direct right
left move direct left
move direct
move direct down

move

direct right
travers
direct left
travers
direct
travers
direct down
travers



set valu
valu
grid set valu index
grid render
grid render

tile tile
tile remov class add class tile tile valu




is part of tripl x
part of tripl x
valu

direct left direct right
part of tripl x
move valu move move valu
move valu move move valu
move valu move valu
part of tripl x


is part of tripl y
part of tripl y
valu

direct direct down
part of tripl y
move valu move move valu
move valu move move valu
move valu move valu
part of tripl y


is part of tripl
part of tripl x part of tripl y


collect hint
valu


possibl valu
empti row pair with
empti col pair with

first check four doubl between spread



check doubl between
direct
move valu move move valu
possibl valu

hint
hint hint activ
hint mark hint type max two blue hint type max two red





move direct left valu move direct right valu
move direct valu move direct down valu
possibl valu

hint
hint hint activ
hint mark hint type max two blue hint type max two red





quick check mani
row info grid get row info
row info nr1 grid max per row
possibl valu
hint hint activ
hint mark hint type row must be balanc


row info nr2 grid max per row
possibl valu
hint hint activ
hint mark hint type row must be balanc


row info nr0
row info replac reg0

empti row pair with grid tile


col info grid get col info
col info nr1 grid max per col
possibl valu
hint hint activ
hint mark hint type col must be balanc


col info nr2 grid max per col
possibl valu
hint hint activ
hint mark hint type col must be balanc


col info nr0
col info replac reg0

empti col pair with grid tile






mark
tile tile
tile add class mark



unmark
tile tile
tile remov class mark



right right
left left


move move
clear clear
collect collect
mark mark
unmark unmark
is part of tripl x is part of tripl x
is part of tripl y is part of tripl y
is part of tripl is part of tripl

defin getter valu valu
defin setter valu set valu
defin getter is empti valu
defin getter possibl valu possibl valu
defin setter possibl valu possibl valu
defin getter empti row pair with empti row pair with
defin getter empti col pair with empti col pair with
gener grid and solut size
date
grid grid size
grid gener fast
result
result size size
result full grid get valu
qualiti
qualiti threshold





attempt
qualiti control make sure grid proper

attempt
grid clear
grid state restor full

grid break down
qualiti grid qualiti

qualiti qualiti threshold size attempt

grid break down
valu grid get valu
result grid get valu
result qualiti grid qualiti
result date
post messag json stringifi result

util util
hint activ onmessag gener grid and solut size

tutori
tutori messag requir tile
2014
http
written martin kool
martin mrtnkl

tutori messag
go fill grid tile make tile
excel twice turn tile blue tile
three tile allow tile
never three blue tile togeth either tile
three blue tile invalid tile
full must mani tile blue one tile row
column equal color tile col
abl know color tile
row column tile row
stuck peek tile wiggl


tutori

step
activ
visibl
tile to tap thi step

start
step
activ
action hide

game start game
size

full
is tutori





action help remov class hidden wiggl
activ



step util count tutori messag
hide
activ
set timeout
game check for level complet
1000



step
tutori messag step

show
tile to tap thi step
game grid unmark
tile
tile to tap thi step push game grid tile

set timeout
mark tile for thi step

wiggl
action help add class wiggl



mark tile for thi step
tutori messag step
row
row game grid mark row
col
col game grid mark col

tile game grid mark


show
hint msg html span span
html add class show hint
visibl


hide
html remov class show hint
visibl


tap tile tile
tap allow

tile to tap thi step
tile tile
tap allow


tap allow


tile is empti
tile valu
tile valu
tile valu

tile clear

set timeout mark tile for thi step
check step complet


check step complet
complet
tutori messag step tile


tile game grid tile
valu
tile valu valu
complet

complet


tile to tap thi step
system




hint allow
step


start start


show show
hide hide
tap tile tap tile
hint allow hint allow

defin getter activ activ
defin setter activ activ
defin getter visibl visibl
defin getter step step


level
store gener puzzl size quick load slower devic
combin background servic worker approach bring load time
2014
http
written martin kool
martin mrtnkl

level

puzzl size4 size6 size8 size10
qualiti threshold






indic user complet puzzl given size
finish size size
puzzl arr puzzl size size
puzzl arr puzzl arr length

remov first puzzl
puzzl arr shift
gener
background servic kick


puzzl format size full qualiti
add size size puzzl
puzzl arr puzzl size size
puzzl arr

puzzl arr push puzzl
background servic kick


ha puzzl avail size
puzzl arr puzzl size size
puzzl arr puzzl arr length




get size size
puzzl arr puzzl size size
puzzl arr puzzl arr length
creat size


puzzl puzzl arr
enough puzzl gener time user play
puzzl arr length
puzzl arr shift
background servic kick

puzzl


need
check for length check for length check for length
size qualiti threshold
size size
puzzl size size
length check for length
size






creat size
grid grid size
attempt

puzzl
size size
full

qualiti



date
grid clear
grid gener fast
puzzl full grid get valu

qualiti control make sure grid proper

attempt
grid clear
grid state restor full

grid break down
puzzl qualiti grid qualiti

puzzl qualiti qualiti threshold size attempt

puzzl grid get valu
puzzl date
puzzl qualiti qualiti

puzzl


ha puzzl avail ha puzzl avail
finish size finish size
add size add size
get size get size
creat creat
need need
defin getter puzzl puzzl


