libdir file dirnam file
load path unshift libdir load path libdir

libdir task rake sort task load task
depend
pakyow core
pakyow present
pakyow mailer


depend


pakyow support
pakyow core
pakyow present
pakyow mailer

rel test help request
rel test help respons

rel test help mock present mock
rel test help mock statu mock

rel test help observ observ present
rel test help observ observ view

rel test help helper
rel test help simul
rel test help simul

pakyow
test help
setup
pakyow stage test

pakyow match
present pakyow test help observ present present




rel simul

pakyow
test help
helper
simul name path method session cooki block
pakyow test help simul
name path
method method
param
session session
cooki cooki


block


method simul

pakyow rout eval http method method
defin method method name path arg block
simul name path method method arg block





rel simul

pakyow
test help
simul
attr reader path method param

initi name path method param session cooki
path router path name path param
method method
param param

request method method upcas
request path path
path info path
queri string param join join
rack session session
rack request cooki hash cooki
rack input string io
pakyow param param



block
pakyow
process

simul

block given





router
pakyow router instanc




forward

pakyow
test help
simul
extend forward

redirect status

attr reader
deleg request respons present
deleg respons statu type format
deleg present view

initi



redirect
redirect status respons statu
respons header locat


path router path
respons header locat path



statu





rerout
request first path request path


request path router path







router
pakyow router instanc




pakyow
test help
observ
todo version exist view context consid dri
view class
pakyow present view
pakyow present view collect
pakyow present partial
pakyow present templat
pakyow present contain
pakyow present view compos


method miss name arg block
handl valu observ send name arg block


todo like need handl nest observ
observ scope action travers valu
observ
observ
scope scope
action action
travers travers
valu valu



observ scope action travers valu
observ
observ observ
observ scope scope
observ action action
observ travers travers

valu pair
observ valu










handl valu valu
view class valu
travers
observ view
parent present
view pakyow present view view pakyow present view collect
travers travers
travers valu scope


parent


valu pakyow present view collect
valu instanc variabl view collect view
observ view collect view parent travers



observ view valu parent travers


valu




pakyow
test help
observ logger
initi
string io
logger pakyow logger
log


string
string string


method miss method arg block
logger send method arg block




rel observ

pakyow
test help
observ present
observ
attr reader present

initi present
present present


observ
present




pakyow
respons
statu
pakyow test help mock statu statu



pakyow
request
param
pakyow param



pakyow
test help
mock present
attr reader call

initi present
present present
call


method miss method arg block
present send method arg block
call method arg





pakyow
test help
mock statu
attr reader valu

initi valu
valu valu


equal valu
equal valu symbol
equal valu pakyow respons statu code lookup equal valu


valu equal valu



valu




pakyow support
pakyow core
pakyow present
pakyow mailer
pakyow realtim
pakyow

pakyow test help request
pakyow test help respons

pakyow test help mock present mock
pakyow test help mock statu mock

pakyow test help observ observ present
pakyow test help observ observ view
pakyow test help observ observ logger
pakyow test help observ realtim observ context
pakyow test help observ realtim observ mutat

pakyow test help helper
pakyow test help simul
pakyow test help simul

pakyow
test help
setup path setup
path

pakyow match
present pakyow test help observ present present


pakyow process
pakyow test help realtim observ mutat instanc reset


pakyow stage test test




pakyow present view context view class pakyow test help observ view

pakyow
helper
socket
socket pakyow test help realtim observ context




pakyow
present
view context
mutat mutat data
pakyow test help realtim observ mutat instanc mutat mutat data




rel simul

pakyow
test help
helper
simul name path method session cooki block
pakyow test help simul
name path
method method
param
session session
cooki cooki



block


method simul

pakyow rout eval http method method
defin method method name path arg block
simul name path method method arg block





rel simul

pakyow
test help
simul
attr reader path method param

initi name path method param session cooki
path router path name path param
method method
param param

request method method upcas
request path path
path info path
queri string param join join
rack session session
rack request cooki hash cooki
rack input string io
pakyow param param
rack logger pakyow test help observ logger
merg hash


block
simul call context process

block given





router
pakyow router instanc




forward

pakyow
test help
simul
extend forward

redirect status

attr reader
deleg request respons present socket socket digest socket connect
deleg respons statu type format
deleg present view

initi



redirect
redirect status respons statu
respons header locat


path router path
respons header locat path



statu





rerout
request first path request path


request path router path





subscrib

channel

channel



unsubscrib
subscrib


push messag
socket push messag



request rack logger




router
pakyow router instanc


channel
socket deleg registri channel socket digest socket connect




pakyow
test help
observ
todo version exist view context consid dri
view class
pakyow present view
pakyow present view collect
pakyow present partial
pakyow present templat
pakyow present contain
pakyow present view compos


method miss name arg block
handl valu observ send name arg block


todo like need handl nest observ
observ scope action travers valu
observ
observ
scope scope
action action
travers travers
valu valu



observ scope action travers valu
observ
observ observ
observ scope scope
observ action action
observ travers travers

valu pair
observ valu










handl valu valu
view class valu
travers
observ view
parent present
view pakyow present view view pakyow present view collect
travers travers
travers valu scope


parent


valu pakyow present view collect
valu instanc variabl view collect view
observ view collect view parent travers



observ view valu parent travers


valu




pakyow
respons
statu
pakyow test help mock statu statu



pakyow
param overrid
param
fetch pakyow param



request
prepend param overrid


pakyow
test help
mock present
attr reader call

initi present
present present
call


method miss method arg block
present send method arg block
call method arg





pakyow
test help
mock statu
attr reader valu

initi valu
valu valu


equal valu
equal valu symbol
equal valu pakyow respons statu code lookup equal valu


valu equal valu



valu




libdir file dirnam file
load path unshift libdir load path libdir

gem
mail

base
mailer mailer
mailer configur base
pakyow
app helper
mailer view path
mailer view path present store



pakyow
mailer
attr accessor view messag

initi view path
view pakyow present view full view path view path

messag mail
messag configur base mailer sender
messag content type configur base mailer content type
messag deliveri method configur base mailer deliveri method configur base mailer deliveri option


deliv recipi subject
html content view html
messag html part
content type text html charset
bodi html content


messag subject subject subject

recipi array
recipi deliv

deliv recipi





deliv recipi
messag recipi
messag deliv



pakyow
config
mailer
config base regist config mailer


attr accessor sender content type deliveri method deliveri option

sender
sender pakyow


content type
content type text html charset


deliveri method
deliveri method sendmail


deliveri option
deliveri option enabl starttl auto





pakyow
configur
autoload mailer mailer configur mailer

base
mailer
configur mailer




pakyow
configur
mailer

attr accessor sender content type deliveri method deliveri option

sender
sender pakyow


content type
content type text html charset


deliveri method
deliveri method sendmail


deliveri option
deliveri option enabl starttl auto





test applic pakyow applic
configur test
present view test view


thi keep actual
detect handler
test handler


test mailer pakyow mailer
deliv
deliv


deliv recipi
deliv
deliv recipi


rubygem
test unit

shoulda

pakyow core pakyow core
pakyow present pakyow present
pakyow mailer pakyow mailer

test mailer
test applic
helper

mailer test test unit test case
setup
test applic stage test


test mailer properli initi
mailer

equal mail messag messag
equal view view


test set view set messag bodi
mailer

equal file open test view test messag email main html read view html


test subject
subject

mailer
deliv bogu test subject

equal subject messag subject


test send recipi
bogu test

mailer
deliv

deliv


test send multipl recipi
bogus1 test bogus2 test

mailer
deliv


deliv



mailer partial
path test messag
path file join path main html partial

test mailer path


test applic pakyow applic
configur test
present view store mailer test view


thi keep actual
detect handler
test handler


test mailer pakyow mailer
deliv
deliv


deliv recipi
deliv
deliv recipi


rubygem
minitest
minitest unit
minitest autorun
minitest focu
turn autorun


pakyow core pakyow core
pakyow present pakyow present
pakyow mailer pakyow mailer

support test mailer
support test applic
rubygem
pakyow core

hello app pakyow applic
rout

respons bodi pakyow say hello




hello app
libdir file dirnam file
load path unshift libdir load path libdir

gem
find
rack
rack file
logger


base
core base
pakyow
pakyow

util method directori file
dir util

visit file walk directori
walk block

entri
partit partit file file
file partit
dir partit
file start
dir walk block start




pakyow

util method string
string util

creat underscor lowercas version string
thi borrow anoth librari probabl activ support
underscor string
string gsub
gsub
gsub

downcas


split seper string last
split last
split index rindex
split index
left split index
right split index length split index
left right


remov rout var rout spec
rout spec
rout spec split


join







pakyow

util method hash
hash util
creat indiffer hash thi mean indifferent hash


access like


strhash hash
indifferent hash




strhash
indifferent hash
hash pair valu
hash indifferent valu valu hash


indiffer hash merg hash


strhash
indiffer hash
hash hash hash symbol



argv first help argv first
put file open file join core path command usag consol read

unshift

file join config applic
pakyow applic applic stage argv first

reload
put reload
pakyow reload



argv clear
start


argv first help argv first
put file open file join core path command usag server read

unshift

file join config applic
pakyow applic applic argv first

pakyow
present base
inherit subclass
configur base present subclass



pakyow

helper method simpli provid inform binder
gener helper
request
pakyow request


respons
pakyow respons



helper method specif deleg control
helper
gener helper


pakyow



core configur base
core helper
core
core request
core loader
core applic
core rout store
core logger
core
core reload
core cach
core present base

util
util string
util hash
util

pakyow
attr accessor

pakyow
static
initi



call

pakyow respons rack respons

halt
pakyow send file file join configur base path info


call






path info file exist file join configur base path info



pakyow

provid easi text warn


add text
put text
configur base

consol stdout
consol text

configur base

file exist
file file open configur base name
file write text




enter put


add warn text
warn text
enter warn text


add error text
error text
enter error text



pakyow
applic

attr accessor rout proc handler proc middlewar proc configur

set path applic file reload later

inherit subclass
pakyow configur applic path pars path caller caller


pars path caller caller
caller match


run applic accept environ exampl
develop
develop stage

arg
run
run
builder prepar arg
detect handler builder host pakyow configur base server host port pakyow configur base server port server
trap stop server
trap term stop server



stage applic everyth load applic
start accept argument

stage arg
stage
stage
prepar arg


builder
builder rack builder


prepar
prepar


return applic run

run
run


return applic stage

stage
stage


conveni method base configur

config
pakyow configur base


creat configur particular environ exampl
configur develop auto reload

configur environ block
configur
configur environ block


creat rout exampl
rout someth

rout block
rout proc block


creat handler later execut
handler creat way

defin control action handler associ respons statu
handler name applic control handl

specifi block handler
handler name handl error

control call invok handler name
handler defin code invok

handler block
handler proc block


middlewar block
middlewar proc block




prepar applic run stage return instanc
applic
prepar arg
load config arg arg first configur base environ arg
prepar

builder rack method overrid
builder instanc middlewar proc middlewar proc
builder pakyow static configur base
builder pakyow logger configur base
builder pakyow reload configur base auto reload

prepar

unshift



load config arg
configur
arg configur base environ arg
arg
config configur
configur base instanc config




detect handler
handler thin mongrel webrick
handler unshift configur base server handler configur base server handler

handler handler

rack handler handler
load error
name error




stop server
server respond stop
server stop
server respond stop
server stop

ungrac necessari
process




helper

attr accessor request respons present rout store rest rout handler store

initi
pakyow
handler name code
handler code name

thi configur option present use
configur base present
creat instanc present
present configur base present


load applic file
load


interrupt applic return respons immedi

halt
halt respons


invok rout rout method
base rout ignor format string util split last rout
request work path base rout
request work method method method
block prepar rout block rout request work method
block block


invok handler name code
block handler store name code
given name
code handler name code name code
respons statu code code
block block
name handler code name name code
given code
block handler store name
respons statu name code
block block

block found
assum code number statu
respons statu name code name code fixnum
still need stop execut think noth
block



call everi request

call
request request
respons rack respons
base rout ignor format string util split last request path
request work path base rout
request work method request method

rout
halt
rout block prepar rout block request path request method
rout rout block

present
present prepar request request


rout trampolin rout block

present
respons bodi present content


rout match view found
rout present present present
enter found
handler404 handler store handler code name handler code name
handler404
halt
present
present prepar request request

trampolin handler404
present
respons bodi present content



respons statu

halt block

thi need posit last statement
finish

standard error error
request error error
handler500 handler store handler code name handler code name
handler500
halt
present
present prepar request request

trampolin handler500
present
respons bodi present content

halt block

respons statu

configur base error browser
respons bodi
respons bodi escap html error
respons bodi error backtrac join



caught middlewar logger
error error
argument error


finish


send file respons immedi accept file object mime
type automat detect

send file sourc file send type
path sourc file file sourc file path sourc file
send path
type rack mime mime type send split

data
file open path line line data line

respons rack respons data respons statu respons header merg content type type
halt


send data respons immedi accept data mime type
option file name

send data data type file name
statu respons respons statu

header respons respons header
header header merg content type type
header header merg content disposit attach filenam file name file name

respons rack respons data statu header
halt


redirect locat immedi

redirect locat statu code
header respons respons header
header header merg locat locat

respons rack respons statu code header
halt


regist rout request rout defin way
control class action method
someth

rout namespac control admin control class defin like
admin control class action method

rout arg block
regist rout user rout block arg


regist rout post request

post rout arg block
regist rout user rout block post arg


regist rout request

rout arg block
regist rout user rout block arg


regist rout delet request

delet rout arg block
regist rout user rout block delet arg


regist rout

arg block
regist rout user block arg


creat rest rout resourc argument control model hook

rest control arg block
model hook pars rest arg arg

scope gsub model model
nest scope block block given

rest rout
rest rout model model

rest action opt
action current path
suffix opt suffix
action file join action suffix


creat rout
regist rout rest action opt method control opt action hook

store later current use binder action
rest rout model opt action action model


remov scope



rest action
action edit method suffix edit
action show method suffix
action method suffix
action updat method suffix
action delet method delet suffix
action index method
action creat method post


hook name control action block
block build control block control action control
rout store hook name block


handler name arg block
code control action pars handler arg arg

block given
handler store name block

handler store name build control block control action


code
handler name code name code
handler code name code name



todo like
reload
load


session
request rack session




prepar rout block rout method
request format rout rout
base rout ignor format string util split last rout

pakyow configur ignor rout
control block packet var data

control block packet rout store block base rout method


request param merg hash util strhash packet var
request rout spec packet data rout spec packet data
request rest packet data rest packet data

control block


trampolin block
last call block block
block
block block
block call
get mean call return normal
fall
invok rout block
invok rout invok handler call block block valu block
neither call block fall

block
last call block
block fall
last call block
block


block present
present prepar request request


last call block


pars rout arg arg
control arg arg arg symbol arg string
action arg control
hook arg control
control
hook arg arg arg hash

control action hook


pars rest arg arg
model arg arg arg symbol arg string
hook arg model
model
hook arg arg arg hash

model hook


pars handler arg arg
code arg arg arg fixnum
control arg code arg
action arg control arg
code
control arg arg
action arg control arg

code control action


handl rout registr

regist rout type rout block method arg
control action hook pars rout arg arg
control
block build control block control action


data rout type type rout spec rout
type rest
data rest rest action action

rout store rout rout block method data hook


build control block control action
control control
action configur base action

block
instanc control
request control instanc
request action action

instanc send action


block


request format rout rout
rout format string util split last rout
request format format format format length format format length format


scope opt
scope
scope path
scope model opt model

scope path opt




remov scope
scope path


nest scope block
scope path insert string util underscor scope model

scope path


current path
scope path join


cooki
request cooki request cooki
request cooki valu
valu
respons cooki path expir time 604800 merg valu valu
valu hash
respons cooki path expir time 604800 merg valu

respons cooki path expir time 604800 merg valu valu





reload applic file applic path present specifi

load reload
load configur applic path reload

loader loader loader
loader load configur base

load handler
load rout

reload view
present
present load



load handler
handler store
instanc handler proc handler proc


load rout
rout store rout store
instanc rout proc rout proc


send respons cleanup

finish
cooki
respons finish




pakyow
reload
initi



call
reload
call



pakyow
rout store

initi
order
store

string rout store method hash rout block order hook
string post delet

regex rout store method hash regex block order var hook
definit order
regex post delet

order order across string regex rout

hook block store name use augment return block block
hook



rout rout spec block method data hook
rout spec normal rout rout spec
hook normal hook hook
rout match var build rout matcher rout spec data

rout match string
store string method rout match block block
order order
hook hook
data data
order order
rout match regexp
store regex method regex rout match
block block
order order
var var
hook hook
data data
order order

configur base mode
warn unsupport rout spec rout spec

warn unsupport rout spec rout spec
unsupport rout spec rout spec





hook name hook
store hook name hook


return block var match valu data data
block rout method
rout normal rout rout
match string rout
string rout match store string method rout

first regex match
regex rout match
match data
store regex method rinfo
match data rinfo regex match rout
regex rout match rinfo




block match smaller order
string rout match regex rout match
string rout match order regex rout match order
data string rout match data
build hook block string rout match block string rout match hook
var data data

data regex rout match data
build hook block regex rout match block regex rout match hook
var build regex valu regex rout match var match data data data

string rout match
data string rout match data
build hook block string rout match block string rout match hook
var data data
regex rout match
data regex rout match data
build hook block regex rout match block regex rout match hook
var build regex valu regex rout match var match data data data


var data






build hook block block hook
hook
block


hook
store hook call store hook
hook hook

hook around
store hook call store hook
hook hook around

block call

hook around
store hook call store hook
hook hook around

hook
store hook call store hook
hook hook



return regex variabl info
build rout matcher rout spec data
rout spec rout spec regexp

rout spec string
check var
rout spec rout spec rout spec index
var
data rout type user
build user rout matcher rout spec
data rout type rest
build rest rout matcher rout spec data

unknown rout type data rout type



rout spec


build user rout matcher rout spec
var
posit counter
regex rout rout spec
rout segment rout spec split
rout segment index segment
segment
var posit posit counter segment gsub
rout segment length
regex rout regex rout segment
posit counter

regex rout regex rout segment
posit counter



regexp regex rout
var


build rest rout matcher rout spec data
build user rout matcher rout spec data rest rest action show

special rest show rout match last
var
posit counter
regex rout rout spec
rout segment rout spec split
rout segment index segment
segment
var posit posit counter segment gsub
rout segment length
regex rout regex rout segment
posit counter

regex rout regex rout segment
posit counter



regexp regex rout
var


remov lead trail forward slash
normal rout rout spec
rout spec rout spec regexp

rout spec string
rout spec rout spec rout spec length rout spec
rout spec rout spec rout spec length rout spec rout spec length
rout spec


rout spec


normal hook hook
hook pair
array
hook

hook


build regex valu var info match data
valu
var info
valu match data posit

valu




pakyow
cach
initi
store



store


block
store
block given
block call
store




invalid





pakyow
logger
initi



call
began time

enter process path info remot addr began request method

result

error error
result call


enter error
enter error backtrac join

result pakyow respons finish


end time
differ end began 1000

enter complet differ pakyow respons statu pakyow request
enter

result



pakyow

request object
request rack request
attr accessor rest rout spec control action format error work path work method

easi access path info
path
path info


determin request method
method
request method downcas


format format
format format format html

respons type
pakyow respons content type rack mime mime type format


cooki
cooki hash util strhash


return indiffer param hash util strhash info indiffer hash
param
param hash util strhash


return compon
part

split path info





return refer compon
refer part
refer
refer split http refer


refer




split

split







pakyow

handl load reload pakyow applic develop
mode file automat reload modifi
loader

load file provid path decend child directori
load path
recurs path




recurs
time
file exist
dir util walk path
file test directori path
path split

configur base auto reload
time path time path file mtime path time path
load path
time path file mtime path


path






pakyow
configur
autoload core configur
autoload server core configur server

base
fetch server configur
server
configur server


fetch applic configur

configur


reset configur
reset
server type
klass send type
klass instanc variabl
assum applic path reset sinc
pakyow applic inherit
applic path
klass send gsub






pakyow
configur
server

attr accessor port host handler

port applic
port
port 3000


host applic
host
host


add handler puma
handler
handler





pakyow
configur


attr accessor mode root
present action ignor rout error level
environ applic path name
auto reload error browser

display develop specif warn

mode
mode mode


auto reload
auto reload auto reload


error browser
error browser error browser


request




root directori
root
root file dirnam


public directori

root


directori

root log


name
name request



root


default action
action
action index


mockup mode
ignor rout
ignor rout ignor rout


environ
environ develop


path applic
applic path
applic path


handl file

best perform file
handl server nginx








fileutil

pakyow
gener
app gener

start
argv first help argv first
put file open file join core path command usag read

gener
gener build argv first




initi
file expand path file templat


build dest
file util dest




rubygem
pakyow

pakyow applic
applic pakyow applic
config environ develop

configur develop


rout
applic control index


middlewar



applic control
pakyow helper

index


test present

test applic pakyow applic
configur develop
auto reload
error browser


configur test
auto reload
error browser
test


configur product
server port 8000


configur present
present test present


rout


handler
handler h404 applic control handl
handler h500


overrid

attr accessor handler

thi keep actual
detect handler
test handler


reset reset
reset
pakyow
pakyow configur base reset

prepar
run
stage
rout proc
statu proc





rest action
rest action


rest option action action
rest action
action action



test model

helper

loader test test unit test case
test recurs load file
name error
reload


pakyow loader
load path

noth rais
reload



test tell time
configur base auto reload

pakyow loader
load path

time time
touch path reload
load path

equal time first time first




path
file join test loader



pakyow loader
attr accessor time

helper

configur test test unit test case
test server configur return
equal configur server pakyow configur base server


test server configur default
equal 3000 pakyow configur server port
equal pakyow configur server host


test configur default
equal index pakyow configur action
equal pakyow configur ignor rout


test handler
arg


helper

string util test test unit test case

setup


teardown


test remov rout var
equal string util remov rout var fail remov rout var
equal bret string util remov rout var bret fail remov rout var
equal bret string util remov rout var bret fail remov rout var
equal bret string util remov rout var bret fail remov rout var
equal bret string util remov rout var bret fail remov rout var
equal bret string util remov rout var bret fail remov rout var
equal bret string util remov rout var bret fail remov rout var
equal fred barney string util remov rout var fred barney fail remov rout var
equal fred barney string util remov rout var fred fred barney barney fail remov rout var
equal fred barney string util remov rout var fred barney fail remov rout var
equal fred barney string util remov rout var fred barney fail remov rout var
equal fred barney string util remov rout var fred barney fail remov rout var


test split last
equal string util split last fail split
equal string util split last fail split
equal string util split last fail split
equal string util split last fail split
equal three four string util split last three four fail split three four
equal three string util split last three fail split three
equal three string util split last three fail split three



test control
index


test action



applic control
handl



nest control


helper

rout store test test unit test case

rst control
slash
slash


index
hello



found



found


found



found


found



found


mdend
found mdend


m1end
found m1end


dopost
found dopost



found

x1x2
found x1x2


hook1
hook1


hook2
hook2


test1 hook
test1 hook


test2 hook
test2 hook




setup
pakyow applic
rout store rout store
rout store rout store
instanc

post isapost
rst control dopost



rst control slash


index
rst control index



rst control



rst control


rst control



rst control


rst control



rst control m1end



rst control



rst control mdend



rst control



rst control x1x2


rest bret rout store test rst control
rest anita rout store test rst control


hook hook1
rst control hook1


hook hook2
rst control hook2


test1 hook hook1
rst control test1 hook


test2 hook hook1 hook2 hook1
rst control test2 hook





teardown
noth


test1 hook
proc packet rout store block test1 hook
equal test1 hook packet data rout spec wrong rout spec
packet data rest rest data
proc block found test1 hook
equal hook1 proc call


test2 hook
proc packet rout store block test2 hook
equal test2 hook packet data rout spec wrong rout spec
packet data rest rest data
proc block found test2 hook
equal hook1 hook2 proc call


test isapost
proc packet rout store block isapost
proc found block rout isapost

proc packet rout store block isapost post
equal isapost packet data rout spec wrong rout spec
packet data rest rest data
proc block found isapost
equal found dopost proc call


test slash rout
proc packet rout store block
equal packet data rout spec wrong rout spec
packet data rest rest data
proc block found
equal slash proc call


test index rout
proc packet rout store block index
equal index packet data rout spec wrong rout spec
packet data rest rest data
proc block found index
equal hello proc call


test regex rout
proc packet rout store block
equal packet data rout spec wrong rout spec
packet data rest rest data
proc block found
equal found proc call


test string regex
proc packet rout store block
equal packet data rout spec wrong rout spec
packet data rest rest data
proc block found
equal found proc call


test regex string
proc packet rout store block
equal packet data rout spec wrong rout spec
packet data rest rest data
proc block found
equal found proc call


test regex block string
proc packet rout store block
equal packet data rout spec wrong rout spec
packet data rest rest data
proc block found
equal found proc call


test regex string
proc packet rout store block
equal packet data rout spec wrong rout spec
packet data rest rest data
proc block found
equal found proc call


test rout var
proc packet rout store block 1138
equal packet data rout spec wrong rout spec
packet data rest rest data
packet var
proc block found 1138
equal found proc call
equal
equal 1138


test rout var
proc packet rout store block 1138
packet data rest rest data
packet var
proc block found 1138
equal 1138


test full regex
proc packet rout store block
equal packet data rout spec wrong rout spec
packet var
equal found proc call
equal
equal

proc packet rout store block 1138
equal packet data rout spec wrong rout spec
packet var
equal found mdend proc call
equal

proc packet rout store block
equal packet data rout spec wrong rout spec
packet var
equal found m1end proc call
equal

rout store block 1138 found block rout 1138
rout store block 1138 found block rout 1138
rout store block 1138 found block rout 1138

proc packet rout store block
equal packet data rout spec wrong rout spec
packet var
equal found proc call
equal
equal

proc packet rout store block
equal packet data rout spec wrong rout spec
packet var
equal found x1x2 proc call
equal
equal

rout store block found block rout


test rest
proc packet rout store block bret
equal bret packet data rout spec wrong rout spec
equal index packet data rest rest action wrong rest action

proc packet rout store block bret
equal bret packet data rout spec wrong rout spec
equal show packet data rest rest action wrong rest action
equal packet var wrong rest valu

proc packet rout store block bret
equal bret packet data rout spec wrong rout spec
equal show packet data rest rest action wrong rest action
equal packet var wrong rest valu

proc packet rout store block bret xnewx
equal bret packet data rout spec wrong rout spec
equal show packet data rest rest action wrong rest action
equal xnewx packet var wrong rest valu

proc packet rout store block bret
equal bret packet data rout spec wrong rout spec
equal packet data rest rest action wrong rest action

proc packet rout store block bret post
equal bret packet data rout spec wrong rout spec
equal creat packet data rest rest action wrong rest action

proc packet rout store block bret edit
equal bret edit packet data rout spec wrong rout spec
equal edit packet data rest rest action wrong rest action
equal packet var wrong rest valu

proc packet rout store block bret
equal bret packet data rout spec wrong rout spec
equal updat packet data rest rest action wrong rest action
equal packet var wrong rest valu

proc packet rout store block bret delet
equal bret packet data rout spec wrong rout spec
equal delet packet data rest rest action wrong rest action
equal packet var wrong rest valu

proc packet rout store block bret anita
equal bret anita packet data rout spec wrong rout spec
equal index packet data rest rest action wrong rest action

proc packet rout store block bret anita
equal bret anita packet data rout spec wrong rout spec
equal show packet data rest rest action wrong rest action
equal packet var wrong rest bret valu
equal packet var wrong rest anita valu



test match
rout store block r123x found block rout r123x
rout store block s123x found block rout s123x
rout store block t123x found block rout t123x
rout store block found block rout



helper

applic test test unit test case
test applic path inherit
pakyow configur applic path test path


test applic path accur window
equal test applic pars path caller test test applic test test applic


test applic run
test
equal run


test stage run
test
stage


test applic run config
test
equal pakyow configur auto reload
equal pakyow configur error browser

test product
equal pakyow configur auto reload
equal pakyow configur error browser
equal 8000 pakyow configur server port


test applic stage
stage test
equal run


test detect stage applic
stage test
equal stage


test applic stage config
stage test
equal pakyow configur auto reload
equal pakyow configur error browser

stage test product
equal pakyow configur auto reload
equal pakyow configur error browser
equal 8000 pakyow configur server port


test base config return
equal pakyow configur base config


test configur store
stage test
configur test


test error handler creat control action pair
stage test
rout block evalu pakyow handler store h404
equal applic control request control name
equal handl request action


test error handler creat block
stage test
equal proc pakyow handler store h500


test initi

pakyow
test
equal test applic pakyow


test handler creat
test

todo figur test middlewar
equal rack file pakyow handler
equal configur base pakyow handler root


test present avail
pakyow present
present
equal test present pakyow present


test halt
test


halt halt execut work properli
pakyow halt

halt


equal halt


test handler call file exist
test


path info applic test


pakyow call

todo figur test middlewar
equal pakyow


test load request mode
todo


test cooki avail
todo


test present present
todo


test fact assert match
todo


test respons bodi present interrupt
todo


test error handl
todo


test error handl
todo


test send file
todo


test send data
data
type text
file


pakyow send data data type

halt


equal halt
equal data pakyow respons bodi
equal type pakyow respons header content type

send file name

pakyow send data data type file

halt


equal attach filenam file pakyow respons header content disposit


test redirect
locat


pakyow redirect locat

halt


equal halt
equal pakyow respons statu
equal locat pakyow respons header locat


test perman redirect
locat


pakyow redirect locat

halt


equal halt
equal pakyow respons statu
equal locat pakyow respons header locat


test rout registr
regist rout


test post rout registr
regist rout post


test rout registr
regist rout


test delet rout registr
regist rout delet


test rout registr
test

control test control
action test action
block proc

regist noth

pakyow
pakyow rout store block


regist control

pakyow control
rout block evalu pakyow rout store block
equal control request control name
equal configur action request action


regist control action

pakyow control action
rout block evalu pakyow rout store block
equal control request control name
equal action request action


regist block

pakyow
pakyow rout store block


test rest action
pakyow rest action
action index
equal method
suffix
action show
equal method
equal suffix
action
equal method
equal suffix
action creat
equal post method
suffix
action edit
equal method
equal edit suffix
action updat
equal method
equal suffix
action delet
equal delet method
equal suffix




todo figur test
test rest rout registr
test

test
control test control
model test model

pakyow rest control model

pakyow rout rout
equal control rout control
rout block

opt pakyow rest option action rout action
rest
rest file join rest opt suffix opt suffix
equal rest rout rout
equal rout method opt method



todo figur test
test nest rest rout registr
test

test
control test control
model test model

nest nest
nest control nest control
nest model nest model

pakyow rest control model
pakyow rest nest nest control nest model


pakyow rout rout
skip nest rout know work previou test
rout control control

equal nest control rout control
rout block

opt pakyow rest option action rout action
rest nest
rest file join string util underscor model rest
rest file join rest opt suffix opt suffix
equal rest rout rout
equal rout method opt method





reset
test applic reset reset


regist rout method
test

rout
control test control
action test action
block proc

pakyow send method rout
pakyow rout store block rout method


pakyow send method rout control
rout block evalu pakyow rout store block rout method
equal control request control name
equal configur action request action


pakyow send method rout control action
rout block evalu pakyow rout store block rout method
equal control request control name
equal action request action


pakyow send method rout
pakyow rout store block rout method


test path
file join test test applic



test present
load


content


evalu rout block keep method call made

rout block evalu
initi block arg
instanc exec block arg


request
request request


method miss method arg
put method


helper

request test test unit test case
test rack request
rack request pakyow request superclass


test path call path info
equal request path request path info


test method proper format
equal request method


test split
equal request part length
equal request part


test refer split
equal request refer part length
equal request refer part




request
pakyow request path info request method http refer rack input


helper

stringio

log test test unit test case
test consol
stdout string io

enter

thi test handler call todo
equal stdout string strip


test file
configur base test
enter

file exist test request

thi test pass everi todo
equal file test request read split

file util test request


rubygem
test unit


pakyow core

test applic
test handler
test model
test present
test control
string util test
rout block evalu
thi use loader test test reload object
reload

libdir file dirnam file
load path unshift libdir load path libdir

gem
nokogiri

base
present base
present

present present
present configur base
present helper
pakyow
helper
present
pakyow present current context
pakyow present



pakyow
present
view

attr accessor binder view path root view

view path dirv
view path
root view dirv


close
area base basefont input link meta



attr accessor scope scope



scope scope



initi root view
view path view path
root view root view root view

nokogiri element nokogiri document nokogiri html document fragment

pakyow present view
first
pakyow present view

string

view path configur present view

view path configur present view

root view
nokogiri html document pars file read view path

nokogiri html fragment file read view path


argument error view come back year



todo rewrit data contain
content contain content contain
todo thi call work equival xpath call
need investig sinc call intern turn xpath call
contain first
content content content string content nokogiri html document fragment content nokogiri element
child content



todo rewrit data contain
ever call lazi view
reset contain contain

contain first
blank

inner html


titl titl

titl first
inner html nokogiri html fragment titl

head first
child nokogiri html fragment titl titl titl





titl
titl first
inner html


html contain
contain
contain first
inner html




html



html

allow multipl attribut
root view find selector attribut style style

attribut arg
arg
previou method attribut


arg pair name valu
previou method attribut
send name valu




remov
remov


delet remov

todo replac differ syntax view attribut remov

strip


remov
gsub strip






clear
blank
inner html


text
inner text


content
inner html


html content

content content
inner html nokogiri html fragment content


html content

append view
child view


view
view


view
view


method miss method arg
previou method attribut
previou method

method
attribut method gsub
valu arg

valu proc
valu valu call attribut


valu
remov attribut attribut

attribut valu


method



arg
previou method attribut
method miss arg






previou method attribut
method miss





todo replac method find data contain
use need
element
element
travers
attribut
element


element


scope name
find scope name


call
view block

creat context view manipul perform

unlik previou version context referenc
block argument context method avail





call
view datum block

yield view match dataum thi driven view
mean datum yield view avail
singl view view datum pair yield

basic bret

data block
data data data instanc array
block call data


call
mold data view

return view object manipul match data
singl view view collect consist copi
data length

mold data
data data data instanc array

view view
data datum


view view


remov
view


call
repeat data view datum block

mold match data yield view datum pair use mold

repeat data block
mold data data block


call
bind data

bind data across exist scope

bind data
bind data scope data find bind first


call
appli data

mold bind data view

appli data
mold data bind data


recurs bind follow data structur nest scope
think part
bind data
entri scope scope
entri scope data key
data data entri scope


todo instead call bind view handl map data across scope
bind data mani scope data find bind select scope entri scope




return hash key scope name valu view collect
easi lookup name
find scope
scope
breadth first
scope configur present scope attribut
scope scope

view
scope scope

scope scope view



scope


return hash describ scope
todo find bind base name
find bind
bind
breadth first
scope configur present scope attribut

find prop
prop
breadth first
deeper scope
configur present scope attribut

prop configur present prop attribut
prop prop prop path path


bind scope scope path path prop prop


determin nested
bind
nest
bind
path path
path path
nest ancestor


nest scope nest


bind


breadth first
queue
queue
node queue shift
node
queue concat node children



path child
path

path child

child ancestor
sinc ancestor goe root stop level
children

path unshift children index child
child


path


todo make work
path path


path
path

path
child children
child








use recurs bind unsur support
bind data mani scope data scope
data data array data data

scope index
bind data scope data



bind data scope data scope
data

todo consid accept binder instanc part find tie binder close bind
creat binder instanc scope
view binder scope scope data path scope path view binder

data pair
bind data prop
scope prop select prop
valu binder avail
todo warn
send method defin
bind valu path path


need recurs bind
bind data mani scope scope nest scope select scope



todo checkbox
todo radio button
todo select option
bind valu valu
view close name todo unit test
valu valu

content valu



bind object bind object bind bind
binder

view binder
view binder bind binder object bind element


binder binder method defin bind attribut
valu binder send bind attribut

object hash
valu object bind attribut

configur base mode object method defin bind attribut
warn attempt bind object bind html bind selector gsub gsub object name bind attribut defin


valu object send bind attribut




valu hash
valu
proc
call bind element



bind element remov attribut
content
bind valu bind bind binder

bind element



bind valu bind valu bind binder



bind valu bind valu bind binder
close bind element name
bind element name select
binder
option binder fetch option bind attribut
html
group

option
array
first array
opt2
html option valu opt2 opt2 option


html option valu option


html optgroup group
html optgroup label
group



html optgroup group

bind element inner html nokogiri html fragment html



bind element option valu valu first
select select


bind element inner html nokogiri html fragment valu

bind element name input bind element type checkbox
valu bind element attribut valu bind element attribut valu valu valu
bind element check check

bind element delet check

bind element name input bind element type radio
bind element attribut valu valu valu
bind element check check

bind element delet check


bind element valu valu





present view lookup store
present view
present lazi view
present binder
present view
present view context

pakyow
present


pakyow
present
present present base
attr accessor current context

initi
reset state



method call core thi core expect present


load
load view


prepar request request
reset state
request request


present
present


content
view
request contain request param contain
view html request contain request contain
view html contain name



method control call modifi root view
some meant call directli make modif


call directli


view path path root view klass view
real path view lookup store real path path
klass real path root view


view view path overrid
view path path overrid view root view view path overrid
view path view view path view root view view


view
root view built
root view


view view
root view view view
root view built
present
view path
root path


limit contain
contain name


view path path
view path path
root view built


view path
view path


root view file view file
real path view lookup store real path view file
root path real path
root view built


root view view path view
root path view lookup store view info view root view
root view built


thi creat view within control use rout base lookup mechan
view view path name deep

view info view lookup store view info
vpath view info view name view info
view vpath vpath
deep
popul view view info view




thi also creat view within control use rout base lookup mechan
thi method take either file path build either root view view respect
view full view path deep

real path info view lookup store real path info
real path info
real path info file file
view real path info real path
real path info file
root view view lookup store view info root view
view root view
deep
popul view view lookup store view info view






popul view view path view
view view info view lookup store view info
view view info view
popul view view view
view


call part view manipul


contain contain block
view find contain first
view context instanc exec block



use lazi view


root view built
build root view root view built






reset state
present
root path
root view built
root view
view path
contain name


build root view
root view built

view path
view path
request request rest
rest view path request rest
request request rout spec request rout spec regexp request rout spec index
string util remov rout var request rout spec

request request work path



view info view lookup store view info
root path view info root view

configur base present view cach
popul root view cach root path
popul view lazi view root path view info view

root view
present

root view popul view lazi view root path view info view
present



rest view path rest info
rest info rest action show
string util remov rout var request rout spec show

string util remov rout var request rout spec



load view
view lookup store view lookup store configur present view
configur base present view cach
popul root view cach build root view cach view lookup store view info



build root view cach view info
cach pakyow cach
view info info
lazi view info root view
popul view info view
info root view
cach

cach


popul view use view store data recurs build
substitut child view name structur
popul view view view
contain view element
contain
name attr
path view name
path
popul view view path view
view reset contain name todo revisit implement assum lazi view root view
view content contain name


view





pakyow
present
view lookup store

view store hash structur

view dir
rout
root view path root view
view
view1 name path view1
view2 name path view2


rout
root view path root view
view
view1 name path view1
view2 name path view2



path
path file html real path root1 path file html file file
path real path root1 path root2 file


thi take account view directori root suffix
thi determin root view rout rout
rout suffix path view

attr reader view

initi view
view store view dir path
file exist view

view view

wack begin
view view

make variabl chang whether store rel absolut path view
absolut path prefix view store absolut path

view view basenam path view html
file exist view
root view file path absolut path prefix configur present view
logic depend travers
dir util walk view vpath
file directori vpath
parent rout pakyow path rout parent vpath view
root view parent rout overrid
view copi parent view
rout root path view store view dir parent view store view dir parent root view root view file path
rout view view store view dir parent deep hash view store view dir parent view deep hash view
rout overrid root view
rout part root part string util split last vpath
root part root part
rout part root part vpath

root part
file exist vpath root part html
rout root path vpath root part html absolut path prefix
rout view root part
rout root path rout view root part

configur base mode
warn root view root part referenc vpath absolut path prefix found

error root view root part referenc vpath absolut path prefix found
root view root part referenc vpath absolut path prefix found



view store view dir rout

root view rout root path
view rout view

path
rout


vpath absolut path prefix

view store path rout real path file
duplic real path rout permut lead trail slash
permut rout rout view store path real path file rout

file direct overrid rout view
parent rout pakyow path rout parent vpath view file
view file basenam vpath
view store view dir rout
view store view dir rout deep hash view store view dir parent

view store view dir rout view view vpath absolut path prefix
view overrid root view
file basenam view store view dir rout root view view
view store view dir rout root view vpath absolut path prefix

path file
duplic real path rout without lead slash
vpath absolut path prefix
rout
view store path file basenam vpath real path file file
view store path file basenam vpath real path file file

rout lead slash rout file basenam vpath
rout without lead slash rout lead slash
view store path rout lead slash real path file file
view store path rout without lead slash real path file file





adjust view store index entri overrid parent
view store view dir pair rout info
file basenam rout index
parent file dirnam rout
view store view dir parent info

adjust view store entri index counterpart miss
index counterpart
view store view dir pair rout info
file basenam rout index view store view dir rout index
rout
index counterpart index info

index counterpart rout index info


index counterpart pair rout info
view store view dir rout info

duplic info combin rout without lead end slash
current key lead slash trail slash
slash permut
view store view dir pair route0 info
route0
route1 route2 route3 permut rout route0
slash permut route1 info
slash permut route2 info
slash permut route3 info


slash permut pair rout info
view store view dir rout info



view info rout
rout
view store view dir rout

view store view dir



real path info path
path
view store path path

view store path



real path path
view store path path real path view store path path




path form prefix path rout root1 overrid root2 root
return path without root view part
pakyow path rout parent path path prefix file
path path prefix
rout path path path prefix
rout path
file file
string util split last rout path

rout
parent
segment rout path split
segment index
segment length file file
rout part string util split last
rout rout part
segment length file file segment length file
parent rout part

parent parent
parent rout


gonna marshal
chang later need sinc need work
hash symbol string hash
deep hash
marshal load marshal dump


take rout lead slash trail slash rout
return three permut rout rout rout
permut rout route0
route3 route0
route2 route3
route1 route0
route1 route2 route3





pakyow
present
lazi view view

html arg
pakyow present root view built



content contain arg
pakyow present root view built



find arg
pakyow present root view built



repeat arg block
pakyow present root view built



reset contain arg
pakyow present root view built



titl arg
pakyow present root view built



bind arg
pakyow present root view built






pakyow
present
binder
pakyow gener helper


attr accessor option

binder arg
view binder
arg klass view binder klass


option arg
option option
option arg arg



attr accessor bindabl object

initi bindabl object
bindabl bindabl
object object


fetch option attribut
option
option option attribut
option array option hash
option send option


option




action
rout pakyow rest rout bindabl name
warn attempt bind object bindabl name downcas action could find rest rout bindabl name



bindabl
object child input type hidden name method valu


action rout updat gsub
method post

action rout creat
method post


action file join action method method




pakyow
present
view
enumer

initi
view



view


attribut arg
attribut arg



remov
remov


delet remov

comment view




comment view
remov
remov


clear
clear


text
text


content
content


html content

content content
content content


html content

html
html join


html

append content
append content


render append


view
view



method miss method arg
method
send method arg

send method arg



arg
method miss arg



method miss



view


length
view length


call
view block

creat context view manipul perform

unlik previou version context referenc
block argument context method avail





call
view datum block

yield view match dataum datum yield
view data avail view
mean block yield length time

basic bret

data block
data data data instanc array
index
datum data
block call datum



call
mold data view

return view object manipul match data
view return view collect consist copi
data index data length

mold data
data data data instanc array

view view
data index datum


view last





view view


remov
view


call
repeat data view datum block

mold match data yield view datum pair use mold

repeat data block
mold data data block


call
bind data

bind data across exist scope

bind data
data view datum
view bind datum



call
appli data

mold bind data view use mold bind

appli data
mold data bind data




pakyow
present
view context
helper

initi context
context context



context
context


method miss method arg
pakyow present current context send method arg




pakyow
configur
autoload present present configur present

base
fetch server configur
present
configur present




pakyow
configur
present

attr accessor view cach javascript stylesheet view view
scope attribut prop attribut

locat javascript
javascript
javascript javascript


locat stylesheet
stylesheet
stylesheet stylesheet


view
view configur base root view


view cach
view cach


view
view pakyow html


scope attribut
scope attribut data scope


prop attribut
prop attribut data prop






helper

contact struct full name email


view bind test test unit test case
bind hash view
view creat view string
contact
span itemprop full name john span
itemprop email john exampl


data full name jugyo kohno email jugyo exampl
view bind data

equal data full name view contact span first content
equal data email view contact first content


bind object view
view creat view string
contact
span itemprop contact full name john span
itemprop contact email john exampl


data contact jugyo kohno jugyo exampl
view bind data

equal data full name view contact span first content
equal data email view contact first content


bind object view type
view creat view string
contact info
span itemprop contact info full name john span
itemprop contact info email john exampl


data contact jugyo kohno jugyo exampl
view bind data contact info

equal data full name view contact info span first content
equal data email view contact info first content


bind object view use name attribut
view creat view string
form contact
input type text name contact full name valu john
input type text name contact email valu john exampl
input type submit valu submit
form

data contact jugyo kohno jugyo exampl
view bind data

equal data full name view input name contact full name attr valu valu
equal data email view input name contact email attr valu valu




creat view string string
nokogiri html document pars string
view root


helper

view composit test test unit test case

setup
configur base present view test view
present pakyow present present
present load


teardown
noth


test view index
present view view path index pakyow
equal should never thi find main first content


test view index deep
present view view path index pakyow
equal index main find main first content


test view
present view view path anoth
equal foot find foot first content


test view
present view view path
equal main find main first content


test view
present view view path
equal main find main first content


test view
present view view path main
content start root main



helper

present view test test unit test case

setup
configur present view test view
present pakyow present present
present load


teardown
noth


test view index
present view view path index main
equal index main content


test view index root
present view view path index approot
equal approot titl


test full view index root
present view full view path index main html
equal index main content
present view full view path index
equal approot titl
equal find main content
present view full view path index
equal approot titl
equal index main find main content


present view full view path
equal titl
equal main find main content
present view full view path
equal titl
equal find main content

present view full view path index
equal titl
equal main find main content
present view full view path index
equal titl
equal find main content

present view full view path
equal titl
equal main find main content
present view full view path
equal titl
equal find main content


present view full view path
equal titl
equal index main find main content
present view full view path
equal titl
equal find main content

present view full view path index
equal titl
equal index main find main content
present view full view path index
equal titl
equal find main content

present view full view path
equal titl
equal main find main content
present view full view path
equal titl
equal find main content



helper

view scope test test unit test case

setup
view creat view string
data scope post
data scope comment
data scope comment




teardown
noth


test singl scope found
equal view scope post length
equal view scope post length


test multipl scope found
equal view scope comment length


test nest scope found
equal view scope post scope comment length


test invalid scope found
view scope fail




creat view string string
view nokogiri html fragment string



rubygem
test unit

shoulda

file expand path pakyow core pakyow core file
pakyow present
helper

view lookup store test test unit test case

setup
store view lookup store test view


teardown
noth


test
equal pakyow html store view info root view wrong root view
equal index html store view info root view wrong root view
equal index html store view info index root view wrong root view index
equal html store view info root view wrong root view
equal html store view info root view wrong root view

equal main html store view info view main wrong main html view path
equal main html store view info view main wrong main html view path
equal main html store view info index view main wrong main html view path index
equal main html store view info view main wrong main html view path


test
equal pakyow html store view info root view wrong root view
equal html store view info root view wrong root view
equal html store view info index root view wrong root view index
equal html store view info root view wrong root view
equal html store view info root view wrong root view

equal main html store view info view main wrong main html view path
equal index main html store view info view main wrong main html view path
equal index main html store view info index view main wrong main html view path index
equal main html store view info view main wrong main html view path


test real path lookup
store real path should find real path path
store real path should find real path

equal store real path wrong real path

equal approot html store real path approot html wrong real path approot html
equal approot html store real path approot html wrong real path approot html
equal main html store real path main html wrong real path main html
equal main html store real path main html wrong real path main html
equal pakyow html store real path pakyow html wrong real path pakyow html
equal pakyow html store real path pakyow html wrong real path pakyow html
equal sidebar html store real path sidebar html wrong real path sidebar html
equal sidebar html store real path sidebar html wrong real path sidebar html

equal index approot store real path index wrong real path index
equal index approot store real path index wrong real path index
equal index approot store real path index wrong real path index
equal index approot store real path index wrong real path index
equal index approot main html store real path index main html wrong real path index main html
equal index approot main html store real path index main html wrong real path index main html

equal anoth store real path wrong real path
equal anoth store real path wrong real path
equal anoth store real path wrong real path
equal anoth store real path wrong real path
equal anoth anoth html store real path anoth html wrong real path anoth html
equal anoth anoth html store real path anoth html wrong real path anoth html

equal anoth store real path wrong real path
equal anoth store real path wrong real path
equal anoth store real path wrong real path
equal anoth store real path wrong real path
equal anoth anoth html store real path anoth html wrong real path anoth html
equal anoth anoth html store real path anoth html wrong real path anoth html

equal store real path wrong real path
equal store real path wrong real path
equal store real path wrong real path
equal store real path wrong real path
equal sidebar html store real path sidebar html wrong real path sidebar html
equal sidebar html store real path sidebar html wrong real path sidebar html


test slash
store view info rout
equal approot html store view info root view wrong root view

equal index approot main html store view info view main wrong main html view path
equal sidebar html store view info view sidebar wrong sidebar html view path
equal approot html store view info view approot wrong approot html view path


test index
store view info index rout index
store view info index rout index
store view info index rout index
store view info index rout index
equal approot html store view info index root view wrong root view index

equal index approot main html store view info index view main wrong main html view path index
equal sidebar html store view info index view sidebar wrong sidebar html view path index
equal approot html store view info index view approot wrong approot html view path index


test
store view info rout
store view info rout
store view info rout
store view info rout
store view info index rout index
store view info index rout index
store view info index rout index
store view info index rout index
equal anoth anoth html store view info root view wrong root view
equal anoth anoth html store view info index root view wrong root view index

equal main html store view info view main wrong main html view path
equal main html store view info index view main wrong main html view path index
equal sidebar html store view info view sidebar wrong sidebar html view path
equal sidebar html store view info index view sidebar wrong sidebar html view path index


test
rout overridden root view rout
store view info rout
store view info rout
store view info rout
store view info rout
store view info index rout index
store view info index rout index
store view info index rout index
store view info index rout index
equal anoth anoth html store view info root view wrong root view
equal anoth anoth html store view info index root view wrong root view index

equal main html store view info view main wrong main html view path
equal main html store view info index view main wrong main html view path index
equal sidebar html store view info view sidebar wrong sidebar html view path
equal sidebar html store view info index view sidebar wrong sidebar html view path index
equal anoth anoth html store view info view anoth wrong anoth html
equal anoth anoth html store view info index view anoth wrong anoth html index
equal approot html store view info view approot wrong approot html
equal approot html store view info index view approot wrong approot html index


test
store view info rout
store view info rout
store view info rout
store view info rout
store view info index rout index
store view info index rout index
store view info index rout index
store view info index rout index
equal pakyow html store view info root view wrong root view
equal pakyow html store view info index root view wrong root view index

equal main html store view info view main wrong main html view path
equal main html store view info index view main wrong main html view path index
equal sidebar html store view info view sidebar wrong sidebar html view path
equal sidebar html store view info index view sidebar wrong sidebar html view path index



rel support
rel support
rel support
rel support file
rel support hash
rel support string
