

pars server request path

urldecod

path bootstrap path

request path

thi file allow emul apach rewrit function
built server thi provid conveni test laravel
applic without instal real server softwar
file exist request




path index


laravel framework artisan

laravel
version
author taylor otwel taylorotwel gmail
link http laravel




applic environemtn


laravel take dead simpl approach environ
think love just specifi ur ls belong
given environ access applic
match pattern sure
merg environ configur file



environ

local http localhost




path applic directori

path applic


path laravel directori

path laravel


path bundl directori

path bundl bundl


path storag directori

path storag storag


path directori

path


user configur here dragon



chang current work directori

chdir


defin directori separ environ

defin

defin directori separ



defin path base directori

global laravel path base


defin constant hasn defin

path name path

global laravel path name

global laravel path name realpath path




path helper

code
storag path storag
code

param string path
string

path path

global laravel path path



path setter

param string path
param string valu


path path valu

global laravel path path valu



defin laravel start microtim



regist compos auto loader


compos provid conveni automat gener loader
applic need util
script worri
load class manual feel great relax



vendor autoload



includ compil class file


dramat increas applic perform
compil file contain class commonli use
request artisan optim use creat file



file exist compil compil

compil




setup patchwork handl


patchwork librari provid solid handl string well
provid replac iconv type function
avail setup stuff



patchwork utf8 bootup init mbstring



regist laravel auto loader


regist auto loader behind compos loader load
model class even autoload file
regener applic stack



illumin support class loader regist



regist workbench loader


laravel workbench provid conveni place develop packag
work local howev need load compos
auto load file packag use



workbench workbench

illumin workbench starter start workbench







applic path


here defin path applic directori most like
never need chang valu setup
work perfectli fine vast major applic







public path


path contain asset applic
java script file also contain primari entri
point request applic outsid







base path


base path root laravel instal most like
need chang valu wild reason
necessari proceed caution



base



storag path


storag path use laravel store cach blade view log
piec inform modifi path
want chang locat directori app



storag storag






creat applic


first thing creat laravel applic instanc
serv glue compon laravel
contain system bind variou part



illumin foundat applic



detect applic environ


laravel take dead simpl approach applic environ
specifi machin name host match
given environ automat detect



detect environ

local homestead





bind path


here bind path configur path
chang need chang
within path file bound



bind instal path path



load applic


here load illumin applic keep
separ locat isol creation applic
actual run applic given request



framework path base
vendor laravel framework

framework illumin foundat start



return applic


thi script return applic instanc instanc given
call script separ build instanc
actual run applic send respons




