libdir file dirnam file
load path unshift libdir load path libdir

libdir task rake sort task load task
depend
pakyow core
pakyow present
pakyow mailer


depend


pakyow support
pakyow core
pakyow present
pakyow mailer

rel test help request
rel test help respons

rel test help mock present mock
rel test help mock statu mock

rel test help observ observ present
rel test help observ observ view

rel test help helper
rel test help simul
rel test help simul

pakyow
test help
setup
pakyow stage test

pakyow match
present pakyow test help observ present present




rel simul

pakyow
test help
helper
simul name path method session cooki block
pakyow test help simul
name path
method method
param
session session
cooki cooki


block


method simul

pakyow rout eval http method method
defin method method name path arg block
simul name path method method arg block





rel simul

pakyow
test help
simul
attr reader path method param

initi name path method param session cooki
path router path name path param
method method
param param

request method method upcas
request path path
path info path
queri string param join join
rack session session
rack request cooki hash cooki
rack input string io
pakyow param param



block
pakyow
process

simul

block given





router
pakyow router instanc




forward

pakyow
test help
simul
extend forward

redirect status

attr reader
deleg request respons present
deleg respons statu type format
deleg present view

initi



redirect
redirect status respons statu
respons header locat


path router path
respons header locat path



statu





rerout
request first path request path


request path router path







router
pakyow router instanc




pakyow
test help
observ
todo version exist view context consid dri
view class
pakyow present view
pakyow present view collect
pakyow present partial
pakyow present templat
pakyow present contain
pakyow present view compos


method miss name arg block
handl valu observ send name arg block


todo like need handl nest observ
observ scope action travers valu
observ
observ
scope scope
action action
travers travers
valu valu



observ scope action travers valu
observ
observ observ
observ scope scope
observ action action
observ travers travers

valu pair
observ valu










handl valu valu
view class valu
travers
observ view
parent present
view pakyow present view view pakyow present view collect
travers travers
travers valu scope


parent


valu pakyow present view collect
valu instanc variabl view collect view
observ view collect view parent travers



observ view valu parent travers


valu




pakyow
test help
observ logger
initi
string io
logger pakyow logger
log


string
string string


method miss method arg block
logger send method arg block




rel observ

pakyow
test help
observ present
observ
attr reader present

initi present
present present


observ
present




pakyow
respons
statu
pakyow test help mock statu statu



pakyow
request
param
pakyow param



pakyow
test help
mock present
attr reader call

initi present
present present
call


method miss method arg block
present send method arg block
call method arg





pakyow
test help
mock statu
attr reader valu

initi valu
valu valu


equal valu
equal valu symbol
equal valu pakyow respons statu code lookup equal valu


valu equal valu



valu




pakyow support
pakyow core
pakyow present
pakyow mailer
pakyow realtim
pakyow

pakyow test help request
pakyow test help respons

pakyow test help mock present mock
pakyow test help mock statu mock

pakyow test help observ observ present
pakyow test help observ observ view
pakyow test help observ observ logger
pakyow test help observ realtim observ context
pakyow test help observ realtim observ mutat

pakyow test help helper
pakyow test help simul
pakyow test help simul

pakyow
test help
setup path setup
path

pakyow match
present pakyow test help observ present present


pakyow process
pakyow test help realtim observ mutat instanc reset


pakyow stage test test




pakyow present view context view class pakyow test help observ view

pakyow
helper
socket
socket pakyow test help realtim observ context




pakyow
present
view context
mutat mutat data
pakyow test help realtim observ mutat instanc mutat mutat data




rel simul

pakyow
test help
helper
simul name path method session cooki block
pakyow test help simul
name path
method method
param
session session
cooki cooki



block


method simul

pakyow rout eval http method method
defin method method name path arg block
simul name path method method arg block





rel simul

pakyow
test help
simul
attr reader path method param

initi name path method param session cooki
path router path name path param
method method
param param

request method method upcas
request path path
path info path
queri string param join join
rack session session
rack request cooki hash cooki
rack input string io
pakyow param param
rack logger pakyow test help observ logger
merg hash


block
simul call context process

block given





router
pakyow router instanc




forward

pakyow
test help
simul
extend forward

redirect status

attr reader
deleg request respons present socket socket digest socket connect
deleg respons statu type format
deleg present view

initi



redirect
redirect status respons statu
respons header locat


path router path
respons header locat path



statu





rerout
request first path request path


request path router path





subscrib

channel

channel



unsubscrib
subscrib


push messag
socket push messag



request rack logger




router
pakyow router instanc


channel
socket deleg registri channel socket digest socket connect




pakyow
test help
observ
todo version exist view context consid dri
view class
pakyow present view
pakyow present view collect
pakyow present partial
pakyow present templat
pakyow present contain
pakyow present view compos


method miss name arg block
handl valu observ send name arg block


todo like need handl nest observ
observ scope action travers valu
observ
observ
scope scope
action action
travers travers
valu valu



observ scope action travers valu
observ
observ observ
observ scope scope
observ action action
observ travers travers

valu pair
observ valu










handl valu valu
view class valu
travers
observ view
parent present
view pakyow present view view pakyow present view collect
travers travers
travers valu scope


parent


valu pakyow present view collect
valu instanc variabl view collect view
observ view collect view parent travers



observ view valu parent travers


valu




pakyow
respons
statu
pakyow test help mock statu statu



pakyow
param overrid
param
fetch pakyow param



request
prepend param overrid


pakyow
test help
mock present
attr reader call

initi present
present present
call


method miss method arg block
present send method arg block
call method arg





pakyow
test help
mock statu
attr reader valu

initi valu
valu valu


equal valu
equal valu symbol
equal valu pakyow respons statu code lookup equal valu


valu equal valu



valu




libdir file dirnam file
load path unshift libdir load path libdir

gem
mail

base
mailer mailer
mailer configur base
pakyow
app helper
mailer view path
mailer view path present store



pakyow
mailer
attr accessor view messag

initi view path
view pakyow present view full view path view path

messag mail
messag configur base mailer sender
messag content type configur base mailer content type
messag deliveri method configur base mailer deliveri method configur base mailer deliveri option


deliv recipi subject
html content view html
messag html part
content type text html charset
bodi html content


messag subject subject subject

recipi array
recipi deliv

deliv recipi





deliv recipi
messag recipi
messag deliv



pakyow
config
mailer
config base regist config mailer


attr accessor sender content type deliveri method deliveri option

sender
sender pakyow


content type
content type text html charset


deliveri method
deliveri method sendmail


deliveri option
deliveri option enabl starttl auto





pakyow
configur
autoload mailer mailer configur mailer

base
mailer
configur mailer




pakyow
configur
mailer

attr accessor sender content type deliveri method deliveri option

sender
sender pakyow


content type
content type text html charset


deliveri method
deliveri method sendmail


deliveri option
deliveri option enabl starttl auto





test applic pakyow applic
configur test
present view test view


thi keep actual
detect handler
test handler


test mailer pakyow mailer
deliv
deliv


deliv recipi
deliv
deliv recipi


rubygem
test unit

shoulda

pakyow core pakyow core
pakyow present pakyow present
pakyow mailer pakyow mailer

test mailer
test applic
helper

mailer test test unit test case
setup
test applic stage test


test mailer properli initi
mailer

equal mail messag messag
equal view view


test set view set messag bodi
mailer

equal file open test view test messag email main html read view html


test subject
subject

mailer
deliv bogu test subject

equal subject messag subject


test send recipi
bogu test

mailer
deliv

deliv


test send multipl recipi
bogus1 test bogus2 test

mailer
deliv


deliv



mailer partial
path test messag
path file join path main html partial

test mailer path


test applic pakyow applic
configur test
present view store mailer test view


thi keep actual
detect handler
test handler


test mailer pakyow mailer
deliv
deliv


deliv recipi
deliv
deliv recipi


rubygem
minitest
minitest unit
minitest autorun
minitest focu
turn autorun


pakyow core pakyow core
pakyow present pakyow present
pakyow mailer pakyow mailer

support test mailer
support test applic
rubygem
pakyow core

hello app pakyow applic
rout

respons bodi pakyow say hello




hello app
libdir file dirnam file
load path unshift libdir load path libdir

gem
find
rack
rack file
logger


base
core base
pakyow
pakyow

util method directori file
dir util

visit file walk directori
walk block

entri
partit partit file file
file partit
dir partit
file start
dir walk block start




pakyow

util method string
string util

creat underscor lowercas version string
thi borrow anoth librari probabl activ support
underscor string
string gsub
gsub
gsub

downcas


split seper string last
split last
split index rindex
split index
left split index
right split index length split index
left right


remov rout var rout spec
rout spec
rout spec split


join







pakyow

util method hash
hash util
creat indiffer hash thi mean indifferent hash


access like


strhash hash
indifferent hash




strhash
indifferent hash
hash pair valu
hash indifferent valu valu hash


indiffer hash merg hash


strhash
indiffer hash
hash hash hash symbol



argv first help argv first
put file open file join core path command usag consol read

unshift


pakyow applic applic stage argv first

reload
put reload
pakyow reload



argv clear
start


argv first help argv first
put file open file join core path command usag server read

unshift


pakyow applic applic argv first

pakyow
present base
inherit subclass
configur base present subclass


instanc
instanc



pakyow

respons object
respons rack respons


pakyow

helper method simpli provid inform binder
gener helper
request
pakyow request


respons
pakyow respons


router
rout lookup



helper method specif deleg control
helper
gener helper


pakyow



pakyow

handl look path name rout popul
path data

rout lookup
helper

path name
name rout name


group name
group name



popul name data
rout name rout name
var rout

split path request split rout

var
split path posit data


file join split path join




name rout name
pakyow router rout name group



core configur base
core helper
core
core request
core respons
core loader
core router
core rout
core rout templat
core rout lookup
core applic
core cach
core present base
core context

middlewar
core middlewar logger
core middlewar
core middlewar reload
core middlewar present
core middlewar found
core middlewar router
core middlewar setup

util
util string
util hash
util

pakyow
attr accessor

pakyow

provid easi text warn


add text
put text
configur base

consol stdout
consol text

configur base

file exist
file file open configur base name
file write text




enter put


add warn text
warn text
enter warn text


add error text
error text
enter error text



pakyow
applic

attr accessor core proc middlewar proc middlewar configur

set path applic file reload later

inherit subclass
pakyow configur applic path pars path caller caller


run applic accept environ exampl
develop
develop stage

arg
run

run
builder prepar arg
detect handler builder host pakyow configur base server host port pakyow configur base server port server
trap stop server
trap term stop server



stage applic everyth load applic
start accept argument

stage arg
stage
stage
prepar arg


builder
builder rack builder


prepar
prepar


return applic run

run
run


return applic stage

stage
stage


conveni method base configur

config
pakyow configur base


creat configur particular environ exampl
configur develop auto reload

configur environ block
configur
configur environ block


block store rout handler hook

core block
core proc block


block store present relat thing

present block
configur base present proc block


middlewar block
middlewar proc block


step middlewar
middlewar middlewar middlewar array
step step

middlewar
middlewar step
middlewar step concat middlewar


step middlewar
middlewar middlewar middlewar array
step step

middlewar
middlewar step
middlewar step concat middlewar


step type builder
middlewar
middlewar step
middlewar step type

middlewar step type
builder






prepar applic run stage return instanc
applic
prepar arg
load config arg arg first configur base environ arg
prepar

builder rack method overrid

builder pakyow middlewar setup

todo possibl deprec
builder instanc middlewar proc middlewar proc

builder pakyow middlewar static configur base
builder pakyow middlewar logger configur base
builder pakyow middlewar reload configur base auto reload

configur base present
present builder
builder pakyow middlewar present
present builder


configur base ignor rout
rout builder
builder pakyow middlewar router
rout builder


builder pakyow middlewar not found alway

prepar

unshift



load config arg
configur
arg configur base environ arg
arg
config configur
configur base instanc config




detect handler
handler thin mongrel webrick
handler unshift configur base server handler configur base server handler

handler handler

rack handler handler
load error
name error




stop server
server respond stop
server stop
server respond stop
server stop

ungrac necessari
process



pars path caller caller
caller match



helper

attr accessor request respons present router

initi
pakyow

pakyow present configur base present instanc configur base present

load applic file
load


interrupt applic return respons immedi

todo move helper avail rout logic context
halt
halt respons


todo need differ also consid renam rout mayb exclam point
possibl name rerout
todo move helper avail rout logic context
rerout path method
request setup path method


caught middlewar present someth
request hand back router
rerout request
argument error
nobodi caught tell router rerout
router rerout request



todo consid renam handl mayb exclam point
todo move helper avail rout logic context
invok handler name code
router handl name code


setup
request request
respons respons


call everi request

call
finish


send file respons immedi accept file object mime
type automat detect

todo move helper avail rout logic context
send file sourc file send type
path sourc file file sourc file path sourc file
send path
type rack mime mime type send split

data
file open path line line data line

respons rack respons data respons statu respons header merg content type type
halt


send data respons immedi accept data mime type
option file name

todo move helper avail rout logic context
send data data type file name
statu respons respons statu

header respons respons header
header header merg content type type
header header merg content disposit attach filenam file name file name

respons rack respons data statu header
halt


redirect locat immedi

todo move helper avail rout logic context
redirect locat statu code
header respons respons header
header header merg locat locat

respons rack respons statu code header
halt


todo move helper avail rout logic context
session
request rack session


thi useless method part extern
reload
load


todo handl somewher sinc relat request cycl
applic cycl allow concurr
rout
router rout




todo need configur option cooki plu abil overrid
cooki
request cooki request cooki
request cooki valu
valu
respons cooki path expir time 604800 merg valu valu
valu hash
respons cooki path expir time 604800 merg valu

respons cooki path expir time 604800 merg valu valu





reload applic file applic path present specifi

load reload
load configur applic path reload

loader loader loader
loader load configur base

load core
present load present


evalu core proc

load core
router router instanc

router core proc core proc


send respons cleanup

todo remov exclam
finish
cooki
respons finish




pakyow
rout set
initi
rout post delet

rout name
group rout name

func
group

templat

handler

scope name path hook


match path method
path router normal path path

rout method

regexp
data match path
data

string
path








handl name code
handler
name code name code





name base rout lookup
rout name group
rout name name group

group rout group rout name group
group rout name



creat retreiv name func
name block
func name block block

func name


handler name arg block
code arg

code code code proc
block block given

handler name code


arg block
regist rout arg block


arg block
regist rout arg block


arg block
regist rout arg block


post arg block
regist rout post arg block


delet arg block
regist rout delet arg block


call control action

control object control
action configur base action

instanc control
request control instanc
request action action

instanc send action



group name arg block
deep exist hook reset close group
origin hook marshal load marshal dump scope hook

scope hook merg hook scope hook arg scope hook arg

scope name name
group name
group rout name name

instanc exec block
scope name

scope hook origin hook


path arg block
name hook arg
hook name name hash

origin path scope path
scope path file join scope path path

group name hook block
scope path origin path


templat name block
templat name block


expand name name path data block
data path path path hash

evalu block context
method miss store function
index show
rout templat block name path

evalu templat context func look func
other proper name
expand templat name data


merg hook
normal


around


around

merg
concat
concat
around concat around





regist rout method path arg block
name hook pars rout arg arg


pass block
block block given

hook merg hook hook scope hook

build
build hook

prepend scope path scope
path file join scope path path
path router normal path path

regex var path
regex var build rout matcher path

creat rout tupl
rout regex var name path

rout method rout
rout name name rout

store group refer scope
group scope name
group group rout
group rout name group name rout


pars rout arg arg

arg
hash hook

array

proc

name






build main hook


concat hook around hook hook around
concat hook hook hook
concat main main
concat hook hook hook
concat hook around hook hook around




build rout matcher path
path path regexp

check var
path path path index

var
var
posit counter
regex rout path
rout segment path split
rout segment index segment
segment
var posit posit counter segment gsub
rout segment length
regex rout regex rout segment
posit counter

regex rout regex rout segment
posit counter



regexp regex rout
var




pakyow
rout templat
attr accessor path

initi block name path router

name name
path path
router router

instanc exec block


action method arg block
block given block arg
method


expand templat data
expand


path
router path name
instanc exec data templat


router group name
instanc exec data templat




name
expand name router func name


call control action
router call control action


arg block
router arg block


arg block
router arg block


post arg block
router post arg block


delet arg block
router delet arg block


todo best name
action control action
action
action call control



todo best name
rest action control
action control rest action


rest action
index show creat edit updat delet




pakyow
rout store

initi
order
store

string rout store method hash rout block order hook
string post delet

regex rout store method hash regex block order var hook
definit order
regex post delet

order order across string regex rout

hook block store name use augment return block block
hook



rout rout spec block method data hook
rout spec normal rout rout spec
hook normal hook hook
rout match var build rout matcher rout spec data

rout match string
store string method rout match block block
order order
hook hook
data data
order order
rout match regexp
store regex method regex rout match
block block
order order
var var
hook hook
data data
order order

configur base mode
warn unsupport rout spec rout spec

warn unsupport rout spec rout spec
unsupport rout spec rout spec





hook name hook
store hook name hook


return block var match valu data data
block rout method
rout normal rout rout
match string rout
string rout match store string method rout

first regex match
regex rout match
match data
store regex method rinfo
match data rinfo regex match rout
regex rout match rinfo




block match smaller order
string rout match regex rout match
string rout match order regex rout match order
data string rout match data
build hook block string rout match block string rout match hook
var data data

data regex rout match data
build hook block regex rout match block regex rout match hook
var build regex valu regex rout match var match data data data

string rout match
data string rout match data
build hook block string rout match block string rout match hook
var data data
regex rout match
data regex rout match data
build hook block regex rout match block regex rout match hook
var build regex valu regex rout match var match data data data


var data






build hook block block hook
hook
block


hook
store hook call store hook
hook hook

hook around
store hook call store hook
hook hook around

block call

hook around
store hook call store hook
hook hook around

hook
store hook call store hook
hook hook



return regex variabl info
build rout matcher rout spec data
rout spec rout spec regexp

rout spec string
check var
rout spec rout spec rout spec index
var
data rout type user
build user rout matcher rout spec
data rout type rest
build rest rout matcher rout spec data

unknown rout type data rout type



rout spec


build user rout matcher rout spec
var
posit counter
regex rout rout spec
rout segment rout spec split
rout segment index segment
segment
var posit posit counter segment gsub
rout segment length
regex rout regex rout segment
posit counter

regex rout regex rout segment
posit counter



regexp regex rout
var


build rest rout matcher rout spec data
build user rout matcher rout spec data rest rest action show

special rest show rout match last
var
posit counter
regex rout rout spec
rout segment rout spec split
rout segment index segment
segment
var posit posit counter segment gsub
rout segment length
regex rout regex rout segment
posit counter

regex rout regex rout segment
posit counter



regexp regex rout
var


remov lead trail forward slash
normal rout rout spec
rout spec rout spec regexp

rout spec string
rout spec rout spec rout spec length rout spec
rout spec rout spec rout spec length rout spec rout spec length
rout spec


rout spec


normal hook hook
hook pair
array
hook

hook


build regex valu var info match data
valu
var info
valu match data posit

valu




pakyow
cach
initi
store



store


block
store
block given
block call
store




invalid





pakyow
router

remov lead trail forward slash
normal path path
path path regexp

path path path length path
path path path length path path length
path



initi
set


instanc
instanc
instanc


name block
rout set
instanc exec block

set name


name base rout lookup
rout name group
set
rout name group





name base lookup
name
set
name





find rout path call order
rout request
trampolin match request


rerout request
router match request


handl name code logic
set
handl name code
pakyow respons statu
logic trampolin





rout
rout


call
context instanc exec


todo thing pass
middlewar consist current access
helper method
context
fn context




match request
path router normal path request work path
method request work method

rout

match data
set
match data match path method
match



match
match

handl rout param
todo
request param merg hash util strhash data path path data match

todo
request rout path match





trampolin


call

get mean call return normal
fall
block

rerout invok handler call block block valu block
neither call block fall

rout

fall




data path path match var
data
data match

var
data match posit


data




pakyow

request object
request rack request
attr accessor rest rout path control action format error work path work method

initi arg


setup path


easi access path info
path
path info


determin request method
method
request method downcas


format format
format format format html

respons type
pakyow respons content type rack mime mime type format


cooki
cooki hash util strhash


return indiffer param hash util strhash info indiffer hash
param
param hash util strhash


return compon
path part
path split path


refer
refer http refer


return refer compon
refer part
refer part refer split refer


setup path method
request format path path
work path path path method


todo move util
split

split








work path path path method
base rout ignor format string util split last path

work path base rout
work method method method


request format path path
path format string util split last path

todo work without work fine applic
format

format format format format length format format length format



pakyow
handl load reload pakyow applic develop
mode file automat reload modifi
loader

load file provid path decend child directori
load path
recurs path




recurs
time
file exist
dir util walk path
file test directori path
path split

configur base auto reload
time path time path file mtime path time path
load path
time path file mtime path


path






pakyow
fn context
helper


pakyow
configur
autoload core configur
autoload server core configur server

base
fetch server configur
server
configur server


fetch applic configur

configur


reset configur
reset
server type
klass send type
klass instanc variabl
assum applic path reset sinc
pakyow applic inherit
applic path
klass send gsub






pakyow
configur
server

attr accessor port host handler

port applic
port
port 3000


host applic
host
host


add handler puma
handler
handler





pakyow
configur


attr accessor mode root
present action ignor rout error level
environ applic path name
auto reload error browser view visibl

display develop specif warn

mode
mode mode


auto reload
auto reload auto reload


error browser
error browser error browser


request




root directori
root
root file dirnam


public directori

root


directori

root log


name
name request



root


default action
action
action index


mockup mode
ignor rout
ignor rout ignor rout


view visibl
view visibl view visibl


environ
environ develop


path applic
applic path
applic path


handl file

best perform file
handl server nginx








pakyow
middlewar
static
initi



call

respons rack respons

halt
pakyow send file file join configur base path info


call






path info file exist file join configur base path info




pakyow
middlewar
reload
initi



call
pakyow reload
call




pakyow
middlewar
present
initi



call
pakyow request


pakyow present prepar request pakyow request

rerout
call



todo right thing
pakyow respons bodi pakyow present content pakyow present present
pakyow respons finish




pakyow
middlewar
setup
initi



call
todo track middlewar instead call context access current
pakyow setup
call




pakyow
middlewar
logger
initi



call
result
differ time began
enter process path info remot addr began request method

error error
result call


enter error
enter error backtrac join

result pakyow respons finish



enter complet differ pakyow respons statu pakyow request
enter

result


time
time

time 1000




pakyow
middlewar
router
initi



call
halt
pakyow router rout pakyow request
call

standard error error
pakyow request error error

pakyow respons statu
pakyow router handl

configur base error browser
pakyow respons bodi
pakyow respons bodi escap html error
pakyow respons bodi error backtrac join



caught middlewar logger
error error
argument error





pakyow
middlewar
not found
initi



call
call

rout match view found
found
enter found

pakyow respons bodi
pakyow present reset pakyow present

pakyow respons statu
pakyow router handl

pakyow present
consid move present middlewar
pakyow present prepar request pakyow request
pakyow respons bodi pakyow present content pakyow present present






found
pakyow rout
pakyow present pakyow present present configur view visibl







fileutil

pakyow
gener
app gener

start
argv first
help
put file open file join core path command usag read

gener
gener build argv first




initi
file expand path file templat


build dest
file directori dest entri dest
file util dest

argv clear
folder dest would like popul anyway

get chomp
file util dest






rubygem
pakyow

pakyow applic
applic pakyow applic
core

put pakyow say hello




test present

test applic pakyow applic
configur develop
auto reload
error browser


configur test
auto reload
error browser
test


configur product
server port 8000


configur present
present test present


rout


handler
handler h404 applic control handl
handler h500


overrid

attr accessor handler

thi keep actual
detect handler
test handler


reset reset
reset
pakyow
pakyow configur base reset

prepar
run
stage
rout proc
statu proc





rest action
rest action


rest option action action
rest action
action action



test model

helper

loader test test unit test case
test recurs load file
name error
reload


pakyow loader
load path

noth rais
reload



test tell time
configur base auto reload

pakyow loader
load path

time time
touch path reload
load path

equal time first time first




path
file join test loader



pakyow loader
attr accessor time

helper

configur test test unit test case
test server configur return
equal configur server pakyow configur base server


test server configur default
equal 3000 pakyow configur server port
equal pakyow configur server host


test configur default
equal index pakyow configur action
equal pakyow configur ignor rout


test handler
arg


helper

string util test test unit test case

setup


teardown


test remov rout var
equal string util remov rout var fail remov rout var
equal bret string util remov rout var bret fail remov rout var
equal bret string util remov rout var bret fail remov rout var
equal bret string util remov rout var bret fail remov rout var
equal bret string util remov rout var bret fail remov rout var
equal bret string util remov rout var bret fail remov rout var
equal bret string util remov rout var bret fail remov rout var
equal fred barney string util remov rout var fred barney fail remov rout var
equal fred barney string util remov rout var fred fred barney barney fail remov rout var
equal fred barney string util remov rout var fred barney fail remov rout var
equal fred barney string util remov rout var fred barney fail remov rout var
equal fred barney string util remov rout var fred barney fail remov rout var


test split last
equal string util split last fail split
equal string util split last fail split
equal string util split last fail split
equal string util split last fail split
equal three four string util split last three four fail split three four
equal three string util split last three fail split three
equal three string util split last three fail split three



test control
index


test action



applic control
handl



nest control


helper

rout store test test unit test case

rst control
slash
slash


index
hello



found



found


found



found


found



found


mdend
found mdend


m1end
found m1end


dopost
found dopost



found

x1x2
found x1x2


hook1
hook1


hook2
hook2


test1 hook
test1 hook


test2 hook
test2 hook




setup
pakyow applic
rout store rout store
rout store rout store
instanc

post isapost
rst control dopost



rst control slash


index
rst control index



rst control



rst control


rst control



rst control


rst control



rst control m1end



rst control



rst control mdend



rst control



rst control x1x2


rest bret rout store test rst control
rest anita rout store test rst control


hook hook1
rst control hook1


hook hook2
rst control hook2


test1 hook hook1
rst control test1 hook


test2 hook hook1 hook2 hook1
rst control test2 hook





teardown
noth


test1 hook
proc packet rout store block test1 hook
equal test1 hook packet data rout spec wrong rout spec
packet data rest rest data
proc block found test1 hook
equal hook1 proc call


test2 hook
proc packet rout store block test2 hook
equal test2 hook packet data rout spec wrong rout spec
packet data rest rest data
proc block found test2 hook
equal hook1 hook2 proc call


test isapost
proc packet rout store block isapost
proc found block rout isapost

proc packet rout store block isapost post
equal isapost packet data rout spec wrong rout spec
packet data rest rest data
proc block found isapost
equal found dopost proc call


test slash rout
proc packet rout store block
equal packet data rout spec wrong rout spec
packet data rest rest data
proc block found
equal slash proc call


test index rout
proc packet rout store block index
equal index packet data rout spec wrong rout spec
packet data rest rest data
proc block found index
equal hello proc call


test regex rout
proc packet rout store block
equal packet data rout spec wrong rout spec
packet data rest rest data
proc block found
equal found proc call


test string regex
proc packet rout store block
equal packet data rout spec wrong rout spec
packet data rest rest data
proc block found
equal found proc call


test regex string
proc packet rout store block
equal packet data rout spec wrong rout spec
packet data rest rest data
proc block found
equal found proc call


test regex block string
proc packet rout store block
equal packet data rout spec wrong rout spec
packet data rest rest data
proc block found
equal found proc call


test regex string
proc packet rout store block
equal packet data rout spec wrong rout spec
packet data rest rest data
proc block found
equal found proc call


test rout var
proc packet rout store block 1138
equal packet data rout spec wrong rout spec
packet data rest rest data
packet var
proc block found 1138
equal found proc call
equal
equal 1138


test rout var
proc packet rout store block 1138
packet data rest rest data
packet var
proc block found 1138
equal 1138


test full regex
proc packet rout store block
equal packet data rout spec wrong rout spec
packet var
equal found proc call
equal
equal

proc packet rout store block 1138
equal packet data rout spec wrong rout spec
packet var
equal found mdend proc call
equal

proc packet rout store block
equal packet data rout spec wrong rout spec
packet var
equal found m1end proc call
equal

rout store block 1138 found block rout 1138
rout store block 1138 found block rout 1138
rout store block 1138 found block rout 1138

proc packet rout store block
equal packet data rout spec wrong rout spec
packet var
equal found proc call
equal
equal

proc packet rout store block
equal packet data rout spec wrong rout spec
packet var
equal found x1x2 proc call
equal
equal

rout store block found block rout


test rest
proc packet rout store block bret
equal bret packet data rout spec wrong rout spec
equal index packet data rest rest action wrong rest action

proc packet rout store block bret
equal bret packet data rout spec wrong rout spec
equal show packet data rest rest action wrong rest action
equal packet var wrong rest valu

proc packet rout store block bret
equal bret packet data rout spec wrong rout spec
equal show packet data rest rest action wrong rest action
equal packet var wrong rest valu

proc packet rout store block bret xnewx
equal bret packet data rout spec wrong rout spec
equal show packet data rest rest action wrong rest action
equal xnewx packet var wrong rest valu

proc packet rout store block bret
equal bret packet data rout spec wrong rout spec
equal packet data rest rest action wrong rest action

proc packet rout store block bret post
equal bret packet data rout spec wrong rout spec
equal creat packet data rest rest action wrong rest action

proc packet rout store block bret edit
equal bret edit packet data rout spec wrong rout spec
equal edit packet data rest rest action wrong rest action
equal packet var wrong rest valu

proc packet rout store block bret
equal bret packet data rout spec wrong rout spec
equal updat packet data rest rest action wrong rest action
equal packet var wrong rest valu

proc packet rout store block bret delet
equal bret packet data rout spec wrong rout spec
equal delet packet data rest rest action wrong rest action
equal packet var wrong rest valu

proc packet rout store block bret anita
equal bret anita packet data rout spec wrong rout spec
equal index packet data rest rest action wrong rest action

proc packet rout store block bret anita
equal bret anita packet data rout spec wrong rout spec
equal show packet data rest rest action wrong rest action
equal packet var wrong rest bret valu
equal packet var wrong rest anita valu



test match
rout store block r123x found block rout r123x
rout store block s123x found block rout s123x
rout store block t123x found block rout t123x
rout store block found block rout



helper

applic test test unit test case
test applic path inherit
pakyow configur applic path test path


test applic path accur window
equal test applic pars path caller test test applic test test applic


test applic run
test
equal run


test stage run
test
stage


test applic run config
test
equal pakyow configur auto reload
equal pakyow configur error browser

test product
equal pakyow configur auto reload
equal pakyow configur error browser
equal 8000 pakyow configur server port


test applic stage
stage test
equal run


test detect stage applic
stage test
equal stage


test applic stage config
stage test
equal pakyow configur auto reload
equal pakyow configur error browser

stage test product
equal pakyow configur auto reload
equal pakyow configur error browser
equal 8000 pakyow configur server port


test base config return
equal pakyow configur base config


test configur store
stage test
configur test


test error handler creat control action pair
stage test
rout block evalu pakyow handler store h404
equal applic control request control name
equal handl request action


test error handler creat block
stage test
equal proc pakyow handler store h500


test initi

pakyow
test
equal test applic pakyow


test handler creat
test

todo figur test middlewar
equal rack file pakyow handler
equal configur base pakyow handler root


test present avail
pakyow present
present
equal test present pakyow present


test halt
test


halt halt execut work properli
pakyow halt

halt


equal halt


test handler call file exist
test


path info applic test


pakyow call

todo figur test middlewar
equal pakyow


test load request mode
todo


test cooki avail
todo


test present present
todo


test fact assert match
todo


test respons bodi present interrupt
todo


test error handl
todo


test error handl
todo


test send file
todo


test send data
data
type text
file


pakyow send data data type

halt


equal halt
equal data pakyow respons bodi
equal type pakyow respons header content type

send file name

pakyow send data data type file

halt


equal attach filenam file pakyow respons header content disposit


test redirect
locat


pakyow redirect locat

halt


equal halt
equal pakyow respons statu
equal locat pakyow respons header locat


test perman redirect
locat


pakyow redirect locat

halt


equal halt
equal pakyow respons statu
equal locat pakyow respons header locat


test rout registr
regist rout


test post rout registr
regist rout post


test rout registr
regist rout


test delet rout registr
regist rout delet


test rout registr
test

control test control
action test action
block proc

regist noth

pakyow
pakyow rout store block


regist control

pakyow control
rout block evalu pakyow rout store block
equal control request control name
equal configur action request action


regist control action

pakyow control action
rout block evalu pakyow rout store block
equal control request control name
equal action request action


regist block

pakyow
pakyow rout store block


test rest action
pakyow rest action
action index
equal method
suffix
action show
equal method
equal suffix
action
equal method
equal suffix
action creat
equal post method
suffix
action edit
equal method
equal edit suffix
action updat
equal method
equal suffix
action delet
equal delet method
equal suffix




todo figur test
test rest rout registr
test

test
control test control
model test model

pakyow rest control model

pakyow rout rout
equal control rout control
rout block

opt pakyow rest option action rout action
rest
rest file join rest opt suffix opt suffix
equal rest rout rout
equal rout method opt method



todo figur test
test nest rest rout registr
test

test
control test control
model test model

nest nest
nest control nest control
nest model nest model

pakyow rest control model
pakyow rest nest nest control nest model


pakyow rout rout
skip nest rout know work previou test
rout control control

equal nest control rout control
rout block

opt pakyow rest option action rout action
rest nest
rest file join string util underscor model rest
rest file join rest opt suffix opt suffix
equal rest rout rout
equal rout method opt method





reset
test applic reset reset


regist rout method
test

rout
control test control
action test action
block proc

pakyow send method rout
pakyow rout store block rout method


pakyow send method rout control
rout block evalu pakyow rout store block rout method
equal control request control name
equal configur action request action


pakyow send method rout control action
rout block evalu pakyow rout store block rout method
equal control request control name
equal action request action


pakyow send method rout
pakyow rout store block rout method


test path
file join test test applic



test present
load


content


evalu rout block keep method call made

rout block evalu
initi block arg
instanc exec block arg


request
request request


method miss method arg
put method


helper

request test test unit test case
test rack request
rack request pakyow request superclass


test path call path info
equal request path request path info


test method proper format
equal request method


test split
equal request path part length
equal request path part


test refer split
equal request refer part length
equal request refer part




request
pakyow request path info request method http refer rack input


helper

stringio

log test test unit test case
test consol
stdout string io

enter

thi test handler call todo
equal stdout string strip


test file
configur base test
enter

file exist test request

thi test pass everi todo
equal file test request read split

file util test request


rubygem
test unit


pakyow core

test applic
test handler
test model
test present
test control
string util test
rout block evalu
thi use loader test test reload object
reload

libdir file dirnam file
load path unshift libdir load path libdir

gem
nokogiri

base
present base
present

present present
present configur base
present helper
pakyow
present
bind
attr accessor bindabl
attr reader bind map

gener helper

name block
func name block block
func name


block
bind block


initi block
func
bind
instanc exec block block


bind name func block
bind name func block


valu prop prop
map alway overrid scope
map
binder kernel map bindabl
binder valu prop prop
bind bind prop
bind ariti

instanc exec bind

instanc exec bindabl prop bind



bindabl prop



merg bind instanc hash bind
merg bind
bind hash
bind bind merg bind
bind
bind bind bind merg bind
map bind map bind map





klass
todo make sure klass subclass binder
map klass


klass must subclass binder
set flag indic map
valu prop check flag call binder like





pakyow
helper
present
pakyow present current context
pakyow present


bind name
present bind name bind


view
present view



pakyow
present
view

attr accessor binder view path root view

view store
pakyow present current view store


binder scope scope bindabl
bind pakyow present bind scope
bind bindabl bindabl
bind


view path dirv
view path
root view dirv


close
area base basefont input link meta


form field
input select textarea button


without valu
select


path view path
view store root path view path
compil view path


root path view path
view store root path view path




attr accessor scope scope
attr writer bind



scope scope



initi root view
view path view path
root view root view root view

nokogiri element nokogiri document nokogiri html document fragment

pakyow present view collect
first
pakyow present view

string
view path view store real path

parser
format view path split
content pars content file read view path format

root view
nokogiri html document pars content

nokogiri html fragment content


argument error view come back year



compil view path
view info view store view info view path
popul view view info view


pars content content format

pakyow present parser store format call content

warn parser defin extens format format html
content



titl titl

titl first
inner html nokogiri html fragment titl

head first
child nokogiri html fragment titl titl titl





titl
titl first
inner html


html contain
contain
configur present contain attribut contain first
inner html




html



html

allow multipl attribut
root view find selector attribut style style

attribut arg
arg
attribut

todo mass assign attribut still want
todo instead combin bind attribut


arg
previou method attribut


arg pair name valu
previou method attribut
send name valu




attr attribut

remov
remov


delet remov

todo replac differ syntax view attribut remov

strip


remov
gsub strip






clear
blank
inner html


text
inner text


content
inner html


html content

content content
inner html nokogiri html fragment content


html content

append view
child view


view
view


view
view


scope name
name name

view view collect
bind select scope name
view path path
bind bind child view
scope scope

view


view


prop name
name name

view view collect
bind bind
bind prop prop
prop prop name
view path prop path
bind bind child view

view




view


call
view block

creat context view manipul perform

unlik previou version context referenc
block argument context method avail





call
view datum block

yield view match dataum thi driven view
mean datum yield view avail
singl view view datum pair yield

basic bret

data block
data data data instanc array
block call data


call
match data view collect

return view collect object manipul match data
singl view view collect collect consist copi
data length

match data
data data data instanc array

view view collect
data datum



view
bind bind
todo view scope

view


remov
view


call
repeat data view datum block

match data yield view datum pair

repeat data block
match data data block


call
bind data

bind data across exist scope

bind data bind block
scope bind first

binder view binder scope scope scope data
binder merg bind

bind data scope data scope binder
data block given


call
appli data

match data bind data view

appli data bind block
view match data bind data bind block


contain name
match contain select name name

view collect
match view path path



contain
contain find contain


bind
bind find bind




content contain content contain
content content content string content nokogiri html document fragment content nokogiri element
contain child content


reset contain contain
contain inner html



popul root view use view store data recurs build
substitut child view name structur
popul view root view view info
root view contain
path view info name

popul view view path view info
reset contain
content contain

root view


return hash contain name
find contain
element
travers
name attr configur present contain attribut
element name name path path


element


return hash describ scope
find bind
bind
breadth first
scope configur present scope attribut

find prop
prop
breadth first
deeper scope
configur present scope attribut

prop configur present prop attribut
prop prop prop path path


bind scope scope path path prop prop


determin nested current unus leav need
bind
nest
bind
path path
path path
nest ancestor


nest scope nest


bind


bind child view child
child path path child
child path child path length
child bind

bind bind
want path within child path
child path bind path
updat path rel child
marshal load marshal dump bind

concat prop
path path child path


child bind



child bind


breadth first
queue
queue
node queue shift
node
queue concat node children



path child
path

path child

child ancestor
sinc ancestor goe root stop level
children

path unshift children index child
child


path


path path


path
path

path
child children
child








view path path
view path path


bind data scope data scope binder
data

scope prop
prop
binder binder valu prop data

path path

handl form field
bind form field scope binder view form field name

bind attribut valu
hash bind attribut bind valu



bind valu valu
valu

name
view without valu
view close valu valu inner html valu


bind attribut attr
attr attr
bind valu attr content

attr attr
call attr proc
remov attribut attr attr



todo refactor option
bind form field scope prop valu binder
name name

name form element
name scope scope prop

special bind checkbox radio button
name input type checkbox type radio
valu valu valu valu
check check

delet check


coerc string sinc boolean often use
fail bind view
valu valu
special bind select
name select binder option binder fetch option prop
option node nokogiri html document fragment pars
nokogiri html builder option node
option length
optgroup
option index

contain valu content
array
option valu
option delet
like object string start group

optgroup label
option delet

option index
start group
optgroup array

option valu
option delet









child option node


select appropri option
option valu valu first
select select






present view lookup store
present view
present lazi view
present view collect
present binder
present view context
present attribut
present bind

pakyow
present


pakyow
present
view collect
enumer

initi
view



view


attribut arg
collect attribut collect
collect attribut
collect


attr attribut

remov
remov


delet remov

comment view




comment view
remov
remov


clear
clear


text
text


content
content


html content

content content
content content


html content

html
html join


html

append content
append content


render append


view
view




view


length
view length


scope name
view view collect

scope name
view


view


call
view block

creat context view manipul perform

unlik previou version context referenc
block argument context method avail





call
view datum block

yield view match dataum datum yield
view data avail view collect
mean block yield length time

basic bret

data block
data data data instanc array
index
datum data
block call datum



call
match data view collect

return view collect object manipul match data
view collect return view collect collect consist copi
data index data length

match data
data data data instanc array

view view collect
data index datum


view last






view

find bind subset keep refind
bind bind

view


remov
view


call
repeat data view datum block

match data yield view datum pair

repeat data block
match data data block


call
bind data

bind data across exist scope

bind data bind block
data view datum
view bind datum bind
view datum block given



call
appli data

match data bind data view

appli data bind block
match data bind data bind block




pakyow
present
attribut
type
select check disabl readonli multipl
multipl


initi view
view view


method miss method arg
attribut method

method
attribut attribut gsub
valu arg

attribut attribut valu

attribut attribut



arg
method miss arg


arg
method miss arg




attribut attribut valu
type type attribut attribut

valu valu call deconstruct attribut valu type view attribut type valu proc
valu construct attribut valu type valu type attribut

valu
view remov attribut attribut

view attribut valu



attribut attribut
deconstruct attribut valu type view attribut type attribut attribut


type attribut attribut
attribut attribut

type attribut
multipl type multipl attribut
singl


deconstruct attribut valu type valu type
valu type singl
valu split type multipl
valu type


construct attribut valu type valu type attribut
valu type singl
valu join type multipl

valu
valu attribut type



attribut collect
enumer

initi
attribut


attribut
attribut attribut


method miss method arg
attribut send method arg




pakyow
present
present present base

attr accessor proc


attr accessor current context parser store

initi
reset state
reset bind


scope name block
bind

bind block
bind name



bind scope
todo think merg launch instead
bind inject bind merg scope


reset bind
bind
bind


current view store
view lookup store



method call core thi core expect present


load
load view

reset bind
instanc present proc present proc


prepar request request
reset state
request request

request request rout path request rout path regexp request rout path index
view path string util remov rout var request rout path

view path request request work path

root path view lookup store root path view path


reset
request
reset state


present
todo right thing
root view built

present


content
view
request contain request param contain request
view html request contain request contain
view html contain name



method control call modifi root view
some meant call directli make modif


call directli


view path path root view klass view
real path view lookup store real path path
klass real path root view


view view path overrid
view path path overrid view root view view path overrid
view path view view path view root view view


view
root view built
root view


view
todo import
root view view
root view built
present

reset path
view path
root path


root
compil
root view root path root path


root
compil
root


limit contain
contain name


view path
view path


view path path
compil
view path path


root path
root path


root path path
compil
root
root path path


call part view manipul


contain contain block
view find contain first
view context instanc exec block



use lazi view


root view built
build root view root view built






reset state
present
root path
root view built
root view
view path
contain name


build root view
root view built

view path

view info view lookup store view info
root path view info root view

configur base present view cach
popul root view cach root path
popul view lazi view root path view info view

root view
present

root view popul view lazi view root path view info view
present



rest view path rest info
rest info rest action show
string util remov rout var request rout spec show

string util remov rout var request rout spec



load view
view lookup store view lookup store configur present view
configur base present view cach
popul root view cach build root view cach view lookup store view info



build root view cach view info
cach pakyow cach
view info info
lazi view info root view
popul view info view
info root view
cach

cach


popul view use view store data recurs build
substitut child view name structur
popul view view view
view contain
path view name

popul view view path view
reset contain
content contain

view


parser format block
parser store
parser store format block


content contain content contain
content content content string content nokogiri html document fragment content nokogiri element
contain child content


reset contain contain
contain inner html





pakyow
present
view lookup store

view store hash structur

view dir
rout
root view path root view
view
view1 name path view1
view2 name path view2


rout
root view path root view
view
view1 name path view1
view2 name path view2



path
path file html real path root1 path file html file file
path real path root1 path root2 file


thi take account view directori root suffix
thi determin root view rout rout
rout suffix path view

attr reader view

initi view
view store view dir path
file exist view

view view

wack begin
view view

make variabl chang whether store rel absolut path view
absolut path prefix view store absolut path

view view basenam path view html
file exist view
root view file path absolut path prefix configur present view
logic depend travers
dir util walk view vpath
file directori vpath
parent rout pakyow path rout parent vpath view
root view parent rout overrid
view copi parent view
rout root path view store view dir parent view store view dir parent root view root view file path
rout view view store view dir parent deep hash view store view dir parent view deep hash view
rout overrid root view
rout part root part string util split last vpath
root part root part
rout part root part vpath

root part
file exist vpath root part html
rout root path vpath root part html absolut path prefix
rout view root part
rout root path rout view root part

configur base mode
warn root view root part referenc vpath absolut path prefix found

error root view root part referenc vpath absolut path prefix found
root view root part referenc vpath absolut path prefix found



view store view dir rout

root view rout root path
view rout view

path
rout


file join view vpath absolut path prefix

view store path rout real path file
duplic real path rout permut lead trail slash
permut rout rout view store path real path file rout

file direct overrid rout view
parent rout pakyow path rout parent vpath view file
view file basenam vpath
view store view dir rout
view store view dir rout deep hash view store view dir parent

view store view dir rout view view vpath absolut path prefix
view overrid root view
file basenam view store view dir rout root view view
view store view dir rout root view vpath absolut path prefix

path file
duplic real path rout without lead slash
file join view vpath absolut path prefix
rout
view store path file basenam vpath real path file file
view store path file basenam vpath real path file file

rout lead slash rout file basenam vpath
rout without lead slash rout lead slash
view store path rout lead slash real path file file
view store path rout without lead slash real path file file





adjust view store index entri overrid parent
view store view dir pair rout info
file basenam rout index
parent file dirnam rout
view store view dir parent info

adjust view store entri index counterpart miss
index counterpart
view store view dir pair rout info
file basenam rout index view store view dir rout index
rout
index counterpart index info

index counterpart rout index info


index counterpart pair rout info
view store view dir rout info

duplic info combin rout without lead end slash
current key lead slash trail slash
slash permut
view store view dir pair route0 info
route0
route1 route2 route3 permut rout route0
slash permut route1 info
slash permut route2 info
slash permut route3 info


slash permut pair rout info
view store view dir rout info



view info rout
rout
view store view dir rout

view store view dir



real path info path
path
view store path path

view store path



real path path
view store path path real path view store path path


root path path
view store view dir path root view view store view dir path




path form prefix path rout root1 overrid root2 root
return path without root view part
pakyow path rout parent path path prefix file
path path prefix
rout path path path prefix
rout path
file file
string util split last rout path

rout
parent
segment rout path split
segment index
segment length file file
rout part string util split last
rout rout part
segment length file file segment length file
parent rout part

parent parent
parent rout


gonna marshal
chang later need sinc need work
hash symbol string hash
deep hash
marshal load marshal dump


take rout lead slash trail slash rout
return three permut rout rout rout
permut rout route0
route3 route0
route2 route3
route1 route0
route1 route2 route3





pakyow
present
lazi view view

html arg
pakyow present root view built



content contain arg
pakyow present root view built



find arg
pakyow present root view built



repeat arg block
pakyow present root view built



reset contain arg
pakyow present root view built



titl arg
pakyow present root view built



bind arg
pakyow present root view built






pakyow
present
binder
pakyow gener helper


attr accessor option

binder arg
view binder
arg klass view binder klass


option arg
option option
option arg arg



attr accessor bindabl

initi bindabl
bindabl bindabl


valu prop prop
method defin prop send prop bindabl prop


fetch option attribut
option
option option attribut
option array option hash
option send option


option






pakyow
present
view context
helper

initi context
context context



context
context


method miss method arg
pakyow present current context send method arg




pakyow
configur
autoload present present configur present

base
fetch server configur
present
configur present




pakyow
configur
present

attr accessor view cach javascript stylesheet view view
scope attribut prop attribut contain attribut

locat javascript
javascript
javascript javascript


locat stylesheet
stylesheet
stylesheet stylesheet


view
view configur base root view


view cach
view cach


view
view pakyow html


scope attribut
scope attribut data scope


prop attribut
prop attribut data prop


contain attribut
contain attribut data contain






helper

contact struct full name email


view bind test test unit test case
bind hash view
view creat view string
contact
span itemprop full name john span
itemprop email john exampl


data full name jugyo kohno email jugyo exampl
view bind data

equal data full name view contact span first content
equal data email view contact first content


bind object view
view creat view string
contact
span itemprop contact full name john span
itemprop contact email john exampl


data contact jugyo kohno jugyo exampl
view bind data

equal data full name view contact span first content
equal data email view contact first content


bind object view type
view creat view string
contact info
span itemprop contact info full name john span
itemprop contact info email john exampl


data contact jugyo kohno jugyo exampl
view bind data contact info

equal data full name view contact info span first content
equal data email view contact info first content


bind object view use name attribut
view creat view string
form contact
input type text name contact full name valu john
input type text name contact email valu john exampl
input type submit valu submit
form

data contact jugyo kohno jugyo exampl
view bind data

equal data full name view input name contact full name attr valu valu
equal data email view input name contact email attr valu valu




creat view string string
nokogiri html document pars string
view root


helper

view composit test test unit test case

setup
configur base present view test view
present pakyow present present
present load


teardown
noth


test view index
present view view path index pakyow
equal should never thi find main first content


test view index deep
present view view path index pakyow
equal index main find main first content


test view
present view view path anoth
equal foot find foot first content


test view
present view view path
equal main find main first content


test view
present view view path
equal main find main first content


test view
present view view path main
content start root main



helper

present view test test unit test case

setup
configur present view test view
present pakyow present present
present load


teardown
noth


test view index
present view view path index main
equal index main content


test view index root
present view view path index approot
equal approot titl


test full view index root
present view full view path index main html
equal index main content
present view full view path index
equal approot titl
equal find main content
present view full view path index
equal approot titl
equal index main find main content


present view full view path
equal titl
equal main find main content
present view full view path
equal titl
equal find main content

present view full view path index
equal titl
equal main find main content
present view full view path index
equal titl
equal find main content

present view full view path
equal titl
equal main find main content
present view full view path
equal titl
equal find main content


present view full view path
equal titl
equal index main find main content
present view full view path
equal titl
equal find main content

present view full view path index
equal titl
equal index main find main content
present view full view path index
equal titl
equal find main content

present view full view path
equal titl
equal main find main content
present view full view path
equal titl
equal find main content



helper

view scope test test unit test case

setup
view creat view string
data scope post
data scope comment
data scope comment




teardown
noth


test singl scope found
equal view scope post length
equal view scope post length


test multipl scope found
equal view scope comment length


test nest scope found
equal view scope post scope comment length


test invalid scope found
view scope fail




creat view string string
view nokogiri html fragment string



rubygem
test unit

shoulda

file expand path pakyow core pakyow core file
pakyow present
helper

view lookup store test test unit test case

setup
store view lookup store test view


teardown
noth


test
equal pakyow html store view info root view wrong root view
equal index html store view info root view wrong root view
equal index html store view info index root view wrong root view index
equal html store view info root view wrong root view
equal html store view info root view wrong root view

equal main html store view info view main wrong main html view path
equal main html store view info view main wrong main html view path
equal main html store view info index view main wrong main html view path index
equal main html store view info view main wrong main html view path


test
equal pakyow html store view info root view wrong root view
equal html store view info root view wrong root view
equal html store view info index root view wrong root view index
equal html store view info root view wrong root view
equal html store view info root view wrong root view

equal main html store view info view main wrong main html view path
equal index main html store view info view main wrong main html view path
equal index main html store view info index view main wrong main html view path index
equal main html store view info view main wrong main html view path


test real path lookup
store real path should find real path path
store real path should find real path

equal store real path wrong real path

equal approot html store real path approot html wrong real path approot html
equal approot html store real path approot html wrong real path approot html
equal main html store real path main html wrong real path main html
equal main html store real path main html wrong real path main html
equal pakyow html store real path pakyow html wrong real path pakyow html
equal pakyow html store real path pakyow html wrong real path pakyow html
equal sidebar html store real path sidebar html wrong real path sidebar html
equal sidebar html store real path sidebar html wrong real path sidebar html

equal index approot store real path index wrong real path index
equal index approot store real path index wrong real path index
equal index approot store real path index wrong real path index
equal index approot store real path index wrong real path index
equal index approot main html store real path index main html wrong real path index main html
equal index approot main html store real path index main html wrong real path index main html

equal anoth store real path wrong real path
equal anoth store real path wrong real path
equal anoth store real path wrong real path
equal anoth store real path wrong real path
equal anoth anoth html store real path anoth html wrong real path anoth html
equal anoth anoth html store real path anoth html wrong real path anoth html

equal anoth store real path wrong real path
equal anoth store real path wrong real path
equal anoth store real path wrong real path
equal anoth store real path wrong real path
equal anoth anoth html store real path anoth html wrong real path anoth html
equal anoth anoth html store real path anoth html wrong real path anoth html

equal store real path wrong real path
equal store real path wrong real path
equal store real path wrong real path
equal store real path wrong real path
equal sidebar html store real path sidebar html wrong real path sidebar html
equal sidebar html store real path sidebar html wrong real path sidebar html


test slash
store view info rout
equal approot html store view info root view wrong root view

equal index approot main html store view info view main wrong main html view path
equal sidebar html store view info view sidebar wrong sidebar html view path
equal approot html store view info view approot wrong approot html view path


test index
store view info index rout index
store view info index rout index
store view info index rout index
store view info index rout index
equal approot html store view info index root view wrong root view index

equal index approot main html store view info index view main wrong main html view path index
equal sidebar html store view info index view sidebar wrong sidebar html view path index
equal approot html store view info index view approot wrong approot html view path index


test
store view info rout
store view info rout
store view info rout
store view info rout
store view info index rout index
store view info index rout index
store view info index rout index
store view info index rout index
equal anoth anoth html store view info root view wrong root view
equal anoth anoth html store view info index root view wrong root view index

equal main html store view info view main wrong main html view path
equal main html store view info index view main wrong main html view path index
equal sidebar html store view info view sidebar wrong sidebar html view path
equal sidebar html store view info index view sidebar wrong sidebar html view path index


test
rout overridden root view rout
store view info rout
store view info rout
store view info rout
store view info rout
store view info index rout index
store view info index rout index
store view info index rout index
store view info index rout index
equal anoth anoth html store view info root view wrong root view
equal anoth anoth html store view info index root view wrong root view index

equal main html store view info view main wrong main html view path
equal main html store view info index view main wrong main html view path index
equal sidebar html store view info view sidebar wrong sidebar html view path
equal sidebar html store view info index view sidebar wrong sidebar html view path index
equal anoth anoth html store view info view anoth wrong anoth html
equal anoth anoth html store view info index view anoth wrong anoth html index
equal approot html store view info view approot wrong approot html
equal approot html store view info index view approot wrong approot html index


test
store view info rout
store view info rout
store view info rout
store view info rout
store view info index rout index
store view info index rout index
store view info index rout index
store view info index rout index
equal pakyow html store view info root view wrong root view
equal pakyow html store view info index root view wrong root view index

equal main html store view info view main wrong main html view path
equal main html store view info index view main wrong main html view path index
equal sidebar html store view info view sidebar wrong sidebar html view path
equal sidebar html store view info index view sidebar wrong sidebar html view path index



rel support
rel support
rel support
rel support file
rel support hash
rel support string
