doctyp html
html
head
meta charset
meta name viewport content width devic width
titl peiti bull progress donut line chart titl
link href doc style stylesheet
script test jqueri script
script jqueri peiti script
script

just default
span peiti
donut peiti donut
line peiti line
peiti

colour peiti
fill green blue


colour peiti
fill valu
valu green



colour peiti
fill
pars int length




colour peiti
fill cyan magenta yellow black


colour peiti
fill
pars int length




use attribut
attribut span peiti donut

simpl event exampl
select chang
text


sibl span graph
text text
chang

notic text chart updat text
chang

span graph peiti

updat chart
updat chart updat chart peiti line width

set interv
random math round math random
valu updat chart text split
valu shift
valu push random

updat chart
text valu join
chang
1000

script
script text javascript

push set account 117680
push track pageview


document creat element script text javascript async
http document locat protocol http http googl analyt
document get element by tag name script parent node insert befor

script
head
bodi
contain
peiti

ifram http ghbtn github html user benpickl repo peiti watch count
allowtranspar framebord scroll width height ifram

ifram http ghbtn github html user benpickl repo peiti fork count
allowtranspar framebord scroll width height ifram

peiti sound like deiti simpl href http jqueri j queri
plugin convert element content simpl code code
mini span span
donut span donut span
line span line span
chart span span
compat browser support code code
chrome firefox opera safari



read href chart chart
href donut chart donut chart
href line chart line chart
href chart chart
href attribut attribut
href dynam colour set colour dynam
href updat chart updat chart
href custom chart custom chart
href event event
href default set
href changelog changelog



download span version version span


uncompress span size span
href jqueri peiti jqueri peiti
minifi span size span gzip span size span
href jqueri peiti jqueri peiti
sourc
href http github benpickl peiti github benpickl peiti


href http github benpickl peiti fork http amazonaw github ribbon forkm right darkblu 121621 fork git hub

chart chart

simpli call code peiti code j queri select there
subtli differ chart semant delimit assum
mean three five first valu drawn
otherwis valu includ chart total
valu

also code delimit code code fill code
code height code code radiu code code width code
option pass radiu correct width height
alway circl fit avail space


span span
span span
span span
span span
span span
span span
span span


exampl
html

code html span quot quot span
span quot quot span
span quot quot span
span quot quot span
span quot quot span
span quot quot span
span quot quot span code

java script

code javascript span peiti code


donut chart donut chart

donut chart href chart chart take option
ad code inner radiu code option default half radiu


span donut span
span donut span
span donut span
span donut span
span donut span
span donut span
span donut span


exampl
html

code html span quot donut quot span
span quot donut quot span
span quot donut quot span
span quot donut quot span
span quot donut quot span
span quot donut quot span
span quot donut quot span code

java script

code javascript donut peiti donut code


line chart line chart

line chart work comma separ digit line chart
take follow option code delimit code code fill code
code height code code code code code
code stroke code code stroke width code code width code


span line span
span line span
span line span


exampl
html
code html span line span
span quot line quot span
span quot line quot span code

java script
code javascript line peiti line code


chart chart

chart work line chart take follow
option code delimit code code fill code code height code
code code code code code pad code
code width code


span span
span span
span span


exampl
html
code html span span
span quot quot span
span quot quot span code

java script
code javascript peiti code


attribut attribut

data attribut use custom set chart option
explicitli pass code peiti code take preced
attribut

attribut
span peiti fill eeeeee inner radiu radiu span
span peiti fill orang eeeeee inner radiu radiu span
span peiti fill yellow eeeeee inner radiu radiu span
span peiti fill green eeeeee inner radiu radiu span
span peiti fill blue eeeeee inner radiu radiu span
span peiti fill indigo eeeeee inner radiu radiu span
span peiti fill violet eeeeee inner radiu radiu span


exampl
html

code html quot attribut quot
span peiti quot fill quot quot quot quot eeeeee quot quot inner radiu quot quot radiu quot span
span peiti quot fill quot quot orang quot quot eeeeee quot quot inner radiu quot quot radiu quot span
span peiti quot fill quot quot yellow quot quot eeeeee quot quot inner radiu quot quot radiu quot span
span peiti quot fill quot quot green quot quot eeeeee quot quot inner radiu quot quot radiu quot span
span peiti quot fill quot quot blue quot quot eeeeee quot quot inner radiu quot quot radiu quot span
span peiti quot fill quot quot indigo quot quot eeeeee quot quot inner radiu quot quot radiu quot span
span peiti quot fill quot quot violet quot quot eeeeee quot quot inner radiu quot quot radiu quot span
code
java script

code javascript quot attribut span quot peiti quot donut quot code


dynam colour set colour dynam

donut chart colour defin dynam base
valu chart when pass valu cycl
pass call valu allow defin
segment colour callback invok valu
index full valu callback
code href http develop mozilla doc java script refer global object array for each descript array for each code


span colour span
span colour span
span colour span
span colour span
span colour span


exampl
html
code html span colour span
span quot colour quot span
span quot colour quot span
span quot colour quot span
span quot colour quot span code

java script
code javascript colour peiti
fill green blue


colour peiti
fill valu
valu green



colour peiti
fill
pars int length




colour peiti
fill cyan magenta yellow black


colour peiti
fill
pars int length


code


updat chart updat chart

chart updat chang j queri select text content
call code chang code chart redrawn
option origin pass


span updat chart span


exampl
html
code html span updat chart span code

java script
code javascript updat chart updat chart peiti line width

set interv
random math round math random
valu updat chart text split
valu shift
valu push random

updat chart
text valu join
chang
1000 code


custom chart custom chart

custom chart regist peiti name
default custom chart draw call
option exist chart exampl

code javascript peiti custom
option default
opt
implement

code

event event

peiti add chang trigger graph element
updat regener chart trigger
code chang code



span graph span
select
option valu option
option valu option
option valu option
option valu option
option valu select option
option valu option
select


span graph span
select
option valu option
option valu select option
option valu option
option valu option
option valu option
option valu option
select


span graph span
select
option valu option
option valu option
option valu option
option valu select option
option valu option
option valu option
select



notic noth happen

exampl
html

code html

span graph span
select
option valu option
option valu option
option valu option
option valu option
option valu select option
option valu option
select


span graph span
select
option valu option
option valu select option
option valu option
option valu option
option valu option
option valu option
select


span graph span
select
option valu option
option valu option
option valu option
option valu select option
option valu option
option valu option
select



notic noth happen code

java script

code javascript select chang
text


sibl span graph
text text
chang

notic text chart updat text
chang

span graph peiti code


default default set

default overridden global like

code javascript peiti default
delimit
fill span style background ff9900 ff9900 span span style background fff4dd fff4dd span span style background ffd592 ffd592 span
height
radiu
width


peiti default donut
delimit
fill span style background ff9900 ff9900 span span style background fff4dd fff4dd span span style background ffd592 ffd592 span
height
inner radiu
radiu
width


peiti default line
delimit
fill span style background c6d9fd c6d9fd span
height


stroke span style background 4d89f9 4d89f9 span
stroke width
width


peiti default
delimit
fill span style background 4d89f9 4d89f9 span
height


pad
width
code

changelog changelog changelog

version 2015


code code hook use decor chart


version 2015


allow line chart fill line


version 2015


ensur donut inner radiu honour percentag dimens calcul radiu


version 2015


bring back chart read set attribut slightli differ set store code peiti code attribut json


version 2015


allow neg zero valu blow chart


version 2014


code code code code option


version 2014


j queri doesn’t like code code pass code attr code


version 2014


remov abil read option attribut
donut chart
switch code diamet code chart option code radiu code
expos intern use scale function outsid world
renam code code chart option code pad code specifi portion width present side


version 2014


chang make minifi version byte smaller


version 2014


argument calcul zero valu neg
ensur argument mean minimum calcul chart’ valu


version 2014


blow draw line chart zero


version 2014


misalign valu neg equal minimum


version 2014


ensur bar posit correctli chart valu equal minimum valu


version 2014


switch code canva code code code
updat j queri depend problem fetch code code element dimens firefox
renam code colour code code colour code option code fill code
renam code space code chart option code code
renam code stroke colour code line chart option code stroke code


version 2013


ensur line chart outlin spill canva


version 2013


easier target peiti creat canva element
percentag dimens code width quot quot code work


version 2013


refer code devic pixel ratio code thank href http github kcivey kcivey


version 2013


compon json bower
final j queri plugin registri href http plugin jqueri peiti http plugin jqueri peiti


version 2013


multipl call code peiti code element updat exist chart rather creat
zero valu chart present singl pixel


version 2012


space bar configur
chart form segment
colour chart dynam base valu
write intern actual code canva code element creat code wrap inner code longer use contain everyth separ code span code
peiti automat read attribut pass option instanti chart href http github buunguyen buunguyen


version 2012


workaround linux chrome draw full circl zero start angl


version 2012


line chart support neg number


version 2011


renam radiu diamet
allow line chart stroke
support i phone retina display


version 2011


line graph singl valu show straight line instead noth


version 2011


allow option pass call code code valu element question


version 2011


numer zero drawn instead noth href http github munikho munikho


version 2011


remov littl border appear around slice slice darker colour plate href http github munikho munikho


version 2011


tweak minif


version 2010


blow code canva code support


version 2010


quot stroke width quot option line chart
quot quot option line chart type


version 2010


line graph type expos ad href http github ismasan ismasan


version 2010

first offici version thank href http github ismasan ismasan href http github olivernn olivernn ad support quot chang quot make work firefox respect

birthday 2009

work


footer

copi 2009 2015 href http benpickl pickl
href http github benpickl peiti blob master licenc licenc

footer

bodi
html
