libdir file dirnam file
load path unshift libdir load path libdir

libdir task rake sort task load task
depend
pakyow core
pakyow present
pakyow mailer


depend


argv first help argv first
put file open file join path command usag consol read

unshift


pakyow stage argv first

reload
put reload
pakyow reload



argv clear
start

argv first help argv first
put file open file join path command usag server read

unshift



valid arg
port argv index
argv port
pakyow config server port argv port
argv delet port
argv delet port

valid arg

port argv index port
pakyow config server port argv port gsub port
argv delet port


valid arg
pakyow argv first

put file open file join path command usag server read


fileutil

pakyow
gener
app gener

start
argv first
help
put file open file join path command usag read

gener argv first
gener build




initi dest
file expand path file templat
dest dest


build
put gener project dest

file directori dest entri dest
copi

argv clear
folder dest would like popul anyway

get chomp
copi

put abort




exec
put done dest pakyow server start




copi file dest
copi
file util dest


perform setup bundl instal
exec
file util dest
put run bundl instal
system bundl instal





