python

path insert path abspath path dirnam file
flask testsuit main
main

flask


flask microframework python base werkzeug jinja good
intent licens

flask




flask flask
flask name

rout
hello
hello world

name main


easi setup




easi instal flask
python hello
run http localhost 5000

link


websit http flask pocoo
document http flask pocoo doc
develop version
http github mitsuhiko flask zipbal master flask


setuptool command setup

audit command
audit sourc code use py flake follow issu
name use defin use defin
name redefin without use

descript audit sourc code py flake
user option

initi option


final option





pyflak script pyflak flake
import error
audit requir py flake instal system


dir flask test
exampl directori
flaskr jqueryexampl minitwit
dir append path join exampl
todo test subdirectori
warn
dir
filenam listdir
filenam endswith filenam init
warn flake check path path join filenam
warn
audit finish total warn warn

problem found sourcecod

test

path append path join path dirnam file test
flask test suit
suit


setup
name flask
version
http github mitsuhiko flask
licens
author armin ronach
author email armin ronach activ
descript microframework base werkzeug jinja2
good intent
descript
packag flask
safe
platform
instal requir
werkzeug
jinja2

classifi
develop statu beta
environ environ
intend audienc develop
licens approv licens
oper system independ
program languag python
topic internet http dynam content
topic softwar develop librari python modul

cmdclass audit audit
test suit main test

code

flask log


implement log support flask

copyright 2010 armin ronach
licens licens detail


futur absolut

log get logger stream handler formatt get logger class debug


creat logger
creat logger given applic thi logger work
similar regular python logger chang effect log
level base applic debug flag furthermor
also remov attach handler
logger name

logger get logger class

debug logger logger
get effect level
debug debug logger get effect level

debug handler stream handler
emit record
stream handler emit record debug

handler debug handler
handler set level debug
handler set formatt formatt debug format
logger get logger logger name
logger handler
alreadi attach
logger handler
logger debug logger
logger add handler handler
logger
code

flask config


implement configur relat object

copyright 2010 armin ronach
licens licens detail


futur statement



errno

werkzeug string


config attribut object
make attribut forward config

init name
name name

type


config name

valu
config name valu


config dict
work exactli like dict provid way fill file
special dictionari there common pattern popul
config

either fill config config file

config pyfil yourconfig

altern defin configur option
call meth object provid path
load also possibl tell
provid configur valu
call

debug
secret develop
config object name

case load python file load modul
uppercas key ad config thi make possibl
lowercas valu config file temporari valu ad
config defin config key file
applic

probabl interest load configur
environ variabl point file

config envvar yourappl set

launch applic
environ variabl file want linux
export statement

export yourappl set path config file

window instead

param root path path file read rel when
config object creat applic
applic attr flask flask root path
param default option dictionari valu


init root path default
dict init default
root path root path

envvar variabl name silent
load configur environ variabl point
configur file thi basic shortcut nicer
error messag line code

config pyfil environ yourappl set

param variabl name name environ variabl
param silent want silent failur miss
file
bool abl load config otherwis

environ variabl name

silent

runtim error environ variabl
configur could
load variabl make
point configur file
variabl name
pyfil


pyfil filenam silent
updat valu config python file thi
behav file import
meth object

param filenam filenam config thi either
absolut filenam filenam rel
root path
param silent want silent failur miss
file

versionad
silent paramet

filenam path join root path filenam
config
file filenam

execfil filenam dict
io error
silent errno errno enoent errno eisdir

strerror unabl load configur file strerror

object


object
updat valu given object object
follow type

string object name import
actual object refer object use directli

object usual either modul class

just uppercas variabl object store config
exampl usag

config object yourappl config
yourappl config
config object config

load actual configur
rather configur default actual config load
meth pyfil ideal locat within
might instal system wide

param name object

isinst basestr
string

isupp
getattr

repr
name dict repr
code

flask exthook


redirect import extens thi basic make possibl
transit flaskext flask without
forc extens upgrad time

when user flask attempt
flask first fail
flaskext

switch packag pain
everybodi involv

thi use flask

copyright 2011 armin ronach
licens licens detail





extens import object
thi import redirect import submodul locat
thi make possibl transit flaskext name
newer flask name without peopl hard time


init choic wrapper
choic choic
wrapper wrapper
prefix wrapper
prefix cutoff wrapper count



name name
wrapper wrapper
choic choic




instal
meta path meta path

find fullnam path
fullnam startswith prefix


load fullnam
fullnam modul
modul fullnam
modnam fullnam split prefix cutoff prefix cutoff
path choic
realnam path modnam

realnam
import error
type valu info
sinc establish entri modul
seem redund recurs import
happen call move second time
second invoc still entri
fullnam modul
fake name succeed sinc
alreadi temporari entri modul dict
sinc succeed temporarili second
invoc creat fullnam entri
modul kill
modul fullnam

import traceback rerais otherwis
swallow choic skip frame
care
import traceback realnam
type valu

modul fullnam modul realnam
modnam
setattr modul wrapper modnam

import error name fullnam

import traceback import
walk traceback frame check frame
origin given import
abl appar someth went
wrong import fail


import frame import




import frame import
check singl frame import
frame global
name


name name

python behavior modul clean late
name show properli success
name import


some python verison clean modul earli
name point longer guess
filenam
filenam path abspath frame code filenam
test string path import replac path
test string filenam
test string path init filenam
code

flask global


defin object proxi current
activ context

copyright 2010 armin ronach
licens licens detail


functool partial
werkzeug local stack local proxi

lookup object name
request stack

runtim error work outsid request context
getattr name

context local
request stack local stack
current local proxi partial lookup object
request local proxi partial lookup object request
session local proxi partial lookup object session
local proxi partial lookup object
code

flask signal


implement signal base blinker avail otherwis
fall silent back noop

copyright 2010 armin ronach
licens licens detail

signal avail

blinker namespac
signal avail
import error
namespac object
signal name
fake signal name

fake signal object
blinker unavail creat fake
allow send signal fail
error anyth instead anyth send
ignor argument noth instead


init name
name name

fail arg kwarg
runtim error signal support unavail
blinker librari
instal
send
connect disconnect receiv receiv
temporarili connect fail
fail

code signal flask code
signal creat instead
signal namespac


core signal usag exampl grep sourcecod consult
document doc well doc signal
templat render signal signal templat render
request start signal signal request start
request finish signal signal request finish
request except signal signal request except
code

flask


implement repres blueprint

copyright 2010 armin ronach
licens licens detail


helper packag bound object endpoint view func


regist path
intern helper return record
regist send file
applic necessari also regist
applic

regist state
state modul name
regist rule folder
applic
state root path root path

path path
path
path state path
state prefix
path state prefix path
state rule path path filenam
endpoint name
view func send file
subdomain state subdomain
regist


modul setup state object

init prefix subdomain

prefix prefix
subdomain subdomain


modul packag bound object
contain object enabl pluggabl applic
use organ larger applic they repres blueprint
combin flask object use creat larg
applic

like applic bound name multipl
modul share name name
provid keep apart differ name use
rightmost part name use name

here exampl structur larger applic

myapplic
init
view
init
admin
frontend

myapplic init look like

flask flask
myapplic view admin admin
myapplic view frontend frontend

flask name
regist admin prefix admin
regist frontend

exampl view myapplic view admin

flask modul

admin modul name

admin rout
index


admin rout login
login


gentl introduct modul checkout
work modul section

versionad
path paramet ad possibl
modul refer templat file
modul resourc inform

versionad
subdomain paramet ad

param name name python
implement modul
param name intern name unless specifi
rightmost part name
param prefix option string use prefix
rule thi also specifi
regist applic
param subdomain use subdomain set rule
subdomain set
param path use specifi differ path
file default
thi affect folder file serv



init name name prefix
path subdomain
name
name name requir name
point submodul
name name rsplit
packag bound object init name
name name
prefix prefix
subdomain subdomain
view function
regist event regist path

rout rule option
like meth flask rout endpoint
func prefix name

decor
rule rule name option

decor

rule rule endpoint view func option
like meth flask rule endpoint
func prefix name

versionchang
endpoint argument option
name consist name
applic object

regist rule state
rule rule
state prefix
rule state prefix rule
option setdefault subdomain state subdomain
endpoint endpoint
endpoint
endpoint endpoint view func view func
state rule rule name
endpoint
view func option
record regist rule

endpoint endpoint
like meth flask endpoint
decor
view function endpoint

decor

request
like meth flask request thi
execut request handl


record request func
setdefault name append


request
like meth flask request such execut
request even outsid

record request func
setdefault append


request
like meth flask request thi
execut request handl


record request func
setdefault name append


request
like meth flask request such
execut request even outsid

record request func
setdefault append


context processor
like meth flask context processor thi
execut request handl

record templat context processor
setdefault name append


context processor
like meth flask context processor such
execut request even outsid

record templat context processor
setdefault append


errorhandl code
like meth flask errorhandl thi
handler use request even outsid

versionad

decor
record errorhandl code

decor

record func
regist event append func
code

flask templat


implement bridg jinja2

copyright 2010 armin ronach
licens licens detail

posixpath
jinja2 base loader templat not found

global request stack
signal templat render


templat processor
default templat context processor inject request
session

reqctx request stack
dict
config reqctx config
request reqctx request
session reqctx session
reqctx



dispatch jinja loader base loader
loader look templat applic
folder


init


sourc environ templat
templat posixpath normpath templat
templat startswith
templat not found templat
loader

name templat split
loader modul jinja loader
valu error key error

loader first
loader

loader sourc environ name
templat not found

fall back applic loader fail
jinja loader sourc environ templat

templat
result jinja loader templat
name modul iteritem
jinja loader
templat jinja loader templat
result append name templat
result


render templat context
render templat fire signal
templat render context
templat render send templat templat context context



render templat templat name context
render templat templat folder given
context

param templat name name templat render
param context variabl avail
context templat

request stack
updat templat context context
render jinja templat templat name
context


render templat string sourc context
render templat given templat sourc string
given context

param templat name sourcecod templat
render
param context variabl avail
context templat

request stack
updat templat context context
render jinja string sourc
context
code

flask test


implement test support helper thi lazili import
usual use product environ

copyright 2010 armin ronach
licens licens detail


werkzeug client environ builder
flask request stack


flask client client
work like regular werkzeug test client
knowledg flask work defer cleanup
request context stack bodi use
statement


preserv context context preserv

open arg kwarg
context preserv
request stack
context preserv
kwarg setdefault environ overrid
flask preserv context preserv context

tupl kwarg tupl
buffer kwarg buffer
follow redirect kwarg follow redirect

builder environ builder arg kwarg

applic config server name
server name applic config server name
server name
http host http port server name

http host http port server name split
builder base http localhost
default gener base
http port
builder host http host http port

builder host http host
request stack

client open builder
tupl tupl
buffer buffer
follow redirect follow redirect

context preserv request stack

enter
preserv context


type valu
preserv context
context preserv
request stack
code

flask session


implement cooki base session base werkzeug secur cooki
system

copyright 2011 armin ronach
licens licens detail


datetim datetim
werkzeug contrib securecooki secur cooki


session mixin object
expand basic dictionari accessor expect
flask extens user session


perman
perman

perman valu
perman bool valu

reflect perman dict
perman properti perman perman
perman perman

session backend tell session
necessarili guarante caution mixin
implement hardcod


backend alway backend
detect chang dictionari
chang happen mutabl structur session
mixin implement hardcod
modifi


secur cooki session secur cooki session mixin
expand session support switch perman
perman session



null session secur cooki session
class use gener nicer error messag session
avail will still allow read access session
fail set


fail arg kwarg
runtim error session unavail secret
secret
applic someth uniqu secret
setitem delitem clear popitem
updat setdefault fail
fail


session interfac object
basic implement order replac
session use werkzeug securecooki
implement method implement
meth open session meth save session other
use default need chang

session object return meth open session method
provid dictionari like plu properti method
session mixin recommend subclass dict
ad mixin

session dict session mixin


meth open session return flask call
meth make null session creat session act replac
session support cannot work requir
fulfil null session creat
complain secret

replac session applic
assign attr flask flask session

flask name
session my session interfac

versionad


meth make null session look
creat null session request likewis
meth null session method perform typecheck
type
null session null session

make null session
creat null session act replac object
real session support could load configur
error thi mainli aid user experi
null session still support lookup without complain
modif answer help error messag
fail

thi creat instanc attr null session

null session

null session
check given object null session null session
ask save

thi check object instanc attr null session


isinst null session

cooki domain
help helper method return cooki domain
use session cooki session cooki use

config session cooki domain
config session cooki domain
config server name
chop port usual support browser
config server name rsplit

cooki path
return path cooki valid
implement use valu session cooki path
config fall back applic root
use

config session cooki path
config applic root

cooki httponli
return session cooki httponli thi
current return valu session cooki httponli
config

config session cooki httponli

cooki secur
return cooki secur thi current
return valu session cooki secur set

config session cooki secur

expir time session
helper method return expir date session
session link browser session
implement return perman session
lifetim configur applic

session perman
datetim utcnow perman session lifetim

open session request
thi method implement must either
load fail configur error
instanc session object dictionari like
method attribut session mixin

not implement error

save session session respons
thi call actual session return meth open session
request thi still call request
context absolut need access request


not implement error


secur cooki session interfac session interfac
cooki session use werkzeug securecooki
client side session backend

session secur cooki session

open session request
secret

session load cooki request
session cooki name
secret

save session session respons
expir expir time session
domain cooki domain
path cooki path
httponli cooki httponli
secur cooki secur
session modifi session
respons delet cooki session cooki name path path
domain domain

session save cooki respons session cooki name path path
expir expir httponli httponli
secur secur domain domain
code

flask helper


implement variou helper

copyright 2010 armin ronach
licens licens detail




posixpath
mimetyp
time time
zlib adler32

load best simplejson implement avail json
instal fail
json avail
json

simplejson json
import error

json
import error

googl appengin offer simplejson django
django util simplejson json
import error
json avail


werkzeug header wrap file cach properti
werkzeug except not found

jinja2 file system loader

global session request stack current request


json
helper fail json unavail
json avail
runtim error simplejson instal

figur simplejson escap slash thi behaviour chang
version anoth without reason
json avail json dump

tojson filter arg kwarg
debug
json
json dump arg kwarg replac

tojson filter json dump


separ oper system provid slash
use send directori nobodi
abl access file outsid filesystem
sep path path altsep



endpoint view func view func
intern helper return endpoint given
thi alway name

view func expect view func endpoint
provid
view func name


jsonifi arg kwarg
creat flask respons json represent
given argument applic json mimetyp argument
dict constructor

exampl usag

rout current user
current user
jsonifi usernam user usernam
email user email
user

thi send json respons like browser


usernam admin
email admin localhost



thi requir python instal version simplejson
secur reason object support toplevel
inform look json secur

versionad

debug
json
current respons json dump dict arg kwarg
indent request mimetyp applic json


make respons arg
sometim necessari addit header view becaus
view respons object valu
convert respons object flask becom tricki
header thi call instead use
respons object attach header

view look like want header

index
render templat index html

someth like

index
respons make respons render templat index html
respons header parachut parachut cool
respons

thi accept argument
view thi exampl creat respons error
code

respons make respons render templat found html

intern follow thing

argument pass creat respons argument
argument pass meth flask flask make respons
invok
argument pass argument pass
meth flask flask make respons tupl

versionad

arg
current respons
arg
arg arg
current make respons arg


endpoint valu
gener given endpoint method provid
endpoint rel activ modul

here exampl


activ modul target endpoint target function

index index applic
index index applic
admin index index admin
index index applic
admin index index admin


variabl argument unknown target endpoint append
gener queri argument valu queri argument
whole pair skip

inform head quickstart build

param endpoint endpoint name
param valu variabl argument rule
param extern absolut gener

request stack
endpoint
request

endpoint endpoint
endpoint startswith
endpoint endpoint
extern valu extern
adapt build endpoint valu forc extern extern


templat attribut templat name attribut
load macro variabl templat export thi use
invok macro within python code exampl
templat name cider html follow content

sourcecod html jinja

macro hello name hello name endmacro

access python code like

hello templat attribut cider html hello
hello world

versionad

param templat name name templat
param attribut name variabl macro acccess

getattr current jinja templat templat name
attribut


flash messag categori messag
flash messag request order remov
flash messag session display user
templat call func flash messag

versionchang
categori paramet ad

param messag messag flash
param categori categori messag follow valu
recommend messag kind messag
error error info inform
messag warn warn howev
kind string use categori

session setdefault flash append categori messag


flash messag categori
pull flash messag session return
further call request
messag messag return
categori valu
tupl form categori messag instead

exampl usag

sourcecod html jinja

categori flash messag categori
flash categori


versionchang
categori paramet ad

param categori also receiv categori

flash request stack flash
flash
request stack flash flash session flash
flash session
categori
flash
flash


send file filenam mimetyp attach
attach filenam etag
cach timeout condit
send content file client thi
effici method avail configur
wsgi server file wrapper support altern
applic attr flask sendfil attribut
directli emit sendfil header thi howev
requir support underli webserv sendfil

guess mimetyp
also explicitli provid extra secur probabl want
send certain file attach html instanc mimetyp
guess requir filenam attach filenam
provid

pleas never filenam user sourc without
check first someth like usual suffici
avoid secur problem

filenam filenam startswith
abort

versionad

versionad
etag cach timeout condit paramet
ad behaviour attach etag

versionchang
mimetyp guess etag support file object
deprec unreli pass filenam
abl otherwis attach etag thi function
remov flask

param filenam filenam file send thi
rel attr flask root path
rel path specifi
altern file object might provid
sendfil might work
fall back tradit method make sure
file pointer posit start
data send call func send file
param mimetyp mimetyp file provid otherwis
auto detect happen
param attach want send file
content disposit attach header
param attach filenam filenam attach
differ file filenam
param etag disabl attach etag
param condit enabl condit respons
param cach timeout timeout second header

mtime
isinst filenam basestr
filenam filenam
file

warn warn
file filenam
filenam getattr file name

behaviour deprec unreli
remov flask
attach filenam mimetyp
isinst filenam basestr
warn deprec warn filenam support file object
pass send file deprec pass
attach filenam want mimetyp guess
stacklevel
etag
warn deprec warn futur flask releas etag
longer gener file object pass send file
behaviour unreli pass
filenam instead possibl otherwis attach etag
base anoth valu stacklevel

filenam
path isab filenam
filenam path join current root path filenam
mimetyp filenam attach filenam
mimetyp mimetyp guess type filenam attach filenam
mimetyp
mimetyp applic octet stream

header header
attach
attach filenam
filenam
type error filenam unavail requir
send attach
attach filenam path basenam filenam
header content disposit attach
filenam attach filenam

current sendfil filenam
file
file close
header sendfil filenam
data

file
file open filenam
mtime path getmtim filenam
data wrap file request environ file

current respons data mimetyp mimetyp header header
direct passthrough

know file modif date store
time last modif
mtime
last modifi mtime

cach control
cach timeout
cach control cach timeout
expir time cach timeout

etag filenam
etag flask
path getmtim filenam
path getsiz filenam
adler32
filenam encod utf8 isinst filenam unicod
filenam
0xffffffff

condit
make condit request
make sure send sendfil server
ignor statu code sendfil
statu code
header sendfil



safe join directori filenam
safe join directori filenam

exampl usag

rout wiki path filenam
wiki page filenam
filenam safe join config wiki folder filenam
open filenam
content read read process file content

param directori base directori
param filenam untrust filenam rel directori
rais werkzeug except not found retsult path
would fall directori

filenam posixpath normpath filenam
sep
filenam
not found
path isab filenam filenam startswith
not found
path join directori filenam


send directori directori filenam option
send file given directori func send file thi
secur quickli expos file upload folder
someth similar

exampl usag

rout upload path filenam
download file filenam
send directori config upload folder
filenam attach

admonit send file perform

strongli recommend activ either sendfil support
webserv authent happen tell webserv
serv file given path without call
applic improv perform

versionad

param directori directori file store
param filenam filenam rel directori
download
param option option keyword argument directli
forward func send file

filenam safe join directori filenam
path isfil filenam
not found
send file filenam condit option


path name
return path cannot found

path abspath path dirnam modul name file
key error attribut error
getcwd


packag bound object object

init name
name chang
constructor
name name

where root locat
root path path name

properti
folder
thi bound object contain
folder name

versionad

path isdir path join root path

cach properti
jinja loader
jinja loader bound object

versionad

file system loader path join root path templat

send file filenam
function use intern send file
folder browser

versionad

send directori path join root path
filenam

open resourc resourc
open resourc applic resourc folder
work consid follow folder structur

myapplic
schema

style
templat
layout html
index html

want open schema file would
follow

open resourc schema
content read
someth content

param resourc name resourc access resourc within
subfold forward slash separ

open path join root path resourc
code

flask except


flask specif addit werkzeug except http except

copyright 2011 armin ronach
licens licens detail

werkzeug except http except bad request
helper json


jsonhttp except http except
base http except content type
applic json

descript attribut must string
html string describ error



bodi environ
overrid meth werkzeug except http except bodi
descript error json format instead html


json dump dict descript descript environ

header environ
return header includ content type
applic json


content type applic json


json bad request jsonhttp except bad request
repres http request error whose bodi contain
error messag json format instead html format superclass



descript error occur string
descript
browser proxi sent request server could
understand

code

flask session


implement cooki base session base werkzeug secur cooki
system

copyright 2010 armin ronach
licens licens detail


werkzeug contrib securecooki secur cooki


session secur cooki
expand session support switch perman
perman session


perman
perman

perman valu
perman bool valu

perman properti perman perman
perman perman


null session session
class use gener nicer error messag session
avail will still allow read access session
fail set


fail arg kwarg
runtim error session unavail secret
secret
applic someth uniqu secret
setitem delitem clear popitem
updat setdefault fail
fail
code

flask


microframework base werkzeug extens document
follow best practic pattern

copyright 2010 armin ronach
licens licens detail


util werkzeug jinja2 unus
export
werkzeug abort redirect
jinja2 markup escap

flask request respons
config config
helper jsonifi json avail flash
send file send directori flash messag
templat attribut make respons safe join
global current request session request stack
request context
modul
templat render templat render templat string
session session

signal
signal signal avail templat render request start
request finish request except

json avail
json avail
helper json
code

flask debughelp


variou helper make develop experi better

copyright 2011 armin ronach
licens licens detail



debug file key error key error assert error
rais request file debug idea
provid better error messag gener key error bad request


init request
form match request form getlist
tri access file request file
dictionari exist mimetyp request
instead multipart form data mean
file content transmit error
provid enctyp multipart form data form
request mimetyp
form match
append n the browser instead transmit file name
thi submit join
form match
join encod





form data rout redirect assert error
thi except rais flask debug mode detect
redirect caus rout system request method
head option reason form data drop


init request
request rout except
request sent redirect
issu automat rout system
request

slash append extra help
request base split
append defin trail slash
flask automat redirect
trail slash access
without

append make sure directli send request
sinc make browser http client redirect
form data reliabl without user interact
request method
append n note except rais debug mode
assert error init join encod


attach enctyp error multidict request
sinc flask monkeypatch file object
request detect multipart form data file
object access

oldcl request file
newcl oldcl
getitem

oldcl getitem
key error
request form

debug file key error request
newcl name oldcl name
newcl oldcl
request file newcl
code

flask wrapper


implement wsgi wrapper request respons

copyright 2010 armin ronach
licens licens detail


werkzeug request request base respons respons base
cach properti

helper json json
global request stack


request request base
request object use flask rememb
match endpoint view argument

end flask request want replac
request object use subclass
attr flask flask request subclass


intern rule match request thi
use inspect method allow
handler request rule method

versionad
rule

dict view argument match request except
happen match
view arg

match fail except
rais rais part request handl thi
usual werkzeug except not found except
someth similar
rout except

properti
content length
read view content length config
request stack

config content length

properti
endpoint
endpoint match request thi combin
attr view arg use reconstruct
modifi except happen match


rule
rule endpoint

properti

name current
rule rule endpoint
rule endpoint rsplit

cach properti
json
mimetyp applic json contain
pars json data

debug
json
mimetyp applic json
request charset mimetyp param charset
request charset
json load data encod request charset

json load data




respons respons base
respons object use flask work like
respons object werkzeug html mimetyp
quit often creat object
meth flask flask make respons take care

want replac respons object use subclass
attr flask flask respons subclass

mimetyp text html
code

flask


implement object requir keep context

copyright 2010 armin ronach
licens licens detail


werkzeug except http except

global request stack
session null session


request global object



request context
code want test request context
use instanc want take advantag
request inform avail fail silent request
object unavail



user model

init usernam remot addr
usernam usernam
remot addr request context
remot addr request remot addr
remot addr remot addr

altern also test context bound object
request truth

user model

init usernam remot addr
usernam usernam
remot addr request
remot addr request remot addr
remot addr remot addr

versionad

request stack


request context object
request context contain request relev inform
creat begin request push
request stack remov creat
adapt request object wsgi environ provid


init environ

request request environ
adapt creat adapt request
request global
flash
session


rule request view arg
adapt match rule
request rule rule
http except
request rout except

push
bind request context
request stack push

open session moment request context
avail thi allow custom open session method
request context flask sqlalchemi
session open session request
session
session null session


pop request context
request stack

enter
push


type valu
request stack debug mode
except happen thi allow debugg still
access request object interact shell furthermor
context forc kept aliv test client
flask test work
request environ flask preserv context
debug

code

flask


thi central wsgi applic object

copyright 2010 armin ronach
licens licens detail


futur statement


thread lock
datetim timedelta datetim
itertool chain

jinja2 environ

werkzeug immut dict
werkzeug rout rule
werkzeug except http except intern server error
method not allow

helper packag bound object flash messag
tojson filter endpoint view func
wrapper request respons
config config attribut config
request context
global request stack request
session session null session
modul setup state
templat dispatch jinja loader
templat processor
signal request start request finish request except

lock use logger initi
logger lock lock


flask packag bound object
flask object wsgi applic act central
object pass name
applic onc creat central registri
view function rule templat configur much

name use resolv resourc insid
folder contain depend
paramet resolv actual python folder
init file insid standard file

inform resourc load func open resourc

usual creat flask instanc main
init file like

flask flask
flask name

admonit about first paramet

idea first paramet give flask idea
belong applic thi name use find resourc
file system use extens improv debug
inform

import provid use singl
name alway correct valu howev
use usual recommend hardcod name


exampl applic defin yourappl
creat version

flask yourappl
flask name split

applic work even name thank
resourc look howev make debug
pain certain extens make assumpt base
name applic exampl flask sql alchemi
extens look code applic trigger
queri debug mode name properli
debug inform lost exampl would
pick queri yourapplicaiton
yourappl view frontend

versionad
path paramet ad

param name name applic
param path use specifi differ path
file default
thi affect folder file serv



use request object flask request
inform
request request

use respons object
flask respons inform
respons respons

path file want file
valu rule ad
develop server longer serv file

thi use applic modul
differ valu pass constructor
path

debug flag enabl debug
applic debug mode debugg kick unhandl
except ocurr integr server automat reload
applic chang code detect

thi attribut also configur config debug
configur default
debug config attribut debug

test flask enabl test mode
flask extens futur probabl also flask
exampl might activ unittest helper
addit runtim cost enabl

thi attribut also configur config
test configur default
test config attribut test

secret cryptograph compon
sign cooki thing complex random valu
want secur cooki instanc

thi attribut also configur config
secret configur default
secret config attribut secret

secur cooki use name session cooki

thi attribut also configur config
session cooki name configur default session
session cooki name config attribut session cooki name

datetim timedelta use expir
date perman session day make
perman session surviv roughli month

thi attribut also configur config
perman session lifetim configur default
timedelta day
perman session lifetim config attribut perman session lifetim

enabl want sendfil featur keep
mind server support thi affect file
sent func send file method

versionad

thi attribut also configur config
sendfil configur default
sendfil config attribut sendfil

name logger logger name
name pass constructor

versionad
logger name config attribut logger name

log format use debug logger thi use
applic debug mode otherwis attach log
handler format

versionad
debug format

levelnam pathnam lineno
messag



option pass directli jinja2 environ
jinja option immut dict
extens jinja2 autoescap jinja2


default configur paramet
config immut dict
debug
test
propag except
secret
session cooki name session
perman session lifetim timedelta day
sendfil
logger name
server name
content length


test client use test client use

versionad
test client

init name path
packag bound object init name
path
path path

configur dictionari config thi behav
exactli like regular dictionari support addit method
load config file
config config root path config

prepar defer setup logger
logger
logger name name

dictionari view function regist key
name also use gener ur ls
valu object
regist view meth rout decor
view function

dictionari regist error handler
error code integ valu
handl error
regist error handler meth errorhandl
decor
error handler

dictionari list function call
begin request dictionari name
activ request
thi exampl use open databas connect
get hold current log user regist
meth request decor
request func

dictionari list function call
request dictionari name
activ request thi
exampl use open databas connect get hold
current log user regist
meth request decor
request func

dictionari list function call
request even except occur
dictionari name activ
request these function allow modifi
request valu ignor except
occur process request get pass
teardown request regist
meth teardown request decor

versionad
teardown request func

dictionari function call without argument
popul templat context dictionari
name activ
request each return dictionari templat context
updat regist
meth context processor decor
templat context processor
templat processor


load modul dictionari name

versionad
modul

place extens store applic specif state
exampl extens could store databas engin
similar thing backward compat extens regist
like

hasattr extens
extens
extens extensionnam some object

must match name flaskext exampl
flask extens flaskext would


versionad
extens

werkzeug rout instanc
chang rout convert creat
rout connect exampl

werkzeug rout base convert

list convert base convert
python valu
valu split
valu
join base convert valu
valu valu

flask name
convert list convert


regist folder applic even
folder exist first might creat
server run usual happen develop
also googl appengin store file somewher
map file
rule path path filenam
endpoint
view func send file

jinja2 environ creat
attr jinja option
jinja creat jinja environ
init jinja global

properti
propag except
return valu propag except configur
valu otherwis sensibl return

versionad

config propag except


test debug

properti
logger
log logger object applic
configur stderr applic
debug mode thi logger use surpris messag
here exampl

logger debug valu debug
logger warn warn ocur appl
logger error error occour

versionad

logger logger name logger name
logger
logger lock
logger logger name logger name
logger
flask log creat logger
logger creat logger


creat jinja environ
creat jinja2 environ base attr jinja option
meth select jinja autoescap

versionad

option dict jinja option
autoescap option
option autoescap select jinja autoescap
environ loader creat jinja loader option

creat jinja loader
creat loader jinja2 environ use
overrid loader keep rest unchang

versionad

dispatch jinja loader

init jinja global
call directli environ creat inject
default like flash messag
tojson filter

versionad

jinja global updat

flash messag flash messag

jinja filter tojson tojson filter

select jinja autoescap filenam
return autoescap activ given
templat name

versionad

filenam

filenam endswith html xhtml

updat templat context context
updat templat context commonli use variabl
thi inject request session config templat
context well everyth templat context processor want
inject note flask origin valu
context overriden context processor
decid valu

param context context dictionari updat place
extra variabl

func templat context processor
request stack request
templat context processor
func chain func templat context processor
orig context copi
func func
context updat func
make sure origin valu thi make possibl
easier variabl context processor without break
exist view
context updat orig

host port 5000 option
run applic local develop server
attr debug flag server automat reload
code chang show debugg except happen

want applic debug mode disabl
code execut interact debugg
evalex paramet thi keep debugg
traceback screen activ disabl code execut

admonit keep mind

flask suppress server error gener error page
debug mode enabl
interact debugg without code reload
invok meth debug reload
set debugg without debug mode
except


param host hostnam listen
server avail extern well
param port port webserv
param option option forward underli
werkzeug server func werkzeug simpl
inform

werkzeug simpl
debug option
debug option debug
option setdefault reload debug
option setdefault debugg debug
simpl host port option

test client cooki
creat test client applic inform
unit test head test

test client use block defer close
context block thi use
want access context local test

test client
vodka
request arg vodka

versionchang
ad support block usag client

versionad
cooki paramet ad well abil
overrid client use set
attr test client attribut

test client

flask test flask client
respons cooki cooki

open session request
creat open session default implement store
session data sign cooki thi requir
attr secret

param request instanc attr request

secret

session load cooki request session cooki name
secret

save session session respons
save session need updat
implement check meth open session

param session session save
werkzeug contrib securecooki secur cooki
object
param respons instanc attr respons

expir domain
session perman
expir datetim utcnow perman session lifetim
config server name
domain config server name
session save cooki respons session cooki name
expir expir httponli domain domain

regist option
regist applic keyword argument
one constructor
modul overrid valu
provid

option setdefault prefix prefix
option setdefault subdomain subdomain
view function updat view function
state modul setup state option
func regist event
func state

rule rule endpoint view func option
connect rule work exactli like meth rout
decor view func provid regist
endpoint

basic exampl

rout
index


equival follow

index

rule index index

view func provid need connect endpoint
view like

view function index index

versionchang
view func paramet ad

versionchang
option ad automat method

param rule rule string
param endpoint endpoint regist rule flask
assum name view
endpoint
param view func call serv request
provid endpoint
param option option forward underli
werkzeug rout rule object chang
werkzeug handl method option method
method rule limit
post rule
listen implicitli head
start flask option implicitli
ad handl standard request handl

endpoint
endpoint endpoint view func view func
option endpoint endpoint
method option method
provid automat option
option method
method tupl method option
provid automat option
rule rule rule method method option
rule provid automat option provid automat option
rule
view func
view function endpoint view func

rout rule option
decor use regist view
given rule exampl

rout
index
hello world

variabl part rout specifi angular
bracket user usernam variabl part
accept string without slash howev differ
convert specifi well use convert name

variabl part pass view keyword
argument

follow convert possibl


accept integ
like float point valu
path like also accept slash


here exampl

rout
index


rout usernam
show user usernam


rout post post
show post post


import detail keep mind flask deal trail
slash idea keep uniqu follow rule
appli

rule end slash request without slash
user user automat redirect
page trail slash attach
rule trail slash user request
page trail slash found rais

thi consist server deal file thi
also make possibl rel link target safe

meth rout decor accept coupl argument
well

param rule rule string
param method method rule limit
post rule
listen implicitli head
start flask option implicitli
ad handl standard request handl
param subdomain specifi rule subdomain
subdomain match
param strict slash use disabl strict slash
set rule
param option option forward underli
werkzeug rout rule object

decor
rule rule option

decor


endpoint endpoint
decor regist endpoint
exampl

endpoint exampl endpoint
exampl
exampl

param endpoint name endpoint

decor
view function endpoint

decor

errorhandl code
decor use regist give given
error code exampl

errorhandl
page found error
thi page exist

also regist error handler without use
meth errorhandl decor follow exampl
equival

page found error
thi page exist
error handler page found

param code code integ handler

decor
error handler code

decor

templat filter name
decor use regist custom templat filter
specifi name filter otherwis
name use exampl

templat filter
revers


param name option name filter otherwis
name use

decor
jinja filter name name

decor

request
regist request
request func setdefault append


request
regist request your
must take paramet attr respons object
respons object meth process respons

request func setdefault append


teardown request
regist request
regardless whether except

teardown request func setdefault append


context processor
regist templat context processor
templat context processor append


handl http except
handl http except invok
regist error handler fall back return
except respons

versionad

handler error handler code
handler

handler

handl except
default except handl kick except
occour caught debug mode except
rais immedi otherwis log handler
intern server error use handler
exist intern server error messag display

versionad

request except send except
handler error handler
propag except

logger except except
request path
request method

handler
intern server error
handler

dispatch request
doe request dispatch match return
valu view error handler thi
respons object order convert valu
proper respons object call func make respons

request stack request

rout except
rout except
rule rule
provid automat option
request came option method repli automat
getattr rule provid automat option
method option
make option respons
otherwis dispatch handler endpoint
view function rule endpoint view arg
http except
handl http except

make option respons
thi method call creat option respons
thi chang subclass chang
behaviour option respons

versionad

thi would nicer werkzeug howev current
releas werkzeug provid method call
allow method return method valid
given path
method

request stack adapt match method
method not allow
method valid method
http except

respons
allow updat method


make respons
convert valu view real
respons object instanc attr respons

follow type allow

tabularcolumn


attr respons object return unchang
respons object creat
string bodi
unicod respons object creat
string encod bodi
tupl respons object creat
content tupl argument
wsgi call wsgi applic
buffer respons object


param valu view


valu error view respons
isinst respons

isinst basestr
respons
isinst tupl
respons
respons forc type request environ

creat adapt request
creat adapt given request adapt
creat point request context
request pass explicitli

versionad

bind environ request environ
server name config server name

preprocess request
call actual request dispatch
call everi meth request decor
return valu handl
valu view
request handl stop

func request func
request
request func
func chain func request func
func func
func



process respons respons
overridden order modifi respons object
sent wsgi server
call meth request decor function

versionchang
flask function regist request
execut call revers order registr

param respons attr respons object
respons object
instanc attr respons

request stack
request
isinst session null session
save session session respons
func
request func
func revers request func
request func
func chain func revers request func
handler func
respons handler respons
respons

teardown request
call actual request dispatch
call everi meth teardown request decor

func revers teardown request func
request
teardown request func
func chain func revers teardown request func
info
func func
func



request context environ
creat request context given environ bind
current context thi must use combin
statement request bound
current context durat block

exampl usag

request context environ
someth request

object return also use without statement
use work shell exampl
exactli code

request context environ
push

someth request



versionchang
ad support statement usag statement
pass object

param environ wsgi environ

request context environ

test request context arg kwarg
creat wsgi environ given valu
func werkzeug creat environ inform
accept argument

werkzeug creat environ
environ overrid kwarg setdefault environ overrid
config server name
server name config server name
server name
http host http port server name

http host http port server name split

environ overrid setdefault server name server name
environ overrid setdefault http host server name
environ overrid setdefault server port http port
request context creat environ arg kwarg

wsgi environ start respons
actual wsgi applic thi implement
call middlewar appli without lose
refer instead

my middlewar

better idea instead

wsgi my middlewar wsgi

then still origin applic object around
call method

versionchang
meth request function call even
error handler took request process thi ensur
even except happen databas chanc
properli close connect

versionchang
meth teardown request function call
process request except thrown get pass
teardown request

param environ wsgi environ
param start respons accept statu code
header option
except context start respons

request context environ

request start send
preprocess request

dispatch request
respons make respons
except
respons make respons handl except

respons process respons respons
except
respons make respons handl except

teardown request
request finish send respons respons
respons environ start respons

call environ start respons
shortcut attr wsgi
wsgi environ start respons
code

flask blueprint


blueprint recommend implement larger
pluggabl applic flask later

copyright 2011 armin ronach
licens licens detail

functool updat wrapper

helper packag bound object endpoint view func


blueprint setup state object
temporari holder object regist blueprint
applic instanc creat
meth flask blueprint make setup state method later pass
regist callback function


init blueprint option first registr
refer current applic


refer blueprint creat setup state
blueprint blueprint

dictionari option pass
meth flask flask regist blueprint method
option option

blueprint regist multipl time
applic everyth want regist
multipl time attribut use figur
blueprint regist past alreadi
first registr first registr

subdomain option subdomain
subdomain
subdomain blueprint subdomain

subdomain blueprint activ
otherwis
subdomain subdomain

prefix option prefix
prefix
prefix blueprint prefix

prefix use ur ls defin
blueprint
prefix prefix

dictionari default ad everi
defin blueprint
default dict blueprint valu default
default updat option default

rule rule endpoint view func option
helper method regist rule option view
applic endpoint automat prefix
blueprint name

prefix
rule prefix rule
option setdefault subdomain subdomain
endpoint
endpoint endpoint view func view func
default default
default option
default dict default option default
rule rule blueprint name endpoint
view func default default option


blueprint packag bound object
repres blueprint blueprint object record
function call
flask blueprint blueprint setup state later regist function
thing main applic blueprint
inform

versionad


warn modif
regist

init name name folder
path templat folder
prefix subdomain default
packag bound object init name templat folder
name name
prefix prefix
subdomain subdomain
folder folder
path path
defer function
view function
default
default
valu default default

record func
regist call blueprint
regist applic thi call
state argument return meth make setup state
method

regist warn modif
warn warn
warn warn blueprint alreadi regist
get modifi these chang
show
defer function append func

record func
work like meth record wrap anoth
call
blueprint regist second time applic
pass call

wrapper state
state first registr
func state
record updat wrapper wrapper func

make setup state option first registr
creat instanc meth flask blueprint blueprint setup state
object later pass regist callback function
subclass overrid subclass setup state

blueprint setup state option first registr

regist option first registr
call meth flask regist blueprint regist blueprint
applic thi overridden custom regist
behavior keyword argument
func flask flask regist blueprint directli forward
method option dictionari

regist
state make setup state option first registr
folder
state rule path path filenam
view func send file
endpoint

defer defer function
defer state

rout rule option
like meth flask rout blueprint endpoint
func prefix name blueprint

decor
endpoint option endpoint name
rule rule endpoint option

decor

rule rule endpoint view func option
like meth flask rule blueprint endpoint
func prefix name blueprint

endpoint
endpoint blueprint endpoint contain
record
rule rule endpoint view func option

endpoint endpoint
like meth flask endpoint blueprint thi
prefix endpoint blueprint name done
explicitli user method endpoint prefix
regist current blueprint otherwis
applic independ endpoint

decor
regist endpoint state
state view function endpoint
record regist endpoint

decor

templat filter name
regist custom templat filter avail applic wide like
meth flask templat filter blueprint

param name option name filter otherwis
name use

decor
templat filter name name

decor

templat filter name
regist custom templat filter avail applic wide like
meth flask templat filter blueprint work exactli
like meth templat filter decor

param name option name filter otherwis
name use

regist templat state
state jinja filter name name
record regist templat

templat test name
regist custom templat test avail applic wide like
meth flask templat test blueprint

versionad

param name option name test otherwis
name use

decor
templat test name name

decor

templat test name
regist custom templat test avail applic wide like
meth flask templat test blueprint work exactli
like meth templat test decor

versionad

param name option name test otherwis
name use

regist templat state
state jinja test name name
record regist templat

templat name
regist custom templat avail applic wide like
meth flask templat blueprint

versionad

param name option name otherwis
name use

decor
templat name name

decor

templat name
regist custom templat avail applic wide like
meth flask templat blueprint work exactli
like meth templat decor

versionad

param name option name otherwis
name use

regist templat state
state jinja global name name
record regist templat

request
like meth flask request blueprint thi
execut request handl
blueprint

record request func
setdefault name append


request
like meth flask request such execut
request even outsid blueprint

record request func
setdefault append


first request
like meth flask first request such
execut first request applic

record first request func append


request
like meth flask request blueprint thi
execut request handl
blueprint

record request func
setdefault name append


request
like meth flask request blueprint such
execut request even outsid blueprint

record request func
setdefault append


teardown request
like meth flask teardown request blueprint thi
execut tear request handl
blueprint teardown request function execut
request context pop even actual request
perform

record teardown request func
setdefault name append


teardown request
like meth flask teardown request blueprint such
execut tear request even outsid
blueprint

record teardown request func
setdefault append


context processor
like meth flask context processor blueprint thi
execut request handl blueprint

record templat context processor
setdefault name append


context processor
like meth flask context processor blueprint such
execut request even outsid blueprint

record templat context processor
setdefault append


errorhandl code
like meth flask errorhandl blueprint thi
handler use request even outsid blueprint

decor
record errorhandl code

decor

valu preprocessor
regist valu preprocessor
blueprint call view function call
modifi valu provid

record valu preprocessor
setdefault name append


default
callback default blueprint call
endpoint valu updat valu pass
place

record function
setdefault name append


valu preprocessor
same meth valu preprocessor applic wide

record valu preprocessor
setdefault append


default
same meth default applic wide

record function
setdefault append


errorhandl code except
regist error handler becom activ blueprint
pleas awar rout happen local
blueprint error handler usual handl
blueprint caus insid view anoth
special intern server error alway look
applic

otherwis work meth flask flask errorhandl decor
flask flask object

decor
record regist error handler
name code except

decor
flaski extens flaski pygment style base tango style
pygment style style
pygment token keyword name comment string error
number oper gener whitespac punctuat other liter


flaski style style
background color f8f8f8
style

style
correspond follow
text
whitespac underlin f8f8f8
error a40000 border ef2929
other 000000

comment ital 8f5902
comment preproc noital

keyword bold 004461
keyword constant bold 004461
keyword declar bold 004461
keyword namespac bold 004461
keyword pseudo bold 004461
keyword reserv bold 004461
keyword type bold 004461

oper 582800
oper word bold 004461 like keyword

punctuat bold 000000

special name name class name function
recogn later pars choos
look ordinari variabl
name 000000
name attribut c4a000 revis
name builtin 004461
name builtin pseudo 3465a4
name class 000000 revis
name constant 000000 revis
name decor revis
name entiti ce5c00
name except bold cc0000
name function 000000
name properti 000000
name label f57900
name namespac 000000 revis
name other 000000
name bold 004461 like keyword
name variabl 000000 revis
name variabl class 000000 revis
name variabl global 000000 revis
name variabl instanc 000000 revis

number 990000

liter 000000
liter date 000000

string 4e9a06
string backtick 4e9a06
string char 4e9a06
string ital 8f5902 like comment
string doubl 4e9a06
string escap 4e9a06
string heredoc 4e9a06
string interpol 4e9a06
string other 4e9a06
string regex 4e9a06
string singl 4e9a06
string symbol 4e9a06

gener 000000
gener delet a40000
gener emph ital 000000
gener error ef2929
gener head bold 000080
gener insert 00 a000
gener output
gener prompt 745334
gener strong bold 000000
gener subhead bold 800080
gener traceback bold a40000

code

flask document build configur file creat
sphinx quickstart 2010

thi file execfil current directori contain

note possibl configur valu present
autogener file

configur valu valu comment
serv show



extens modul document autodoc anoth directori
directori path directori rel
document root path abspath make absolut like shown
path append path abspath theme

gener configur

document need minim sphinx version state
need sphinx

sphinx extens name string they extens
come sphinx name sphinx custom one
extens sphinx autodoc sphinx intersphinx

path contain templat rel directori
templat path templat

suffix sourc filenam
sourc suffix

encod sourc file
sourc encod

master toctre document
master index

gener inform project
project flask
copyright 2010 armin ronach

version info project document act replac
version releas also use variou place throughout
built document
resourc

releas resourc distribut flask version
resourc distribut not found
build document distribut inform flask
avail either instal
develop environ setup develop setup
metadata virtualenv recommend

resourc

releas
releas releas split
version join releas split

languag content autogener sphinx refer document
support languag
languag

there option replac today either today
valu use
today
els today use format strftime call
today

list pattern rel sourc directori match file
directori ignor look sourc file
exclud pattern build

re st role use markup text document
role

append func cross refer text
parenthes

current name prepend descript
unit titl
name

sectionauthor moduleauthor direct shown
output they ignor
show author

ignor prefix index sort
modindex common prefix


option html output

theme html html help page major theme come
sphinx current sphinxdoc
html theme flask

theme option theme specif custom look feel theme
option avail theme
document
html theme option
touch icon touch icon


path contain custom theme rel directori
html theme path theme

name sphinx document default
project releas document
html titl

shorter titl navig default html titl
html titl

name imag file rel directori place
sidebar templat magic
html logo

name imag file within path favicon
doc thi file window icon file 16x16 32x32
pixel larg
html favicon

path contain custom file style sheet
rel directori they copi builtin file
file name overwrit builtin
html path

last updat timestamp insert everi page bottom
use given strftime format
html last updat

smarti pant use convert quot dash
typograph correct entiti
html smartyp

custom sidebar templat map document name templat name
html sidebar
index sidebarintro html sourcelink html searchbox html
sidebarlogo html localtoc html relat html
sourcelink html searchbox html


addit templat render page map page name
templat name
html addit page

index gener
html modindex

index gener
html index

index split individu page letter
html split index

link re st sourc ad page
html show sourcelink

creat use sphinx shown html footer default
html show sphinx

copyright shown html footer default
html show copyright

open search descript file output page
contain link refer valu option must
base finish html serv
html opensearch

nonempti file name suffix html file xhtml
html file suffix

output file base name html help builder
htmlhelp basenam flaskdoc


option la te x output

group document tree la te x file list tupl
sourc start file target name titl author documentclass howto manual
latex document
latexindex flask flask document
armin ronach manual


document append appendix manual
latex appendic

index gener
latex modindex

latex element
fontpkg usepackag mathpazo
papers a4pap
pointsiz 12pt
preambl usepackag flaskstyl

latex part

latex addit file flaskstyl logo


option epub output

bibliograph dublin core info
epub titl
epub author
epub publish
epub copyright

languag text default languag option
languag
epub languag

scheme identifi typic scheme isbn
epub scheme

uniqu identifi text thi isbn number
project homepag
epub identifi

uniqu identif text
epub

html file insert page creat sphinx
format tupl contain path titl
epub file

html file shat insert page creat sphinx
format tupl contain path titl
epub post file

file pack epub file
epub exclud file

depth tabl content
epub tocdepth

intersphinx map
http doc python
http werkzeug pocoo doc
http sqlalchemi doc
http wtform simplecod doc
http discorpor project blinker doc


pygment style flask theme support flaski style

fall back theme

flask theme support
import error

warn flask theme unavail build theme
want flask theme command build

submodul updat init


pygment style tango
html theme
html theme option
code

flask extens test


test flask extens

copyright 2010 afshar
licens licens detail


futur statement



shutil
urllib2
tempfil
subprocess
argpars

flask json

setuptool index packag index
setuptool archiv util unpack archiv

flask http flask pocoo extens


aw path use mkstemp gettempdir
care secur clash pick someth
actual remember
platform darwin
tempdir

tempdir tempfil gettempdir
tdir tempdir flaskext test
flaskdir path abspath path join path dirnam file


virtualenv hack cough
environ pythondontwritebytecod


result tempat
doctyp html
titl flask extens test result titl
style type text
bodi font famili georgia serif font size 17px color
color 004 b6 b
hover color 6 d4100
font famili garamond georgia serif font weight normal
font size 30px margin 15px
font size 24px margin 15px
font size 19px margin 15px
textarea code
font famili consola menlo deja san mono
bitstream vera san mono monospac import font size 15px
background
pad 15px line height
line height
tabl border solid black border collaps collaps
margin 15px
border solid black pad 10px
text align left
background font weight normal
success background d3 f5 cc
fail background f5 d2 cb
style
flask extens test result

thi page contain detail test result test
approv approv flask extens
summari
tabl result
thead

extens
version
author
licens
outcom
iptr result log dictsort
iptr


thead
tbodi
result result
outcom success result success fail
outcom
result name
result version
result author
result licens
outcom
iptr result log dictsort
href result name iptr



tbodi
tabl
test log
detail test log test platform
result result
iptr result log dictsort
result name iptr
result name result version iptr






arg
exttest arg


test result object

init name folder statuscod interpret
intrptr path join folder python
interpret
statuscod statuscod
folder folder
success statuscod

fetch field

subprocess popen intrptr setup
field folder
stdout subprocess pipe
commun strip
os error

name name
licens fetch licens
author fetch author
version fetch version

log
interpret interpret
logfil path join folder test
interpret
path isfil logfil
log interpret open logfil read

log interpret


creat tdir

shutil rmtree tdir
except

mkdir tdir


flask
distfold tdir flask dist
subprocess popen python setup sdist format gztar
dist distfold flaskdir
wait
path join distfold listdir distfold


test command checkout
path isfil checkout makefil
make test
python setup test


fetch extens
urllib2 request flask header accept applic json
urllib2 urlopen read
data json load
data extens



checkout extens name
download extens temporari folder name
root path join tdir name
mkdir root
checkout path packag index download name root

unpack archiv checkout path root
path
listdir root
path path join root
path isdir path

download path
path


templat
envlist

testenv
dep
dep
distribut

command bash flaskext runtest envlogdir test
downloadcach cach



creat checkout path interpret flask
path path join checkout path flask test
path exist path
open path
write templat
join interpret
cach tdir
dep flask

path


iter extens approv
fetch extens
approv approv
name


test extens name interpret flask
checkout path checkout extens name
run test checkout path

figur test command write wrapper script
write directli
invok command shell chanc
pipe output logfil null hack
trick test use guess width
invok termin
test command test command checkout path
test command test command
open checkout path flaskext runtest
write test command null
close

remov caus troubl
remov present run
afteral

creat checkout path interpret flask
subprocess call flask test checkout path
test result name checkout path interpret


test extens interpret
result
creat tdir
packag flask
flask flask
run extens test
temporari environ tdir
name extens
test name
result test extens name interpret flask
result success
extens test succeed

extens test fail
result name result
result


render result result approv
jinja2 templat
item result valu
item sort name lower
templat result tempat autoescap render result item
approv approv
filenam tempfil mkstemp suffix html
fdopen write encod
filenam


main
parser argpars argument parser descript run flask extens test
parser argument dest action store
help extens approv
parser argument brows dest brows action store
help show browser result summari
parser argument dest py25 py26 py27
help environ
parser argument extens dest extens
help test singl extens
arg parser pars arg

arg extens
approv
extens arg extens

approv arg
extens iter extens approv

result test extens strip arg split
filenam render result result approv
arg brows
webbrows
webbrows open file filenam lstrip
result written filenam


name main
main
code

flask test


test flask major flask alreadi test
part werkzeug

copyright 2010 armin ronach
licens licens detail

futur statement



flask
unittest
thread thread
log stream handler
contextlib contextmanag
datetim datetim
werkzeug pars date pars option header
werkzeug except not found
jinja2 templat not found
c string io string io

exampl path path join path dirnam file exampl
path append path join exampl path flaskr
path append path join exampl path minitwit


encod name

codec
codec lookup name

lookup error



config key use config test case
test
secret devkey


contextmanag
warn
catch warn block
warn

make sure deprec warn activ test
warn simplefilt categori deprec warn

filter warn filter
warn filter filter
showwarn warn showwarn

showwarn messag categori filenam lineno file line
append local

warn showwarn showwarn


warn filter filter
warn showwarn showwarn


contextmanag
stderr
catch stderr string io
stderr stderr
stderr string io



stderr stderr


context test case unittest test case

test context bind
flask flask name
rout
index
hello flask request arg name
rout

flask request

test request context name world
index hello world
test request context
http localhost
flask request stack

test context test
flask flask name
flask request
flask request context
test request context
push

flask request
flask request context



test manual context bind
flask flask name
rout
index
hello flask request arg name

test request context name world
push
index hello world


index
runtim error


expect runtim error

test test client context bind
flask flask name
rout
index
flask valu
hello world

rout



test client
resp
flask valu
resp data hello world
resp statu code

resp
hasattr flask valu
intern server error resp data
resp statu code
flask valu


flask valu
attribut error runtim error


assert error kind except expect


basic function test case unittest test case

test option work
flask flask name
rout method post
index
hello world
test client open method option
sort allow head option post
data

test option multipl rule
flask flask name
rout method post
index
hello world
rout method
index

test client open method option
sort allow head option post

test request dispatch
flask flask name
rout
index
flask request method
rout method post

flask request method

test client
data
post
statu code
sort allow head option
head
statu code
data head truncat
post data post
data
delet
statu code
sort allow head option post

test map
flask flask name
index
flask request method

flask request method

rule index index
rule method post

test client
data
post
statu code
sort allow head option
head
statu code
data head truncat
post data post
data
delet
statu code
sort allow head option post

test werkzeug rout
werkzeug rout submount rule
flask flask name
submount
rule endpoint
rule endpoint index



index
index
view function
view function index index

test client
data index
data

test endpoint decor
werkzeug rout submount rule
flask flask name
submount
rule endpoint
rule endpoint index


endpoint



endpoint index
index
index

test client
data index
data

test session
flask flask name
secret testkey
rout method post

flask session valu flask request form valu
valu
rout

flask session valu

test client
post data valu data valu
data

test session use server name
flask flask name
config updat
secret
server name exampl

rout
index
flask session test
hello world
test client http exampl
domain exampl header cooki lower
httponli header cooki lower

test miss session
flask flask name
expect except arg kwarg

arg kwarg
runtim error
arg session unavail arg

expect except
test request context
flask session miss
expect except flask session setitem
expect except flask session

test session expir
perman
flask flask name
secret testkey
rout
index
flask session test
flask session perman perman


rout test
test
unicod flask session perman

client test client
client
cooki header
match search bexpir header cooki
expir pars date match group
expect datetim utcnow perman session lifetim
expir year expect year
expir month expect month
expir expect

client test
data

perman
test client
cooki header
match search bexpir header cooki
match

test flash
flask flask name
secret testkey

test request context
flask session modifi
flask flash
flask session modifi
flask flash
flask session modifi
flask flash messag

test extend flash
flask flask name
secret testkey

rout
index
flask flash hello world
flask flash hello world error
flask flash flask markup test warn


rout test
test
messag flask flash messag categori
messag
messag messag hello world
messag error hello world
messag warn flask markup test

messag flask flash messag
messag
messag hello world
messag hello world
messag flask markup test

test client

test

test request process
flask flask name
evt
request
request
evt append
request
request respons
respons data
evt append
respons
rout
index
evt
evt
request
evt
test client data
evt
request

test request error
flask flask name
call
request
request respons
call append
respons
rout
fail

test client
statu code
intern server error data
call

test request handler error
call
flask flask name
request
request respons
call append

respons
rout
fail

test client
statu code
intern server error data
call

test teardown request handler
call
flask flask name
teardown request
teardown request
call append
ignor
rout
root
respons
test client
statu code
respons data
call

test teardown request handler debug mode
call
flask flask name
debug
teardown request
teardown request
call append
ignor
rout
root
respons
test client
statu code
respons data
call


test teardown request handler error
call
flask flask name
teardown request
teardown request1
type zero divis error
call append
thi rais error blow away info
test teardown request pass origin
except

type error


teardown request
teardown request2
type zero divis error
call append
thi rais error blow away info
test teardown request pass origin
except

type error


rout
fail

test client
statu code
intern server error data
call


test request order
call
flask flask name
request
before1
call append
request
before2
call append
request
after1 respons
call append
respons
request
after2 respons
call append
respons
teardown request
finish1
call append
teardown request
finish2
call append
rout
index

test client
data
call

test error handl
flask flask name
errorhandl
found
found
errorhandl
intern server error
intern server error
rout
index
flask abort
rout error
error

test client

statu code
data found
error
statu code
intern server error data

test respons creation
flask flask name
rout unicod
unicod
hllo wrld
rout string
string
hllo wrld encod
rout arg
tupl
test text plain
test client
unicod data hllo wrld encod
string data hllo wrld encod
arg
data
header test
statu code
mimetyp text plain

test make respons
flask flask name
test request context
flask make respons
statu code
data
mimetyp text html

flask make respons awesom
statu code
data awesom
mimetyp text html

flask make respons w00t
statu code
data w00t
mimetyp text html

test gener
flask flask name
rout hello name method post
hello

test request context
flask hello name test hello test
flask hello name test extern
http localhost hello test

test custom convert
werkzeug rout base convert
list convert base convert
python valu
valu split
valu
base list convert
join base valu
flask flask name
convert list convert
rout arg
index arg
join arg
test client
data

test file
flask flask name
test client index html
statu code
data strip hello world
test request context
flask filenam index html
index html

test none respons
flask flask name
rout
test


test client
valu error
view respons


expect valu error

test request local
assert equal repr flask local proxi unbound
assert fals flask

test proper test request context
flask flask name
config updat
server name localhost localdomain 5000


rout
index


rout subdomain



test request context
flask index extern http localhost localdomain 5000

test request context
flask extern http localhost localdomain 5000


test request context environ overrid http host localhost

except
isinst valu error
server name provid
localhost localdomain 5000 match
server name wsgi environ localhost


config updat server name localhost
test request context environ overrid server name localhost

valu error
valu error
valu error except rais



config updat server name localhost
test request context environ overrid server name localhost

valu error
valu error
valu error except rais


test test proper environ
flask flask name
config updat
server name localhost localdomain 5000

rout
index


rout subdomain
subdomain
sub domain


test client
data
valu error
valu error
valu error except rais



test client http localhost localdomain 5000
data
valu error
valu error
valu error except rais



test client http localhost localdomain 5000
data
valu error
valu error
valu error except rais



config updat server name localhost localdomain
test client http localhost localdomain
data
valu error
valu error
valu error except rais



config updat server name localhost localdomain
test client http localhost localdomain
data
valu error
server name provid
localhost localdomain match
server name wsgi environ localhost localdomain


config updat server name localhost localdomain
test client http localhost
valu error
server name provid
localhost localdomain match
server name wsgi environ localhost


test client http localhost localdomain
data sub domain
valu error
valu error
valu error except rais


test except propag
apprunn configkey
flask flask name
rout
index

test client
config
config config

resp
except


fail expect except

statu code

test isol thread
debug flag except happen context
torn thi caus test fail
expect except stack
config test propag except debug
thread target apprunn arg config
start
join

test content length
flask flask name
debug
config content length
rout accept method post
accept file
flask request form myfil

errorhandl
catcher error


test client
post accept data myfil
data


json test case unittest test case

test json bodi encod
flask flask name
debug
rout
index
flask request json

test client
resp data hllo wrld encod 8859
content type applic json charset 8859
resp data hllo wrld encod

test jsonifi
dict
flask flask name
rout
kwarg
flask jsonifi
rout dict
dict
flask jsonifi
test client
dict

mimetyp applic json
flask json load data

test json attr
flask flask name
rout method post

unicod flask request json flask request json
test client
post data flask json dump
content type applic json
data

test templat escap
flask flask name
render flask render templat string
test request context
render script tojson safe
script
render script tojson safe
u0000 script

test modifi encod
modifi request flask request
charset
flask flask name
request modifi request
charset

rout
index
flask request arg

test client  encod
statu code
data  encod

encod
test modifi encod


templat test case unittest test case

test context process
flask flask name
context processor
context processor
inject valu
rout
index
flask render templat context templat html valu
test client
data

test origin
flask flask name
rout
index
flask render templat string config config
test client
data

test standard context
flask flask name
secret develop
rout
index
flask
flask session test
flask render templat string
request arg

config debug
session test

test client
data split

test escap
text hello world
flask flask name
rout
index
flask render templat escap templat html text text
html flask markup text
line test client data splitlin
line
hello world
hello world
hello world
hello world
hello world
hello world


test escap
flask flask name
test request context
flask render templat string
test test
flask render templat mail test
test mail

test macro
flask flask name
test request context
macro flask templat attribut macro html hello
macro world hello world

test templat filter
flask flask name
templat filter
revers

revers jinja filter key
jinja filter revers revers
jinja filter revers abcd dcba

test templat filter name
flask flask name
templat filter strrev
revers

strrev jinja filter key
jinja filter strrev revers
jinja filter strrev abcd dcba

test templat filter templat
flask flask name
templat filter
revers

rout
index
flask render templat templat filter html valu abcd
test client
data dcba

test templat filter name templat
flask flask name
templat filter revers
revers

rout
index
flask render templat templat filter html valu abcd
test client
data dcba

test custom templat loader
my flask flask flask
creat jinja loader
jinja2 dict loader
dict loader index html hello custom world
my flask name
rout
index
flask render templat index html
test client

data hello custom world


modul test case unittest test case

test basic
flask flask name
admin flask modul name admin prefix admin
admin rout
admin index
admin index
admin rout login
admin login
admin login
admin rout logout
admin logout
admin logout
rout
index
index
regist admin
test client
data index
admin data admin index
admin login data admin login
admin logout data admin logout

test endpoint name
flask flask name
flask modul name frontend
index
awesom
rule view func index
regist
test client
data awesom
test request context
flask frontend index

test request process
catch
flask flask name
admin flask modul name admin prefix admin
admin request
admin request
catch append admin
admin request
admin request respons
catch append admin
respons
admin rout
admin index
admin
request
request
catch append
request
request respons
catch append
respons
rout
index
index
regist admin
test client

data index
catch
catch

admin data admin
catch admin
admin

test context processor
flask flask name
admin flask modul name admin prefix admin
context processor
inject regualr

admin context processor
inject admin

admin context processor
inject

rout
index
flask render templat string
admin rout
admin index
flask render templat string
regist admin
test client
data
admin data

test late bind
flask flask name
admin flask modul name admin
admin rout
index

regist admin prefix admin
test client admin data

test error handl
flask flask name
admin flask modul name admin
admin errorhandl
found
found
admin errorhandl
intern server error
intern server error
admin rout
index
flask abort
admin rout error
error

regist admin
test client

statu code
data found
error
statu code
intern server error data

test templat
moduleapp
test client


data hello frontend
admin
data hello admin
admin index2
data hello admin
admin test
data strip admin file
admin test
data strip nest file

test request context
flask admin filenam test
admin test

test request context

flask render templat miss html
templat not found
name miss html

expect except

flask flask name test request context
flask render templat nest nest nest

test safe access
moduleapp

test request context
view function admin


passwd
not found


expect except

init
not found


expect except

testcas secur issu exist window system

ntpath
path path
path ntpath


init
not found


expect except

path path

test endpoint decor
werkzeug rout submount rule
flask modul

flask flask name
submount
rule endpoint
rule endpoint index

modul name name

endpoint



endpoint index
index
index

regist

test client
data index
data


sendfil test case unittest test case

test send file regular
flask flask name
test request context
flask send file index html
direct passthrough
mimetyp text html
open resourc index html
data read

test send file xsendfil
flask flask name
sendfil
test request context
flask send file index html
direct passthrough
sendfil header
header sendfil
path join root path index html
mimetyp text html

test send file object
flask flask name
warn captur
test request context
open path join root path index html
flask send file
open resourc index html
data read
mimetyp text html
mimetyp etag
captur

sendfil
warn captur
test request context
open path join root path index html
flask send file
mimetyp text html
sendfil header
header sendfil
path join root path index html
mimetyp etag
captur

sendfil
test request context
warn captur
string io test
flask send file
data test
mimetyp applic octet stream
etag
captur
warn captur
string io test
flask send file mimetyp text plain
data test
mimetyp text plain
etag
captur

sendfil
warn captur
test request context
string io test
flask send file
sendfil header
etag
captur

test attach
flask flask name
warn captur
test request context
open path join root path index html
flask send file attach
valu option pars option header header content disposit
valu attach
mimetyp etag
captur

test request context
option filenam index html
flask send file index html attach
valu option pars option header header content disposit
valu attach
option filenam index html

test request context
flask send file string io test attach
attach filenam index
etag
mimetyp text plain
valu option pars option header header content disposit
valu attach
option filenam index


log test case unittest test case

test logger cach
flask flask name
logger1 logger
logger logger1
logger1 name name
logger name name test logger cach
logger logger1

test debug
flask flask name
debug

rout
index
logger warn standard librari dead
logger debug debug statement


rout


test client

stderr

getvalu
warn flask test
flask test
standard librari dead
debug statement

stderr


zero divis error


debug except

test except log
string io
flask flask name
logger name flask test test except log
logger add handler stream handler

rout
index


test client
statu code
intern server error data

getvalu
except
traceback recent call last

zero divis error

test processor except
flask flask name
request
request
trigger

request
request respons
trigger

respons
rout
index

errorhandl
intern server error
hello server error
trigger
test client
statu code
data hello server error


config test case unittest test case

common object test
secret devkey
config test
config test case config

test config file
flask flask name
config pyfil flask test
common object test

test config object
flask flask name
config object name
common object test

test config
base object
test
test base
secret devkey
flask flask name
config object test
common object test

test config envvar

environ

environ
flask flask name

config envvar set
runtim error
set

expect except
config envvar set silent

environ set flask test
config envvar set
common object test

environ

test config miss
flask flask name

config pyfil miss
io error

startswith errno unabl load configur
file file directori
endswith miss

expect config
config pyfil miss silent


subdomain test case unittest test case

test basic support
flask flask name
config server name localhost
rout
normal index
normal index
rout subdomain test
test index
test index

test client
http localhost
data normal index

http test localhost
data test index

test path subdomain
flask flask name
config server name exampl
subdomaintestmodul
regist
test client
hello http exampl
data strip hello subdomain

test subdomain match
flask flask name
config server name localhost
rout subdomain user
index user
index user

test client
http mitsuhiko localhost
data index mitsuhiko

test subdomain support
flask flask name
flask modul name test subdomain test
config server name localhost

rout test
test
test

rout outsid subdomain xtest

outsid

regist

test client
test http test localhost
data test
outsid http xtest localhost
data outsid


test signal unittest test case

test templat render
flask flask name

rout
index
flask render templat simpl templat html whiskey

record
record sender templat context
record append templat context

flask templat render connect record

test client
record
templat context record
templat name simpl templat html
context whiskey

flask templat render disconnect record

test request signal
flask flask name
call

request signal sender
call append signal

request signal sender respons
respons data stuff
call append signal

request
request handler
call append handler

request
request handler respons
call append handler
respons data stuff
respons

rout
index
call append handler
ignor anyway

flask request start connect request signal
flask request finish connect request signal


test client
data stuff

call signal handler
handler handler
signal

flask request start disconnect request signal
flask request finish disconnect request signal

test request except signal
flask flask name
record

rout
index


record sender except
record append except

flask request except connect record

test client statu code
record
isinst record zero divis error

flask request except disconnect record


suit
minitwit test mini twit test case
flaskr test flaskr test case
suit unittest test suit
suit add test unittest make suit context test case
suit add test unittest make suit basic function test case
suit add test unittest make suit templat test case
suit add test unittest make suit modul test case
suit add test unittest make suit sendfil test case
suit add test unittest make suit log test case
suit add test unittest make suit config test case
suit add test unittest make suit subdomain test case
flask json avail
suit add test unittest make suit json test case
flask signal avail
suit add test unittest make suit test signal
suit add test unittest make suit mini twit test case
suit add test unittest make suit flaskr test case
suit


name main
unittest main default test suit
flask modul


modul name subdomain
flask flask

flask name
moduleapp app admin admin
moduleapp app frontend frontend
regist admin
regist frontend
flask modul render templat


admin modul name prefix admin


admin rout
index
render templat admin index html


admin rout index2
index2
render templat admin index html
flask modul render templat


frontend modul name


frontend rout
index
render templat frontend index html
code

mini twit test


test mini twit applic

copyright 2010 armin ronach
licens licens detail


minitwit
unittest
tempfil


mini twit test case unittest test case

set up
befor test blank databas
minitwit config databas tempfil mkstemp
minitwit test client
minitwit init

tear down
databas test
close
unlink minitwit config databas

helper function

regist usernam password password2 email
helper regist user
password2
password2 password
email
email usernam exampl
post regist data
usernam usernam
password password
password2 password2
email email
follow redirect

login usernam password
helper login
post login data
usernam usernam
password password
follow redirect

regist login usernam password
regist log
regist usernam password
login usernam password

logout
helper logout
logout follow redirect

messag text
record messag
post messag data text text
follow redirect
text
your messag record data


test function

test regist
make sure regist work
regist user1
success regist
login data
regist user1
usernam alreadi taken data
regist
enter usernam data
regist
enter password data
regist
password match data
regist email broken
enter valid email address data

test login logout
make sure log log work
regist login user1
log data
logout
log data
login user1 wrongpassword
invalid password data
login user2 wrongpassword
invalid usernam data

test messag record
check ad messag work
regist login
messag test messag
messag test messag

test messag data
test messag data

test timelin
make sure timelin work
regist login
messag messag
logout
regist login
messag messag

messag data
messag data

timelin show messag

messag data
messag data

follow
follow follow redirect
follow data

messag

messag data
messag data

user page want user messag

messag data
messag data

messag data
messag data

unfollow check work
unfollow follow redirect
longer follow data

messag data
messag data


name main
unittest main
code

mini twit


microblog applic written flask sqlite3

copyright 2010 armin ronach
licens licens detail

futur statement
time
sqlite3 dbapi2 sqlite3
hashlib
datetim datetim
contextlib close
flask flask request session redirect
render templat abort flash
werkzeug check password hash gener password hash


configur
databas minitwit
page
debug
secret develop

creat littl applic
flask name
config object name
config envvar minitwit set silent


connect
return connect databas
sqlite3 connect config databas


init
creat databas tabl
close connect
open resourc schema
cursor executescript read
commit


queri queri arg
queri databas return dictionari
execut queri arg
dict descript valu
valu enumer fetchal



user usernam
conveni method look usernam
execut select user user usernam
usernam fetchon



format datetim timestamp
format timestamp display
datetim utcfromtimestamp timestamp strftime


gravatar email size
return gravatar imag given email address
http gravatar avatar identicon
email strip lower encod hexdigest size


request
request
make sure connect databas request look
current user know

connect
user
user session
user queri select user user
session user


request
request respons
close databas request
close
respons


rout
timelin
show user timelin user log
redirect timelin thi timelin show user
messag well messag follow user

user
redirect timelin
render templat timelin html messag queri
select messag user messag user
messag author user user
user user
user user select follow

order messag date desc limit
session user session user page


rout
timelin
display latest messag user
render templat timelin html messag queri
select messag user messag user
messag author user user
order messag date desc limit page


rout usernam
user timelin usernam
display user tweet
profil user queri select user usernam
usernam
profil user
abort
follow
user
follow queri select follow
follow follow
session user profil user user

render templat timelin html messag queri
select messag user messag user
user user messag author user user
order messag date desc limit
profil user user page follow follow
profil user profil user


rout usernam follow
follow user usernam
add current user follow given user
user
abort
user usernam

abort
execut insert follow valu
session user
commit
flash follow usernam
redirect user timelin usernam usernam


rout usernam unfollow
unfollow user usernam
remov current user follow given user
user
abort
user usernam

abort
execut delet follow
session user
commit
flash longer follow usernam
redirect user timelin usernam usernam


rout messag method post
messag
regist messag user
user session
abort
request form text
execut insert messag author text date
valu session user request form text
time time
commit
flash your messag record
redirect timelin


rout login method post
login
log user
user
redirect timelin
error
request method post
user queri select user
usernam request form usernam
user
error invalid usernam
check password hash user hash
request form password
error invalid password

flash log
session user user user
redirect timelin
render templat login html error error


rout regist method post
regist
regist user
user
redirect timelin
error
request method post
request form usernam
error enter usernam
request form email
request form email
error enter valid email address
request form password
error enter password
request form password request form password2
error password match
user request form usernam
error usernam alreadi taken

execut insert user
usernam email hash valu
request form usernam request form email
gener password hash request form password
commit
flash success regist login
redirect login
render templat regist html error error


rout logout
logout
log user
flash log
session user
redirect timelin


filter jinja
jinja filter datetimeformat format datetim
jinja filter gravatar gravatar


name main

code

flaskr test


test flaskr applic

copyright 2010 armin ronach
licens licens detail


flaskr
unittest
tempfil


flaskr test case unittest test case

set up
befor test blank databas
flaskr config databas tempfil mkstemp
flaskr test client
flaskr init

tear down
databas test
close
unlink flaskr config databas

login usernam password
post login data dict
usernam usernam
password password
follow redirect

logout
logout follow redirect

test function

test
start blank databas

entri data

test login logout
make sure login logout work
login flaskr config usernam
flaskr config password
log data
logout
log data
login flaskr config usernam
flaskr config password
invalid usernam data
login flaskr config usernam
flaskr config password
invalid password data

test messag
test messag work
login flaskr config usernam
flaskr config password
post data dict
titl hello
text strong html strong allow
follow redirect
entri data
hello data
strong html strong allow data


name main
unittest main
code

flaskr


microblog exampl applic written flask tutori
flask sqlite3

copyright 2010 armin ronach
licens licens detail

futur statement
sqlite3 dbapi2 sqlite3
contextlib close
flask flask request session redirect abort
render templat flash

configur
databas flaskr
debug
secret develop
usernam admin
password

creat littl applic
flask name
config object name
config envvar flaskr set silent


connect
return connect databas
sqlite3 connect config databas


init
creat databas tabl
close connect
open resourc schema
cursor executescript read
commit


request
request
make sure connect databas request
connect


request
request respons
close databas request
close
respons


rout
show entri
execut select titl text entri order desc
entri dict titl text fetchal
render templat show entri html entri entri


rout method post
entri
session log
abort
execut insert entri titl text valu
request form titl request form text
commit
flash entri success post
redirect show entri


rout login method post
login
error
request method post
request form usernam config usernam
error invalid usernam
request form password config password
error invalid password

session log
flash log
redirect show entri
render templat login html error error


rout logout
logout
session log
flash log
redirect show entri


name main

code

j queri exampl


simpl applic show flask j queri along

copyright 2010 armin ronach
licens licens detail

flask flask jsonifi render templat request
flask name


rout number
number
number server side ridicul well
request arg type
request arg type
jsonifi result


rout
index
render templat index html


name main

