libdir file dirnam file
load path unshift libdir load path libdir

libdir task rake sort task load task
depend
pakyow core
pakyow present
pakyow mailer


depend


pakyow support
pakyow core
pakyow present
pakyow mailer

rel test help request
rel test help respons

rel test help mock present mock
rel test help mock statu mock

rel test help observ observ present
rel test help observ observ view

rel test help helper
rel test help simul
rel test help simul

pakyow
test help
setup
pakyow stage test

pakyow match
present pakyow test help observ present present




rel simul

pakyow
test help
helper
simul name path method session cooki block
pakyow test help simul
name path
method method
param
session session
cooki cooki


block


method simul

pakyow rout eval http method method
defin method method name path arg block
simul name path method method arg block





rel simul

pakyow
test help
simul
attr reader path method param

initi name path method param session cooki
path router path name path param
method method
param param

request method method upcas
request path path
path info path
queri string param join join
rack session session
rack request cooki hash cooki
rack input string io
pakyow param param



block
pakyow
process

simul

block given





router
pakyow router instanc




forward

pakyow
test help
simul
extend forward

redirect status

attr reader
deleg request respons present
deleg respons statu type format
deleg present view

initi



redirect
redirect status respons statu
respons header locat


path router path
respons header locat path



statu





rerout
request first path request path


request path router path







router
pakyow router instanc




pakyow
test help
observ
todo version exist view context consid dri
view class
pakyow present view
pakyow present view collect
pakyow present partial
pakyow present templat
pakyow present contain
pakyow present view compos


method miss name arg block
handl valu observ send name arg block


todo like need handl nest observ
observ scope action travers valu
observ
observ
scope scope
action action
travers travers
valu valu



observ scope action travers valu
observ
observ observ
observ scope scope
observ action action
observ travers travers

valu pair
observ valu










handl valu valu
view class valu
travers
observ view
parent present
view pakyow present view view pakyow present view collect
travers travers
travers valu scope


parent


valu pakyow present view collect
valu instanc variabl view collect view
observ view collect view parent travers



observ view valu parent travers


valu




pakyow
test help
observ logger
initi
string io
logger pakyow logger
log


string
string string


method miss method arg block
logger send method arg block




rel observ

pakyow
test help
observ present
observ
attr reader present

initi present
present present


observ
present




pakyow
respons
statu
pakyow test help mock statu statu



pakyow
request
param
pakyow param



pakyow
test help
mock present
attr reader call

initi present
present present
call


method miss method arg block
present send method arg block
call method arg





pakyow
test help
mock statu
attr reader valu

initi valu
valu valu


equal valu
equal valu symbol
equal valu pakyow respons statu code lookup equal valu


valu equal valu



valu




pakyow support
pakyow core
pakyow present
pakyow mailer
pakyow realtim
pakyow

pakyow test help request
pakyow test help respons

pakyow test help mock present mock
pakyow test help mock statu mock

pakyow test help observ observ present
pakyow test help observ observ view
pakyow test help observ observ logger
pakyow test help observ realtim observ context
pakyow test help observ realtim observ mutat

pakyow test help helper
pakyow test help simul
pakyow test help simul

pakyow
test help
setup path setup
path

pakyow match
present pakyow test help observ present present


pakyow process
pakyow test help realtim observ mutat instanc reset


pakyow stage test test




pakyow present view context view class pakyow test help observ view

pakyow
helper
socket
socket pakyow test help realtim observ context




pakyow
present
view context
mutat mutat data
pakyow test help realtim observ mutat instanc mutat mutat data




rel simul

pakyow
test help
helper
simul name path method session cooki block
pakyow test help simul
name path
method method
param
session session
cooki cooki



block


method simul

pakyow rout eval http method method
defin method method name path arg block
simul name path method method arg block





rel simul

pakyow
test help
simul
attr reader path method param

initi name path method param session cooki
path router path name path param
method method
param param

request method method upcas
request path path
path info path
queri string param join join
rack session session
rack request cooki hash cooki
rack input string io
pakyow param param
rack logger pakyow test help observ logger
merg hash


block
simul call context process

block given





router
pakyow router instanc




forward

pakyow
test help
simul
extend forward

redirect status

attr reader
deleg request respons present socket socket digest socket connect
deleg respons statu type format
deleg present view

initi



redirect
redirect status respons statu
respons header locat


path router path
respons header locat path



statu





rerout
request first path request path


request path router path





subscrib

channel

channel



unsubscrib
subscrib


push messag
socket push messag



request rack logger




router
pakyow router instanc


channel
socket deleg registri channel socket digest socket connect




pakyow
test help
observ
todo version exist view context consid dri
view class
pakyow present view
pakyow present view collect
pakyow present partial
pakyow present templat
pakyow present contain
pakyow present view compos


method miss name arg block
handl valu observ send name arg block


todo like need handl nest observ
observ scope action travers valu
observ
observ
scope scope
action action
travers travers
valu valu



observ scope action travers valu
observ
observ observ
observ scope scope
observ action action
observ travers travers

valu pair
observ valu










handl valu valu
view class valu
travers
observ view
parent present
view pakyow present view view pakyow present view collect
travers travers
travers valu scope


parent


valu pakyow present view collect
valu instanc variabl view collect view
observ view collect view parent travers



observ view valu parent travers


valu




pakyow
respons
statu
pakyow test help mock statu statu



pakyow
param overrid
param
fetch pakyow param



request
prepend param overrid


pakyow
test help
mock present
attr reader call

initi present
present present
call


method miss method arg block
present send method arg block
call method arg





pakyow
test help
mock statu
attr reader valu

initi valu
valu valu


equal valu
equal valu symbol
equal valu pakyow respons statu code lookup equal valu


valu equal valu



valu




libdir file dirnam file
load path unshift libdir load path libdir

gem
mail

base
mailer mailer
mailer configur base
pakyow
app helper
mailer view path
mailer view path present store



pakyow
mailer
attr accessor view messag

initi view path
view view path view path

messag mail
messag configur base mailer sender
messag content type configur base mailer content type
messag deliveri method configur base mailer deliveri method configur base mailer deliveri option


deliv recipi subject
html content view html
messag html part
content type text html charset
bodi html content


messag subject subject subject

recipi array
recipi deliv

deliv recipi





deliv recipi
messag recipi
messag deliv



pakyow
config
mailer
config base regist config mailer


attr accessor sender content type deliveri method deliveri option

sender
sender pakyow


content type
content type text html charset


deliveri method
deliveri method sendmail


deliveri option
deliveri option enabl starttl auto





pakyow
configur
autoload mailer mailer configur mailer

base
mailer
configur mailer




pakyow
configur
mailer

attr accessor sender content type deliveri method deliveri option

sender
sender pakyow


content type
content type text html charset


deliveri method
deliveri method sendmail


deliveri option
deliveri option enabl starttl auto





test applic pakyow applic
configur test
present view test view


thi keep actual
detect handler
test handler


test mailer pakyow mailer
deliv
deliv


deliv recipi
deliv
deliv recipi


rubygem
test unit

shoulda

pakyow core pakyow core
pakyow present pakyow present
pakyow mailer pakyow mailer

test mailer
test applic
support helper

mailer test mini test unit test case
setup
test applic stage test
pakyow present view store mailer


test mailer properli initi
mailer

equal mail messag messag
equal view view


test set view set messag bodi
mailer

equal file open test view test messag email main html read view contain main content


test subject
subject

mailer
deliv bogu test subject

equal subject messag subject


test send recipi
bogu test

mailer
deliv

deliv


test send multipl recipi
bogus1 test bogus2 test

mailer
deliv


deliv



mailer
test mailer test messag


test applic pakyow applic
configur test
present view store mailer test view


thi keep actual
detect handler
test handler


test mailer pakyow mailer
deliv
deliv


deliv recipi
deliv
deliv recipi


rubygem
minitest
minitest unit
minitest autorun
minitest focu
turn autorun


pakyow core pakyow core
pakyow present pakyow present
pakyow mailer pakyow mailer

support test mailer
support test applic
rubygem
pakyow core

hello app pakyow applic
rout

respons bodi pakyow say hello




hello app
libdir file dirnam file
load path unshift libdir load path libdir

gem
find
rack
rack file
logger


base
core base
pakyow
pakyow

util method directori file
dir util

visit file walk directori
walk block

entri
partit partit file file
file partit
dir partit
file start
dir walk block start




pakyow

util method string
string util

split seper string last
split last
split index rindex
split index
left split index
right split index length split index
left right


remov rout var rout spec
rout spec
rout spec split


join




pars path caller caller
caller match


normal path path
path path regexp

path path path length path
path path path length path path length
path




pakyow

util method hash
hash util
creat indiffer hash thi mean indifferent hash


access like


strhash hash
indifferent hash




strhash
indifferent hash
hash pair valu
hash indifferent valu valu hash


indiffer hash merg hash


strhash
indiffer hash
hash hash hash symbol



argv first help argv first
put file open file join core path command usag consol read

unshift


pakyow applic applic stage argv first

reload
put reload
pakyow reload



argv clear
start


argv first help argv first
put file open file join core path command usag server read

unshift


pakyow applic applic argv first

pakyow
present base
inherit subclass
configur base present subclass


instanc
instanc



pakyow

respons object
respons rack respons
cooki
pakyow request cooki pair
cooki
pakyow request initi cooki cooki alreadi ignor

cooki default
cooki
path configur base cooki path
expir configur base cooki expir
valu



delet cooki longer present
pakyow request initi cooki
cooki pakyow request cooki



cooki data
cooki
path data path configur base cooki path
expir time


pakyow request cooki delet



pakyow

helper method simpli provid inform binder
gener helper
request
pakyow request


respons
pakyow respons


router
rout lookup


param
request param


session
request session


cooki
request cooki



helper method specif deleg control
helper
gener helper


pakyow



pakyow

handl look path name rout popul
path data

rout lookup
helper

path name data
rout name rout name
data popul rout data file join rout


group name
group name





name rout name
pakyow router rout name group


popul rout data
var rout

split path request split rout

var
split path posit data


file join split path join



core configur base
core helper
core
core request
core respons
core loader
core router
core rout
core rout templat
core rout templat default
core rout lookup
core applic
core cach
core present base
core context

middlewar
core middlewar logger
core middlewar
core middlewar reload
core middlewar present
core middlewar found
core middlewar router
core middlewar setup

util
util string
util hash
util

pakyow
attr accessor

pakyow

provid easi text warn

open stdout file write
reopen
consol stdout

configur base
file file exist file open configur base name


close
file close file


add text
put text
configur base

consol text
file write text file



enter put


add warn text
warn text
enter warn text


add error text
error text
enter error text



pakyow
applic

attr accessor core proc middlewar proc middlewar configur

set path applic file reload later

inherit subclass
pakyow configur applic path string util pars path caller caller


run applic accept environ exampl
develop
develop stage

arg
run

run
builder prepar arg
detect handler builder host pakyow configur base server host port pakyow configur base server port server
trap stop server
trap term stop server



stage applic everyth load applic
start accept argument

stage arg
stage
stage
prepar arg


builder
builder rack builder


prepar
prepar


return applic run

run
run


return applic stage

stage
stage


conveni method base configur

config
pakyow configur base


creat configur particular environ exampl
configur develop auto reload

configur environ block
configur
configur environ block


block store rout handler hook

core block
core proc block


block store present relat thing

present block
configur base present proc block


middlewar block
middlewar proc block


step middlewar
middlewar middlewar middlewar array
step step

middlewar
middlewar step
middlewar step concat middlewar


step middlewar
middlewar middlewar middlewar array
step step

middlewar
middlewar step
middlewar step concat middlewar


step type builder
middlewar
middlewar step
middlewar step type

middlewar step type
builder






prepar applic run stage return instanc
applic
prepar arg
cfg arg arg first configur base environ arg
load config cfg
prepar

builder rack method overrid

builder pakyow middlewar setup

todo possibl deprec
builder instanc middlewar proc middlewar proc

builder pakyow middlewar static configur base
builder pakyow middlewar logger configur base
builder pakyow middlewar reload configur base auto reload

configur base present
present builder
builder pakyow middlewar present
present builder


configur base ignor rout
rout builder
builder pakyow middlewar router
rout builder


builder pakyow middlewar not found alway

prepar

unshift
cfg first


load config arg
configur
arg configur base environ arg
arg
config configur
configur base instanc config




detect handler
handler thin mongrel webrick
handler unshift configur base server handler configur base server handler

handler handler

rack handler handler
load error
name error




stop server
server respond stop
server stop
server respond stop
server stop

ungrac necessari
process




helper

attr accessor request respons present router

initi primari
primari
pakyow

pakyow present configur base present instanc configur base present

load applic file
load

prepar log
reopen


setup
request request
respons respons

respons need set request
request setup


call everi request

call
finish


thi useless method part extern
reload
load



action

interrupt applic return respons immedi

halt
halt respons


rout request differ logic

rerout path method
request setup path method


caught middlewar present someth
request hand back router
rerout request
argument error
nobodi caught tell router rerout
router rerout request



send data respons immedi accept string data file
mime type auto detect default octet stream option file name

file mime type guess otherwis mime type file name
whatev respons

send file data type send
file data
file
data file open path line line data line

auto type base file type
type rack mime mime type string util split last file path

data file data


header
header content type type type
header content disposit attach filenam send send

respons rack respons data respons statu respons header merg header
halt


redirect locat immedi

redirect locat statu code
header respons respons header
header header merg locat locat

respons rack respons statu code header
halt


handl name code
router handl name code


conveni method defin rout outsid core block

rout name main block
router name block




reload applic file applic path present specifi

load reload
load configur applic path reload

router router instanc

loader loader loader
loader load path configur base

load core
present load present


evalu core proc

load core
core proc
router main core proc


send respons cleanup

finish
respons cooki
respons finish




pakyow
rout set

pars rout arg arg

arg
hash hook

array

proc

symbol name

path






pars arg arg

arg
hash hook

symbol name

path






pars group arg arg

arg
hash hook

name






pars handler arg arg

arg
proc

integ code

name






pars templat arg arg

arg
hash hook

name






pars expans arg arg

arg
hash hook

path






build main hook
hook normal hook hook

concat hook around hook hook around
concat hook hook hook
concat main main
concat hook hook hook
concat hook around hook hook around



normal hook




around

array
array
around around around array





attr reader rout group

initi
rout post delet

rout name
group rout name


group

templat

handler

scope name path hook


creat retreiv name rout when retriev

name block
name block block
name


arg block
regist rout arg block


arg block
regist rout arg block


arg block
regist rout arg block


post arg block
regist rout post arg block


delet arg block
regist rout delet arg block


return rout request control action
todo move rout helper
call control action

control object control
action configur base action

instanc control
request control instanc
request action action

instanc send action



creat handler

handler arg block
name code pars handler arg arg
block block given

handler name code


group arg block
name hook pars group arg arg

deep exist hook reset close group
origin hook copi hook scope hook

scope hook merg hook scope hook hook scope hook hook

scope name name
group name
group rout name name

instanc exec block
scope name

scope hook origin hook


arg block
path name hook pars arg arg
hook name name hash

origin path scope path
scope path file join scope path path

group name hook block
scope path origin path


templat arg block
name hook pars templat arg arg
templat name hook block


expand name name arg block
path hook pars expans arg arg

templat info templat name
templat info merg hook templat info hook

evalu block context
method miss store function
index show
rout templat block name path

evalu templat context func look func
other proper name
evalu templat info


return rout tupl
regex var name path

match path method
path string util normal path path

rout method

regexp
data match path
data

string
path








handl name code
handler
name code name code





name base rout lookup
rout name group
rout name name group

group rout group rout name group
group rout name





merg hook
normal
normal hook
normal hook

merg
concat
concat
around concat around



copi hook hook

hook
hook
around hook around



regist rout method arg block
path name hook pars rout arg arg


pass block
block block given

hook merg hook hook scope hook

build
build hook

path regexp
regex path
var

prepend scope path scope
path file join scope path path
path string util normal path path

regex var path
regex var build rout matcher path


creat rout tupl
rout regex var name path

rout method rout
rout name name rout

store group refer scope
group scope name
group group rout
group rout name group name rout


build rout matcher path
path path regexp

check var
path path path index

var
var
regex rout path
rout segment path split
rout segment index segment
segment
segment gsub
var posit
regex rout regex rout segment


regexp regex rout
var




todo renam router func

pakyow
rout templat

pars action arg arg

arg
hash hook

proc







attr accessor path

initi block name path router

name name
path path
router router
nest path path
expans

instanc exec block


action method arg block
hook pars action arg arg
block given block
method rout set build hook


evalu templat
expand
hook block templat


path
router path name hook
instanc exec block


router group name hook
instanc exec block



expand nest expans initi expans
nest path guarante
expans
append nest path nest expans path
file join nest path
router send



name
expand expand name
router name





call control action
router call control action


arg block
router arg block


arg block
router arg block


arg block
router arg block


post arg block
router post arg block


delet arg block
router delet arg block


expand arg block
expans expand arg block


group arg block
arg arg unshift path
router arg block


arg block
path name hook rout set pars arg arg
path file join path path
router path name hook block


nest path
nest path name nest path


todo best name
action control action
action
action call control



todo best name
rest action control
action control rest action


rest action
index show creat edit updat delet




pakyow
cach
initi
store



store


block
store
block given
block call
store




invalid





pakyow
rout templat default
default

templat rest
nest path group path
file join path group






special show view path overridden
show show
show show show array
path path
show show unshift

present view path file join path show configur base present





post creat creat creat

edit edit edit edit
updat updat updat

delet delet delet delet





singleton

pakyow
singleton manag rout set

router
singleton

attr reader set

initi
set


creat

name block
set name rout set
set name instanc exec rout templat default default
set name instanc exec block


iter rout set return first match rout

rout name group
set
rout name group







perform initi rout request

rout request
trampolin match request


rerout request

rerout request
match request


find invok handler name statu code

handl name code logic
set
handl name code
pakyow respons statu
logic trampolin





rout
rout


look popul path data

path name data
rout lookup path name data


look rout group

group name
rout lookup group name




call rout function order share context

call
context
instanc exec


creat context evalu rout

context
fn context


find first match rout request path method
return rout function rout

match request
path string util normal path request work path
method request work method

rout

match data
set
match data match path method
match



match
match

handl rout param
todo
request param merg hash util strhash data path path data match

todo
request rout path match





call rout function catch function
thrown rerout

trampolin


call

get mean call return normal
fall
block

rerout invok handler call block block valu block
neither call block fall

rout

fall




extract data path

data path path match var
data
data match

match name
data match


data



pakyow

request object
request rack request
attr accessor rest rout path control action format error work path work method initi cooki

initi arg


initi cooki
cooki
initi cooki



easi access path info
path
path info


determin request method
method
request method downcas


format format
format format format html

respons type
pakyow respons content type rack mime mime type format


session
rack session


cooki
cooki hash util strhash


return indiffer param hash util strhash info indiffer hash
param
param hash util strhash


return compon
path part
path split path


refer
refer http refer


return refer compon
refer part
refer part refer split refer


setup path path method
request format path path
work path path path method


todo move util
split

split








work path path path method
base rout ignor format string util split last path

work path base rout
work method method method


request format path path
path format string util split last path
format format format format length format format length format



pakyow
handl load reload pakyow applic develop
mode file automat reload modifi
loader

load file provid path decend child directori
load path path
recurs path




recurs
time
file exist
dir util walk path
file test directori path
path split

configur base auto reload
time path time path file mtime path time path
load path
time path file mtime path


path






pakyow
fn context
helper


pakyow
configur
cooki

attr accessor path expir

what path cooki creat
path
path


when cooki expir
expir
expir time week





pakyow
configur
autoload core configur
autoload server core configur server
autoload cooki core configur cooki

base
fetch server configur
server
configur server


fetch applic configur

configur


fetch cooki configur
cooki
configur cooki


reset configur
reset
server type
klass send type
klass instanc variabl
assum applic path reset sinc
pakyow applic inherit
applic path
klass send gsub






pakyow
configur
server

attr accessor port host handler

port applic
port
port 3000


host applic
host
host


add handler puma
handler
handler





pakyow
configur


attr accessor mode root
present action ignor rout error level
environ applic path name
auto reload error browser view visibl

display develop specif warn

mode
mode mode


auto reload
auto reload auto reload


error browser
error browser error browser


request




root directori
root
root file dirnam


public directori

root


directori

root log


name
name request



root


default action
action
action index


mockup mode
ignor rout
ignor rout ignor rout


view visibl
view visibl view visibl


environ
environ develop


path applic
applic path
applic path


handl file

best perform file
handl server nginx








pakyow
middlewar
static
initi



call

respons rack respons

halt
pakyow send file open file join configur base path info


call






path info file exist file join configur base path info




pakyow
middlewar
reload
initi



call
pakyow reload
call




pakyow
middlewar
present
initi



call
pakyow request


pakyow present prepar request pakyow request

rerout
call



todo right thing
pakyow respons bodi pakyow present content pakyow present present
pakyow respons finish




pakyow
middlewar
setup
initi



call
todo track middlewar instead call context access current
pakyow setup
call




pakyow
middlewar
logger
initi



call
result
differ time began
enter process path info remot addr began request method

error error
result call


enter error
enter error backtrac join

result pakyow respons finish



enter complet differ pakyow respons statu pakyow request
enter

result


time
time

time 1000




pakyow
middlewar
router
initi



call
halt
pakyow router rout pakyow request
call

standard error error
pakyow request error error

pakyow respons statu
pakyow router handl

configur base error browser
pakyow respons content type text html
pakyow respons bodi
pakyow respons bodi escap html error
pakyow respons bodi error backtrac join

pakyow present
consid move present middlewar
pakyow present prepar request pakyow request
pakyow respons bodi pakyow present content pakyow present present




caught middlewar logger
error error
argument error





pakyow
middlewar
not found
initi



call
rout match view found
found
enter found

pakyow respons bodi
pakyow present reset pakyow present

pakyow respons statu
pakyow router handl

pakyow present
consid move present middlewar
pakyow present prepar request pakyow request
pakyow respons bodi pakyow present content pakyow present present



call




found
pakyow router rout
pakyow present pakyow present present configur view visibl







fileutil

pakyow
gener
app gener

start
argv first
help
put file open file join core path command usag read

gener
gener build argv first




initi
file expand path file templat


build dest
file directori dest entri dest
file util dest

argv clear
folder dest would like popul anyway

get chomp
file util dest






rubygem
pakyow

pakyow applic
applic pakyow applic
core

put pakyow say hello




support helper

respons test mini test unit test case
test rack respons
rack respons pakyow respons superclass


support helper

cach test mini test unit test case
setup
cach cach


test store valu retriev



cach

equal cach
equal cach


test valu obtain proc



cach
equal cach


test valu overridden proc


foobar

cach
cach
equal cach


support helper

rout test mini test unit test case
attr accessor regist
attr accessor call

setup
call
pakyow respons mock respons


rout set

test regist fetchabl
rout set











test rout creat match
rout set



rout tupl match


test rout creat match
rout set







rout tupl match

post post
rout tupl match post post post post


rout tupl match

delet delet
rout tupl match delet delet delet delet


test pass rout
rout set





match


test rout defin without
rout set


match


test singl passabl rout
rout set



test key rout match
rout set


match
match post
match
match

rout set


match
match post
match
match


test rout var extract avail request
router instanc
test



data
mock request data
router instanc rout
equal data param



test regexp name captur extract avail request
router instanc
test



data
mock request data
router instanc rout
equal data param



test rout referenc name
rout set


rout
rout


test rout name first
rout set


rout
rout


test handler regist match
rout set

name
code


handler

handler tupl handl name name code
handler tupl handl code name code
handl
handl


test hook ad rout
rout set










match





match





test group rout match
rout set
group test group



match


test group rout inherit hook
rout set









group test group



match





test namespac rout match
rout set
test



match
match


test namespac name first
rout set
test



match
match


test namespac rout inherit hook
rout set









test



match





test rout templat defin expand
rout set
templat test templat
root root





expand test templat test expans
action root


match



router
test router singleton
router instanc router instanc


test rout set regist
test
router instanc test
test regist


regist


test rout look name
router instanc test



router instanc rout
router instanc rout


test rout call order
test
router instanc test

test call



test call


three
test call


concat concat three


router instanc rout mock request
equal call


test request rerout
test
router instanc test

rerout



test call rerout



router instanc rout mock request
equal rerout call


test request rerout method
test
router instanc test

rerout



test call rerout



router instanc rout mock request
equal rerout call


test handler call router
test
router instanc test

handl


handler
test call handl



respons
pakyow respons
router instanc rout mock request

equal handl call
equal statu



rout templat
todo action namespac creat rout action rest action


rout lookup

test path name rout
router instanc
test



equal rout lookup path


test path popul
router instanc
test
foo1
foo2


equal rout lookup path foo1
equal rout lookup path foo2


test group rout look name group
router instanc
test
group




equal rout lookup group path
rout lookup path group rout avail group


test namespac rout look name group
router instanc
test





equal rout lookup group path
rout lookup path group rout avail group




rout tupl match data
match rout found
match

match match
equal data match mismatch regex
equal data match mismatch var
equal data match mismatch name
equal data match mismatch
equal data match mismatch path


handler tupl match data
match handler found
match

equal data match mismatch name
equal data match mismatch code
equal data match mismatch


support helper

applic action mini test unit test case
test applic halt
reset


pakyow halt

halt


equal halt


test applic redirect
reset
locat

pakyow redirect locat



equal pakyow respons statu
equal locat pakyow respons header locat


test applic redirect respect statu
reset
locat

pakyow redirect locat



equal pakyow respons statu
equal locat pakyow respons header locat


test applic redirect halt
reset


pakyow redirect

halt


equal halt


test applic rerout path
reset

path
pakyow router mock router
pakyow request mock request
pakyow respons mock respons
pakyow rerout path

equal pakyow request work method
equal path pakyow request work path
pakyow router rerout


test applic rerout path method
reset

path
method
pakyow router mock router
pakyow request mock request
pakyow respons mock respons
pakyow rerout path method

equal method pakyow request work method
equal path pakyow request work path
pakyow router rerout


test applic handl
reset

pakyow router mock router
pakyow handl

pakyow router handl


test data sent applic
reset
pakyow request mock request
pakyow respons respons

data

halt
pakyow send data


equal data pakyow respons bodi
equal text html pakyow respons header content type


test data sent applic type
reset
pakyow request mock request
pakyow respons respons

data
type text

halt
pakyow send data type


equal data pakyow respons bodi
equal type pakyow respons header content type


test file sent applic
reset
pakyow request mock request
pakyow respons respons

path file join file dirnam file support

data file open path read

halt
pakyow send file open path


equal data pakyow respons bodi
equal text html pakyow respons header content type


test file sent applic type
reset
pakyow request mock request
pakyow respons respons

type text plain
path file join file dirnam file support

data file open path read

halt
pakyow send file open path type


equal data pakyow respons bodi
equal type pakyow respons header content type


test file sent applic type attach
reset
pakyow request mock request
pakyow respons respons


type text plain
path file join file dirnam file support

data file open path read

halt
pakyow send file open path type


equal data pakyow respons bodi
equal type pakyow respons header content type
equal attach filenam pakyow respons header content disposit




reset
test


reset
test applic reset reset


test path
file join test support


support helper

loader test mini test unit test case
setup
loader pakyow loader
loader load path path


test recurs load file
object defin reload


test tell time
configur base auto reload

time loader time
touch file join path reload
loader load path path

time first loader time first




path
file join test support loader



pakyow loader
attr accessor time

support helper

string util test mini test unit test case

setup


teardown


test remov rout var
equal string util remov rout var fail remov rout var
equal bret string util remov rout var bret fail remov rout var
equal bret string util remov rout var bret fail remov rout var
equal bret string util remov rout var bret fail remov rout var
equal bret string util remov rout var bret fail remov rout var
equal bret string util remov rout var bret fail remov rout var
equal bret string util remov rout var bret fail remov rout var
equal fred barney string util remov rout var fred barney fail remov rout var
equal fred barney string util remov rout var fred fred barney barney fail remov rout var
equal fred barney string util remov rout var fred barney fail remov rout var
equal fred barney string util remov rout var fred barney fail remov rout var
equal fred barney string util remov rout var fred barney fail remov rout var


test split last
equal string util split last fail split
equal string util split last fail split
equal string util split last fail split
equal string util split last fail split
equal three four string util split last three four fail split three four
equal three string util split last three fail split three
equal three string util split last three fail split three


test applic path accur window
equal string util pars path caller test test applic test test applic



support helper

applic test mini test unit test case
test applic path inherit
pakyow configur applic path test path


test applic run
test
equal run


test stage run
test
stage


test applic stage
stage test
equal run


test detect stage applic
stage test
equal stage


test base config return
equal pakyow configur base config


test configur store
stage test
configur test


test initi
env test
stage env
equal env first pakyow


test initi

pakyow
test
equal test applic pakyow


test load request mode
todo




reset
test applic reset reset


test path
file join test support



support helper

request test mini test unit test case
test rack request
rack request pakyow request superclass


test path call path info
equal request path request path info


test method proper format
equal request method


test split
equal request path part length
equal request path part


test refer split
equal request refer part length
equal request refer part




request
pakyow request path info request method http refer rack input


support helper

stringio

log test mini test unit test case
setup
text


teardown
file util file file exist file


test consol
stdout
stdout string io
pakyow reopen
enter text

equal text stdout string strip

stdout


test file
configur base path
pakyow reopen
enter text
close

file exist file
equal text file file read strip




file
file join path request


path
file join test


support helper

present base test mini test unit test case
test present inherit
load support present
equal test present configur base present


test present singleton
load support present
test present instanc test present instanc


support helper

helper test mini test unit test case
setup
test applic stage test
test helper


test return
pakyow


test request return
test
pakyow request
request


test respons return
test
pakyow respons
respons


test router lookup return
router pakyow rout lookup


test param return
pakyow request mock request
param pakyow param


test session return
pakyow request mock request
equal session pakyow request session


test cooki return
pakyow request mock request
cooki pakyow cooki


test gener helper includ helper
pakyow helper ancestor pakyow gener helper



test helper
helper

support helper

fn context test mini test unit test case
test helper includ
fn context ancestor pakyow helper helper avail fn context


test present pakyow present base
load


test applic pakyow applic
configur test
file join test support loader


overrid

attr accessor handler

thi keep actual
detect handler
test handler


reset reset
reset
pakyow
pakyow configur base reset

prepar
run
stage

rout proc
statu proc






test handler
arg


rubygem
minitest
minitest unit
minitest autorun
minitest focu
turn autorun


pakyow core

support
support mock router
test handler
test model
test present
test control
string util test
rout block evalu

mock request path
pakyow request path info path request method http refer rack input
work path path
work method



mock respons
pakyow respons

mock router
attr reader rerout handl

rerout arg
rerout


handl arg
handl


thi use loader test test reload object
reload

libdir file dirnam file
load path unshift libdir load path libdir

gem
nokogiri

base
present base
present

present present
present configur base
present helper
present applic
pakyow
present
bind
attr accessor bindabl
attr reader bind bind option map

gener helper

name block
func name block block
func name


block
bind block


initi block
func
bind
bind option
instanc exec block block


bind name func block
bind name func block


option name func block
bind option name func block


option prop prop
bind option prop
instanc exec



prop prop
bind prop


valu prop prop
map alway overrid scope
map
binder kernel map bindabl
binder valu prop prop
bind bind prop
bind ariti

instanc exec bind

instanc exec bindabl prop bind



bindabl prop



merg bind instanc hash bind
merg bind
bind hash
bind bind merg bind
bind
bind bind bind merg bind
map bind map bind map
bind option bind bind option bind bind option bind bind option





klass
todo make sure klass subclass binder
map klass


klass must subclass binder
set flag indic map
valu prop check flag call binder like


rest rout group
bind action
rout router group rout group
data

bindabl
data content content
input type hidden name method valu content


action rout path updat

action rout path creat


data action action
data method post
data






pakyow
helper
present
pakyow present current context
pakyow present


bind name
present bind name bind


view
present view



pakyow
present
view

attr accessor binder view path root view

view store
pakyow present current view lookup store


binder scope scope bindabl
bind pakyow present bind scope
bind bindabl bindabl
bind


view path dirv
view path
root view dirv


close
area base basefont input link meta


form field
input select textarea button


without valu
select


path view path
view store root path view path
compil view path


root path view path
view store root path view path




attr accessor scope scope
attr writer bind



scope scope



initi root view
view path view path
root view root view root view

nokogiri element nokogiri document nokogiri html document fragment

pakyow present view collect
first
pakyow present view

string
view path view store real path

parser
format string util split last view path
content pars content file read view path format

root view
nokogiri html document pars content

nokogiri html fragment content


argument error view come back year



compil view path
view info view store view info view path
popul view view info view


pars content content format

pakyow present parser store format call content

warn parser defin extens format format html
content



titl titl

titl first
inner html nokogiri html fragment titl

head first
child nokogiri html fragment titl titl titl





titl
titl first
inner html


html contain
contain
configur present contain attribut contain first
inner html




html



html

allow multipl attribut
root view find selector attribut style style

attribut arg
arg
attribut

bind attribut arg



attr attribut

remov
remov


delet remov

todo replac differ syntax view attribut remov

strip


remov
gsub strip






clear
blank
inner html


text
inner text


content
inner html


html content

content content
content content call content content proc
inner html nokogiri html fragment content


html content

append view
child view


view
view


view
view


scope name
name name

view view collect
bind select scope name
view path path
bind bind child view
scope scope

view


view


prop name
name name

view view collect
bind bind
bind prop prop
prop prop name
view path prop path
bind bind child view

view




view


call
view block

creat context view manipul perform

unlik previou version context referenc
block argument context method avail





call
view datum block

yield view match dataum thi driven view
mean datum yield view avail
singl view view datum pair yield

basic bret

data block
data data data enumer
block call data


call
match data view collect

return view collect object manipul match data
singl view view collect collect consist copi
data length

match data
data data data enumer

view view collect
data datum



view
bind bind
todo view scope

view


remov
view


call
repeat data view datum block

match data yield view datum pair

repeat data block
match data data block


call
bind data

bind data across exist scope

bind data bind block
scope bind first

binder view binder scope scope scope data
binder merg bind

bind data scope data scope binder
data block given


call
appli data

match data bind data view

appli data bind block
view match data bind data bind block


contain name
match contain select name name

view collect
match view path path



contain
contain find contain


bind
bind find bind




content contain content contain
content content content string content nokogiri html document fragment content nokogiri element
contain child content


reset contain contain
contain inner html



popul root view use view store data recurs build
substitut child view name structur
popul view root view view info
root view contain
path view info name

popul view view path view info
reset contain
content contain

root view


return hash contain name
find contain
element
travers
name attr configur present contain attribut
element name name path path


element


return hash describ scope
find bind
bind
breadth first
scope configur present scope attribut

find prop
prop
breadth first
deeper scope
reject configur present scope attribut

prop configur present prop attribut
prop prop prop path path


bind scope scope path path prop prop


determin nested current unus leav need
bind
nest
bind
path path
path path
nest ancestor


nest scope nest

bind


bind child view child
child path path child
child path child path length
child bind

bind bind
want path within child path
path within path bind path child path
updat path rel child
marshal load marshal dump bind

concat prop
path path child path


child bind



child bind


breadth first
queue
queue
node queue shift
reject
node
queue concat node children




path child
path

path child

child ancestor
sinc ancestor goe root stop level
children

path unshift children index child
child


path


path within path child path parent path
parent path index step
step child path





path path


path
path

path
child children
child








view path path
view path path


bind data scope data scope binder
data

handl root bind
binder binder valu prop root
hash bind attribut bind valu


scope prop
unbound
prop

data hash data data hash data method defin binder binder prop
handl unbound data scope


binder binder valu prop data

path path

handl form field
bind form field scope binder view form field name

bind attribut valu
hash bind attribut bind valu




bind valu valu
valu

name
view without valu
view close valu valu inner html valu


bind attribut attr
attr attr
attr content
call inner html proc
bind valu



attr attr
attr attribut
call attr send attr proc
remov attribut attr attr send attr



todo refactor option
bind form field scope prop valu binder
name name

name form element
name scope scope prop

special bind checkbox radio button
name input type checkbox type radio
valu valu valu valu
check check

delet check


coerc string sinc boolean often use
fail bind view
valu valu
special bind select
name select binder option binder option prop prop
option node nokogiri html document fragment pars
nokogiri html builder option node
option length
optgroup
option first

contain valu content
array
option valu
option shift
like object string start group

optgroup label
option shift

option index
start group
optgroup array

option valu
option shift







child option node

select appropri option
option valu valu first
select select




handl unbound data scope prop
warn unbound data scope scope prop prop configur base mode
unbound





present view lookup store
present view
present lazi view
present view collect
present binder
present view context
present attribut
present bind

pakyow
present


pakyow
present
view collect
enumer

initi
view



view


attribut arg
collect attribut collect
collect attribut
collect


attr attribut

remov
remov


delet remov

comment view




comment view
remov
remov


clear
clear


text
text


content
content


html content

content content
content content


html content

html
html join


html

append content
append content


render append


view
view




view


length
view length


scope name
view view collect

scope name
view


view


prop name
view view collect

prop name
view


view


call
view block

creat context view manipul perform

unlik previou version context referenc
block argument context method avail





call
view datum block

yield view match dataum datum yield
view data avail view collect
mean block yield length time

basic bret

data block
data data data enumer

index
datum data
block call datum



call
match data view collect

return view collect object manipul match data
view collect return view collect collect consist copi
data index data length

match data
data data data enumer

view view collect
data index datum


view last






view

find bind subset keep refind
bind bind

view


remov
view


call
repeat data view datum block

match data yield view datum pair

repeat data block
match data data block


call
bind data

bind data across exist scope

bind data bind block
data view datum
view bind datum bind
view datum block given



call
appli data

match data bind data view

appli data bind block
match data bind data bind block




pakyow
present
attribut
type
select check disabl readonli multipl
multipl


initi



method miss method arg
attribut method

method
attribut attribut gsub
valu arg

attribut attribut valu

attribut attribut



arg
method miss arg


arg
method miss arg




attribut attribut valu
type type attribut attribut

valu valu call deconstruct attribut valu type attribut type valu proc
valu construct attribut valu type valu type attribut

valu
remov attribut attribut

attribut valu



attribut attribut
deconstruct attribut valu type attribut type attribut attribut


type attribut attribut
attribut attribut

type attribut
multipl type multipl attribut
singl


deconstruct attribut valu type valu type
valu type singl
valu valu split type multipl
valu type


construct attribut valu type valu type attribut
valu type singl
valu join type multipl

valu
valu attribut type



attribut collect
enumer

initi
attribut


attribut
attribut attribut


method miss method arg

attribut send method arg





pakyow
present
present present base

attr accessor proc


attr accessor current context parser store view store

initi
bind
reset state


scope name block
bind

bind block
bind name



bind scope
todo think merg launch instead
bind inject bind merg scope


current view lookup store
view store view store



method call core thi core expect present


load
load view
instanc present proc present proc


prepar request request
reset state
request request

request request rout path request rout path regexp request rout path index
view path string util remov rout var request rout path

view path request request work path

root path current view lookup store root path view path


reset
request
reset state


present
todo right thing
root view built

present


content
view
request contain request param contain request
view html request contain request contain
view html contain name



method control call modifi root view
some meant call directli make modif


call directli


view path path root view klass view
real path current view lookup store real path path
klass real path root view


view view path overrid
view path path overrid view root view view path overrid
view path view view path view root view view


view
root view built
root view


view
todo import
root view view
root view built
present

reset path
view path
root path


root
compil
root view root path root path


root
compil
root


limit contain
contain name


view path
view path


view path path
compil
view path path


root path
root path


root path path
compil
root
root path path


call part view manipul


contain contain block
view find contain first
view context instanc exec block



use lazi view


root view built
build root view root view built






reset state
view store
present
root path
root view built
root view
view path
contain name


build root view
root view built

view path

view info current view lookup store view info
root path view info root view

configur base present view cach
popul root view cach root path
popul view lazi view root path view info view

root view
present

root view popul view lazi view root path view info view
present



rest view path rest info
rest info rest action show
string util remov rout var request rout spec show

string util remov rout var request rout spec



load view
view store
configur present view store pair name path
view store name view lookup store path


configur base present view cach
popul root view cach build root view cach current view lookup store view info



build root view cach view info
cach pakyow cach
view info info
lazi view info root view
popul view info view
info root view
cach

cach


popul view use view store data recurs build
substitut child view name structur
popul view view view
view contain
path view name

popul view view path view
reset contain
content contain

view


parser format block
parser store
parser store format block


content contain content contain
content content content string content nokogiri html document fragment content nokogiri element
contain child content


reset contain contain
contain inner html





pakyow
present
view lookup store

view store hash structur

view dir
rout
root view path root view
view
view1 name path view1
view2 name path view2


rout
root view path root view
view
view1 name path view1
view2 name path view2



path
path file html real path root1 path file html file file
path real path root1 path root2 file


thi take account view directori root suffix
thi determin root view rout rout
rout suffix path view

attr reader view

initi view
view store view dir path
file exist view

view view

wack begin
view view

make variabl chang whether store rel absolut path view
absolut path prefix view store absolut path

view view basenam path view html
file exist view
root view file path absolut path prefix configur present view
logic depend travers
dir util walk view vpath
file directori vpath
parent rout pakyow path rout parent vpath view
root view parent rout overrid
view copi parent view
rout root path view store view dir parent view store view dir parent root view root view file path
rout view view store view dir parent deep hash view store view dir parent view deep hash view
rout overrid root view
rout part root part string util split last vpath
root part root part
rout part root part vpath

root part
file exist vpath root part html
rout root path vpath root part html absolut path prefix
rout view root part
rout root path rout view root part

configur base mode
warn root view root part referenc vpath absolut path prefix found

error root view root part referenc vpath absolut path prefix found
root view root part referenc vpath absolut path prefix found



view store view dir rout

root view rout root path
view rout view

path
rout


file join view vpath absolut path prefix

view store path rout real path file
duplic real path rout permut lead trail slash
permut rout rout view store path real path file rout

file direct overrid rout view
parent rout pakyow path rout parent vpath view file
rout lead slash rout file basenam vpath
rout without lead slash rout lead slash
view file basenam vpath
view store view dir rout
view store view dir rout deep hash view store view dir parent

view store view dir rout view view rout without lead slash
view overrid root view
file basenam view store view dir rout root view view
view store view dir rout root view rout without lead slash

path file
duplic real path rout without lead slash
file join view vpath absolut path prefix
rout
view store path file basenam vpath real path file file
view store path file basenam vpath real path file file

view store path rout lead slash real path file file
view store path rout without lead slash real path file file





adjust view store index entri overrid parent
view store view dir pair rout info
file basenam rout index
parent file dirnam rout
view store view dir parent info

adjust view store entri index counterpart miss
index counterpart
view store view dir pair rout info
file basenam rout index view store view dir rout index
rout
index counterpart index info

index counterpart rout index info


index counterpart pair rout info
view store view dir rout info

duplic info combin rout without lead end slash
current key lead slash trail slash
slash permut
view store view dir pair route0 info
route0
route1 route2 route3 permut rout route0
slash permut route1 info
slash permut route2 info
slash permut route3 info


slash permut pair rout info
view store view dir rout info



view info rout
rout
view store view dir rout

view store view dir



real path info path
path
view store path path

view store path



real path path
view store path path real path view store path path


root path path
view store view dir path root view view store view dir path




path form prefix path rout root1 overrid root2 root
return path without root view part
pakyow path rout parent path path prefix file
path path prefix
rout path path path prefix
rout path
file file
string util split last rout path

rout
parent
segment rout path split
segment index
segment length file file
rout part string util split last
rout rout part
segment length file file segment length file
parent rout part

parent parent
parent rout


gonna marshal
chang later need sinc need work
hash symbol string hash
deep hash
marshal load marshal dump


take rout lead slash trail slash rout
return three permut rout rout rout
permut rout route0
route3 route0
route2 route3
route1 route0
route1 route2 route3





pakyow
present
lazi view view

html arg
pakyow present root view built



content contain arg
pakyow present root view built



find arg
pakyow present root view built



repeat arg block
pakyow present root view built



reset contain arg
pakyow present root view built



titl arg
pakyow present root view built



bind arg
pakyow present root view built






pakyow
present
binder
pakyow gener helper


attr accessor option

binder arg
view binder
arg klass view binder klass


option arg
option option
option arg arg



attr accessor bindabl

initi bindabl
bindabl bindabl


prop prop
method defin prop


valu prop prop
method defin prop send prop bindabl prop


fetch option attribut
option
option option attribut
option array option hash
option send option


option






pakyow
present
view context
helper

initi context
context context



context
context


method miss method arg
pakyow present current context send method arg




pakyow
configur
autoload present present configur present

base
fetch server configur
present
configur present




pakyow
configur
present

attr accessor view cach javascript stylesheet view store view
scope attribut prop attribut contain attribut

locat javascript
javascript
javascript javascript


locat stylesheet
stylesheet
stylesheet stylesheet


view store
view store configur base root view


view cach
view cach


view
view pakyow html


scope attribut
scope attribut data scope


prop attribut
prop attribut data prop


contain attribut
contain attribut data contain






pakyow
applic
bind block
pakyow present instanc exec block


scope name block
pakyow present scope name block



support helper

bind test mini test unit test case
setup
test applic stage test
pakyow router instanc
expand rest
action creat
action updat




test rest bind defin
pakyow present scope
rest


bind view binder scope
data bind valu prop action

equal data action
equal post data method

bind view binder scope
data bind valu prop action

equal data action
equal post data method

nokogiri html fragment data content call children
equal hidden type
equal method name
equal valu


support helper

contact struct full name email


view bind test mini test unit test case
bind hash view
view creat view string
contact
span itemprop full name john span
itemprop email john exampl


data full name jugyo kohno email jugyo exampl
view bind data

equal data full name view contact span first content
equal data email view contact first content


bind object view
view creat view string
contact
span itemprop contact full name john span
itemprop contact email john exampl


data contact jugyo kohno jugyo exampl
view bind data

equal data full name view contact span first content
equal data email view contact first content


bind object view type
view creat view string
contact info
span itemprop contact info full name john span
itemprop contact info email john exampl


data contact jugyo kohno jugyo exampl
view bind data contact info

equal data full name view contact info span first content
equal data email view contact info first content


bind object view use name attribut
view creat view string
form contact
input type text name contact full name valu john
input type text name contact email valu john exampl
input type submit valu submit
form

data contact jugyo kohno jugyo exampl
view bind data

equal data full name view input name contact full name attr valu valu
equal data email view input name contact email attr valu valu




creat view string string
nokogiri html document pars string
view root


support helper

view composit test mini test unit test case

setup
test applic stage test
pakyow present view store test


teardown
noth


test view index deep
view path index
equal index main contain main first content


test view
view foot html compil
equal foot content


test view
view path
equal main contain main first content


test view
view path
equal main contain main first content



support helper

present view test mini test unit test case

setup
test applic stage test
pakyow present view store test


teardown
noth


test view index
view index main html
equal index main content


test view index root
view path index
equal approot titl


test full view index root
view index main html
equal index main content
view path index
equal approot titl
equal index main contain main content


view path
equal titl
equal main contain main content

view path index
equal titl
equal main contain main content

view path
equal titl
equal main contain main content


view path
equal titl
equal index main contain main content

view path index
equal titl
equal index main contain main content

view path
equal titl
equal main contain main content



support helper

view scope test mini test unit test case

setup
view creat view string
data scope post
data scope comment
data scope comment




teardown
noth


test singl scope found
equal view scope post length
equal view scope post length


test multipl scope found
equal view scope comment length


test nest scope found
equal view scope post scope comment length


test invalid scope found
equal view scope fail length




creat view string string
view nokogiri html fragment string



support helper

view lookup store test mini test unit test case

setup
store view lookup store test support view


teardown
noth


test
equal pakyow html store view info root view wrong root view
equal index html store view info root view wrong root view
equal index html store view info index root view wrong root view index
equal html store view info root view wrong root view
equal html store view info root view wrong root view

equal main html store view info view main wrong main html view path
equal main html store view info view main wrong main html view path
equal main html store view info index view main wrong main html view path index
equal main html store view info view main wrong main html view path


test
equal pakyow html store view info root view wrong root view
equal html store view info root view wrong root view
equal html store view info index root view wrong root view index
equal html store view info root view wrong root view
equal html store view info root view wrong root view

equal main html store view info view main wrong main html view path
equal index main html store view info view main wrong main html view path
equal index main html store view info index view main wrong main html view path index
equal main html store view info view main wrong main html view path


test real path lookup
store real path should find real path path
store real path should find real path

equal store real path wrong real path

equal test support view approot html store real path approot html wrong real path approot html
equal test support view approot html store real path approot html wrong real path approot html
equal test support view main html store real path main html wrong real path main html
equal test support view main html store real path main html wrong real path main html
equal test support view pakyow html store real path pakyow html wrong real path pakyow html
equal test support view pakyow html store real path pakyow html wrong real path pakyow html
equal test support view sidebar html store real path sidebar html wrong real path sidebar html
equal test support view sidebar html store real path sidebar html wrong real path sidebar html

equal test support view index approot store real path index wrong real path index
equal test support view index approot store real path index wrong real path index
equal test support view index approot store real path index wrong real path index
equal test support view index approot store real path index wrong real path index
equal test support view index approot main html store real path index main html wrong real path index main html
equal test support view index approot main html store real path index main html wrong real path index main html

equal test support view anoth store real path wrong real path
equal test support view anoth store real path wrong real path
equal test support view anoth store real path wrong real path
equal test support view anoth store real path wrong real path
equal test support view anoth anoth html store real path anoth html wrong real path anoth html
equal test support view anoth anoth html store real path anoth html wrong real path anoth html

equal test support view anoth store real path wrong real path
equal test support view anoth store real path wrong real path
equal test support view anoth store real path wrong real path
equal test support view anoth store real path wrong real path
equal test support view anoth anoth html store real path anoth html wrong real path anoth html
equal test support view anoth anoth html store real path anoth html wrong real path anoth html

equal test support view store real path wrong real path
equal test support view store real path wrong real path
equal test support view store real path wrong real path
equal test support view store real path wrong real path
equal test support view sidebar html store real path sidebar html wrong real path sidebar html
equal test support view sidebar html store real path sidebar html wrong real path sidebar html


test slash
store view info rout
equal approot html store view info root view wrong root view

equal index main html store view info view main wrong main html view path
equal sidebar html store view info view sidebar wrong sidebar html view path
equal approot html store view info view approot wrong approot html view path


test index
store view info index rout index
store view info index rout index
store view info index rout index
store view info index rout index
equal approot html store view info index root view wrong root view index

equal index main html store view info index view main wrong main html view path index
equal sidebar html store view info index view sidebar wrong sidebar html view path index
equal approot html store view info index view approot wrong approot html view path index


test
store view info rout
store view info rout
store view info rout
store view info rout
store view info index rout index
store view info index rout index
store view info index rout index
store view info index rout index
equal anoth html store view info root view wrong root view
equal anoth html store view info index root view wrong root view index

equal main html store view info view main wrong main html view path
equal main html store view info index view main wrong main html view path index
equal sidebar html store view info view sidebar wrong sidebar html view path
equal sidebar html store view info index view sidebar wrong sidebar html view path index


test
rout overridden root view rout
store view info rout
store view info rout
store view info rout
store view info rout
store view info index rout index
store view info index rout index
store view info index rout index
store view info index rout index
equal anoth html store view info root view wrong root view
equal anoth html store view info index root view wrong root view index

equal main html store view info view main wrong main html view path
equal main html store view info index view main wrong main html view path index
equal sidebar html store view info view sidebar wrong sidebar html view path
equal sidebar html store view info index view sidebar wrong sidebar html view path index
equal anoth html store view info view anoth wrong anoth html
equal anoth html store view info index view anoth wrong anoth html index
equal approot html store view info view approot wrong approot html
equal approot html store view info index view approot wrong approot html index


test
store view info rout
store view info rout
store view info rout
store view info rout
store view info index rout index
store view info index rout index
store view info index rout index
store view info index rout index
equal pakyow html store view info root view wrong root view
equal pakyow html store view info index root view wrong root view index

equal main html store view info view main wrong main html view path
equal main html store view info index view main wrong main html view path index
equal sidebar html store view info view sidebar wrong sidebar html view path
equal sidebar html store view info index view sidebar wrong sidebar html view path index



test applic pakyow applic
configur test
test support
present view store test test support view


rubygem
minitest
minitest unit
minitest autorun
minitest focu
turn autorun


file expand path pakyow core pakyow core file
pakyow present

support test applic
rel support
rel support
rel support
rel support file
rel support hash
rel support string
