googlecod androidannot helloworldeclips

java util date
java util concurr time unit

android activ
android notif
android notif manag
android pend intent
android content intent
android databas sqlite sq lite databas
android bundl
android util
android view motion event
android view view
android view window
android view window manag
android widget edit text
android widget text view
android widget toast

googlecod androidannot annot background
googlecod androidannot annot click
googlecod androidannot annot e activ
googlecod androidannot annot long click
googlecod androidannot annot system servic
googlecod androidannot annot touch
googlecod androidannot annot transact
googlecod androidannot annot ui thread
googlecod androidannot annot ui thread delay
googlecod androidannot annot view by id
googlecod androidannot annot boolean re
googlecod androidannot annot color re
googlecod androidannot annot string re

e activ layout activ
my activ activ

view by id
edit text my edit text

view by id my text view
text view text view

string re string hello
string hello format

color re
android color

boolean re
some boolean

system servic
notif manag notif manag

system servic
window manag window manag


android annot grace handl support on back press whether
eclair eclair android version

on back press
toast make text back press toast length short show


overrid
on creat bundl save instanc state
on creat save instanc state
window manag null
window manag get default display
request window featur window featur indetermin progress



click
my button click
string name my edit text get text to string
set progress bar indetermin visibl
some background work name


background
some background work string name time to do some long comput

time unit second sleep time to do some long comput
interrupt except


string messag string format hello format name

updat ui messag android color

show notif delay


ui thread
updat ui string messag color
set progress bar indetermin visibl
text view set text messag
text view set text color color


ui thread delay 2000
show notif delay
notif notif notif drawabl icon hello
pend intent content intent pend intent get activ intent
notif set latest event info get applic context notif hello world content intent
notif manag notifi notif


long click
start extra activ
intent intent intent activ with extra

intent put extra activ with extra date extra date
intent put extra activ with extra string extra hello
intent put extra activ with extra extra

start activ intent


click
start list activ view
start activ intent my list activ


touch
my text view motion event event
my activ my text view touch


transact
transact method sq lite databas some param




googlecod androidannot helloworldeclips

java util date

android activ
android bundl
android widget text view

googlecod androidannot annot e activ
googlecod androidannot annot extra
googlecod androidannot annot view by id

e activ layout activ extra
activ with extra activ

string string extra my string extra
string date extra my date extra
string extra my int extra

view by id
text view extra text view

extra string extra
string my messag

extra date extra
date my date

extra unbound extra
string unbound extra unbound extra default valu


log output classcast except program flow interrupt

extra extra
string class cast except extra class cast except extra default valu

overrid
on creat bundl save instanc state
on creat save instanc state
extra text view set text my messag my date unbound extra class cast except extra



googlecod androidannot helloworldeclips

android list activ
android bundl
android widget array adapt
android widget list adapt
android widget toast

googlecod androidannot annot e activ
googlecod androidannot annot item click
googlecod androidannot annot item long click
googlecod androidannot annot item select
googlecod androidannot annot string array re

layout layout list activ
e activ
my list activ list activ

string array re
string best food

list adapt adapt

overrid
on creat bundl save instanc state
on creat save instanc state
adapt array adapt string android layout simpl item best food
set list adapt adapt


item click
list item click string food
toast make text click food toast length short show


item long click
list item long click string food
toast make text click food toast length short show


item select
list item select someth select string food
someth select
toast make text select food toast length short show

toast make text noth select toast length short show




googlecod androidannot roboguiceexampl

java util list

roboguic applic robo applic
roboguic config abstract android modul

googl inject modul

astro applic robo applic

overrid
add applic modul list modul modul
modul astro modul


astro modul abstract android modul
overrid
configur
bind greet servic greet servic toast impl




googlecod androidannot roboguiceexampl

greet servic
greet string name

