
chroma

copyright 2011 2013 gregor aisch
right reserv

redistribut sourc binari form without
modif permit provid follow condit

redistribut sourc code must retain copyright notic
condit follow disclaim

redistribut binari form must reproduc copyright notic
condit follow disclaim document
materi provid distribut

name gregor aisch use endors promot product
deriv softwar without specif prior written permiss

thi softwar provid copyright holder contributor
express impli warranti includ limit
impli warranti merchant fit particular purpos
disclaim event shall gregor aisch contributor liabl direct
indirect incident special exemplari consequenti damag includ
limit procur substitut good servic loss
data profit busi interrupt howev caus theori
liabil whether contract strict liabil tort includ
neglig otherwis aris thi softwar
even advis possibl such damag

sourc http github chroma


util

input
guess format
guess format sort

color




arg

arg push

last argument could mode
mode arg arg length
input mode
clip input mode unpack arg

sort input guess desc priotiti
guess format sort
guess format guess format sort

guess format sort
guess format
guess format
mode test arg
mode
mode
clip input mode arg

color
consol warn unknown format arg


alpha
push length

alpha alpha
length
alpha



to string
name


chroma input input


requir

color

colorbrew
w3cx11

bezier
cubehelix
random


name

cmyk

lumin
temperatur
contrast



darken satur premultipli blend

scale
limit

interpol
interpol
interpol
interpol


chroma
color
color

interpol

common js defin
export chroma export

defin defin
defin chroma

root export
root chroma chroma


chroma version version

expos class test purpos


chroma analyz

number valu
number valu

valu
count


is na n
valu push



count

domain

limit mode
chroma limit mode





browser check
port j queri

class to type
name boolean number string function array date reg exp undefin null split
class to type name name to lower case


str type object to string call
class to type str type


limit




unpack arg
arg length
slice call arg

arg

clip









round floor sqrt atan2 math
twopi
pithird
deg2 rad
rad2 deg

minim multi purpos

requir util color analyz

chroma scale color posit


mode
nacol chroma
spread

domain

pad
class
color



correct light
color cach

method

set color color
color
color
color color chroma brewer color
color chroma brewer color
color
make copi color
color color slice
convert chroma class
color length
color
color chroma
fill color posit
length
color length
push color length
reset cach
color color

get class valu
class
class length

valu class




tmap

classifi valu valu
valu
class length
class length
get class valu
minc class class class spread center
maxc class class class spread center last
class class class minc maxc minc


get color bypass map
is na n nacol
bypass map
class class length
find
get class
class length
pad pad pad

interpol

pad pad pad
math math





bypass map
tmap light correct

math floor 10000

color cach
color cach

color
length


color

length
color



chroma interpol color color mode

color
color
color cach


reset cach
color cach

set color color




chroma get color


class class
class
class
class class
domain class class class length

chroma analyz domain
class
class

class chroma limit class

class


domain domain
length
domain
domain
domain domain length

color length
domain length
updat posit
domain
push


push
domain


mode
length
mode
mode
reset cach


rang color
set color color






spread
length
spread
spread


correct light
correct light
reset cach
correct light
tmap
get color
get color

actual get color
ideal
diff actual ideal


iter
math diff iter

diff
diff





actual get color
diff actual ideal


tmap


pad



pad


pad

color
num color

length



num color
length
num color

num color
domain
domain
num color num color

return color base defin class
color
sampl
class class length
class length
sampl push class class

sampl domain
sampl



defin color scale
chroma scale

chroma scale cool
chroma scale chroma chroma

chroma scale
chroma scale mode



chroma analyz filter

number valu
number valu

valu
count

filter
filter



is na n
valu push



count


visit
filter









visit


visit
domain
limit mode
chroma limit mode




chroma limit mode equal

chroma analyz



valu valu sort


limit

mode substr continu
limit push
limit push

mode substr equal interv
limit push

limit push
limit push

mode substr scale

logarithm scale possibl valu
math log10 e
math log10 e
limit push

limit push
limit push

mode substr quantil scale
limit push

valu length
floor

limit push valu


limit push valu valu
limit push

mode substr mean cluster

implement base
http code googl figu sourc brows trunk figu
simplifi input valu

valu length
assign array
cluster size array

iter
centroid

seed valu
centroid
centroid push

centroid push
centroid push


assign step

cluster size

valu valu
mindist number valu

dist centroid valu
dist mindist
mindist dist
best
cluster size best
assign best

updat centroid step
new centroid array

new centroid

cluster assign
new centroid cluster
new centroid cluster valu

new centroid cluster valu

new centroid cluster size

check converg


new centroid centroid



centroid new centroid
iter

iter


finish mean cluster
part borrow gabrielflor
k cluster

k cluster

cluster assign
k cluster cluster push valu
tmp k mean break

tmp k mean break push k cluster
tmp k mean break push k cluster k cluster length
tmp k mean break tmp k mean break sort

limit push tmp k mean break
tmp k mean break length
is na n tmp k mean break
limit push tmp k mean break
limit

requir interpol

interpol col1 col2
xyz0 col1
xyz1 col2
color
xyz0 xyz1 xyz0
xyz0 xyz1 xyz0
xyz0 xyz1 xyz0



interpol push interpol

requir
color
util


interpol

interpol col1 col2

interpol color



col1 chroma col1 col1
col2 chroma col2 col2

interpol interpol
interpol
interpol col1 col2


color mode support

interpol alpha last
alpha col1 alpha col2 alpha col1 alpha


chroma interpol interpol

color interpol col2
interpol col2

chroma interpol
color color interpol
requir interpol

interpol col1 col2

xyz0 col1
xyz1 col2

xyz0 col1
xyz1 col2

xyz0 col1
xyz1 col2


xyz0 col1
xyz1 col2

substr
hue0 sat0 lbv0 xyz0
hue1 sat1 lbv1 xyz1

is na n hue0 is na n hue1
hue1 hue0 hue1 hue0
hue1 hue0
hue1 hue0 hue0 hue1
hue1 hue0

hue1 hue0
hue0
is na n hue0
hue0
sat0 lbv1 lbv1
is na n hue1
hue1
sat1 lbv0 lbv0

number

sat0 sat1 sat0
lbv0 lbv1 lbv0
chroma


interpol interpol concat interpol
requir interpol

interpol col1 col2
xyz0 col1
xyz1 col2
color
xyz0 xyz1 xyz0
xyz0 xyz1 xyz0
xyz0 xyz1 xyz0



interpol push interpol
requir interpol

interpol col1 col2
col1
col2
chroma

interpol push interpol
requri constant

color satur amount


amount constant

chroma alpha alpha

color desatur amount
satur amount

interpol color uze bezier spline
blend mode formula taken http ventur ware kevin code let learn math photoshop blend mode


util color

blend bottom mode
blend mode
unknown blend mode mode
blend mode bottom

blend
bottom
chroma
chroma bottom
chroma








normal


multipli


darken


lighten


screen


overlay





burn


dodg







blend normal blend normal
blend multipli blend multipli
blend screen blend screen
blend overlay blend overlay
blend darken blend darken
blend lighten blend lighten
blend dodg blend dodg
blend burn blend burn
blend blend

chroma blend blend

color modechan

mode channel modechan split
mode
channel
mode index of channel



consol warn unknown channel channel mode mode



requir color constant

color darken amount


constant amount
chroma alpha alpha

color brighten amount
darken amount

color darker color darken
color brighter color brighten
requir color

color premultipli

alpha
chroma

color modechan valu

mode channel modechan split
channel
mode
mode index of channel

valu
valu char at
valu
valu
valu substr
valu substr
valu

valu

consol warn unknown channel channel mode mode

valu
chroma mode alpha alpha




chroma random
digit 0123456789abcdef
code
code digit char at floor math random
color code

interpol color uze bezier spline


requir util

bezier color
color chroma color
color length
linear interpol
lab0 lab1 color

lab0 lab1 lab0
chroma
color length
quadrat bezier interpol
lab0 lab1 lab2 color

lab0 lab1 lab2
chroma
color length
cubic bezier interpol
lab0 lab1 lab2 lab3 color

lab0 lab1 lab2 lab3
chroma
color length
bezier color
bezier color







chroma bezier color
bezier color

scale
chroma scale



chroma

copyright 2011 2013 gregor aisch
right reserv

redistribut sourc binari form without
modif permit provid follow condit

redistribut sourc code must retain copyright notic
condit follow disclaim

redistribut binari form must reproduc copyright notic
condit follow disclaim document
materi provid distribut

name gregor aisch use endors promot product
deriv softwar without specif prior written permiss

thi softwar provid copyright holder contributor
express impli warranti includ limit
impli warranti merchant fit particular purpos
disclaim event shall gregor aisch contributor liabl direct
indirect incident special exemplari consequenti damag includ
limit procur substitut good servic loss
data profit busi interrupt howev caus theori
liabil whether contract strict liabil tort includ
neglig otherwis aris thi softwar
even advis possibl such damag

sourc http github chroma


cubehelix interpol
base green colour scheme display astronom intens imag
http astron bulletin 11 june 289392011

chroma cubehelix start rotat gamma light
light light


fract
twopi start rotat fract
light fract gamma
fract



14861 78277
29227 90649
97294
chroma clip

start
start
start


rotat
rotat
rotat


gamma
gamma
gamma












light
light
light
light
light light
light light




scale
chroma scale





color name

http css3 color color


w3cx11
indigo 4b0082
gold ffd700
hotpink ff69b4
firebrick b22222
indianr cd5c5c
yellow ffff00
mistyros ffe4e1
darkolivegreen 556b2f
oliv 808000
darkseagreen 8fbc8f
pink ffc0cb
tomato ff6347
lightcor f08080
orang ff4500
navajowhit ffdead
lime 00ff00
palegreen 98fb98
darkslategrey 2f4f4f
greenyellow adff2f
burlywood deb887
seashel fff5ee
mediumspringgreen 00fa9a
fuchsia ff00ff
papayawhip ffefd5
blanchedalmond ffebcd
chartreus 7fff00
dimgray 696969
black 000000
peachpuff ffdab9
springgreen 00ff7f
aquamarin 7fffd4
white ffffff
orang ffa500
lightsalmon ffa07a
darkslategray 2f4f4f
brown a52a2a
ivori fffff0
dodgerblu 1e90ff
peru cd853f
lawngreen 7cfc00
chocol d2691e
crimson dc143c
forestgreen 228b22
darkgrey a9a9a9
lightseagreen 20b2aa
cyan 00ffff
mintcream f5fffa
silver c0c0c0
antiquewhit faebd7
mediumorchid ba55d3
skyblu 87ceeb
gray 808080
darkturquois 00ced1
goldenrod daa520
darkgreen 006400
floralwhit fffaf0
darkviolet 9400d3
darkgray a9a9a9
moccasin ffe4b5
saddlebrown 8b4513
grey 808080
darkslateblu 483d8b
lightskyblu 87cefa
lightpink ffb6c1
mediumvioletr c71585
slategrey 708090
ff0000
deeppink ff1493
limegreen 32cd32
darkmagenta 8b008b
palegoldenrod eee8aa
plum dda0dd
turquois 40e0d0
lightgrey d3d3d3
lightgoldenrodyellow fafad2
darkgoldenrod b8860b
lavend e6e6fa
maroon 800000
yellowgreen 9acd32
sandybrown f4a460
thistl d8bfd8
violet ee82e
navi 000080
magenta ff00ff
dimgrey 696969
d2b48c
rosybrown bc8f8f
olivedrab 6b8e23
blue 0000ff
lightblu add8e6
ghostwhit f8f8ff
honeydew f0fff0
cornflowerblu 6495ed
slateblu 6a5acd
linen faf0e6
darkblu 00008b
powderblu b0e0e6
seagreen 2e8b57
darkkhaki bdb76b
snow fffafa
sienna a0522d
mediumblu 0000cd
royalblu 4169e1
lightcyan e0ffff
green 008000
mediumpurpl 9370db
midnightblu 191970
cornsilk fff8dc
paleturquois afeee
bisqu ffe4c4
slategray 708090
darkcyan 008b8b
khaki f0e68c
wheat f5deb3
teal 008080
darkorchid 9932cc
deepskyblu 00bfff
salmon fa8072
darkr 8b0000
steelblu 4682b4
palevioletr db7093
lightslategray 778899
aliceblu f0f8ff
lightslategrey 778899
lightgreen 90ee90
orchid da70d6
gainsboro dcdcdc
mediumseagreen 3cb371
lightgray d3d3d3
mediumturquois 48d1cc
lemonchiffon fffacd
cadetblu 5f9ea0
lightyellow ffffe0
lavenderblush fff0f5
coral ff7f50
purpl 800080
aqua 00ffff
whitesmok f5f5f5
mediumslateblu 7b68ee
darkorang ff8c00
mediumaquamarin 66cdaa
darksalmon e9967a
beig f5f5dc
blueviolet 8a2be2
azur f0ffff
lightsteelblu b0c4de
oldlac fdf5e6
rebeccapurpl 663399

chroma color color w3cx11

color brewer color chroma

copyright 2002 cynthia brewer mark harrow
pennsylvania state univers

licens apach licens version licens
file complianc licens
obtain copi licens
http apach licens licens

unless requir applic agre write softwar distribut
licens distribut basi without warranti
condit kind either express impli licens
specif languag govern permiss limit licens

preserv



chroma brewer brewer
sequenti
or rd fff7ec fee8c8 fdd49e fdbb84 fc8d59 ef6548 d7301f b30000 7f0000
pu bu fff7fb ece7f2 d0d1e6 a6bddb 74a9cf 3690c0 0570b0 045a8d 023858
bu pu f7fcfd e0ecf4 bfd3e6 9ebcda 8c96c6 8c6bb1 88419d 810f7c 4d004b
orang fff5eb fee6c fdd0a2 fdae6b fd8d3c f16913 d94801 a63603 7f2704
bu gn f7fcfd e5f5f9 ccece6 99d8c9 66c2a4 41ae76 238b45 006d2c 00441b
yl or br ffffe5 fff7bc fee391 fec44f fe9929 ec7014 cc4c02 993404 662506
yl gn ffffe5 f7fcb9 d9f0a3 addd8 78c679 41ab5d 238443 006837 004529
red fff5f0 fee0d2 fcbba1 fc9272 fb6a4a ef3b2c cb181d a50f15 67000d
rd pu fff7f3 fde0dd fcc5c0 fa9fb5 f768a1 dd3497 ae017 7a0177 49006a
green f7fcf5 e5f5e0 c7e9c0 a1d99b 74c476 41ab5d 238b45 006d2c 00441b
yl gn bu ffffd9 edf8b1 c7e9b4 7fcdbb 41b6c4 1d91c0 225ea8 253494 081d58
purpl fcfbfd efedf5 dadaeb bcbddc 9e9ac8 807dba 6a51a3 54278f 3f007d
gn bu f7fcf0 e0f3db ccebc5 a8ddb5 7bccc4 4eb3d3 2b8cbe 0868ac 084081
grey ffffff f0f0f0 d9d9d9 bdbdbd 969696 737373 525252 252525 000000
yl or rd ffffcc ffeda0 fed976 feb24c fd8d3c fc4e2a e31a1c bd0026 800026
pu rd f7f4f9 e7e1ef d4b9da c994c7 df65b0 e7298a ce1256 980043 67001f
blue f7fbff deebf7 c6dbef 9ecae1 6baed6 4292c6 2171b5 08519c 08306b
pu bu gn fff7fb ece2f0 d0d1e6 a6bddb 67a9cf 3690c0 02818a 016c59 014636

diverg

spectral 9e0142 d53e4f f46d43 fdae61 fee08b ffffbf e6f598 abdda4 66c2a5 3288bd 5e4fa2
rd yl gn a50026 d73027 f46d43 fdae61 fee08b ffffbf d9ef8b a6d96a 66bd63 1a9850 006837
rd bu 67001f b2182b d6604d f4a582 fddbc7 f7f7f7 d1e5f0 92c5de 4393c3 2166ac 053061
pi yg 8e0152 c51b7d de77a f1b6da fde0ef f7f7f7 e6f5d0 b8e186 7fbc41 4d9221 276419
pr gn 40004b 762a83 9970ab c2a5cf e7d4e8 f7f7f7 d9f0d3 a6dba0 5aae61 1b7837 00441b
rd yl bu a50026 d73027 f46d43 fdae61 fee090 ffffbf e0f3f8 abd9e9 74add1 4575b4 313695
br bg 543005 8c510a bf812d dfc27d f6e8c3 f5f5f5 c7eae5 80cdc1 35978f 01665e 003c30
rd gy 67001f b2182b d6604d f4a582 fddbc7 ffffff e0e0e0 bababa 878787 4d4d4d 1a1a1a
pu or 7f3b08 b35806 e08214 fdb863 fee0b6 f7f7f7 d8daeb b2abd2 8073ac 542788 2d004b

qualit

set2 66c2a5 fc8d62 8da0cb e78ac3 a6d854 ffd92f e5c494 b3b3b3
accent 7fc97f beaed4 fdc086 ffff99 386cb0 f0027f bf5b17 666666
set1 e41a1c 377eb8 4daf4a 984ea3 ff7f00 ffff33 a65628 f781bf 999999
set3 8dd3c7 ffffb3 bebada fb8072 80b1d3 fdb462 b3de69 fccde5 d9d9d9 bc80bd ccebc5 ffed6f
dark2 1b9e77 d95f02 7570b3 e7298a 66a61 e6ab02 a6761d 666666
pair a6cee3 1f78b4 b2df8a 33a02c fb9a99 e31a1c fdbf6f ff7f00 cab2d6 6a3d9a ffff99 b15928
pastel2 b3e2cd fdcdac cbd5e8 f4cae4 e6f5c9 fff2ae f1e2cc cccccc
pastel1 fbb4ae b3cde3 ccebc5 decbe4 fed9a6 ffffcc e5d8bd fddaec f2f2f2
requir util

lab2lch
unpack
sqrt
atan2 rad2 deg
number round 10000




constant
correspond roughli brighter darker


standard refer
950470

088830

137931034
206896552
12841855
008856452
requir util

lch2lab

convert qualit paramet quantit paramet pixel
these formula invent david dalrympl obtain maximum contrast without go
gamut paramet rang

satur multipli ad gregor aisch

unpack
deg2 rad

requir util lch2lab

lch2rgb
arg unpack
arg
lch2lab
lab2rgb
limit limit limit arg length arg
requir util

hsi2rgb

borrow
http hummer stanford museinfo exampl humdrum keyscape2 hsi2rgb

arg unpack
arg

normal





twopi pithird twopi




twopi pithird twopi




twopi pithird twopi

limit
limit
limit
arg length arg

base implement neil bartlett
http github neilbartlett color temperatur


requir util

temperature2rgb kelvin
temp kelvin
temp

25485562709179 44596950469579133 temp 49216199393888
temp 76935184120902 8274096064007395 temp 67994401066147

97690566805693 114206453784165 temp 25366309332127
4494125711974 07943456536662342 temp 0852963507957

clip

hsv2rgb
arg unpack
arg








floor











round
round
round
arg length arg
requir util hex2rgb hsl2rgb

css2rgb
to lower case
name color
chroma color chroma color
hex2rgb chroma color

match
slice


alpha
rgba
match rgba
slice



match
slice

round
alpha
rgba
match rgba
slice

round


match
slice


hsl2rgb

hsla
match hsla
slice


hsl2rgb
alpha

hex2rgb
match
length length
substr
length
split

pars int

0x ff
0x ff


match rgba format ff000077
match
length
substr
pars int
0x ff
0x ff
0x ff
round 0x ff 0x ff


check color
input input


unknown color
requir util

num2rgb
0x ffffff

0x ff
0x ff

consol warn unknown color

requir constant

lab2rgb
arg unpack
arg


is na n
is na n

constant
constant
constant

2404542 5371385 4985314 s rgb
9692660 8760108 0415560
0556434 2040259 0572252

limit
limit
limit

arg length arg



round 00304


constant constant constant

requir util

hsl2rgb
arg unpack
arg






















round round round
arg length arg

cmyk2rgb
arg unpack
arg
alpha arg length arg
alpha
round
round
round
alpha

rgb2cmyk mode
unpack



math math






rgb2hex channel mode
channel

000000 to string to upper case
substr length
round to string
substr length
mode to lower case
rgba
argb


base implement neil bartlett
http github neilbartlett color temperatur


requir util temperature2rgb

rgb2temperatur
unpack
min temp 1000
max temp 40000

max temp min temp
temp max temp min temp
temperature2rgb temp

max temp temp

min temp temp
round temp
requir util constant

rgb2lab
unpack
rgb2xyz



04045


constant constant constant

rgb2xyz
unpack



4124564 3575761 1804375 constant
2126729 7151522 0721750 constant
0193339 1191920 9503041 constant

requir util

round

hsl2css alpha
mode alpha hsla



alpha mode hsla
mode join

rgb2hsv
unpack
math
math
delta


number


delta
delta
delta
delta



requir util

rgb2css rgba
mode rgba rgba
mode
mode rgba slice round join
mode rgba
mode rgba slice round join rgba


requir util

rgb2lumin
rel lumin
http 2008 wcag20 20081211 relativeluminancedef
unpack
lumin
lumin
lumin
2126 7152 0722


lumin

03928


rgb2num
unpack

requir rgb2lab lab2lch

rgb2lch
unpack
rgb2lab
lab2lch
requir util

rgb2hsi

borrow
http hummer stanford museinfo exampl humdrum keyscape2 rgb2hsi

unpack
twopi math



math






math sqrt
math aco

twopi
twopi



rgb2hsl
length





math
math





number










util lch2rgb rgb2lch

chroma
arg unpack
color arg

chroma
arg unpack
color arg

input lch2rgb

input
unpack
lch2rgb

color
rgb2lch

color
rgb2lch revers


util hsi2rgb rgb2hsi

chroma
color

input hsi2rgb

color
rgb2hsi



requir util rgb2temperatur temperature2rgb

chroma temperatur chroma kelvin
color temperatur

input temperatur input kelvin input temperature2rgb

color temperatur
rgb2temperatur

color kelvin color temperatur
util hsv2rgb rgb2hsv

chroma
color

input hsv2rgb

color
rgb2hsv

requir hex2rgb w3cx11


input name name
hex2rgb w3cx11 name

guess format push

test
name length w3cx11

color name
length
hex2rgb w3cx11 w3cx11


resolv name

w3cx11
w3cx11


hex2rgb rgb2hex

input
hex2rgb

chroma
color

color mode
rgb2hex mode

guess format push

test
length
util rgb2cmyk cmyk2rgb

input cmyk
cmyk2rgb unpack


chroma cmyk
color cmyk

color cmyk
rgb2cmyk
util

input
unpack




chroma
color

color


requir util css2rgb rgb2css hsl2css

input
css2rgb

chroma
color

color mode
mode
rgb2css
mode
hsl2css alpha
util

input
unpack

chroma
color

color
slice

color rgba


guess format push

test
unpack
length
length

chroma contrast
wcag contrast ratio
http 2008 wcag20 20081211 contrast ratiodef
color
color
lumin
lumin

util lab2rgb rgb2lab

chroma
color

input lab2rgb

color
rgb2lab


util hsl2rgb rgb2hsl

chroma
color

input hsl2rgb

color
rgb2hsl


util num2rgb rgb2num

chroma
color

color mode
rgb2num mode

input num2rgb

guess format push

test
length 0x ffffff
requir rgb2lumin interpol

color lumin mode
rgb2lumin length
lumin




iter
test
interpol mode
lumin
math iter


test
test

rgb2lumin
test chroma black test chroma white rgba


shim
vow vow

chroma chroma

round digit
math digit

math round

vow
describ test cmyk color convers
add batch

simpl color cmyk
topic black white blue yellow cyan magenta gray
black deep equal chroma cmyk
white deep equal chroma cmyk
deep equal chroma cmyk
green deep equal chroma cmyk
blue deep equal chroma cmyk
yellow deep equal chroma cmyk
cyan deep equal chroma cmyk
magenta deep equal chroma cmyk
gray deep equal chroma cmyk round

pars simpl cmyk color
topic
black equal chroma cmyk 000000
white equal chroma cmyk ffffff
equal chroma cmyk ff0000
green equal chroma cmyk 00ff00
blue equal chroma cmyk 0000ff
yellow equal chroma cmyk ffff00
cyan equal chroma cmyk 00ffff
magenta equal chroma cmyk ff00ff

altern syntax
topic
mode cmyk equal chroma cmyk cmyk 00ff00
valu mode cmyk equal chroma cmyk cmyk 00ff00
shortcut cmyk equal chroma cmyk cmyk 00ff00
shortcut cmyk equal chroma cmyk cmyk 00ff00


shim
vow vow

chroma chroma


vow
describ some test chroma scale

add batch

simpl scale white black
topic
chroma scale white black
start white topic equal topic ffffff
gray topic equal topic 7f7f7f
end black topic equal topic 000000

simpl scale white black
topic
chroma scale white black mode
start white topic equal topic ffffff
gray topic equal topic 808080
end black topic equal topic 000000
color topic deep equal topic color ffffff 000000

simpl scale white black classifi
topic
chroma scale white black class mode
start white topic equal topic ffffff
gray topic equal topic 808080
end black topic equal topic 000000
color topic deep equal topic color ffffff d5d5d5 aaaaaa 808080 555555 2a2a2a 000000

simpl scale white black
topic
chroma scale white black mode
start white topic equal topic ffffff
gray topic equal topic 777777
end black topic equal topic 000000

colorbrew scale
topic
chroma scale rd yl gn
start white topic equal topic a50026
gray topic equal topic ffffbf
end black topic equal topic 006837

colorbrew scale domain
topic
chroma scale rd yl gn domain
start white topic equal topic a50026
topic not equal topic ffffbf
gray topic equal topic ffffbf
end black topic equal topic 006837

colorbrew scale domain classifi
topic
chroma scale rd yl gn domain class
start white topic equal topic a50026
topic equal topic a50026
gray topic equal topic ffffbf
end black topic equal topic 006837
color topic deep equal topic color a50026 f88d52 ffffbf 86cb66 006837

call domain
topic
chroma scale rd yl gn domain class
return domain topic deep equal topic domain
return class topic deep equal topic class

sourc keep untouch
topic chroma brewer blue slice
color color
equal color length
color string color
equal color
creat color scale color
chroma scale color

color still string color
equal color


domain
topic
chroma scale white black domain
return color topic deep equal topic 000000

simpl scale white black
topic
chroma scale white black mode
start white topic equal topic ffffff
topic equal topic bfffff
topic equal topic 7fffff
topic equal topic 3fffff
topic equal topic 0ccccc
end black topic equal topic 000000

color
topic chroma scale yl gn bu
round valu topic equal topic

rgba color
topic chroma scale yl gn bu alpha
dont round alpha valu topic equal topic rgba

color scale
topic
chroma scale yellow darkgreen
color topic deep equal topic color ffff00 006400
five color topic deep equal topic color ffff00 bfd800 7fb100 3f8a00 006400
three color topic deep equal topic color

test exampl readm
topic
chroma scale rd yl gn
five color topic deep equal topic color a50026 f88d52 ffffbf 86cb66 006837

weird result
topic
chroma scale domain mode
topic equal topic
topic equal topic

scale pad simpl
topic
chroma scale rd yl bu pad
topic equal topic e54e35
topic equal topic ffffbf
topic equal topic 5c91c2

scale pad side
topic
chroma scale or rd pad
topic equal topic fddcae
topic equal topic f16c4b
topic equal topic 7f0000


shim
vow vow

chroma chroma

round digit
math digit

math round

vow
describ some test chroma color

add batch

black
topic chroma black
topic is na n topic
defin topic topic

to string
topic chroma adff2f
topic equal topic to string greenyellow
topic equal topic greenyellow
implicit2 topic equal string topic greenyellow

construct numer color
topic chroma 0xff0000
color topic equal topic name
alpha topic equal topic alpha

normal
topic chroma
topic topic
topic topic

convers
topic chroma round
right topic deep equal topic

convers blue
topic chroma blue round
right topic deep equal topic

convers green
topic chroma green round
right topic deep equal topic

convers yellow
topic chroma yellow round
right topic deep equal topic

convers magenta
topic chroma magenta round
right topic deep equal topic

hueless color
topic chroma black chroma gray chroma white
black topic equal topic
gray topic equal topic
white topic equal topic

less color
topic chroma black chroma gray chroma white
black topic is na n topic
gray topic is na n topic
white topic is na n topic



shim
vow vow

chroma chroma

vow
describ some test chroma

add batch

grayscal
topic
black equal chroma 000000
white equal chroma ffffff
gray equal chroma 3b3b3b
gray equal chroma 777777
gray equal chroma b9b9b9

hue
topic
equal chroma dc2c7a
yellow equal chroma bd5c00
green equal chroma 548400
teal equal chroma 009175
blue equal chroma 008cde
purpl equal chroma 6f67df


shim
vow vow

chroma chroma


vow
describ some test chroma color

add batch

interpol white
topic chroma white interpol
work topic deep equal topic ff8080


topic chroma white
work topic deep equal topic ff8080

altern syntax
topic chroma blue
work topic deep equal topic bf003f

interpol white
topic chroma white interpol
work topic deep equal topic ff8080

interpol white
topic chroma white interpol
work topic deep equal topic ff7f7f

interpol white
topic chroma interpol white
work topic deep equal topic ff8080

interpol white
topic chroma interpol white
work topic deep equal topic ff8080

interpol white
topic chroma interpol white
work topic deep equal topic ff7f7f

interpol
topic
chroma interpol ff0000 ffffff
start topic equal topic ff0000
goe light topic equal topic ff8080
end white topic equal topic ffffff

interpol white
topic chroma 0xffffff interpol 0xff0000
work topic deep equal topic ff7fff

interpol white
topic chroma 0xff0000 interpol 0xffffff
work topic deep equal topic ff7fff

interpol provid
topic
chroma interpol 0xff0000 0xffffff
start topic equal topic ff0000
goe light topic equal topic ff7fff
end white topic equal topic ffffff

interpol
topic chroma interpol chroma 0xffffe0 chroma 0x102180
topic equal topic 8810b0
topic equal topic 8917168

interpol
topic chroma interpol white black
topic equal topic 808080

interpol
topic chroma interpol lightyellow navi
topic equal topic 31ff98



shim
vow vow

chroma chroma

vow
describ test blend mode
add batch
multipli
topic chroma blend 5a9f37 multipli
5a0000 topic equal topic 5a0000

multipli
topic chroma blend 33b16f 857590 multipli
1a513 topic equal topic 1a513

screen
topic chroma blend b83d31 0da671 screen
bbbb8c topic equal topic bbbb8c

overlay
topic chroma blend b83d31 0da671 overlay
784f2b topic equal topic 784f2b


shim
vow vow

chroma chroma


vow
describ test contrast ratio

add batch

maximum contrast
topic chroma contrast black white
topic equal topic

minimum contrast
topic chroma contrast white white
topic equal topic

contrast white
topic chroma contrast white
topic equal math round topic


shim
vow vow

chroma chroma


vow
describ some test color

add batch

color
topic chroma
name topic equal topic name
topic equal topic ff0000
topic deep equal topic

color
topic chroma
topic equal topic ff7f33
topic deep equal topic

color alpha
topic chroma
rgba topic deep equal topic rgba


shim
vow vow

chroma chroma


vow
describ test color temperatur

add batch

gener color temperatur
topic 4000 5000 10000 20000 30000 1000
equal chroma kelvin ff3a00
equal chroma kelvin ffcfa3
equal chroma kelvin ffe3cd
equal chroma kelvin ffe3cd
equal chroma kelvin cbdbff
equal chroma kelvin a8c4ff
equal chroma kelvin 9ebeff

color temp
topic ff3a00 ffcfa3 cbdbff 9ebeff
equal chroma kelvin 1000
equal chroma kelvin 3989
equal chroma kelvin 10115
equal chroma kelvin 31100


shim
vow vow

chroma chroma


vow
describ test cubehelix scale

add batch

helix
topic chroma cubehelix
start black equal 000000
equal 15524b
equal a07949
equal c6b2ec
end white equal ffffff

helix
topic chroma cubehelix
start black equal 000000
equal 2d5016
equal 4b939e
equal d1aee8
end white equal ffffff

helix partial rang
topic chroma cubehelix
start black equal 663028
equal 48742c
equal 4b939e
equal b68ad2
end white equal e5afa7

helix gamma
topic chroma cubehelix
start black equal 000000
equal 3e6823
equal 60a6b1
equal dabbe
end white equal ffffff

helix satur
topic chroma cubehelix
start black equal 000000
equal 3f3f3f
equal 7f7f7f
equal bfbfbf
end white equal ffffff

helix satur rang
topic chroma cubehelix
start black equal 000000
equal 324c21
equal 65898f
equal c3bbc9
end white equal ffffff
satur decreas


shim
vow vow

chroma chroma

round digit
math digit

math round

vow
describ some test chroma color

add batch

name color
topic chroma
topic equal topic ff0000
topic deep equal topic

color
topic chroma
name topic equal topic name
topic equal topic ff0000
rgba topic equal topic rgba ff0000ff
argb topic equal topic argb ffff0000
topic deep equal topic

color
topic chroma
name topic equal topic name
topic equal topic ff0000
topic deep equal topic

color
topic chroma
topic equal topic ff0000

rgba color
topic chroma rgba
topic equal topic 800080
alpha topic equal topic alpha
topic equal topic rgba

hsla color
topic chroma hsla
topic equal topic 0000ff
alpha topic equal topic alpha
topic equal topic rgba

hsla color
topic chroma lightsalmon
topic equal topic
topic equal topic
topic equal chroma topic name lightsalmon
topic equal chroma topic name lightsalmon

color
topic chroma
topic equal topic ff0000

black
topic chroma black
topic is na n topic
defin topic topic

black
topic chroma black
topic is na n topic
defin topic topic
topic equal topic
light topic equal topic

construct mode
topic chroma
fall back topic equal topic chroma

color
topic chroma 0xff0000 chroma 0x000000 chroma 0xffffff chroma 0x31ff98 chroma
topic equal topic ff0000
topic equal topic 0xff0000
black topic equal topic 000000
black topic equal topic 0x000000
white topic equal topic ffffff
white topic equal topic 0xffffff
rand topic equal topic 31ff98
rand topic equal topic 0x31ff98
topic equal topic 0xff0000



shim
vow vow

chroma chroma

round digit
math digit

math round

vow
describ some test chroma color

add batch

modifi color
topic chroma ff0000
darken topic equal topic darken c20000
darker topic equal topic darker c20000
darken topic equal topic darker 890000
darken much topic equal topic darker 000000
brighten topic equal topic brighten ff5a36
brighten much topic equal topic brighten ffffff
brighter topic equal topic brighter ff5a36
satur topic equal topic satur ff0000
desatur topic equal topic desatur ee3a20
desatur topic equal topic desatur db5136
desatur much topic equal topic desatur 7f7f7f

premultipli
topic chroma rgba
premultipli rgba topic deep equal topic premultipli rgba
premultipli topic equal topic premultipli 101830
premultipli topic equal topic premultipli 0x101830


shim
vow vow

chroma chroma

vow
describ some test chroma

add batch

output
topic chroma
numoutput topic equal topic 0xff0000

color
topic chroma 0xff0000 chroma 0x000000 chroma 0xffffff chroma 0x31ff98 chroma
topic equal topic ff0000
topic equal topic 0xff0000
black topic equal topic 000000
black topic equal topic 0x000000
white topic equal topic ffffff
white topic equal topic 0xffffff
rand topic equal topic 31ff98
rand topic equal topic 0x31ff98
topic equal topic 0xff0000


shim
vow vow

chroma chroma

vow
describ test color
add batch

topic chroma hotpink
zero topic equal topic
zero topic equal topic



shim
vow vow

chroma chroma


vow
describ test alpha channel

add batch

set get alpha channel
topic chroma
alpha topic equal topic alpha
set alpha topic equal topic alpha topic
alpha topic equal topic alpha

interpol alpha channel
topic chroma chroma white alpha chroma black alpha
color grey topic equal topic b2b2b2
alpha topic equal topic alpha

construct rgba color
topic chroma
alpha topic equal topic alpha

construct rgba color shorthand
topic chroma
alpha topic equal topic alpha

construct rgba color shorthand
topic chroma alpha
color topic equal topic name
alpha topic equal topic alpha

pars rgba color
topic chroma ff00004d
color topic equal topic name
alpha topic equal topic alpha
rgba output topic deep equal topic rgba

pars rgba color
topic chroma rgba
color topic equal topic name
alpha topic equal topic alpha
rgba output topic deep equal topic rgba

pars rgba color percentag
topic chroma rgba
color topic equal topic name
alpha topic equal topic alpha
output topic deep equal topic
rgba output topic deep equal topic rgba

pars hsla color
topic chroma hsla
color topic equal topic name
alpha topic equal topic alpha
output topic deep equal topic
rgba output topic deep equal topic rgba

construct hsla color
topic chroma
color topic equal topic name
alpha topic equal topic alpha

construct hsva color
topic chroma
color topic equal topic name
alpha topic equal topic alpha

construct hsia color
topic chroma 3333334
color topic equal topic name
alpha topic equal topic alpha

construct laba color
topic chroma 24079414130722 09245959641109 20319651585301
color topic equal topic name
alpha topic equal topic alpha

construct lcha color
topic chroma 24079414130722 55176567686985 99901061253297
color topic equal topic name
alpha topic equal topic alpha

construct cmyka color
topic chroma cmyk
color topic equal topic name
alpha topic equal topic alpha

output
topic chroma
color topic equal topic name
alpha topic equal topic alpha
gloutput topic deep equal topic

rgba output
topic chroma hsla
cssoutput topic equal topic rgba

output
topic chroma
topic equal topic ff0000
rgba topic equal topic rgba ff000040
argb topic equal topic argb 40ff0000

output
topic chroma
ignor alpha topic equal topic 0xff0000


shim
vow vow

chroma chroma


vow
describ test bezier interpol

add batch

simpl color linear interpol
topic
chroma bezier white black
start white topic equal topic ffffff
end black topic equal topic 000000
center grey topic equal topic 777777

three color quadrat bezier interpol
topic
chroma bezier white black
start white topic equal topic ffffff
end black topic equal topic 000000
center greyish topic equal topic c45c44

four color cubic bezier interpol
topic
chroma bezier white yellow black
start white topic equal topic ffffff
end black topic equal topic 000000
quarter topic equal topic ffe085
center topic equal topic e69735
quarter topic equal topic 914213

five color diverg quadrat bezier interpol
topic
chroma bezier darkr orang snow lightgreen royalblu
start darkr topic equal topic 8b0000
end royalblu topic equal topic 4169e1
center snow topic equal topic fffafa
quarter topic equal topic e9954
quarter topic equal topic a6cfc1

bezier chroma scale
topic
chroma scale chroma bezier darkr orang snow lightgreen royalblu domain
start darkr topic equal topic 8b0000
end royalblu topic equal topic 4169e1
center snow topic equal topic fffafa
quarter topic equal topic e9954
quarter topic equal topic a6cfc1



shim
vow vow

chroma chroma



math
math round

vow
describ test rel lumin

add batch

black
topic chroma black
topic equal topic lumin

white
topic chroma white
topic equal topic lumin


topic chroma
topic equal topic lumin 2126

yellow brighter blue
topic chroma yellow lumin chroma blue lumin
yellow blue topic topic topic

green darker
topic chroma green lumin chroma lumin
green topic topic topic

set lumin
lumin
topic chroma lumin
topic equal topic lumin

set lumin
lumin
topic chroma lumin
topic equal topic lumin
topic equal topic 000000

set lumin
black lumin
topic chroma black lumin
topic equal topic lumin
topic equal bbbbbb topic

set lumin
black lumin
topic chroma black lumin
topic equal topic lumin
topic equal bbbbbb topic



shim
vow vow

chroma chroma


vow
describ test lightess correct

add batch

simpl color linear interpol
topic
chroma scale white black mode
center topic
equal math round topic

correct
topic
chroma scale white yellow black mode
center topic
equal math round topic

correct
topic
chroma scale white yellow black mode correct light
center topic
equal math round topic

correct domain
topic
chroma scale white yellow black domain mode
center topic
equal math round topic

correct domain
topic
chroma scale white yellow black domain mode correct light
center topic
equal math round topic

correct domain
topic
chroma scale white yellow black domain mode
center topic
equal math round topic

correct domain
topic
chroma scale white yellow black domain mode correct light
center topic
equal math round topic


shim
vow vow

chroma chroma



chroma scale rd yl gn
mode
domain 100000

date get time

100000


date get time

consol
shim
vow vow

chroma chroma

vow
describ test color
add batch

topic chroma hotpink
zero topic equal topic topic



shim
vow vow

chroma chroma

vow
describ some test chroma limit

add batch

simpl continu domain
topic chroma limit continu
domain topic deep equal topic

continu domain neg valu
topic chroma limit continu
domain topic deep equal topic

continu domain valu
topic chroma limit continu
domain topic deep equal topic

equidist domain
topic chroma limit equidist
domain topic deep equal topic

equidist domain valu
topic chroma limit number equidist
domain topic deep equal topic

logarithm domain
topic chroma limit 10000
domain topic deep equal topic 1000 10000

logarithm domain posit valu
topic 10000
domain topic

chroma limit topic
logarithm scale possibl valu

quantil domain
topic chroma limit quantil
domain topic deep equal topic


shim
vow vow

chroma chroma


vow
describ some test random color

add batch

random color
topic chroma random
valid code topic test topic


shim
vow vow

chroma chroma

vow
describ some test chroma analyz

add batch
analyz number
topic chroma analyz
topic equal topic
count topic equal topic count
maximum topic equal topic
minumum topic equal topic
domain topic deep equal topic domain

analyz number
topic chroma analyz
topic equal topic
count topic equal topic count
maximum topic equal topic
minumum topic equal topic
domain topic deep equal topic domain

analyz object
topic chroma analyz
topic equal topic
count topic equal topic count
maximum topic equal topic
minumum topic equal topic
domain topic deep equal topic domain

analyz object
topic chroma analyz
topic equal topic
count topic equal topic count
maximum topic equal topic
minumum topic equal topic
domain topic deep equal topic domain


shim
vow vow

chroma chroma

unpack arg
arg length
slice call arg

arg

vow
describ some test util

add batch

unpack
topic
unpack deep equal unpack
unpack singl valu deep equal unpack



